IQ-TREE multicore version 1.6.10 for Linux 64-bit built Feb 19 2019
Developed by Bui Quang Minh, Nguyen Lam Tung, Olga Chernomor,
Heiko Schmidt, Dominik Schrempf, Michael Woodhams.

Host:    hpc-watson (AVX, 251 GB RAM)
Command: iqtree -s MafftSM.fasta -pre MafftGhost -m MFP+FO*H4 -bb 1000
Seed:    406193 (Using SPRNG - Scalable Parallel Random Number Generator)
Time:    Thu Sep 10 17:06:26 2020
Kernel:  AVX - 1 threads (40 CPU cores detected)

HINT: Use -nt option to specify number of threads because your CPU has 40 cores!
HINT: -nt AUTO will automatically determine the best number of threads to use.

Reading alignment file MafftSM.fasta ... Fasta format detected
Alignment most likely contains DNA/RNA sequences
Alignment has 94 sequences with 12340 columns, 9304 distinct patterns
8208 parsimony-informative, 995 singleton sites, 3137 constant sites
           Gap/Ambiguity  Composition  p-value
   1  NC_003372    9.94%    failed      0.18%
   2  NC_003970   10.13%    failed      0.00%
   3  NC_009964    9.72%    failed      0.00%
   4  NC_010964   10.01%    failed      0.00%
   5  NC_011320    9.58%    passed     12.50%
   6  NC_011322    9.57%    failed      0.00%
   7  NC_011324   10.19%    failed      0.00%
   8  NC_011326    9.83%    passed     92.84%
   9  NC_011328    9.69%    failed      0.00%
  10  NC_011329    9.17%    failed      0.00%
  11  NC_012139    9.08%    failed      0.00%
  12  NC_012144    9.00%    failed      0.00%
  13  NC_012765    9.52%    failed      0.00%
  14  NC_013249    9.48%    failed      0.29%
  15  NC_013254   10.29%    failed      0.00%
  16  NC_013576   10.63%    failed      0.00%
  17  NC_013580    9.67%    failed      0.00%
  18  NC_013582   10.24%    failed      0.00%
  19  NC_016469    9.02%    failed      0.00%
  20  NC_018349    9.88%    failed      1.72%
  21  NC_018350   10.06%    failed      4.49%
  22  NC_018352    9.89%    passed     42.42%
  23  NC_018353   11.51%    failed      0.00%
  24  NC_018354    9.72%    failed      0.00%
  25  NC_022680    9.59%    passed     18.55%
  26  NC_023246    9.79%    failed      0.00%
  27  NC_024271   10.01%    failed      0.00%
  28  NC_024633    9.89%    failed      0.00%
  29  NC_025243    9.98%    failed      0.00%
  30  NC_025332    9.97%    failed      0.00%
  31  NC_025945    9.72%    failed      0.00%
  32  NC_027114    9.89%    failed      0.00%
  33  NC_027176    9.84%    failed      0.00%
  34  NC_027256   10.41%    failed      0.00%
  35  NC_027577    9.85%    failed      0.69%
  36  NC_027580    9.94%    failed      0.00%
  37  NC_028203    9.93%    failed      0.02%
  38  NC_028541   10.01%    failed      0.00%
  39  NC_028601   10.39%    passed     16.52%
  40  NC_028603   11.27%    failed      0.00%
  41  NC_028605   10.64%    failed      0.00%
  42  NC_028606   10.84%    failed      0.00%
  43  NC_028607   11.06%    passed     62.63%
  44  NC_028609   10.35%    passed     37.49%
  45  NC_028611   10.00%    failed      0.00%
  46  NC_028612   10.87%    passed     32.81%
  47  NC_028613   10.97%    failed      0.15%
  48  NC_029515    9.81%    failed      0.00%
  49  NC_030060    9.91%    passed     82.21%
  50  NC_030592    8.86%    failed      0.00%
  51  NC_030593    8.95%    failed      0.00%
  52  NC_030758    9.69%    failed      0.00%
  53  NC_030764    9.84%    passed      8.30%
  54  NC_030778    9.81%    failed      0.00%
  55  NC_033340    9.85%    failed      0.00%
  56  NC_034293    9.59%    failed      0.00%
  57  NC_035677   10.37%    passed     17.41%
  58  NC_035714    9.34%    failed      1.62%
  59  NC_036104    9.94%    failed      0.15%
  60  NC_036108    9.89%    failed      0.76%
  61  NC_036261   10.52%    failed      0.00%
  62  NC_036265   10.53%    failed      0.00%
  63  NC_036266   10.84%    failed      0.00%
  64  NC_036267   10.67%    failed      0.02%
  65  NC_036269   10.81%    failed      0.00%
  66  NC_036270   10.96%    failed      0.00%
  67  NC_036271   10.32%    failed      0.00%
  68  NC_036273   10.62%    failed      0.00%
  69  NC_036274   10.87%    failed      0.00%
  70  NC_036275   10.54%    failed      0.00%
  71  NC_036276   10.82%    failed      0.00%
  72  NC_036277   11.47%    failed      0.00%
  73  NC_036278   10.47%    failed      0.00%
  74  NC_036279   10.18%    passed     20.86%
  75  NC_036291   10.90%    failed      0.00%
  76  NC_036678   10.40%    failed      0.00%
  77  NC_037196    9.84%    failed      0.00%
  78  NC_037200   10.41%    failed      0.00%
  79  NC_037749    9.47%    passed     29.39%
  80  NC_038089    9.69%    failed      0.00%
  81  NC_038090    9.69%    failed      0.00%
  82  NC_038115    9.72%    passed     80.20%
  83  NC_038197   10.96%    failed      0.00%
  84  NC_039657    9.83%    failed      0.00%
  85  NC_039689   10.56%    failed      0.00%
  86  NC_041172   10.49%    failed      0.00%
  87  NC_041669    9.74%    passed     49.66%
  88  NC_042198   10.71%    passed     38.97%
  89  NC_042417   10.46%    failed      0.00%
  90  NC_042614    9.59%    failed      0.00%
  91  NC_042820   10.59%    failed      0.01%
  92  NC_042828   10.18%    failed      0.00%
  93  NC_042922    9.80%    passed     18.74%
  94  NC_043883    9.87%    failed      0.00%
****  TOTAL       10.10%  77 sequences failed composition chi2 test (p-value<5%; df=3)


Create initial parsimony tree by phylogenetic likelihood library (PLL)... 0.146 seconds
NOTE: ModelFinder requires 319 MB RAM!
ModelFinder will test 484 DNA models (sample size: 12340) ...
 No. Model         -LnL         df  AIC          AICc         BIC
  1  JC            707140.541   185 1414651.083  1414656.745  1416023.894
  2  JC+I          665308.526   186 1330989.051  1330994.775  1332369.283
  3  JC+G4         629390.395   186 1259152.789  1259158.513  1260533.021
  4  JC+I+G4       627480.188   187 1255334.376  1255340.162  1256722.029
  5  JC+R2         638550.292   187 1277474.584  1277480.370  1278862.236
  6  JC+R3         629196.393   189 1258770.786  1258776.697  1260173.280
  7  JC+R4         627043.198   191 1254468.397  1254474.434  1255885.732
  8  JC+R5         626409.409   193 1253204.819  1253210.984  1254636.995
  9  JC+R6         626313.833   195 1253017.667  1253023.961  1254464.684
 10  JC+R7         626295.512   197 1252985.025  1252991.449  1254446.883
 11  JC+R8         626292.427   199 1252982.853  1252989.410  1254459.553
 14  JC*H2         637494.630   371 1275731.261  1275754.324  1278484.304
 15  JC*H3         627616.955   557 1256347.911  1256400.670  1260481.186
 16  JC*H4         625137.348   743 1251760.697  1251856.039  1257274.204
 17  JC*H5         624249.043   929 1250356.086  1250507.526  1257249.824
 18  JC*H6         623216.536   1115 1248663.073  1248884.801  1256937.043
 19  JC*H7         622715.774   1301 1248033.549  1248340.471  1257687.751
 23  F81+F         696106.967   188 1392589.933  1392595.782  1393985.006
 24  F81+F+I       650901.273   189 1302180.547  1302186.458  1303583.040
 25  F81+F+G4      609870.275   189 1220118.549  1220124.460  1221521.043
 26  F81+F+I+G4    607632.732   190 1215645.464  1215651.438  1217055.379
 27  F81+F+R2      620539.926   190 1241459.852  1241465.826  1242869.766
 28  F81+F+R3      610293.167   192 1220970.334  1220976.435  1222395.089
 29  F81+F+R4      607482.960   194 1215353.920  1215360.149  1216793.516
 30  F81+F+R5      606683.853   196 1213759.706  1213766.066  1215214.144
 31  F81+F+R6      606542.334   198 1213480.669  1213487.159  1214949.948
 32  F81+F+R7      606513.741   200 1213427.483  1213434.106  1214911.603
 33  F81+F+R8      606511.072   202 1213426.144  1213432.902  1214925.106
 36  F81*H2        619507.902   374 1239763.804  1239787.247  1242539.109
 37  F81*H3        608809.519   560 1218739.037  1218792.379  1222894.574
 38  F81*H4        605695.985   746 1212883.971  1212980.108  1218419.739
 39  F81*H5        604708.163   932 1211280.325  1211432.785  1218196.326
 40  F81*H6        603641.222   1118 1209518.444  1209741.426  1217814.676
 41  F81*H7        603101.914   1304 1208811.828  1209120.250  1218488.292
 45  K2P           706718.504   186 1413809.008  1413814.732  1415189.240
 46  K2P+I         664891.521   187 1330157.042  1330162.828  1331544.694
 47  K2P+G4        628836.861   187 1258047.723  1258053.509  1259435.375
 48  K2P+I+G4      626877.788   188 1254131.576  1254137.424  1255526.649
 49  K2P+R2        638096.747   188 1276569.493  1276575.342  1277964.566
 50  K2P+R3        628677.694   190 1257735.389  1257741.363  1259145.303
 51  K2P+R4        626469.734   192 1253323.469  1253329.570  1254748.224
 52  K2P+R5        625813.324   194 1252014.648  1252020.878  1253454.245
 53  K2P+R6        625700.908   196 1251793.816  1251800.176  1253248.254
 54  K2P+R7        625680.412   198 1251756.824  1251763.314  1253226.103
 55  K2P+R8        625679.710   200 1251759.420  1251766.043  1253243.540
 58  K80*H2        636298.205   373 1273342.409  1273365.726  1276110.294
 59  K80*H3        612180.827   560 1225481.654  1225534.996  1229637.190
 60  K80*H4        604230.494   747 1209954.987  1210051.391  1215498.177
 61  K80*H5        600789.051   934 1203446.102  1203599.244  1210376.944
 62  K80*H6        596338.461   1121 1194918.923  1195143.163  1203237.417
 63  K80*H7        594978.235   1308 1192572.471  1192882.900  1202278.617
 64  K80*H8        593835.454   1495 1190660.907  1191073.397  1201754.706
 65  K80*H9        592987.307   1682 1189338.613  1189869.871  1201820.065
 67  HKY+F         692362.666   189 1385103.332  1385109.243  1386505.825
 68  HKY+F+I       645853.266   190 1292086.532  1292092.507  1293496.447
 69  HKY+F+G4      601116.425   190 1202612.851  1202618.825  1204022.765
 70  HKY+F+I+G4    598715.921   191 1197813.841  1197819.879  1199231.176
 71  HKY+F+R2      613656.733   191 1227695.467  1227701.504  1229112.802
 72  HKY+F+R3      602652.166   193 1205690.331  1205696.496  1207122.507
 73  HKY+F+R4      598912.322   195 1198214.644  1198220.939  1199661.661
 74  HKY+F+R5      598000.469   197 1196394.939  1196401.364  1197856.797
 75  HKY+F+R6      597718.544   199 1195835.088  1195841.645  1197311.788
 76  HKY+F+R7      597631.805   201 1195665.611  1195672.301  1197157.151
 77  HKY+F+R8      597624.115   203 1195654.230  1195661.054  1197160.612
 80  HKY*H2        612634.787   376 1226021.573  1226045.272  1228811.720
 81  HKY*H3        591529.130   563 1184184.260  1184238.189  1188362.059
 82  HKY*H4        583957.817   750 1169415.634  1169512.839  1174981.085
 83  HKY*H5        581136.963   937 1164147.927  1164302.094  1171101.030
 84  HKY*H6        576960.178   1124 1156168.356  1156393.858  1164509.112
 85  HKY*H7        575337.193   1311 1153296.386  1153608.325  1163024.794
 86  HKY*H8        573659.144   1498 1150314.288  1150728.549  1161430.349
 87  HKY*H9        572815.280   1685 1149000.559  1149533.863  1161504.272
 89  TNe           706455.509   187 1413285.018  1413290.804  1414672.671
 90  TNe+I         664425.635   188 1329227.269  1329233.118  1330622.342
 91  TNe+G4        627810.429   188 1255996.859  1256002.707  1257391.932
 92  TNe+I+G4      625796.133   189 1251970.266  1251976.177  1253372.760
 93  TNe+R2        637306.662   189 1274991.324  1274997.235  1276393.818
 94  TNe+R3        627707.001   191 1255796.003  1255802.040  1257213.338
 95  TNe+R4        625416.188   193 1251218.376  1251224.541  1252650.552
 96  TNe+R5        624752.807   195 1249895.613  1249901.908  1251342.631
 97  TNe+R6        624618.660   197 1249631.320  1249637.745  1251093.179
 98  TNe+R7        624594.413   199 1249586.827  1249593.384  1251063.527
 99  TNe+R8        624594.098   201 1249590.196  1249596.886  1251081.737
102  TNe*H2        635449.201   375 1271648.402  1271671.973  1274431.128
103  TNe*H3        611812.112   563 1224750.224  1224804.152  1228928.022
104  TNe*H4        603914.821   751 1209331.643  1209429.114  1214904.514
105  TNe*H5        598927.540   939 1199733.079  1199887.932  1206701.024
106  TNe*H6        596187.309   1127 1194628.617  1194855.384  1202991.635
107  TNe*H7        594840.357   1315 1192310.714  1192624.673  1202068.805
108  TNe*H8        593717.049   1503 1190440.097  1190857.320  1201593.261
109  TNe*H9        592842.325   1691 1189066.650  1189604.060  1201614.887
111  TN+F          692279.293   190 1384938.586  1384944.560  1386348.500
112  TN+F+I        645689.407   191 1291760.814  1291766.851  1293178.149
113  TN+F+G4       600520.433   191 1201422.866  1201428.904  1202840.201
114  TN+F+I+G4     598314.366   192 1197012.732  1197018.833  1198437.487
115  TN+F+R2       613451.758   192 1227287.516  1227293.617  1228712.271
116  TN+F+R3       602278.020   194 1204944.040  1204950.270  1206383.637
117  TN+F+R4       598485.399   196 1197362.797  1197369.157  1198817.235
118  TN+F+R5       597618.663   198 1195633.325  1195639.816  1197102.604
119  TN+F+R6       597276.564   200 1194953.127  1194959.750  1196437.247
120  TN+F+R7       597181.080   202 1194766.159  1194772.917  1196265.121
121  TN+F+R8       597172.407   204 1194752.814  1194759.707  1196266.617
124  TN*H2         612276.940   378 1225309.879  1225333.834  1228114.866
125  TN*H3         591279.856   566 1183691.712  1183746.231  1187891.773
126  TN*H4         583708.334   754 1168924.668  1169022.945  1174519.801
127  TN*H5         579356.781   942 1160597.562  1160753.447  1167587.769
128  TN*H6         576894.317   1130 1156048.634  1156276.671  1164433.914
129  TN*H7         575295.209   1318 1153226.419  1153541.897  1163006.771
130  TN*H8         573416.380   1506 1149844.761  1150263.766  1161020.186
131  TN*H9         572602.839   1694 1148593.678  1149133.148  1161164.176
133  K3P           690003.686   187 1380381.373  1380387.159  1381769.025
134  K3P+I         647201.632   188 1294779.263  1294785.111  1296174.336
135  K3P+G4        609026.029   188 1218428.058  1218433.906  1219823.131
136  K3P+I+G4      606913.157   189 1214204.314  1214210.225  1215606.807
137  K3P+R2        619111.669   189 1238601.339  1238607.250  1240003.833
138  K3P+R3        609087.963   191 1218557.926  1218563.963  1219975.261
139  K3P+R4        606575.591   193 1213537.182  1213543.347  1214969.358
140  K3P+R5        605853.654   195 1212097.309  1212103.603  1213544.326
141  K3P+R6        605664.526   197 1211723.052  1211729.477  1213184.910
142  K3P+R7        605600.705   199 1211599.410  1211605.967  1213076.110
143  K3P+R8        605600.199   201 1211602.397  1211609.087  1213093.938
146  K81*H2        616760.277   375 1234270.555  1234294.126  1237053.280
147  K81*H3        594870.326   563 1190866.652  1190920.580  1195044.450
WARNING: ABNORMAL_TERMINATION_IN_LNSRCH
WARNING: ABNORMAL_TERMINATION_IN_LNSRCH
WARNING: ABNORMAL_TERMINATION_IN_LNSRCH
148  K81*H4        586124.524   751 1173751.049  1173848.521  1179323.921
WARNING: ABNORMAL_TERMINATION_IN_LNSRCH
WARNING: ABNORMAL_TERMINATION_IN_LNSRCH
WARNING: ABNORMAL_TERMINATION_IN_LNSRCH
WARNING: ABNORMAL_TERMINATION_IN_LNSRCH
WARNING: ABNORMAL_TERMINATION_IN_LNSRCH
WARNING: ABNORMAL_TERMINATION_IN_LNSRCH
WARNING: ABNORMAL_TERMINATION_IN_LNSRCH
WARNING: ABNORMAL_TERMINATION_IN_LNSRCH
149  K81*H5        581343.461   939 1164564.921  1164719.774  1171532.866
WARNING: ABNORMAL_TERMINATION_IN_LNSRCH
WARNING: ABNORMAL_TERMINATION_IN_LNSRCH
WARNING: ABNORMAL_TERMINATION_IN_LNSRCH
WARNING: ABNORMAL_TERMINATION_IN_LNSRCH
WARNING: ABNORMAL_TERMINATION_IN_LNSRCH
WARNING: ABNORMAL_TERMINATION_IN_LNSRCH
WARNING: ABNORMAL_TERMINATION_IN_LNSRCH
150  K81*H6        578418.154   1127 1159090.309  1159317.076  1167453.327
WARNING: ABNORMAL_TERMINATION_IN_LNSRCH
WARNING: ABNORMAL_TERMINATION_IN_LNSRCH
WARNING: ABNORMAL_TERMINATION_IN_LNSRCH
WARNING: ABNORMAL_TERMINATION_IN_LNSRCH
WARNING: ABNORMAL_TERMINATION_IN_LNSRCH
WARNING: ABNORMAL_TERMINATION_IN_LNSRCH
WARNING: ABNORMAL_TERMINATION_IN_LNSRCH
WARNING: ABNORMAL_TERMINATION_IN_LNSRCH
WARNING: ABNORMAL_TERMINATION_IN_LNSRCH
WARNING: ABNORMAL_TERMINATION_IN_LNSRCH
151  K81*H7        576215.287   1315 1155060.574  1155374.533  1164818.665
WARNING: ABNORMAL_TERMINATION_IN_LNSRCH
WARNING: ABNORMAL_TERMINATION_IN_LNSRCH
152  K81*H8        574655.188   1503 1152316.376  1152733.599  1163469.540
WARNING: ABNORMAL_TERMINATION_IN_LNSRCH
WARNING: ABNORMAL_TERMINATION_IN_LNSRCH
WARNING: ABNORMAL_TERMINATION_IN_LNSRCH
WARNING: ABNORMAL_TERMINATION_IN_LNSRCH
153  K81*H9        573176.932   1691 1149735.865  1150273.275  1162284.102
WARNING: ABNORMAL_TERMINATION_IN_LNSRCH
WARNING: ABNORMAL_TERMINATION_IN_LNSRCH
WARNING: ABNORMAL_TERMINATION_IN_LNSRCH
WARNING: ABNORMAL_TERMINATION_IN_LNSRCH
WARNING: ABNORMAL_TERMINATION_IN_LNSRCH
WARNING: ABNORMAL_TERMINATION_IN_LNSRCH
WARNING: ABNORMAL_TERMINATION_IN_LNSRCH
WARNING: ABNORMAL_TERMINATION_IN_LNSRCH
WARNING: ABNORMAL_TERMINATION_IN_LNSRCH
WARNING: ABNORMAL_TERMINATION_IN_LNSRCH
WARNING: ABNORMAL_TERMINATION_IN_LNSRCH
WARNING: ABNORMAL_TERMINATION_IN_LNSRCH
WARNING: ABNORMAL_TERMINATION_IN_LNSRCH
WARNING: ABNORMAL_TERMINATION_IN_LNSRCH
WARNING: ABNORMAL_TERMINATION_IN_LNSRCH
WARNING: ABNORMAL_TERMINATION_IN_LNSRCH
WARNING: ABNORMAL_TERMINATION_IN_LNSRCH
WARNING: ABNORMAL_TERMINATION_IN_LNSRCH
WARNING: ABNORMAL_TERMINATION_IN_LNSRCH
WARNING: ABNORMAL_TERMINATION_IN_LNSRCH
WARNING: ABNORMAL_TERMINATION_IN_LNSRCH
WARNING: ABNORMAL_TERMINATION_IN_LNSRCH
WARNING: ABNORMAL_TERMINATION_IN_LNSRCH
WARNING: ABNORMAL_TERMINATION_IN_LNSRCH
WARNING: ABNORMAL_TERMINATION_IN_LNSRCH
WARNING: ABNORMAL_TERMINATION_IN_LNSRCH
WARNING: ABNORMAL_TERMINATION_IN_LNSRCH
154  K81*H10       572063.712   1879 1147885.424  1148560.858  1161828.734
155  K3Pu+F        687510.827   190 1375401.654  1375407.628  1376811.568
156  K3Pu+F+I      642177.838   191 1284737.676  1284743.714  1286155.011
157  K3Pu+F+G4     598972.997   191 1198327.994  1198334.031  1199745.328
158  K3Pu+F+I+G4   596508.844   192 1193401.688  1193407.789  1194826.443
159  K3Pu+F+R2     610977.654   192 1222339.308  1222345.409  1223764.063
160  K3Pu+F+R3     600022.339   194 1200432.678  1200438.908  1201872.274
161  K3Pu+F+R4     596647.949   196 1193687.898  1193694.257  1195142.336
162  K3Pu+F+R5     595737.081   198 1191870.162  1191876.653  1193339.441
163  K3Pu+F+R6     595500.560   200 1191401.121  1191407.744  1192885.241
164  K3Pu+F+R7     595440.242   202 1191284.484  1191291.241  1192783.445
165  K3Pu+F+R8     595424.989   204 1191257.979  1191264.871  1192771.782
166  K3Pu+F+R9     595424.606   206 1191261.213  1191268.242  1192789.857
168  K81u*H2       609922.077   378 1220600.154  1220624.109  1223405.142
169  K81u*H3       589941.797   566 1181015.594  1181070.113  1185215.655
170  K81u*H4       582907.168   754 1167322.336  1167420.613  1172917.469
171  K81u*H5       577870.040   942 1157624.079  1157779.963  1164614.286
WARNING: ABNORMAL_TERMINATION_IN_LNSRCH
WARNING: ABNORMAL_TERMINATION_IN_LNSRCH
WARNING: ABNORMAL_TERMINATION_IN_LNSRCH
172  K81u*H6       575143.712   1130 1152547.424  1152775.460  1160932.703
173  K81u*H7       572843.064   1318 1148322.129  1148637.607  1158102.481
WARNING: ABNORMAL_TERMINATION_IN_LNSRCH
WARNING: ABNORMAL_TERMINATION_IN_LNSRCH
174  K81u*H8       571104.859   1506 1145221.718  1145640.723  1156397.143
WARNING: ABNORMAL_TERMINATION_IN_LNSRCH
WARNING: ABNORMAL_TERMINATION_IN_LNSRCH
WARNING: ABNORMAL_TERMINATION_IN_LNSRCH
WARNING: ABNORMAL_TERMINATION_IN_LNSRCH
WARNING: ABNORMAL_TERMINATION_IN_LNSRCH
175  K81u*H9       570447.503   1694 1144283.006  1144822.477  1156853.505
177  TPM2+F        686434.897   190 1373249.794  1373255.768  1374659.708
178  TPM2+F+I      642250.055   191 1284882.111  1284888.148  1286299.446
179  TPM2+F+G4     600529.397   191 1201440.794  1201446.831  1202858.129
180  TPM2+F+I+G4   598045.996   192 1196475.992  1196482.093  1197900.747
181  TPM2+F+R2     612040.566   192 1224465.133  1224471.234  1225889.888
182  TPM2+F+R3     601504.664   194 1203397.329  1203403.558  1204836.925
183  TPM2+F+R4     598138.765   196 1196669.530  1196675.890  1198123.968
184  TPM2+F+R5     597256.253   198 1194908.505  1194914.996  1196377.784
185  TPM2+F+R6     597020.340   200 1194440.679  1194447.303  1195924.800
186  TPM2+F+R7     596947.287   202 1194298.574  1194305.331  1195797.535
187  TPM2+F+R8     596936.254   204 1194280.509  1194287.401  1195794.312
188  TPM2+F+R9     596935.723   206 1194283.446  1194290.475  1195812.089
190  TPM2*H2       610521.592   378 1221799.185  1221823.140  1224604.172
191  TPM2*H3       590389.340   566 1181910.680  1181965.198  1186110.740
192  TPM2*H4       582716.523   754 1166941.046  1167039.323  1172536.180
193  TPM2*H5       578650.785   942 1159185.571  1159341.455  1166175.777
194  TPM2*H6       576064.777   1130 1154389.554  1154617.590  1162774.833
195  TPM2*H7       574181.677   1318 1150999.354  1151314.832  1160779.706
196  TPM2*H8       572133.529   1506 1147279.059  1147698.064  1158454.484
WARNING: ABNORMAL_TERMINATION_IN_LNSRCH
197  TPM2*H9       570760.922   1694 1144909.843  1145449.313  1157480.342
WARNING: ABNORMAL_TERMINATION_IN_LNSRCH
WARNING: ABNORMAL_TERMINATION_IN_LNSRCH
198  TPM2*H10      569925.419   1882 1143614.838  1144292.624  1157580.410
199  TPM2u+F       686434.823   190 1373249.645  1373255.619  1374659.559
200  TPM2u+F+I     642250.054   191 1284882.107  1284888.145  1286299.442
201  TPM2u+F+G4    600529.397   191 1201440.795  1201446.832  1202858.129
202  TPM2u+F+I+G4  598045.995   192 1196475.991  1196482.092  1197900.746
203  TPM2u+F+R2    612040.566   192 1224465.133  1224471.234  1225889.888
204  TPM2u+F+R3    601504.661   194 1203397.322  1203403.552  1204836.919
205  TPM2u+F+R4    598138.756   196 1196669.513  1196675.872  1198123.951
206  TPM2u+F+R5    597255.843   198 1194907.685  1194914.176  1196376.964
207  TPM2u+F+R6    597020.126   200 1194440.253  1194446.876  1195924.373
208  TPM2u+F+R7    596946.415   202 1194296.830  1194303.588  1195795.792
209  TPM2u+F+R8    596935.903   204 1194279.806  1194286.699  1195793.609
210  TPM2u+F+R9    596935.604   206 1194283.209  1194290.238  1195811.853
212  TPM2u*H2      610521.595   378 1221799.189  1221823.144  1224604.176
213  TPM2u*H3      590389.341   566 1181910.682  1181965.200  1186110.742
214  TPM2u*H4      582716.289   754 1166940.578  1167038.855  1172535.711
215  TPM2u*H5      578650.750   942 1159185.499  1159341.384  1166175.706
216  TPM2u*H6      576060.923   1130 1154381.846  1154609.883  1162767.126
WARNING: ABNORMAL_TERMINATION_IN_LNSRCH
217  TPM2u*H7      574181.216   1318 1150998.432  1151313.910  1160778.784
218  TPM2u*H8      572133.665   1506 1147279.329  1147698.334  1158454.755
219  TPM2u*H9      570761.502   1694 1144911.004  1145450.474  1157481.502
220  TPM2u*H10     569925.077   1882 1143614.154  1144291.941  1157579.726
221  TPM3+F        691421.263   190 1383222.526  1383228.500  1384632.440
222  TPM3+F+I      645215.484   191 1290812.967  1290819.005  1292230.302
223  TPM3+F+G4     600958.139   191 1202298.279  1202304.316  1203715.614
224  TPM3+F+I+G4   598488.668   192 1197361.335  1197367.437  1198786.091
225  TPM3+F+R2     613303.800   192 1226991.601  1226997.702  1228416.356
226  TPM3+F+R3     602287.221   194 1204962.441  1204968.671  1206402.038
227  TPM3+F+R4     598695.040   196 1197782.079  1197788.439  1199236.517
228  TPM3+F+R5     597754.860   198 1195905.720  1195912.211  1197374.999
229  TPM3+F+R6     597499.084   200 1195398.169  1195404.792  1196882.289
230  TPM3+F+R7     597410.998   202 1195225.996  1195232.753  1196724.957
231  TPM3+F+R8     597399.427   204 1195206.854  1195213.746  1196720.656
232  TPM3+F+R9     597398.998   206 1195209.995  1195217.024  1196738.639
234  TPM3*H2       611775.450   378 1224306.900  1224330.855  1227111.888
235  TPM3*H3       591099.826   566 1183331.651  1183386.170  1187531.712
236  TPM3*H4       583604.015   754 1168716.030  1168814.308  1174311.164
237  TPM3*H5       579175.909   942 1160235.817  1160391.701  1167226.024
238  TPM3*H6       576589.226   1130 1155438.453  1155666.489  1163823.732
WARNING: ABNORMAL_TERMINATION_IN_LNSRCH
239  TPM3*H7       574839.241   1318 1152314.483  1152629.961  1162094.835
240  TPM3*H8       573209.346   1506 1149430.692  1149849.697  1160606.118
241  TPM3*H9       571769.863   1694 1146927.726  1147467.196  1159498.224
242  TPM3*H10      571053.867   1882 1145871.734  1146549.520  1159837.305
243  TPM3u+F       691421.267   190 1383222.533  1383228.507  1384632.447
244  TPM3u+F+I     645215.475   191 1290812.951  1290818.988  1292230.286
245  TPM3u+F+G4    600958.147   191 1202298.293  1202304.331  1203715.628
246  TPM3u+F+I+G4  598488.672   192 1197361.345  1197367.446  1198786.100
247  TPM3u+F+R2    613303.803   192 1226991.605  1226997.706  1228416.361
248  TPM3u+F+R3    602287.242   194 1204962.484  1204968.713  1206402.080
249  TPM3u+F+R4    598695.042   196 1197782.083  1197788.443  1199236.521
250  TPM3u+F+R5    597754.452   198 1195904.904  1195911.394  1197374.183
251  TPM3u+F+R6    597498.647   200 1195397.294  1195403.917  1196881.414
252  TPM3u+F+R7    597410.515   202 1195225.030  1195231.788  1196723.992
253  TPM3u+F+R8    597399.433   204 1195206.865  1195213.758  1196720.668
254  TPM3u+F+R9    597398.953   206 1195209.905  1195216.934  1196738.549
256  TPM3u*H2      611775.447   378 1224306.895  1224330.850  1227111.882
257  TPM3u*H3      591099.831   566 1183331.662  1183386.180  1187531.722
258  TPM3u*H4      583603.935   754 1168715.870  1168814.147  1174311.003
259  TPM3u*H5      579175.946   942 1160235.892  1160391.776  1167226.098
260  TPM3u*H6      576589.189   1130 1155438.378  1155666.414  1163823.657
261  TPM3u*H7      574838.795   1318 1152313.590  1152629.068  1162093.943
262  TPM3u*H8      573208.533   1506 1149429.066  1149848.071  1160604.492
263  TPM3u*H9      571769.183   1694 1146926.367  1147465.837  1159496.866
264  TPM3u*H10     570987.863   1882 1145739.727  1146417.513  1159705.299
265  TIMe          689741.943   188 1379859.887  1379865.735  1381254.960
266  TIMe+I        646734.958   189 1293847.916  1293853.827  1295250.410
267  TIMe+G4       607945.345   189 1216268.690  1216274.601  1217671.183
268  TIMe+I+G4     605787.416   190 1211954.833  1211960.807  1213364.747
269  TIMe+R2       618285.478   190 1236950.956  1236956.930  1238360.870
270  TIMe+R3       608067.043   192 1216518.086  1216524.187  1217942.841
271  TIMe+R4       605474.982   194 1211337.964  1211344.194  1212777.561
272  TIMe+R5       604759.872   196 1209911.744  1209918.103  1211366.181
273  TIMe+R6       604545.900   198 1209487.799  1209494.290  1210957.078
274  TIMe+R7       604452.858   200 1209305.715  1209312.339  1210789.836
275  TIMe+R8       604451.323   202 1209306.645  1209313.403  1210805.607
278  TIMe*H2       615907.927   377 1232569.854  1232593.681  1235367.421
279  TIMe*H3       594410.451   566 1189952.902  1190007.420  1194152.962
280  TIMe*H4       585449.621   755 1172409.242  1172507.788  1178011.796
281  TIMe*H5       580984.744   944 1163857.488  1164014.062  1170862.535
282  TIMe*H6       578175.805   1133 1158617.610  1158846.920  1167025.152
283  TIMe*H7       575960.586   1322 1154565.171  1154882.682  1164375.206
WARNING: ABNORMAL_TERMINATION_IN_LNSRCH
284  TIMe*H8       572647.732   1511 1148317.465  1148739.451  1159529.993
WARNING: ABNORMAL_TERMINATION_IN_LNSRCH
WARNING: ABNORMAL_TERMINATION_IN_LNSRCH
WARNING: Log-likelihood of TIMe*H9 worse than TIMe*H8
285  TIMe*H9       572814.975   1700 1149029.951  1149573.555  1161644.973
287  TIM+F         687420.203   191 1375222.406  1375228.443  1376639.740
288  TIM+F+I       641995.446   192 1284374.891  1284380.993  1285799.647
289  TIM+F+G4      598341.340   192 1197066.680  1197072.782  1198491.436
290  TIM+F+I+G4    596032.789   193 1192451.577  1192457.743  1193883.753
291  TIM+F+R2      610711.277   193 1221808.555  1221814.720  1223240.731
292  TIM+F+R3      599628.263   195 1199646.526  1199652.821  1201093.543
293  TIM+F+R4      596154.923   197 1192703.847  1192710.272  1194165.705
294  TIM+F+R5      595318.951   199 1191035.902  1191042.459  1192512.602
295  TIM+F+R6      595012.050   201 1190426.100  1190432.790  1191917.641
296  TIM+F+R7      594945.165   203 1190296.330  1190303.155  1191802.712
297  TIM+F+R8      594938.937   205 1190287.874  1190294.835  1191809.097
300  TIM*H2        609504.064   380 1219768.128  1219792.340  1222587.956
301  TIM*H3        589647.547   569 1180433.093  1180488.205  1184655.416
302  TIM*H4        582434.999   758 1166385.998  1166485.354  1172010.813
303  TIM*H5        577707.473   947 1157308.946  1157466.558  1164336.256
304  TIM*H6        575039.925   1136 1152351.850  1152582.437  1160781.653
305  TIM*H7        572756.523   1325 1148163.046  1148482.085  1157995.343
306  TIM*H8        570013.806   1514 1143055.612  1143479.392  1154290.402
307  TIM*H9        569424.140   1703 1142254.280  1142799.958  1154891.564
309  TIM2e         689376.740   188 1379129.481  1379135.329  1380524.554
310  TIM2e+I       651134.960   189 1302647.921  1302653.832  1304050.414
311  TIM2e+G4      616955.411   189 1234288.821  1234294.733  1235691.315
312  TIM2e+I+G4    615072.296   190 1230524.592  1230530.566  1231934.506
313  TIM2e+R2      625946.198   190 1252272.397  1252278.371  1253682.311
314  TIM2e+R3      616864.698   192 1234113.396  1234119.497  1235538.152
315  TIM2e+R4      614750.545   194 1229889.091  1229895.320  1231328.687
316  TIM2e+R5      614032.607   196 1228457.214  1228463.573  1229911.651
317  TIM2e+R6      613858.067   198 1228112.135  1228118.625  1229581.414
318  TIM2e+R7      613788.343   200 1227976.686  1227983.310  1229460.806
319  TIM2e+R8      613775.070   202 1227954.140  1227960.897  1229453.101
320  TIM2e+R9      613775.028   204 1227958.056  1227964.948  1229471.858
322  TIM2e*H2      624250.845   377 1249255.690  1249279.516  1252053.256
323  TIM2e*H3      602755.909   566 1206643.818  1206698.336  1210843.878
324  TIM2e*H4      595589.484   755 1192688.968  1192787.514  1198291.522
325  TIM2e*H5      590471.937   944 1182831.875  1182988.448  1189836.922
WARNING: ABNORMAL_TERMINATION_IN_LNSRCH
326  TIM2e*H6      587600.588   1133 1177467.176  1177696.486  1185874.718
327  TIM2e*H7      584831.145   1322 1172306.291  1172623.801  1182116.325
WARNING: ABNORMAL_TERMINATION_IN_LNSRCH
WARNING: ABNORMAL_TERMINATION_IN_LNSRCH
WARNING: ABNORMAL_TERMINATION_IN_LNSRCH
328  TIM2e*H8      583306.194   1511 1169634.387  1170056.373  1180846.916
WARNING: ABNORMAL_TERMINATION_IN_LNSRCH
329  TIM2e*H9      582743.452   1700 1168886.904  1169430.508  1181501.926
331  TIM2+F        686412.248   191 1373206.495  1373212.533  1374623.830
332  TIM2+F+I      642150.067   192 1284684.135  1284690.236  1286108.890
333  TIM2+F+G4     599815.406   192 1200014.812  1200020.913  1201439.567
334  TIM2+F+I+G4   597551.661   193 1195489.323  1195495.488  1196921.499
335  TIM2+F+R2     611819.510   193 1224025.021  1224031.186  1225457.197
336  TIM2+F+R3     601130.032   195 1202650.064  1202656.359  1204097.081
337  TIM2+F+R4     597650.310   197 1195694.619  1195701.044  1197156.478
338  TIM2+F+R5     596827.337   199 1194052.675  1194059.232  1195529.374
339  TIM2+F+R6     596502.962   201 1193407.925  1193414.615  1194899.465
340  TIM2+F+R7     596419.513   203 1193245.026  1193251.851  1194751.408
341  TIM2+F+R8     596410.681   205 1193231.362  1193238.322  1194752.585
344  TIM2*H2       610171.920   380 1221103.839  1221128.052  1223923.668
345  TIM2*H3       590099.966   569 1181337.932  1181393.044  1185560.255
346  TIM2*H4       582852.532   758 1167221.064  1167320.421  1172845.880
347  TIM2*H5       578524.665   947 1158943.329  1159100.941  1165970.639
348  TIM2*H6       575998.674   1136 1154269.348  1154499.935  1162699.151
WARNING: ABNORMAL_TERMINATION_IN_LNSRCH
349  TIM2*H7       572934.543   1325 1148519.087  1148838.126  1158351.383
350  TIM2*H8       571655.142   1514 1146338.284  1146762.064  1157573.075
WARNING: ABNORMAL_TERMINATION_IN_LNSRCH
351  TIM2*H9       570716.181   1703 1144838.363  1145384.040  1157475.647
WARNING: ABNORMAL_TERMINATION_IN_LNSRCH
352  TIM2*H10      568943.240   1892 1141670.480  1142356.142  1155710.258
353  TIM3e         698806.490   188 1397988.980  1397994.828  1399384.053
354  TIM3e+I       657843.604   189 1316065.208  1316071.119  1317467.701
355  TIM3e+G4      619608.005   189 1239594.010  1239599.921  1240996.503
356  TIM3e+I+G4    617518.002   190 1235416.005  1235421.979  1236825.919
357  TIM3e+R2      630200.840   190 1260781.680  1260787.654  1262191.594
358  TIM3e+R3      619961.684   192 1240307.369  1240313.470  1241732.124
359  TIM3e+R4      617314.804   194 1235017.607  1235023.837  1236457.204
360  TIM3e+R5      616637.433   196 1233666.866  1233673.226  1235121.304
361  TIM3e+R6      616352.126   198 1233100.252  1233106.743  1234569.532
362  TIM3e+R7      616265.723   200 1232931.446  1232938.070  1234415.567
363  TIM3e+R8      616258.359   202 1232920.718  1232927.475  1234419.679
366  TIM3e*H2      628417.070   377 1257588.140  1257611.966  1260385.707
367  TIM3e*H3      605566.085   566 1212264.169  1212318.688  1216464.230
368  TIM3e*H4      597396.571   755 1196303.142  1196401.689  1201905.696
369  TIM3e*H5      592126.708   944 1186141.416  1186297.990  1193146.464
370  TIM3e*H6      589103.409   1133 1180472.818  1180702.128  1188880.360
371  TIM3e*H7      586959.971   1322 1176563.941  1176881.451  1186373.976
372  TIM3e*H8      585105.973   1511 1173233.945  1173655.931  1184446.474
373  TIM3e*H9      583989.463   1700 1171378.925  1171922.529  1183993.947
374  TIM3e*H10     583063.060   1889 1169904.121  1170587.414  1183921.636
375  TIM3+F        691316.181   191 1383014.362  1383020.400  1384431.697
376  TIM3+F+I      645026.923   192 1290437.845  1290443.946  1291862.601
377  TIM3+F+G4     600425.645   192 1201235.289  1201241.390  1202660.045
378  TIM3+F+I+G4   598135.159   193 1196656.318  1196662.484  1198088.494
379  TIM3+F+R2     613090.318   193 1226566.637  1226572.802  1227998.813
380  TIM3+F+R3     601998.079   195 1204386.157  1204392.452  1205833.175
381  TIM3+F+R4     598305.508   197 1197005.016  1197011.441  1198466.874
382  TIM3+F+R5     597434.877   199 1195267.753  1195274.310  1196744.453
383  TIM3+F+R6     597129.213   201 1194660.426  1194667.116  1196151.967
384  TIM3+F+R7     597037.656   203 1194481.311  1194488.136  1195987.693
385  TIM3+F+R8     597029.422   205 1194468.843  1194475.804  1195990.067
388  TIM3*H2       611375.216   380 1223510.433  1223534.645  1226330.261
389  TIM3*H3       590817.308   569 1182772.616  1182827.727  1186994.938
390  TIM3*H4       583303.206   758 1168122.412  1168221.768  1173747.228
391  TIM3*H5       578994.588   947 1159883.176  1160040.788  1166910.486
392  TIM3*H6       576493.274   1136 1155258.548  1155489.135  1163688.351
393  TIM3*H7       574034.423   1325 1150718.846  1151037.886  1160551.143
394  TIM3*H8       572707.265   1514 1148442.530  1148866.311  1159677.321
395  TIM3*H9       571670.150   1703 1146746.299  1147291.976  1159383.583
396  TIM3*H10      570250.004   1892 1144284.009  1144969.671  1158323.787
397  TVMe          678892.834   189 1358163.667  1358169.578  1359566.161
398  TVMe+I        640493.461   190 1281366.921  1281372.896  1282776.836
399  TVMe+G4       604747.491   190 1209874.983  1209880.957  1211284.897
400  TVMe+I+G4     602776.779   191 1205935.558  1205941.595  1207352.892
401  TVMe+R2       614408.146   191 1229198.292  1229204.329  1230615.627
402  TVMe+R3       604856.471   193 1210098.943  1210105.108  1211531.119
403  TVMe+R4       602516.793   195 1205423.585  1205429.880  1206870.602
404  TVMe+R5       601773.418   197 1203940.837  1203947.262  1205402.695
405  TVMe+R6       601516.345   199 1203430.691  1203437.248  1204907.391
406  TVMe+R7       601441.082   201 1203284.163  1203290.853  1204775.704
407  TVMe+R8       601426.532   203 1203259.063  1203265.888  1204765.446
408  TVMe+R9       601426.506   205 1203263.011  1203269.972  1204784.234
410  TVMe*H2       612698.896   379 1226155.792  1226179.876  1228968.200
411  TVMe*H3       592274.236   569 1185686.473  1185741.584  1189908.795
412  TVMe*H4       583800.398   759 1169118.797  1169218.424  1174751.033
413  TVMe*H5       578823.473   949 1159544.945  1159703.251  1166587.096
414  TVMe*H6       575439.489   1139 1153156.979  1153388.847  1161609.044
415  TVMe*H7       573277.354   1329 1149212.707  1149533.791  1159074.686
WARNING: ABNORMAL_TERMINATION_IN_LNSRCH
416  TVMe*H8       572075.823   1519 1147189.647  1147616.427  1158461.540
WARNING: ABNORMAL_TERMINATION_IN_LNSRCH
WARNING: ABNORMAL_TERMINATION_IN_LNSRCH
WARNING: ABNORMAL_TERMINATION_IN_LNSRCH
WARNING: ABNORMAL_TERMINATION_IN_LNSRCH
WARNING: ABNORMAL_TERMINATION_IN_LNSRCH
WARNING: ABNORMAL_TERMINATION_IN_LNSRCH
417  TVMe*H9       570545.349   1709 1144508.697  1145058.536  1157190.505
WARNING: ABNORMAL_TERMINATION_IN_LNSRCH
WARNING: ABNORMAL_TERMINATION_IN_LNSRCH
WARNING: ABNORMAL_TERMINATION_IN_LNSRCH
WARNING: ABNORMAL_TERMINATION_IN_LNSRCH
WARNING: ABNORMAL_TERMINATION_IN_LNSRCH
WARNING: ABNORMAL_TERMINATION_IN_LNSRCH
WARNING: ABNORMAL_TERMINATION_IN_LNSRCH
WARNING: ABNORMAL_TERMINATION_IN_LNSRCH
WARNING: ABNORMAL_TERMINATION_IN_LNSRCH
WARNING: ABNORMAL_TERMINATION_IN_LNSRCH
WARNING: ABNORMAL_TERMINATION_IN_LNSRCH
WARNING: ABNORMAL_TERMINATION_IN_LNSRCH
418  TVMe*H10      569190.386   1899 1142178.771  1142869.978  1156270.493
419  TVM+F         684997.127   192 1370378.255  1370384.356  1371803.010
420  TVM+F+I       640987.318   193 1282360.636  1282366.801  1283792.812
421  TVM+F+G4      598903.792   193 1198193.584  1198199.750  1199625.760
422  TVM+F+I+G4    596443.635   194 1193275.271  1193281.501  1194714.868
423  TVM+F+R2      610661.407   194 1221710.813  1221717.043  1223150.410
424  TVM+F+R3      599880.321   196 1200152.641  1200159.001  1201607.079
425  TVM+F+R4      596561.972   198 1193519.943  1193526.434  1194989.222
426  TVM+F+R5      595669.684   200 1191739.369  1191745.992  1193223.489
427  TVM+F+R6      595426.630   202 1191257.261  1191264.018  1192756.222
428  TVM+F+R7      595364.380   204 1191136.761  1191143.653  1192650.563
429  TVM+F+R8      595350.414   206 1191112.828  1191119.858  1192641.472
430  TVM+F+R9      595350.148   208 1191116.296  1191123.464  1192659.781
432  TVM*H2        608881.493   382 1218526.986  1218551.458  1221361.655
433  TVM*H3        589212.384   572 1179568.767  1179624.475  1183813.351
434  TVM*H4        581316.538   762 1164157.076  1164257.518  1169811.574
435  TVM*H5        577188.726   952 1156281.451  1156440.800  1163345.864
436  TVM*H6        574076.187   1142 1150436.373  1150669.526  1158910.700
437  TVM*H7        572768.334   1332 1148200.668  1148523.291  1158084.909
438  TVM*H8        570378.411   1522 1143800.823  1144229.408  1155094.978
439  TVM*H9        569698.028   1712 1142820.056  1143371.982  1155524.126
441  SYM           678722.443   190 1357824.887  1357830.861  1359234.801
442  SYM+I         640111.972   191 1280605.944  1280611.982  1282023.279
443  SYM+G4        603739.157   191 1207860.313  1207866.351  1209277.648
444  SYM+I+G4      601750.358   192 1203884.715  1203890.816  1205309.471
445  SYM+R2        613600.824   192 1227585.649  1227591.750  1229010.404
446  SYM+R3        603934.794   194 1208257.588  1208263.818  1209697.185
447  SYM+R4        601480.561   196 1203353.122  1203359.481  1204807.559
448  SYM+R5        600782.100   198 1201960.199  1201966.690  1203429.478
449  SYM+R6        600470.932   200 1201341.863  1201348.487  1202825.984
450  SYM+R7        600377.042   202 1201158.084  1201164.841  1202657.046
451  SYM+R8        600367.365   204 1201142.731  1201149.623  1202656.534
452  SYM+R9        600367.241   206 1201146.482  1201153.511  1202675.125
454  SYM*H2        611916.670   381 1224595.341  1224619.683  1227422.590
455  SYM*H3        591827.513   572 1184799.025  1184854.733  1189043.609
456  SYM*H4        583008.027   763 1167542.053  1167642.767  1173203.972
457  SYM*H5        578326.748   954 1158561.496  1158721.543  1165640.749
458  SYM*H6        575193.163   1145 1152676.326  1152910.767  1161172.914
459  SYM*H7        571989.784   1336 1146651.568  1146976.249  1156565.491
460  SYM*H8        571475.610   1527 1146005.221  1146436.825  1157336.479
463  GTR+F         684962.904   193 1370311.809  1370317.974  1371743.985
464  GTR+F+I       640869.932   194 1282127.864  1282134.094  1283567.461
465  GTR+F+G4      598249.693   194 1196887.385  1196893.615  1198326.982
466  GTR+F+I+G4    595971.031   195 1192332.062  1192338.357  1193779.080
467  GTR+F+R2      610429.702   195 1221249.405  1221255.699  1222696.422
468  GTR+F+R3      599528.349   197 1199450.697  1199457.122  1200912.556
469  GTR+F+R4      596081.454   199 1192560.909  1192567.465  1194037.608
470  GTR+F+R5      595260.035   201 1190922.070  1190928.760  1192413.611
471  GTR+F+R6      594938.101   203 1190282.203  1190289.028  1191788.585
472  GTR+F+R7      594868.342   205 1190146.684  1190153.644  1191667.907
473  GTR+F+R8      594859.220   207 1190132.439  1190139.537  1191668.504
476  GTR*H2        608476.419   384 1217720.838  1217745.571  1220570.349
477  GTR*H3        588902.163   575 1178954.326  1179010.633  1183221.171
478  GTR*H4        581073.620   766 1163679.239  1163780.773  1169363.420
479  GTR*H5        575742.398   957 1153398.797  1153559.894  1160500.312
480  GTR*H6        574706.298   1148 1151708.597  1151944.331  1160227.447
481  GTR*H7        570864.506   1339 1144407.012  1144733.241  1154343.197
482  GTR*H8        570288.158   1530 1143636.316  1144069.738  1154989.836
Akaike Information Criterion:           TIM2*H10
Corrected Akaike Information Criterion: TIM2*H10
Bayesian Information Criterion:         TIM*H8
Best-fit model: TIM*H8 chosen according to BIC

All model information printed to MafftGhost.model.gz
CPU time for ModelFinder: 53506.040 seconds (14h:51m:46s)
Wall-clock time for ModelFinder: 53572.553 seconds (14h:52m:52s)
Generating 1000 samples for ultrafast bootstrap (seed: 406193)...

NOTE: 262 MB RAM (0 GB) is required!
Estimate model parameters (epsilon = 0.100)
(NC_003372[0.013544/0.436252/0.140179/0.182453/0.420164/0.413342/0.968592/0.621086]:0.399451,(((((((((((((NC_003970[0.012298/0.361875/0.133172/0.169016/0.593662/0.576830/0.673461/0.491352]:0.376458,NC_030060[0.005210/0.297629/0.107950/0.124737/0.373169/0.208424/0.690549/0.530050]:0.292215)[0.006360/0.022168/0.016786/0.043605/0.066618/0.189086/0.091973/0.063918]:0.062564,NC_027176[0.008634/0.256390/0.086383/0.113946/0.361620/0.586251/0.650050/0.472332]:0.316951)[0.000285/0.077494/0.018939/0.027858/0.079453/0.076395/0.012583/0.118167]:0.051397,NC_010964[0.009112/0.407895/0.101863/0.165784/0.410457/0.869617/0.616637/0.545314]:0.390835)[0.000003/0.061927/0.016202/0.013742/0.047661/0.094601/0.031930/0.021328]:0.035924,((NC_009964[0.001700/0.268536/0.069400/0.068168/0.388248/0.202051/0.792686/0.609212]:0.300000,NC_028541[0.000656/0.293428/0.057467/0.061080/0.305222/0.226837/0.878686/0.561398]:0.298097)[0.000002/0.142246/0.026778/0.037714/0.259704/0.045875/0.315525/0.258711]:0.135820,(NC_013576[0.013409/0.526473/0.144447/0.245120/0.598137/0.655146/0.654744/0.683347]:0.440103,NC_028603[0.004718/0.740693/0.227968/0.278882/0.885767/0.270981/4.086714/3.393092]:1.236102)[0.000001/0.000003/0.019051/0.024792/0.000002/0.021074/0.115226/0.000002]:0.022519)[0.000003/0.000003/0.000456/0.000280/0.035492/0.000003/0.000002/0.000003]:0.004530)[0.000642/0.116473/0.030022/0.044413/0.121270/0.012531/0.081082/0.208691]:0.076890,((((NC_011328[0.012890/0.440715/0.231489/0.272443/1.296309/0.265517/1.099226/1.810871]:0.678683,NC_013582[0.003351/0.518401/0.131152/0.200603/0.855496/0.236605/1.386448/1.398715]:0.591346)[0.000003/0.038510/0.005430/0.000002/0.000002/0.028331/0.000002/0.000003]:0.009035,NC_042820[0.011622/0.506564/0.121258/0.210741/0.914439/0.416242/0.791617/1.082002]:0.506811)[0.000003/0.009517/0.015956/0.040453/0.083764/0.000003/0.164469/0.000003]:0.039271,((NC_012765[0.003416/0.372576/0.097194/0.151460/0.545523/0.268799/0.916726/0.977638]:0.416666,NC_013580[0.004720/0.447174/0.115997/0.179700/0.588881/0.249964/1.750640/1.119097]:0.557022)[0.000057/0.025726/0.002252/0.000003/0.036037/0.021181/0.098269/0.000002]:0.022941,NC_030758[0.005917/0.352226/0.111231/0.169238/0.615955/0.474789/1.103724/0.925548]:0.469828)[0.000002/0.116552/0.026465/0.023541/0.164002/0.045866/0.228962/0.058765]:0.083019)[0.000002/0.008491/0.000728/0.007426/0.020963/0.009119/0.000002/0.038753]:0.010686,(NC_028607[0.005218/0.530499/0.088122/0.186065/0.458440/0.523843/0.846884/0.882159]:0.440154,NC_042828[0.014353/0.619285/0.249140/0.375799/0.906488/0.485594/1.452055/1.170812]:0.659191)[0.000002/0.079826/0.007832/0.000002/0.050935/0.024175/0.150721/0.002583]:0.039510)[0.000003/0.012287/0.000003/0.004648/0.008385/0.023653/0.000003/0.000002]:0.006123)[0.000003/0.040316/0.000002/0.003011/0.000361/0.050128/0.080195/0.038248]:0.026533,((NC_018353[0.008807/0.722931/0.132340/0.277194/0.701307/0.367433/1.184645/1.282085]:0.584593,NC_037200[0.002194/0.468567/0.069466/0.175755/0.371972/0.413448/0.782696/0.595412]:0.359939)[0.000278/0.024685/0.008374/0.008534/0.000003/0.000002/0.000002/0.000002]:0.005235,NC_028611[0.002978/0.407453/0.086885/0.185198/0.419928/0.524196/0.773637/0.629258]:0.378692)[0.000002/0.032052/0.001863/0.000002/0.000003/0.170501/0.028967/0.036529]:0.033740)[0.000002/0.000297/0.000437/0.003563/0.007847/0.000002/0.043081/0.019120]:0.009294,(((NC_018349[0.001635/0.283893/0.043065/0.068932/0.347774/0.208160/0.717348/0.484467]:0.269409,NC_028612[0.000003/0.355185/0.049495/0.092255/0.281738/0.328495/0.881771/0.443188]:0.304016)[0.001861/0.156749/0.015643/0.049775/0.098006/0.144810/0.134645/0.172502]:0.096749,(NC_036275[0.000486/0.331253/0.058834/0.098347/0.402050/0.316556/1.131527/0.640312]:0.372421,NC_036279[0.003630/0.279825/0.048334/0.090069/0.351943/0.376013/0.845547/0.569541]:0.320613)[0.000273/0.124659/0.012749/0.022696/0.076331/0.000002/0.026259/0.074522]:0.042186)[0.000002/0.010882/0.000002/0.007961/0.020263/0.074806/0.000003/0.024462]:0.017298,((((NC_023246[0.004886/0.430876/0.100742/0.131357/0.450971/0.223829/1.175231/0.740260]:0.407269,NC_027580[0.001800/0.445006/0.112568/0.178291/0.514320/0.225964/1.443447/0.950501]:0.483987)[0.000003/0.000002/0.006742/0.002093/0.083025/0.012276/0.001512/0.114849]:0.027563,NC_030778[0.002409/0.330543/0.054705/0.106808/0.293406/0.494459/0.531542/0.520579]:0.291806)[0.000002/0.090594/0.013600/0.013704/0.155006/0.000002/0.515795/0.218275]:0.125872,(NC_042614[0.002995/0.416020/0.071363/0.086937/0.396887/0.328837/1.078257/0.651050]:0.379043,NC_042922[0.003344/0.343830/0.064620/0.126467/0.437694/0.394721/0.754383/0.603097]:0.341019)[0.000002/0.082868/0.011326/0.012727/0.022760/0.010680/0.000002/0.029745]:0.021264)[0.000003/0.000003/0.000002/0.008927/0.037353/0.000002/0.058381/0.068091]:0.021595,(NC_038115[0.002058/0.326519/0.057426/0.107638/0.333333/0.250679/0.770795/0.659336]:0.313473,NC_039689[0.001844/0.308693/0.046309/0.085878/0.244255/0.398270/0.602363/0.483825]:0.271429)[0.000198/0.097342/0.002184/0.026319/0.010020/0.370076/0.105964/0.039729]:0.081479)[0.000275/0.086529/0.006249/0.014337/0.009482/0.008451/0.074680/0.042093]:0.030262)[0.000003/0.026687/0.000002/0.000003/0.016525/0.000002/0.064228/0.029575]:0.017128)[0.000003/0.003294/0.000003/0.002486/0.029517/0.470497/0.027620/0.020848]:0.069284,((NC_011320[0.002376/0.482694/0.102147/0.181905/0.463746/0.526520/1.037308/0.755145]:0.443980,NC_036278[0.020379/0.534354/0.170650/0.272231/0.403221/0.549976/0.826379/0.567081]:0.418034)[0.001208/0.058604/0.000002/0.015361/0.010306/0.000002/0.000002/0.000003]:0.010686,(((NC_011322[0.001111/0.299179/0.058566/0.161518/0.243953/0.193070/0.407013/0.362374]:0.215848,NC_036265[0.002235/0.425710/0.109549/0.233448/0.309878/0.250092/0.667291/0.507563]:0.313221)[0.000001/0.087542/0.008371/0.012183/0.006464/0.033695/0.007054/0.065226]:0.027567,NC_012144[0.003897/0.313716/0.060296/0.166577/0.258874/0.292899/0.765918/0.455891]:0.289758)[0.000274/0.102973/0.009390/0.018959/0.020358/0.004235/0.124106/0.020313]:0.037576,((((NC_011329[0.000794/0.120794/0.017330/0.028723/0.102026/0.133155/0.289015/0.185893]:0.109716,NC_016469[0.001382/0.161849/0.013163/0.049116/0.134972/0.134350/0.363681/0.198896]:0.132176)[0.000252/0.045454/0.002969/0.005090/0.029779/0.014695/0.071441/0.047796]:0.027185,(NC_030592[0.000947/0.171950/0.028718/0.041564/0.210622/0.241797/0.400045/0.260850]:0.169562,NC_036261[0.001306/0.231448/0.034088/0.082719/0.175382/0.194228/0.439054/0.410965]:0.196149)[0.000003/0.063250/0.004875/0.026379/0.015119/0.016662/0.029747/0.017257]:0.021661)[0.000003/0.057243/0.002723/0.025262/0.011539/0.052187/0.050828/0.064921]:0.033088,(NC_012139[0.000572/0.195458/0.025415/0.057027/0.131321/0.163582/0.414444/0.270339]:0.157270,((NC_013249[0.002400/0.305996/0.054055/0.118567/0.286183/0.247783/0.633592/0.416440]:0.258127,NC_037749[0.004955/0.352788/0.065926/0.118842/0.373082/0.398005/0.876796/0.597044]:0.348430)[0.000002/0.013201/0.003729/0.013855/0.000002/0.039912/0.000003/0.024952]:0.011957,NC_030593[0.000312/0.280843/0.036056/0.089396/0.214903/0.270264/0.624511/0.388521]:0.238101)[0.000002/0.019080/0.001790/0.013129/0.026639/0.014918/0.000002/0.011967]:0.010941)[0.000002/0.001014/0.000002/0.000002/0.027368/0.000002/0.044958/0.012488]:0.010730)[0.000003/0.000003/0.005239/0.010111/0.011298/0.002567/0.033030/0.023305]:0.010694,(NC_035714[0.002468/0.335020/0.084759/0.118763/0.449881/0.348405/0.771783/0.504789]:0.326984,NC_036271[0.002120/0.286453/0.039338/0.071539/0.231795/0.192580/0.468908/0.334852]:0.203448)[0.000002/0.026813/0.001272/0.004634/0.007470/0.072304/0.075000/0.028937]:0.027054)[0.000562/0.124145/0.019486/0.069236/0.085993/0.033737/0.085784/0.107870]:0.065852)[0.000002/0.081820/0.022391/0.034731/0.048430/0.068943/0.096433/0.090239]:0.055374)[0.000002/0.109719/0.023239/0.042290/0.077491/0.094641/0.138912/0.162060]:0.081044)[0.000003/0.018021/0.000003/0.000003/0.000003/0.000002/0.003392/0.000003]:0.002679,((((NC_018352[0.003500/0.353807/0.049230/0.060891/0.307934/0.333526/0.820892/0.453033]:0.297852,NC_028601[0.000803/0.284768/0.029497/0.111301/0.343346/0.218776/0.784504/0.552384]:0.290672)[0.000003/0.029123/0.000003/0.007465/0.004526/0.118330/0.040671/0.030177]:0.028787,(NC_028609[0.004250/0.524695/0.093912/0.156157/0.394599/0.335313/0.938647/0.700766]:0.393543,NC_028613[0.002220/0.366016/0.061324/0.092594/0.271387/0.328295/0.725474/0.453670]:0.287623)[0.000002/0.008493/0.000003/0.009819/0.031262/0.000003/0.044724/0.052901]:0.018401)[0.000003/0.044874/0.000002/0.000002/0.014017/0.015730/0.000002/0.000002]:0.009329,(NC_028605[0.000598/0.353463/0.036407/0.069385/0.215543/0.227369/0.621233/0.367420]:0.236427,NC_028606[0.002851/0.359591/0.040834/0.085885/0.230689/0.276751/0.762733/0.472383]:0.278965)[0.000002/0.055511/0.002180/0.005379/0.020007/0.084784/0.050939/0.027448]:0.030781)[0.000003/0.023573/0.002684/0.021885/0.008640/0.026846/0.030162/0.079771]:0.024195,(NC_036270[0.002381/0.587692/0.039599/0.136152/0.276248/0.252066/0.585106/0.485171]:0.295552,NC_036273[0.002702/0.598228/0.083185/0.182610/0.265477/0.357823/0.699134/0.634564]:0.352965)[0.000002/0.007044/0.000002/0.002484/0.002220/0.026621/0.070685/0.000003]:0.013633)[0.000003/0.057513/0.001451/0.009183/0.020250/0.028909/0.120870/0.016334]:0.031814)[0.000002/0.067172/0.007507/0.036912/0.042621/0.013020/0.074309/0.096558]:0.042263,(((NC_011324[0.002657/0.410906/0.053223/0.106736/0.258442/0.320481/0.747091/0.584589]:0.310516,NC_033340[0.002181/0.323033/0.053483/0.132153/0.237604/0.278800/0.601806/0.396667]:0.253216)[0.000001/0.161301/0.013258/0.047132/0.089098/0.000002/0.060759/0.166672]:0.067278,(NC_024271[0.003664/0.437735/0.061135/0.144337/0.275566/0.229819/0.643123/0.609069]:0.300556,NC_036267[0.002558/0.404203/0.055101/0.095022/0.277315/0.297717/0.884837/0.631405]:0.331020)[0.000268/0.029396/0.000002/0.005565/0.030267/0.053778/0.032063/0.000002]:0.018918)[0.000002/0.032704/0.000003/0.013250/0.010005/0.071614/0.006407/0.044182]:0.022271,(((NC_013254[0.002044/0.442806/0.087900/0.153168/0.509019/0.415959/0.995380/0.832903]:0.429897,NC_036277[0.011432/0.542722/0.203700/0.236496/0.628109/0.585900/0.954117/0.906158]:0.508579)[0.000854/0.124490/0.016151/0.029533/0.087307/0.068412/0.243452/0.188609]:0.094851,((((((NC_024633[0.000567/0.116126/0.029705/0.018230/0.219893/0.148625/0.321286/0.260986]:0.139427,NC_037196[0.000003/0.138820/0.032375/0.029080/0.159678/0.199421/0.373479/0.284650]:0.152188)[0.000705/0.196504/0.034375/0.055176/0.341919/0.057977/0.375098/0.346163]:0.175990,NC_027256[0.001346/0.277418/0.084429/0.084930/0.375698/0.214070/0.924111/0.819022]:0.347628)[0.000003/0.043683/0.004267/0.010637/0.054990/0.096738/0.000002/0.000003]:0.026290,NC_025332[0.001151/0.307709/0.040661/0.093319/0.343113/0.118333/0.871321/0.487984]:0.282949)[0.000240/0.076366/0.020133/0.016058/0.193422/0.209462/0.200118/0.266200]:0.122750,NC_039657[0.008023/0.535460/0.124986/0.175128/0.465559/0.218424/1.506027/1.126219]:0.519978)[0.000003/0.000002/0.000002/0.005161/0.113313/0.374869/0.000002/0.000003]:0.061669,NC_036269[0.001408/0.342804/0.043796/0.098050/0.305864/0.330958/0.632321/0.360787]:0.264499)[0.000003/0.000003/0.001775/0.000002/0.007000/0.000002/0.034804/0.000002]:0.005449,(NC_036274[0.003256/0.332603/0.048280/0.161842/0.192579/0.271967/0.628729/0.505353]:0.268076,NC_036276[0.001917/0.234176/0.035642/0.072394/0.271215/0.240175/0.654366/0.502809]:0.251587)[0.000002/0.185572/0.009303/0.009782/0.013233/0.132526/0.008195/0.000002]:0.044827)[0.000281/0.045608/0.001870/0.027923/0.018662/0.019771/0.020063/0.162202]:0.037048)[0.000003/0.034400/0.010415/0.036851/0.071047/0.009768/0.141414/0.036481]:0.042547,(((NC_036678[0.005101/0.311599/0.112479/0.139305/0.402323/0.472102/0.663901/0.740654]:0.355933,NC_038197[0.006000/0.582868/0.123293/0.157114/0.308235/0.581669/0.683263/0.558264]:0.375088)[0.001651/0.216733/0.035527/0.129623/0.163141/0.041598/0.205999/0.098467]:0.111592,NC_042198[0.014458/0.634859/0.283346/0.380315/0.756509/0.706423/1.052622/0.949060]:0.597199)[0.000002/0.025621/0.003480/0.007481/0.014679/0.000003/0.000003/0.132365]:0.022954,(NC_041172[0.013043/0.352710/0.145814/0.210918/0.395123/0.366057/0.600287/0.525675]:0.326204,NC_042417[0.007315/0.361121/0.125328/0.167630/0.371917/0.266249/0.620932/0.414177]:0.291834)[0.003004/0.225157/0.075310/0.185580/0.173902/0.162398/0.297180/0.222098]:0.168079)[0.000002/0.113560/0.003291/0.017200/0.044319/0.000056/0.020276/0.057156]:0.031982)[0.000002/0.024583/0.002064/0.001529/0.000002/0.000003/0.034488/0.008250]:0.008865)[0.000002/0.020672/0.000002/0.000002/0.007191/0.004029/0.012466/0.029105]:0.009184)[0.000003/0.083772/0.010055/0.031057/0.038312/0.002677/0.123677/0.113980]:0.050442,(((NC_011326[0.000868/0.290919/0.053030/0.076114/0.275513/0.363725/0.695166/0.495324]:0.281332,NC_018350[0.002036/0.412648/0.062623/0.115694/0.303869/0.281143/0.604127/0.522618]:0.288095)[0.000002/0.003716/0.007685/0.010723/0.024595/0.012921/0.223507/0.068746]:0.043987,(NC_028203[0.003896/0.439859/0.082074/0.140467/0.402278/0.272661/0.802708/0.655702]:0.349956,NC_036266[0.006231/0.487333/0.077795/0.257823/0.336522/0.335555/0.838111/0.640941]:0.372539)[0.000335/0.025461/0.006352/0.026978/0.041170/0.000002/0.026763/0.071559]:0.024828)[0.000260/0.060047/0.000002/0.013099/0.016746/0.035648/0.045543/0.030285]:0.025204,(((NC_025243[0.003557/0.302532/0.092417/0.102570/0.343060/0.279973/0.887385/0.616901]:0.328549,(NC_029515[0.003763/0.416095/0.123102/0.099852/0.545971/0.333920/0.995922/0.954509]:0.434142,NC_038089[0.002049/0.364353/0.076311/0.092821/0.405657/0.302565/1.102328/0.644657]:0.373843)[0.000002/0.016567/0.007602/0.011236/0.013505/0.021772/0.127115/0.004888]:0.025336)[0.000003/0.001097/0.004257/0.007568/0.172859/0.326550/0.055845/0.100320]:0.083562,NC_043883[0.002070/0.467407/0.031749/0.108661/0.233416/0.266264/0.571262/0.501085]:0.272739)[0.000003/0.036816/0.002366/0.000002/0.032959/0.013703/0.085334/0.011720]:0.022863,(NC_036104[0.003354/0.418476/0.058306/0.134961/0.302505/0.330033/0.671169/0.667003]:0.323226,NC_038090[0.001159/0.304071/0.042249/0.091547/0.222506/0.288945/0.686983/0.481629]:0.264886)[0.000271/0.037792/0.007050/0.006721/0.019296/0.003743/0.000003/0.000003]:0.009360)[0.000003/0.019082/0.003069/0.012986/0.018821/0.042202/0.068518/0.073332]:0.029752)[0.000003/0.008871/0.000002/0.002556/0.002986/0.017974/0.046245/0.006430]:0.010633)[0.000002/0.027846/0.003046/0.005813/0.000002/0.022098/0.004233/0.000003]:0.007880,((NC_018354[0.002374/0.266257/0.064023/0.092762/0.229387/0.319582/0.555007/0.372527]:0.237740,NC_027577[0.011334/0.367976/0.113272/0.146861/0.397646/0.398706/0.699145/0.542898]:0.334730)[0.001978/0.040835/0.015961/0.045483/0.097933/0.068503/0.073226/0.141963]:0.060735,((((NC_022680[0.010646/0.233986/0.091483/0.148871/0.355315/0.293113/0.645848/0.432284]:0.276443,NC_034293[0.003716/0.299877/0.102265/0.102607/0.354715/0.350038/0.588006/0.421025]:0.277781)[0.000714/0.052413/0.012807/0.007030/0.048147/0.006836/0.000003/0.035218]:0.020396,NC_025945[0.002103/0.282532/0.089901/0.151149/0.307284/0.352313/0.678074/0.437218]:0.287572)[0.000553/0.041610/0.014751/0.027333/0.020463/0.000002/0.000002/0.050309]:0.019378,NC_041669[0.012729/0.467620/0.159941/0.194969/0.417440/0.456831/0.862468/0.523312]:0.386914)[0.001587/0.052429/0.017914/0.039250/0.102545/0.041294/0.159908/0.170291]:0.073152,(NC_030764[0.009490/0.522677/0.157993/0.300999/0.402426/0.404957/0.944659/0.832249]:0.446931,NC_036291[0.012535/0.511483/0.205270/0.322358/0.709160/0.363180/1.355837/0.898705]:0.547316)[0.001269/0.033345/0.014036/0.015872/0.031388/0.079945/0.018510/0.032733]:0.028387)[0.000396/0.054266/0.019150/0.013225/0.007860/0.027852/0.000002/0.023429]:0.018272)[0.001489/0.139082/0.037548/0.094660/0.079476/0.094632/0.272959/0.168361]:0.111026)[0.000001/0.067878/0.003602/0.015486/0.008791/0.000002/0.126177/0.043231]:0.033146,(NC_027114[0.000844/0.251301/0.054964/0.093278/0.191504/0.265327/0.525808/0.341977]:0.215626,NC_036108[0.002782/0.310998/0.069893/0.098007/0.332011/0.266891/0.649663/0.458493]:0.273592)[0.003389/0.157468/0.029090/0.075609/0.110341/0.116235/0.000006/0.226345]:0.089810)[0.000538/0.066723/0.000002/0.010938/0.030469/0.000003/0.000003/0.000003]:0.013585,NC_035677[0.002134/0.352160/0.063520/0.117759/0.322045/0.359498/1.157519/0.566454]:0.367636);
Site proportion and rates:  (0.215638,0.129152) (0.077614,12.860092) (0.129590,5.778598) (0.095334,10.476899) (0.211434,4.721112) (0.154376,6.466734) (0.081085,12.313412) (0.034929,28.599598)
Partition Noname
score: -659253.759879  old_score: -612321.832941
ERROR: ratefree.cpp:539: double RateFree::optimizeWithEM(): Assertion `score > old_score-0.1' failed.
ERROR: STACK TRACE FOR DEBUGGING:
ERROR: 
ERROR: *** IQ-TREE CRASHES WITH SIGNAL ABORTED
ERROR: *** For bug report please send to developers:
ERROR: ***    Log file: MafftGhost.log
ERROR: ***    Alignment files (if possible)
