IQ-TREE multicore version 1.6.10 for Linux 64-bit built Feb 19 2019
Developed by Bui Quang Minh, Nguyen Lam Tung, Olga Chernomor,
Heiko Schmidt, Dominik Schrempf, Michael Woodhams.

Host:    hpc-watson (AVX, 251 GB RAM)
Command: iqtree -s MafftSM.fasta -pre MafftGhostBaseFreqLinked -m MFP*H4 -bb 1000
Seed:    338502 (Using SPRNG - Scalable Parallel Random Number Generator)
Time:    Fri Sep 11 04:43:04 2020
Kernel:  AVX - 1 threads (40 CPU cores detected)

HINT: Use -nt option to specify number of threads because your CPU has 40 cores!
HINT: -nt AUTO will automatically determine the best number of threads to use.

Reading alignment file MafftSM.fasta ... Fasta format detected
Alignment most likely contains DNA/RNA sequences
Alignment has 94 sequences with 12340 columns, 9304 distinct patterns
8208 parsimony-informative, 995 singleton sites, 3137 constant sites
           Gap/Ambiguity  Composition  p-value
   1  NC_003372    9.94%    failed      0.18%
   2  NC_003970   10.13%    failed      0.00%
   3  NC_009964    9.72%    failed      0.00%
   4  NC_010964   10.01%    failed      0.00%
   5  NC_011320    9.58%    passed     12.50%
   6  NC_011322    9.57%    failed      0.00%
   7  NC_011324   10.19%    failed      0.00%
   8  NC_011326    9.83%    passed     92.84%
   9  NC_011328    9.69%    failed      0.00%
  10  NC_011329    9.17%    failed      0.00%
  11  NC_012139    9.08%    failed      0.00%
  12  NC_012144    9.00%    failed      0.00%
  13  NC_012765    9.52%    failed      0.00%
  14  NC_013249    9.48%    failed      0.29%
  15  NC_013254   10.29%    failed      0.00%
  16  NC_013576   10.63%    failed      0.00%
  17  NC_013580    9.67%    failed      0.00%
  18  NC_013582   10.24%    failed      0.00%
  19  NC_016469    9.02%    failed      0.00%
  20  NC_018349    9.88%    failed      1.72%
  21  NC_018350   10.06%    failed      4.49%
  22  NC_018352    9.89%    passed     42.42%
  23  NC_018353   11.51%    failed      0.00%
  24  NC_018354    9.72%    failed      0.00%
  25  NC_022680    9.59%    passed     18.55%
  26  NC_023246    9.79%    failed      0.00%
  27  NC_024271   10.01%    failed      0.00%
  28  NC_024633    9.89%    failed      0.00%
  29  NC_025243    9.98%    failed      0.00%
  30  NC_025332    9.97%    failed      0.00%
  31  NC_025945    9.72%    failed      0.00%
  32  NC_027114    9.89%    failed      0.00%
  33  NC_027176    9.84%    failed      0.00%
  34  NC_027256   10.41%    failed      0.00%
  35  NC_027577    9.85%    failed      0.69%
  36  NC_027580    9.94%    failed      0.00%
  37  NC_028203    9.93%    failed      0.02%
  38  NC_028541   10.01%    failed      0.00%
  39  NC_028601   10.39%    passed     16.52%
  40  NC_028603   11.27%    failed      0.00%
  41  NC_028605   10.64%    failed      0.00%
  42  NC_028606   10.84%    failed      0.00%
  43  NC_028607   11.06%    passed     62.63%
  44  NC_028609   10.35%    passed     37.49%
  45  NC_028611   10.00%    failed      0.00%
  46  NC_028612   10.87%    passed     32.81%
  47  NC_028613   10.97%    failed      0.15%
  48  NC_029515    9.81%    failed      0.00%
  49  NC_030060    9.91%    passed     82.21%
  50  NC_030592    8.86%    failed      0.00%
  51  NC_030593    8.95%    failed      0.00%
  52  NC_030758    9.69%    failed      0.00%
  53  NC_030764    9.84%    passed      8.30%
  54  NC_030778    9.81%    failed      0.00%
  55  NC_033340    9.85%    failed      0.00%
  56  NC_034293    9.59%    failed      0.00%
  57  NC_035677   10.37%    passed     17.41%
  58  NC_035714    9.34%    failed      1.62%
  59  NC_036104    9.94%    failed      0.15%
  60  NC_036108    9.89%    failed      0.76%
  61  NC_036261   10.52%    failed      0.00%
  62  NC_036265   10.53%    failed      0.00%
  63  NC_036266   10.84%    failed      0.00%
  64  NC_036267   10.67%    failed      0.02%
  65  NC_036269   10.81%    failed      0.00%
  66  NC_036270   10.96%    failed      0.00%
  67  NC_036271   10.32%    failed      0.00%
  68  NC_036273   10.62%    failed      0.00%
  69  NC_036274   10.87%    failed      0.00%
  70  NC_036275   10.54%    failed      0.00%
  71  NC_036276   10.82%    failed      0.00%
  72  NC_036277   11.47%    failed      0.00%
  73  NC_036278   10.47%    failed      0.00%
  74  NC_036279   10.18%    passed     20.86%
  75  NC_036291   10.90%    failed      0.00%
  76  NC_036678   10.40%    failed      0.00%
  77  NC_037196    9.84%    failed      0.00%
  78  NC_037200   10.41%    failed      0.00%
  79  NC_037749    9.47%    passed     29.39%
  80  NC_038089    9.69%    failed      0.00%
  81  NC_038090    9.69%    failed      0.00%
  82  NC_038115    9.72%    passed     80.20%
  83  NC_038197   10.96%    failed      0.00%
  84  NC_039657    9.83%    failed      0.00%
  85  NC_039689   10.56%    failed      0.00%
  86  NC_041172   10.49%    failed      0.00%
  87  NC_041669    9.74%    passed     49.66%
  88  NC_042198   10.71%    passed     38.97%
  89  NC_042417   10.46%    failed      0.00%
  90  NC_042614    9.59%    failed      0.00%
  91  NC_042820   10.59%    failed      0.01%
  92  NC_042828   10.18%    failed      0.00%
  93  NC_042922    9.80%    passed     18.74%
  94  NC_043883    9.87%    failed      0.00%
****  TOTAL       10.10%  77 sequences failed composition chi2 test (p-value<5%; df=3)


Create initial parsimony tree by phylogenetic likelihood library (PLL)... 0.194 seconds
NOTE: ModelFinder requires 319 MB RAM!
ModelFinder will test 484 DNA models (sample size: 12340) ...
 No. Model         -LnL         df  AIC          AICc         BIC
  1  JC            706229.433   185 1412828.866  1412834.528  1414201.677
  2  JC+I          664538.149   186 1329448.297  1329454.021  1330828.529
  3  JC+G4         628565.653   186 1257503.305  1257509.030  1258883.537
  4  JC+I+G4       626685.038   187 1253744.076  1253749.862  1255131.728
  5  JC+R2         637666.810   187 1275707.620  1275713.406  1277095.272
  6  JC+R3         628390.724   189 1257159.449  1257165.360  1258561.942
  7  JC+R4         626236.240   191 1252854.479  1252860.517  1254271.814
  8  JC+R5         625597.718   193 1251581.436  1251587.602  1253013.613
  9  JC+R6         625493.554   195 1251377.108  1251383.403  1252824.126
 10  JC+R7         625473.586   197 1251341.172  1251347.597  1252803.031
 11  JC+R8         625473.488   199 1251344.976  1251351.532  1252821.675
 14  JC*H2         636649.366   371 1274040.731  1274063.795  1276793.774
 15  JC*H3         626861.403   557 1254836.806  1254889.565  1258970.081
 16  JC*H4         624377.854   743 1250241.708  1250337.050  1255755.215
 17  JC*H5         623518.176   929 1248894.352  1249045.793  1255788.090
 23  F81+F         694549.281   188 1389474.561  1389480.410  1390869.634
 24  F81+F+I       649552.878   189 1299483.755  1299489.667  1300886.249
 25  F81+F+G4      608627.242   189 1217632.485  1217638.396  1219034.978
 26  F81+F+I+G4    606398.215   190 1213176.429  1213182.403  1214586.343
 27  F81+F+R2      619159.382   190 1238698.764  1238704.738  1240108.678
 28  F81+F+R3      609067.444   192 1218518.887  1218524.989  1219943.643
 29  F81+F+R4      606217.277   194 1212822.555  1212828.784  1214262.151
 30  F81+F+R5      605445.696   196 1211283.391  1211289.751  1212737.829
 31  F81+F+R6      605308.649   198 1211013.298  1211019.789  1212482.577
 32  F81+F+R7      605279.085   200 1210958.169  1210964.793  1212442.290
 33  F81+F+R8      605278.870   202 1210961.740  1210968.498  1212460.702
 36  F81*H2        618148.160   374 1237044.320  1237067.764  1239819.625
 37  F81*H3        607615.072   560 1216350.144  1216403.487  1220505.681
 38  F81*H4        604472.877   746 1210437.754  1210533.892  1215973.523
 39  F81*H5        603481.027   932 1208826.054  1208978.514  1215742.054
 40  F81*H6        602448.686   1118 1207133.372  1207356.354  1215429.604
 41  F81*H7        601771.884   1304 1206151.769  1206460.191  1215828.233
 45  K2P           705793.168   186 1411958.336  1411964.060  1413338.568
 46  K2P+I         664107.441   187 1328588.882  1328594.668  1329976.534
 47  K2P+G4        627994.642   187 1256363.283  1256369.069  1257750.936
 48  K2P+I+G4      626061.204   188 1252498.409  1252504.257  1253893.482
 49  K2P+R2        637200.770   188 1274777.540  1274783.388  1276172.613
 50  K2P+R3        627854.710   190 1256089.420  1256095.394  1257499.334
 51  K2P+R4        625643.811   192 1251671.622  1251677.723  1253096.377
 52  K2P+R5        624983.936   194 1250355.872  1250362.102  1251795.469
 53  K2P+R6        624873.177   196 1250138.353  1250144.713  1251592.791
 54  K2P+R7        624848.922   198 1250093.844  1250100.335  1251563.123
 55  K2P+R8        624848.830   200 1250097.660  1250104.283  1251581.780
 58  K80*H2        635475.278   373 1271696.556  1271719.872  1274464.440
 59  K80*H3        611330.843   560 1223781.687  1223835.029  1227937.223
 60  K80*H4        603444.478   747 1208382.956  1208479.360  1213926.146
 61  K80*H5        600052.308   934 1201972.617  1202125.759  1208903.459
 62  K80*H6        595654.446   1121 1193550.892  1193775.132  1201869.386
 63  K80*H7        594278.452   1308 1191172.904  1191483.333  1200879.050
 64  K80*H8        593147.857   1495 1189285.714  1189698.204  1200379.513
 65  K80*H9        592305.640   1682 1187975.279  1188506.537  1200456.730
 67  HKY+F         690783.936   189 1381945.872  1381951.783  1383348.366
 68  HKY+F+I       644505.513   190 1289391.027  1289397.001  1290800.941
 69  HKY+F+G4      599863.460   190 1200106.920  1200112.894  1201516.834
 70  HKY+F+I+G4    597511.331   191 1195404.662  1195410.700  1196821.997
 71  HKY+F+R2      612287.730   191 1224957.461  1224963.498  1226374.796
 72  HKY+F+R3      601431.127   193 1203248.255  1203254.420  1204680.431
 73  HKY+F+R4      597661.428   195 1195712.856  1195719.151  1197159.874
 74  HKY+F+R5      596795.802   197 1193985.604  1193992.029  1195447.462
 75  HKY+F+R6      596519.235   199 1193436.469  1193443.026  1194913.169
 76  HKY+F+R7      596424.385   201 1193250.769  1193257.459  1194742.310
 77  HKY+F+R8      596424.345   203 1193254.691  1193261.515  1194761.073
 80  HKY*H2        611297.686   376 1223347.371  1223371.070  1226137.517
 81  HKY*H3        590255.969   563 1181637.938  1181691.867  1185815.737
 82  HKY*H4        582812.943   750 1167125.886  1167223.090  1172691.337
 83  HKY*H5        580020.108   937 1161914.216  1162068.383  1168867.319
 84  HKY*H6        575931.142   1124 1154110.284  1154335.785  1162451.040
 85  HKY*H7        574327.283   1311 1151276.567  1151588.506  1161004.975
 86  HKY*H8        572648.281   1498 1148292.563  1148706.824  1159408.623
 87  HKY*H9        571837.683   1685 1147045.367  1147578.671  1159549.080
 89  TNe           705521.009   187 1411416.019  1411421.805  1412803.671
 90  TNe+I         663629.334   188 1327634.668  1327640.517  1329029.741
 91  TNe+G4        626953.379   188 1254282.758  1254288.607  1255677.831
 92  TNe+I+G4      624963.576   189 1250305.152  1250311.063  1251707.645
 93  TNe+R2        636412.280   189 1273202.561  1273208.472  1274605.054
 94  TNe+R3        626862.227   191 1254106.455  1254112.492  1255523.790
 95  TNe+R4        624574.388   193 1249534.776  1249540.942  1250966.952
 96  TNe+R5        623908.167   195 1248206.335  1248212.629  1249653.352
 97  TNe+R6        623768.941   197 1247931.881  1247938.306  1249393.740
 98  TNe+R7        623741.342   199 1247880.684  1247887.241  1249357.384
 99  TNe+R8        623741.339   201 1247884.679  1247891.369  1249376.220
102  TNe*H2        634610.198   375 1269970.397  1269993.968  1272753.122
103  TNe*H3        610952.097   563 1223030.195  1223084.124  1227207.993
104  TNe*H4        603118.561   751 1207739.123  1207836.595  1213311.994
105  TNe*H5        599722.758   939 1201323.517  1201478.370  1208291.462
106  TNe*H6        595487.032   1127 1193228.064  1193454.831  1201591.082
107  TNe*H7        594130.607   1315 1190891.214  1191205.172  1200649.304
108  TNe*H8        593023.118   1503 1189052.235  1189469.458  1200205.399
WARNING: ABNORMAL_TERMINATION_IN_LNSRCH
109  TNe*H9        592097.037   1691 1187576.074  1188113.484  1200124.311
110  TNe*H10       591013.135   1879 1185784.269  1186459.703  1199727.579
111  TN+F          690698.906   190 1381777.812  1381783.786  1383187.726
112  TN+F+I        644343.229   191 1289068.458  1289074.496  1290485.793
113  TN+F+G4       599296.694   191 1198975.389  1198981.426  1200392.724
114  TN+F+I+G4     597110.286   192 1194604.572  1194610.673  1196029.327
115  TN+F+R2       612094.242   192 1224572.485  1224578.586  1225997.240
116  TN+F+R3       601069.316   194 1202526.632  1202532.862  1203966.229
117  TN+F+R4       597258.418   196 1194908.837  1194915.196  1196363.275
118  TN+F+R5       596408.467   198 1193212.933  1193219.424  1194682.212
119  TN+F+R6       596079.240   200 1192558.480  1192565.104  1194042.601
120  TN+F+R7       595989.211   202 1192382.422  1192389.179  1193881.384
121  TN+F+R8       595989.060   204 1192386.119  1192393.012  1193899.922
124  TN*H2         610946.619   378 1222649.237  1222673.192  1225454.225
125  TN*H3         590013.619   566 1181159.237  1181213.756  1185359.298
126  TN*H4         582571.830   754 1166651.660  1166749.938  1172246.794
127  TN*H5         579832.660   942 1161549.321  1161705.205  1168539.527
128  TN*H6         575879.231   1130 1154018.461  1154246.498  1162403.741
129  TN*H7         574293.991   1318 1151223.981  1151539.460  1161004.334
130  TN*H8         572618.951   1506 1148249.902  1148668.908  1159425.328
131  TN*H9         571816.347   1694 1147020.694  1147560.164  1159591.192
133  K3P           689112.565   187 1378599.129  1378604.915  1379986.781
134  K3P+I         646471.947   188 1293319.895  1293325.743  1294714.968
135  K3P+G4        608259.410   188 1216894.821  1216900.669  1218289.894
136  K3P+I+G4      606177.260   189 1212732.521  1212738.432  1214135.014
137  K3P+R2        618284.715   189 1236947.430  1236953.341  1238349.923
138  K3P+R3        608336.041   191 1217054.083  1217060.120  1218471.418
139  K3P+R4        605826.209   193 1212038.418  1212044.584  1213470.595
140  K3P+R5        605107.736   195 1210605.472  1210611.766  1212052.489
141  K3P+R6        604924.733   197 1210243.466  1210249.891  1211705.325
142  K3P+R7        604849.533   199 1210097.065  1210103.622  1211573.765
143  K3P+R8        604849.436   201 1210100.871  1210107.561  1211592.412
146  K81*H2        615975.282   375 1232700.564  1232724.134  1235483.289
147  K81*H3        594085.536   563 1189297.071  1189351.000  1193474.870
WARNING: ABNORMAL_TERMINATION_IN_LNSRCH
WARNING: ABNORMAL_TERMINATION_IN_LNSRCH
WARNING: ABNORMAL_TERMINATION_IN_LNSRCH
WARNING: ABNORMAL_TERMINATION_IN_LNSRCH
WARNING: ABNORMAL_TERMINATION_IN_LNSRCH
148  K81*H4        585450.803   751 1172403.606  1172501.077  1177976.477
WARNING: ABNORMAL_TERMINATION_IN_LNSRCH
WARNING: ABNORMAL_TERMINATION_IN_LNSRCH
WARNING: ABNORMAL_TERMINATION_IN_LNSRCH
WARNING: ABNORMAL_TERMINATION_IN_LNSRCH
WARNING: ABNORMAL_TERMINATION_IN_LNSRCH
WARNING: ABNORMAL_TERMINATION_IN_LNSRCH
WARNING: ABNORMAL_TERMINATION_IN_LNSRCH
WARNING: ABNORMAL_TERMINATION_IN_LNSRCH
WARNING: ABNORMAL_TERMINATION_IN_LNSRCH
WARNING: ABNORMAL_TERMINATION_IN_LNSRCH
WARNING: ABNORMAL_TERMINATION_IN_LNSRCH
WARNING: ABNORMAL_TERMINATION_IN_LNSRCH
WARNING: ABNORMAL_TERMINATION_IN_LNSRCH
WARNING: ABNORMAL_TERMINATION_IN_LNSRCH
WARNING: ABNORMAL_TERMINATION_IN_LNSRCH
WARNING: ABNORMAL_TERMINATION_IN_LNSRCH
WARNING: ABNORMAL_TERMINATION_IN_LNSRCH
WARNING: ABNORMAL_TERMINATION_IN_LNSRCH
WARNING: ABNORMAL_TERMINATION_IN_LNSRCH
WARNING: ABNORMAL_TERMINATION_IN_LNSRCH
WARNING: ABNORMAL_TERMINATION_IN_LNSRCH
WARNING: ABNORMAL_TERMINATION_IN_LNSRCH
WARNING: ABNORMAL_TERMINATION_IN_LNSRCH
WARNING: ABNORMAL_TERMINATION_IN_LNSRCH
WARNING: ABNORMAL_TERMINATION_IN_LNSRCH
WARNING: ABNORMAL_TERMINATION_IN_LNSRCH
WARNING: ABNORMAL_TERMINATION_IN_LNSRCH
WARNING: ABNORMAL_TERMINATION_IN_LNSRCH
WARNING: ABNORMAL_TERMINATION_IN_LNSRCH
WARNING: ABNORMAL_TERMINATION_IN_LNSRCH
149  K81*H5        580757.099   939 1163392.198  1163547.050  1170360.142
WARNING: ABNORMAL_TERMINATION_IN_LNSRCH
WARNING: ABNORMAL_TERMINATION_IN_LNSRCH
WARNING: ABNORMAL_TERMINATION_IN_LNSRCH
150  K81*H6        577819.417   1127 1157892.833  1158119.600  1166255.851
WARNING: ABNORMAL_TERMINATION_IN_LNSRCH
151  K81*H7        576104.175   1315 1154838.350  1155152.309  1164596.441
WARNING: ABNORMAL_TERMINATION_IN_LNSRCH
WARNING: ABNORMAL_TERMINATION_IN_LNSRCH
WARNING: ABNORMAL_TERMINATION_IN_LNSRCH
WARNING: ABNORMAL_TERMINATION_IN_LNSRCH
WARNING: ABNORMAL_TERMINATION_IN_LNSRCH
WARNING: ABNORMAL_TERMINATION_IN_LNSRCH
WARNING: ABNORMAL_TERMINATION_IN_LNSRCH
WARNING: ABNORMAL_TERMINATION_IN_LNSRCH
WARNING: ABNORMAL_TERMINATION_IN_LNSRCH
152  K81*H8        574050.262   1503 1151106.524  1151523.747  1162259.688
WARNING: ABNORMAL_TERMINATION_IN_LNSRCH
WARNING: ABNORMAL_TERMINATION_IN_LNSRCH
WARNING: ABNORMAL_TERMINATION_IN_LNSRCH
153  K81*H9        572586.232   1691 1148554.464  1149091.875  1161102.701
WARNING: ABNORMAL_TERMINATION_IN_LNSRCH
WARNING: ABNORMAL_TERMINATION_IN_LNSRCH
WARNING: ABNORMAL_TERMINATION_IN_LNSRCH
WARNING: ABNORMAL_TERMINATION_IN_LNSRCH
WARNING: ABNORMAL_TERMINATION_IN_LNSRCH
WARNING: ABNORMAL_TERMINATION_IN_LNSRCH
WARNING: ABNORMAL_TERMINATION_IN_LNSRCH
154  K81*H10       571695.297   1879 1147148.593  1147824.027  1161091.903
155  K3Pu+F        685939.370   190 1372258.739  1372264.713  1373668.653
156  K3Pu+F+I      640837.663   191 1282057.325  1282063.363  1283474.660
157  K3Pu+F+G4     597773.403   191 1195928.806  1195934.844  1197346.141
158  K3Pu+F+I+G4   595344.113   192 1191072.226  1191078.328  1192496.982
159  K3Pu+F+R2     609635.428   192 1219654.855  1219660.957  1221079.611
160  K3Pu+F+R3     598849.382   194 1198086.764  1198092.994  1199526.361
161  K3Pu+F+R4     595449.618   196 1191291.236  1191297.596  1192745.674
162  K3Pu+F+R5     594578.930   198 1189553.860  1189560.351  1191023.139
163  K3Pu+F+R6     594332.699   200 1189065.398  1189072.022  1190549.519
164  K3Pu+F+R7     594280.127   202 1188964.254  1188971.012  1190463.216
165  K3Pu+F+R8     594279.864   204 1188967.729  1188974.621  1190481.531
168  K81u*H2       608617.527   378 1217991.055  1218015.010  1220796.042
169  K81u*H3       588691.683   566 1178515.366  1178569.884  1182715.426
170  K81u*H4       581853.487   754 1165214.974  1165313.251  1170810.107
171  K81u*H5       576829.789   942 1155543.578  1155699.463  1162533.785
172  K81u*H6       574147.532   1130 1150555.063  1150783.100  1158940.343
WARNING: ABNORMAL_TERMINATION_IN_LNSRCH
173  K81u*H7       571967.750   1318 1146571.501  1146886.979  1156351.853
WARNING: ABNORMAL_TERMINATION_IN_LNSRCH
WARNING: ABNORMAL_TERMINATION_IN_LNSRCH
174  K81u*H8       570236.354   1506 1143484.709  1143903.714  1154660.134
WARNING: ABNORMAL_TERMINATION_IN_LNSRCH
WARNING: ABNORMAL_TERMINATION_IN_LNSRCH
WARNING: ABNORMAL_TERMINATION_IN_LNSRCH
WARNING: ABNORMAL_TERMINATION_IN_LNSRCH
175  K81u*H9       569587.063   1694 1142562.126  1143101.596  1155132.625
177  TPM2+F        684838.286   190 1370056.572  1370062.546  1371466.486
178  TPM2+F+I      640880.127   191 1282142.254  1282148.291  1283559.589
179  TPM2+F+G4     599291.727   191 1198965.454  1198971.492  1200382.789
180  TPM2+F+I+G4   596833.627   192 1194051.254  1194057.355  1195476.009
181  TPM2+F+R2     610678.711   192 1221741.423  1221747.524  1223166.178
182  TPM2+F+R3     600284.375   194 1200956.750  1200962.980  1202396.347
183  TPM2+F+R4     596899.029   196 1194190.057  1194196.417  1195644.495
184  TPM2+F+R5     596055.551   198 1192507.101  1192513.592  1193976.380
185  TPM2+F+R6     595807.821   200 1192015.641  1192022.265  1193499.762
186  TPM2+F+R7     595745.654   202 1191895.309  1191902.066  1193394.270
187  TPM2+F+R8     595745.497   204 1191898.994  1191905.887  1193412.797
190  TPM2*H2       609180.032   378 1219116.064  1219140.019  1221921.051
191  TPM2*H3       589115.159   566 1179362.317  1179416.836  1183562.378
192  TPM2*H4       581601.018   754 1164710.036  1164808.314  1170305.170
193  TPM2*H5       577587.716   942 1157059.431  1157215.315  1164049.637
194  TPM2*H6       575044.240   1130 1152348.480  1152576.517  1160733.760
195  TPM2*H7       573185.457   1318 1149006.913  1149322.391  1158787.266
WARNING: ABNORMAL_TERMINATION_IN_LNSRCH
WARNING: ABNORMAL_TERMINATION_IN_LNSRCH
WARNING: ABNORMAL_TERMINATION_IN_LNSRCH
WARNING: ABNORMAL_TERMINATION_IN_LNSRCH
196  TPM2*H8       571398.812   1506 1145809.624  1146228.629  1156985.049
197  TPM2*H9       570082.771   1694 1143553.543  1144093.013  1156124.041
WARNING: ABNORMAL_TERMINATION_IN_LNSRCH
WARNING: ABNORMAL_TERMINATION_IN_LNSRCH
WARNING: ABNORMAL_TERMINATION_IN_LNSRCH
WARNING: ABNORMAL_TERMINATION_IN_LNSRCH
198  TPM2*H10      569479.260   1882 1142722.520  1143400.306  1156688.092
199  TPM2u+F       684838.292   190 1370056.584  1370062.558  1371466.498
200  TPM2u+F+I     640880.126   191 1282142.253  1282148.290  1283559.587
201  TPM2u+F+G4    599291.728   191 1198965.456  1198971.494  1200382.791
202  TPM2u+F+I+G4  596833.631   192 1194051.261  1194057.362  1195476.017
203  TPM2u+F+R2    610678.712   192 1221741.424  1221747.525  1223166.179
204  TPM2u+F+R3    600284.383   194 1200956.766  1200962.995  1202396.362
205  TPM2u+F+R4    596899.029   196 1194190.057  1194196.417  1195644.495
206  TPM2u+F+R5    596055.340   198 1192506.681  1192513.172  1193975.960
207  TPM2u+F+R6    595807.519   200 1192015.039  1192021.662  1193499.159
208  TPM2u+F+R7    595744.798   202 1191893.596  1191900.354  1193392.558
209  TPM2u+F+R8    595744.671   204 1191897.342  1191904.235  1193411.145
212  TPM2u*H2      609180.033   378 1219116.067  1219140.021  1221921.054
213  TPM2u*H3      589115.151   566 1179362.301  1179416.819  1183562.361
214  TPM2u*H4      581600.736   754 1164709.471  1164807.748  1170304.605
215  TPM2u*H5      577587.735   942 1157059.470  1157215.354  1164049.676
216  TPM2u*H6      575043.142   1130 1152346.284  1152574.320  1160731.563
WARNING: ABNORMAL_TERMINATION_IN_LNSRCH
217  TPM2u*H7      573187.106   1318 1149010.213  1149325.691  1158790.565
WARNING: ABNORMAL_TERMINATION_IN_LNSRCH
WARNING: ABNORMAL_TERMINATION_IN_LNSRCH
218  TPM2u*H8      571397.106   1506 1145806.212  1146225.217  1156981.637
219  TPM2u*H9      570080.862   1694 1143549.724  1144089.195  1156120.223
220  TPM2u*H10     569478.312   1882 1142720.623  1143398.409  1156686.195
221  TPM3+F        689811.078   190 1380002.157  1380008.131  1381412.071
222  TPM3+F+I      643839.215   191 1288060.430  1288066.468  1289477.765
223  TPM3+F+G4     599696.752   191 1199775.504  1199781.542  1201192.839
224  TPM3+F+I+G4   597271.749   192 1194927.497  1194933.598  1196352.252
225  TPM3+F+R2     611913.883   192 1224211.767  1224217.868  1225636.522
226  TPM3+F+R3     601057.798   194 1202503.596  1202509.826  1203943.193
227  TPM3+F+R4     597430.156   196 1195252.312  1195258.672  1196706.750
228  TPM3+F+R5     596545.115   198 1193486.229  1193492.720  1194955.508
229  TPM3+F+R6     596282.554   200 1192965.107  1192971.730  1194449.227
230  TPM3+F+R7     596195.515   202 1192795.029  1192801.786  1194293.991
231  TPM3+F+R8     596195.515   204 1192799.029  1192805.922  1194312.832
234  TPM3*H2       610417.569   378 1221591.138  1221615.093  1224396.126
235  TPM3*H3       589824.351   566 1180780.702  1180835.220  1184980.762
236  TPM3*H4       582460.280   754 1166428.559  1166526.836  1172023.693
237  TPM3*H5       578093.864   942 1158071.727  1158227.611  1165061.933
238  TPM3*H6       575521.518   1130 1153303.036  1153531.072  1161688.315
239  TPM3*H7       573814.610   1318 1150265.219  1150580.697  1160045.572
240  TPM3*H8       572207.512   1506 1147427.024  1147846.029  1158602.449
241  TPM3*H9       571017.178   1694 1145422.357  1145961.827  1157992.855
WARNING: ABNORMAL_TERMINATION_IN_LNSRCH
WARNING: ABNORMAL_TERMINATION_IN_LNSRCH
WARNING: ABNORMAL_TERMINATION_IN_LNSRCH
242  TPM3*H10      570026.214   1882 1143816.428  1144494.214  1157782.000
243  TPM3u+F       689811.082   190 1380002.163  1380008.138  1381412.078
244  TPM3u+F+I     643839.213   191 1288060.425  1288066.463  1289477.760
245  TPM3u+F+G4    599696.757   191 1199775.513  1199781.551  1201192.848
246  TPM3u+F+I+G4  597271.756   192 1194927.513  1194933.614  1196352.268
247  TPM3u+F+R2    611913.881   192 1224211.763  1224217.864  1225636.518
248  TPM3u+F+R3    601057.796   194 1202503.592  1202509.822  1203943.188
249  TPM3u+F+R4    597430.140   196 1195252.280  1195258.639  1196706.718
250  TPM3u+F+R5    596544.773   198 1193485.545  1193492.036  1194954.824
251  TPM3u+F+R6    596282.068   200 1192964.137  1192970.760  1194448.257
252  TPM3u+F+R7    596194.981   202 1192793.961  1192800.718  1194292.923
253  TPM3u+F+R8    596194.978   204 1192797.956  1192804.848  1194311.758
256  TPM3u*H2      610417.569   378 1221591.138  1221615.093  1224396.125
257  TPM3u*H3      589824.341   566 1180780.682  1180835.200  1184980.742
258  TPM3u*H4      582459.954   754 1166427.907  1166526.184  1172023.041
259  TPM3u*H5      578093.889   942 1158071.778  1158227.663  1165061.985
260  TPM3u*H6      575521.439   1130 1153302.877  1153530.914  1161688.157
261  TPM3u*H7      573813.198   1318 1150262.396  1150577.875  1160042.749
262  TPM3u*H8      572206.961   1506 1147425.922  1147844.928  1158601.348
263  TPM3u*H9      571016.629   1694 1145421.257  1145960.727  1157991.756
264  TPM3u*H10     570027.031   1882 1143818.061  1144495.848  1157783.633
265  TIMe          688843.007   188 1378062.014  1378067.863  1379457.087
266  TIMe+I        645995.193   189 1292368.385  1292374.297  1293770.879
267  TIMe+G4       607172.953   189 1214723.905  1214729.816  1216126.399
268  TIMe+I+G4     605037.603   190 1210455.207  1210461.181  1211865.121
269  TIMe+R2       617462.174   190 1235304.348  1235310.322  1236714.262
270  TIMe+R3       607302.098   192 1214988.197  1214994.298  1216412.952
271  TIMe+R4       604713.690   194 1209815.380  1209821.609  1211254.976
272  TIMe+R5       604001.457   196 1208394.913  1208401.273  1209849.351
273  TIMe+R6       603786.740   198 1207969.480  1207975.971  1209438.759
274  TIMe+R7       603685.638   200 1207771.276  1207777.900  1209255.397
275  TIMe+R8       603685.559   202 1207775.119  1207781.876  1209274.080
278  TIMe*H2       615104.802   377 1230963.605  1230987.431  1233761.171
279  TIMe*H3       593618.418   566 1188368.836  1188423.355  1192568.897
WARNING: ABNORMAL_TERMINATION_IN_LNSRCH
280  TIMe*H4       584765.441   755 1171040.881  1171139.427  1176643.435
281  TIMe*H5       580382.640   944 1162653.280  1162809.854  1169658.328
WARNING: ABNORMAL_TERMINATION_IN_LNSRCH
282  TIMe*H6       577570.904   1133 1157407.808  1157637.118  1165815.350
WARNING: ABNORMAL_TERMINATION_IN_LNSRCH
WARNING: ABNORMAL_TERMINATION_IN_LNSRCH
WARNING: ABNORMAL_TERMINATION_IN_LNSRCH
WARNING: ABNORMAL_TERMINATION_IN_LNSRCH
283  TIMe*H7       575340.502   1322 1153325.004  1153642.515  1163135.039
284  TIMe*H8       572041.819   1511 1147105.637  1147527.623  1158318.166
WARNING: ABNORMAL_TERMINATION_IN_LNSRCH
WARNING: ABNORMAL_TERMINATION_IN_LNSRCH
WARNING: Log-likelihood of TIMe*H9 worse than TIMe*H8
285  TIMe*H9       572231.588   1700 1147863.176  1148406.780  1160478.199
287  TIM+F         685847.973   191 1372077.947  1372083.984  1373495.281
288  TIM+F+I       640657.551   192 1281699.102  1281705.203  1283123.857
289  TIM+F+G4      597151.826   192 1194687.652  1194693.753  1196112.408
290  TIM+F+I+G4    594877.418   193 1190140.836  1190147.001  1191573.012
291  TIM+F+R2      609381.442   193 1219148.884  1219155.049  1220581.060
292  TIM+F+R3      598464.137   195 1197318.273  1197324.568  1198765.290
293  TIM+F+R4      594976.653   197 1190347.306  1190353.731  1191809.164
294  TIM+F+R5      594158.170   199 1188714.341  1188720.898  1190191.040
295  TIM+F+R6      593853.584   201 1188109.167  1188115.857  1189600.708
296  TIM+F+R7      593789.953   203 1187985.907  1187992.731  1189492.289
297  TIM+F+R8      593789.799   205 1187989.598  1187996.558  1189510.821
300  TIM*H2        608206.013   380 1217172.027  1217196.239  1219991.855
301  TIM*H3        588418.863   569 1177975.726  1178030.837  1182198.048
302  TIM*H4        581376.910   758 1164269.819  1164369.176  1169894.635
303  TIM*H5        576684.303   947 1155262.606  1155420.217  1162289.915
304  TIM*H6        574056.575   1136 1150385.149  1150615.736  1158814.952
305  TIM*H7        571849.609   1325 1146349.217  1146668.257  1156181.514
306  TIM*H8        569149.371   1514 1141326.742  1141750.522  1152561.532
307  TIM*H9        567910.649   1703 1139227.298  1139772.976  1151864.582
WARNING: ABNORMAL_TERMINATION_IN_LNSRCH
WARNING: ABNORMAL_TERMINATION_IN_LNSRCH
308  TIM*H10       567424.561   1892 1138633.121  1139318.783  1152672.899
309  TIM2e         688439.404   188 1377254.808  1377260.657  1378649.881
310  TIM2e+I       650327.900   189 1301033.800  1301039.711  1302436.293
311  TIM2e+G4      616115.755   189 1232609.510  1232615.421  1234012.003
312  TIM2e+I+G4    614260.248   190 1228900.496  1228906.470  1230310.410
313  TIM2e+R2      625061.361   190 1250502.723  1250508.697  1251912.637
314  TIM2e+R3      616073.288   192 1232530.576  1232536.677  1233955.332
315  TIM2e+R4      613929.417   194 1228246.834  1228253.064  1229686.431
316  TIM2e+R5      613228.460   196 1226848.920  1226855.280  1228303.358
317  TIM2e+R6      613058.119   198 1226512.239  1226518.729  1227981.518
318  TIM2e+R7      612976.158   200 1226352.316  1226358.939  1227836.436
319  TIM2e+R8      612976.081   202 1226356.162  1226362.919  1227855.123
322  TIM2e*H2      623406.781   377 1247567.561  1247591.388  1250365.128
323  TIM2e*H3      601953.292   566 1205038.584  1205093.102  1209238.644
324  TIM2e*H4      594812.079   755 1191134.158  1191232.704  1196736.712
325  TIM2e*H5      589807.602   944 1181503.205  1181659.779  1188508.252
326  TIM2e*H6      587007.725   1133 1176281.450  1176510.759  1184688.991
327  TIM2e*H7      584180.803   1322 1171005.606  1171323.116  1180815.641
WARNING: ABNORMAL_TERMINATION_IN_LNSRCH
WARNING: ABNORMAL_TERMINATION_IN_LNSRCH
WARNING: ABNORMAL_TERMINATION_IN_LNSRCH
WARNING: ABNORMAL_TERMINATION_IN_LNSRCH
WARNING: ABNORMAL_TERMINATION_IN_LNSRCH
WARNING: ABNORMAL_TERMINATION_IN_LNSRCH
WARNING: ABNORMAL_TERMINATION_IN_LNSRCH
328  TIM2e*H8      582627.555   1511 1168277.110  1168699.096  1179489.639
329  TIM2e*H9      580979.614   1700 1165359.228  1165902.832  1177974.251
330  TIM2e*H10     580185.378   1889 1164148.756  1164832.050  1178166.272
331  TIM2+F        684814.764   191 1370011.529  1370017.566  1371428.863
332  TIM2+F+I      640780.969   192 1281945.939  1281952.040  1283370.694
333  TIM2+F+G4     598589.229   192 1197562.458  1197568.559  1198987.213
334  TIM2+F+I+G4   596351.104   193 1193088.208  1193094.374  1194520.385
335  TIM2+F+R2     610469.329   193 1221324.659  1221330.824  1222756.835
336  TIM2+F+R3     599915.265   195 1200220.531  1200226.825  1201667.548
337  TIM2+F+R4     596428.475   197 1193250.950  1193257.375  1194712.808
338  TIM2+F+R5     595623.998   199 1191645.997  1191652.554  1193122.696
339  TIM2+F+R6     595302.446   201 1191006.892  1191013.582  1192498.433
340  TIM2+F+R7     595219.929   203 1190845.858  1190852.683  1192352.240
341  TIM2+F+R8     595219.749   205 1190849.498  1190856.459  1192370.721
344  TIM2*H2       608836.447   380 1218432.894  1218457.107  1221252.723
345  TIM2*H3       588846.838   569 1178831.675  1178886.787  1183053.997
346  TIM2*H4       581722.402   758 1164960.803  1165060.159  1170585.619
347  TIM2*H5       577475.744   947 1156845.488  1157003.099  1163872.797
348  TIM2*H6       574976.289   1136 1152224.578  1152455.165  1160654.381
349  TIM2*H7       572003.635   1325 1146657.270  1146976.310  1156489.567
350  TIM2*H8       570719.612   1514 1144467.225  1144891.005  1155702.015
351  TIM2*H9       569609.080   1703 1142624.160  1143169.837  1155261.444
352  TIM2*H10      568297.384   1892 1140378.768  1141064.430  1154418.546
353  TIM3e         697767.305   188 1395910.610  1395916.458  1397305.683
354  TIM3e+I       656942.220   189 1314262.440  1314268.351  1315664.934
355  TIM3e+G4      618678.429   189 1237734.858  1237740.769  1239137.351
356  TIM3e+I+G4    616638.249   190 1233656.498  1233662.473  1235066.413
357  TIM3e+R2      629235.131   190 1258850.263  1258856.237  1260260.177
358  TIM3e+R3      619054.445   192 1238492.891  1238498.992  1239917.646
359  TIM3e+R4      616422.252   194 1233232.503  1233238.733  1234672.100
360  TIM3e+R5      615739.866   196 1231871.732  1231878.091  1233326.170
361  TIM3e+R6      615445.250   198 1231286.500  1231292.990  1232755.779
362  TIM3e+R7      615365.100   200 1231130.201  1231136.824  1232614.321
363  TIM3e+R8      615365.023   202 1231134.046  1231140.804  1232633.008
366  TIM3e*H2      627489.751   377 1255733.502  1255757.329  1258531.069
367  TIM3e*H3      604677.941   566 1210487.882  1210542.400  1214687.942
368  TIM3e*H4      596572.773   755 1194655.547  1194754.093  1200258.101
369  TIM3e*H5      591409.205   944 1184706.410  1184862.984  1191711.458
370  TIM3e*H6      588359.984   1133 1178985.968  1179215.278  1187393.509
371  TIM3e*H7      586250.321   1322 1175144.643  1175462.153  1184954.678
372  TIM3e*H8      584367.444   1511 1171756.887  1172178.873  1182969.416
373  TIM3e*H9      583388.642   1700 1170177.284  1170720.887  1182792.306
WARNING: ABNORMAL_TERMINATION_IN_LNSRCH
374  TIM3e*H10     582322.210   1889 1168422.420  1169105.713  1182439.935
375  TIM3+F        689703.938   191 1379789.876  1379795.913  1381207.211
376  TIM3+F+I      643651.868   192 1287687.737  1287693.838  1289112.492
377  TIM3+F+G4     599192.326   192 1198768.653  1198774.754  1200193.408
378  TIM3+F+I+G4   596919.187   193 1194224.373  1194230.538  1195656.549
379  TIM3+F+R2     611710.478   193 1223806.957  1223813.122  1225239.133
380  TIM3+F+R3     600775.060   195 1201940.120  1201946.415  1203387.137
381  TIM3+F+R4     597062.907   197 1194519.814  1194526.239  1195981.673
382  TIM3+F+R5     596224.441   199 1192846.882  1192853.439  1194323.582
383  TIM3+F+R6     595916.115   201 1192234.230  1192240.920  1193725.771
384  TIM3+F+R7     595829.509   203 1192065.019  1192071.843  1193571.401
385  TIM3+F+R8     595829.494   205 1192068.989  1192075.950  1193590.212
388  TIM3*H2       610025.156   380 1220810.313  1220834.526  1223630.141
389  TIM3*H3       589546.393   569 1180230.786  1180285.898  1184453.108
390  TIM3*H4       582164.920   758 1165845.841  1165945.197  1171470.656
391  TIM3*H5       577938.513   947 1157771.026  1157928.638  1164798.335
392  TIM3*H6       575431.939   1136 1153135.879  1153366.465  1161565.682
393  TIM3*H7       573051.871   1325 1148753.742  1149072.781  1158586.039
394  TIM3*H8       571771.984   1514 1146571.968  1146995.748  1157806.759
395  TIM3*H9       570711.737   1703 1144829.473  1145375.151  1157466.757
WARNING: ABNORMAL_TERMINATION_IN_LNSRCH
396  TIM3*H10      569425.808   1892 1142635.616  1143321.278  1156675.394
397  TVMe          677900.032   189 1356178.065  1356183.976  1357580.558
398  TVMe+I        639647.666   190 1279675.331  1279681.305  1281085.245
399  TVMe+G4       603918.667   190 1208217.334  1208223.308  1209627.248
400  TVMe+I+G4     601955.813   191 1204293.627  1204299.664  1205710.961
401  TVMe+R2       613503.008   191 1227388.016  1227394.053  1228805.350
402  TVMe+R3       604059.776   193 1208505.552  1208511.718  1209937.728
403  TVMe+R4       601687.710   195 1203765.420  1203771.714  1205212.437
404  TVMe+R5       600960.648   197 1202315.296  1202321.721  1203777.154
405  TVMe+R6       600716.606   199 1201831.213  1201837.769  1203307.912
406  TVMe+R7       600629.118   201 1201660.236  1201666.926  1203151.777
407  TVMe+R8       600629.013   203 1201664.026  1201670.850  1203170.408
410  TVMe*H2       611838.997   379 1224435.994  1224460.077  1227248.401
411  TVMe*H3       591488.823   569 1184115.647  1184170.758  1188337.969
412  TVMe*H4       583140.261   759 1167798.522  1167898.149  1173430.759
413  TVMe*H5       578241.559   949 1158381.117  1158539.423  1165423.268
WARNING: ABNORMAL_TERMINATION_IN_LNSRCH
414  TVMe*H6       574842.434   1139 1151962.867  1152194.735  1160414.932
WARNING: ABNORMAL_TERMINATION_IN_LNSRCH
415  TVMe*H7       572689.046   1329 1148036.092  1148357.176  1157898.071
WARNING: ABNORMAL_TERMINATION_IN_LNSRCH
WARNING: ABNORMAL_TERMINATION_IN_LNSRCH
WARNING: ABNORMAL_TERMINATION_IN_LNSRCH
WARNING: ABNORMAL_TERMINATION_IN_LNSRCH
WARNING: ABNORMAL_TERMINATION_IN_LNSRCH
WARNING: ABNORMAL_TERMINATION_IN_LNSRCH
WARNING: ABNORMAL_TERMINATION_IN_LNSRCH
WARNING: ABNORMAL_TERMINATION_IN_LNSRCH
WARNING: ABNORMAL_TERMINATION_IN_LNSRCH
WARNING: ABNORMAL_TERMINATION_IN_LNSRCH
WARNING: ABNORMAL_TERMINATION_IN_LNSRCH
WARNING: ABNORMAL_TERMINATION_IN_LNSRCH
416  TVMe*H8       571006.419   1519 1145050.839  1145477.619  1156322.732
WARNING: ABNORMAL_TERMINATION_IN_LNSRCH
WARNING: ABNORMAL_TERMINATION_IN_LNSRCH
WARNING: ABNORMAL_TERMINATION_IN_LNSRCH
WARNING: ABNORMAL_TERMINATION_IN_LNSRCH
WARNING: ABNORMAL_TERMINATION_IN_LNSRCH
WARNING: ABNORMAL_TERMINATION_IN_LNSRCH
WARNING: ABNORMAL_TERMINATION_IN_LNSRCH
WARNING: ABNORMAL_TERMINATION_IN_LNSRCH
417  TVMe*H9       569881.838   1709 1143181.677  1143731.515  1155863.485
WARNING: ABNORMAL_TERMINATION_IN_LNSRCH
WARNING: ABNORMAL_TERMINATION_IN_LNSRCH
WARNING: ABNORMAL_TERMINATION_IN_LNSRCH
WARNING: ABNORMAL_TERMINATION_IN_LNSRCH
WARNING: ABNORMAL_TERMINATION_IN_LNSRCH
WARNING: ABNORMAL_TERMINATION_IN_LNSRCH
WARNING: ABNORMAL_TERMINATION_IN_LNSRCH
418  TVMe*H10      568595.893   1899 1140989.786  1141680.993  1155081.508
419  TVM+F         683396.644   192 1367177.288  1367183.389  1368602.043
420  TVM+F+I       639622.491   193 1279630.982  1279637.147  1281063.158
421  TVM+F+G4      597710.123   193 1195806.247  1195812.412  1197238.423
422  TVM+F+I+G4    595283.409   194 1190954.819  1190961.048  1192394.415
423  TVM+F+R2      609322.383   194 1219032.765  1219038.995  1220472.362
424  TVM+F+R3      598705.535   196 1197803.070  1197809.429  1199257.508
425  TVM+F+R4      595373.884   198 1191143.768  1191150.258  1192613.047
426  TVM+F+R5      594513.856   200 1189427.713  1189434.336  1190911.833
427  TVM+F+R6      594265.581   202 1188935.161  1188941.918  1190434.123
428  TVM+F+R7      594208.598   204 1188825.196  1188832.089  1190338.999
429  TVM+F+R8      594208.354   206 1188828.708  1188835.737  1190357.352
432  TVM*H2        607555.366   382 1215874.731  1215899.203  1218709.401
433  TVM*H3        587964.096   572 1177072.192  1177127.899  1181316.776
434  TVM*H4        580199.249   762 1161922.498  1162022.940  1167576.996
435  TVM*H5        576152.691   952 1154209.383  1154368.732  1161273.795
436  TVM*H6        573038.029   1142 1148360.059  1148593.211  1156834.385
437  TVM*H7        571595.786   1332 1145855.572  1146178.195  1155739.813
438  TVM*H8        569935.136   1522 1142914.272  1143342.858  1154208.427
WARNING: ABNORMAL_TERMINATION_IN_LNSRCH
WARNING: ABNORMAL_TERMINATION_IN_LNSRCH
WARNING: ABNORMAL_TERMINATION_IN_LNSRCH
439  TVM*H9        567756.236   1712 1138936.472  1139488.398  1151640.542
WARNING: ABNORMAL_TERMINATION_IN_LNSRCH
WARNING: ABNORMAL_TERMINATION_IN_LNSRCH
WARNING: ABNORMAL_TERMINATION_IN_LNSRCH
440  TVM*H10       566523.407   1902 1136850.813  1137544.405  1150964.797
441  SYM           677725.798   190 1355831.595  1355837.569  1357241.509
442  SYM+I         639260.362   191 1278902.724  1278908.761  1280320.059
443  SYM+G4        602899.038   191 1206180.075  1206186.113  1207597.410
444  SYM+I+G4      600929.916   192 1202243.833  1202249.934  1203668.588
445  SYM+R2        612682.416   192 1225748.832  1225754.933  1227173.587
446  SYM+R3        603125.376   194 1206638.752  1206644.982  1208078.349
447  SYM+R4        600644.321   196 1201680.641  1201687.001  1203135.079
448  SYM+R5        599956.997   198 1200309.994  1200316.485  1201779.273
449  SYM+R6        599654.807   200 1199709.613  1199716.236  1201193.733
450  SYM+R7        599551.001   202 1199506.002  1199512.760  1201004.964
451  SYM+R8        599550.930   204 1199509.860  1199516.752  1201023.663
454  SYM*H2        611037.360   381 1222836.720  1222861.062  1225663.969
455  SYM*H3        591028.848   572 1183201.697  1183257.404  1187446.281
456  SYM*H4        582279.408   763 1166084.816  1166185.530  1171746.735
457  SYM*H5        577888.555   954 1157685.110  1157845.158  1164764.364
458  SYM*H6        574583.332   1145 1151456.665  1151691.107  1159953.253
459  SYM*H7        571229.134   1336 1145130.267  1145454.948  1155044.190
460  SYM*H8        569652.725   1527 1142359.451  1142791.056  1153690.709
461  SYM*H9        568022.451   1718 1139480.902  1140037.016  1152229.495
462  SYM*H10       566860.131   1909 1137538.262  1138237.435  1151704.189
463  GTR+F         683361.352   193 1367108.704  1367114.869  1368540.880
464  GTR+F+I       639505.574   194 1279399.149  1279405.378  1280838.745
465  GTR+F+G4      597068.159   194 1194524.319  1194530.548  1195963.915
466  GTR+F+I+G4    594820.128   195 1190030.256  1190036.551  1191477.274
467  GTR+F+R2      609098.688   195 1218587.375  1218593.670  1220034.392
468  GTR+F+R3      598361.771   197 1197117.543  1197123.968  1198579.401
469  GTR+F+R4      594910.387   199 1190218.773  1190225.330  1191695.473
470  GTR+F+R5      594102.463   201 1188606.926  1188613.616  1190098.467
471  GTR+F+R6      593788.149   203 1187982.297  1187989.122  1189488.679
472  GTR+F+R7      593717.882   205 1187845.765  1187852.726  1189366.988
473  GTR+F+R8      593717.721   207 1187849.441  1187856.539  1189385.506
476  GTR*H2        607169.596   384 1215107.192  1215131.925  1217956.703
477  GTR*H3        587672.167   575 1176494.333  1176550.641  1180761.179
478  GTR*H4        579976.560   766 1161485.120  1161586.653  1167169.300
479  GTR*H5        576020.331   957 1153954.663  1154115.760  1161056.178
480  GTR*H6        572746.006   1148 1147788.012  1148023.747  1156306.863
481  GTR*H7        569948.511   1339 1142575.021  1142901.250  1152511.206
482  GTR*H8        568851.778   1530 1140763.556  1141196.978  1152117.076
483  GTR*H9        567260.680   1721 1137963.360  1138521.575  1150734.215
484  GTR*H10       565900.364   1912 1135624.727  1136326.301  1149812.917
Akaike Information Criterion:           GTR*H10
Corrected Akaike Information Criterion: GTR*H10
Bayesian Information Criterion:         GTR*H10
Best-fit model: GTR*H10 chosen according to BIC

All model information printed to MafftGhostBaseFreqLinked.model.gz
CPU time for ModelFinder: 62816.684 seconds (17h:26m:56s)
Wall-clock time for ModelFinder: 62879.808 seconds (17h:27m:59s)
Generating 1000 samples for ultrafast bootstrap (seed: 338502)...

NOTE: 319 MB RAM (0 GB) is required!
Estimate model parameters (epsilon = 0.100)
(NC_003372[0.011707/0.142125/0.154187/1.003573/0.424434/0.202798/0.379693/1.008210/0.601785/0.581702]:0.451021,((((((((((((((((NC_003970[0.011515/0.084178/0.180609/0.913116/0.331321/0.206201/0.547126/0.579385/0.500182/0.434853]:0.378849,NC_030060[0.004157/0.069491/0.116802/0.282700/0.209461/0.197945/0.360675/0.717934/0.358991/0.425534]:0.274369)[0.003844/0.047551/0.030618/0.239523/0.026978/0.013830/0.095868/0.051325/0.065308/0.080555]:0.065540,NC_027176[0.007948/0.052563/0.113837/0.848245/0.134197/0.146814/0.421532/0.635129/0.397139/0.391085]:0.314849)[0.000003/0.020273/0.020780/0.099504/0.052265/0.032678/0.061093/0.000003/0.063248/0.148866]:0.049871,(NC_010964[0.008583/0.061127/0.115393/1.557541/0.321492/0.201699/0.407793/0.519037/0.481757/0.430991]:0.410541,NC_013576[0.010631/0.155329/0.146447/0.726265/0.356040/0.282076/0.579342/0.697013/0.486593/0.598763]:0.403850)[0.000234/0.002757/0.010782/0.054708/0.007219/0.014421/0.039307/0.000002/0.048184/0.039353]:0.021697)[0.000003/0.001224/0.006540/0.012068/0.030686/0.012615/0.057394/0.044459/0.057135/0.027490]:0.024961,(NC_009964[0.001639/0.027521/0.096781/0.215733/0.135163/0.148479/0.409454/1.953456/0.334268/0.443807]:0.376630,NC_028541[0.000001/0.017154/0.094138/0.226946/0.106927/0.149116/0.323332/2.168289/0.367428/0.413126]:0.386646)[0.000002/0.011237/0.043108/0.000003/0.077881/0.046220/0.230583/0.360852/0.072619/0.203073]:0.104558)[0.000866/0.018519/0.032123/0.039580/0.109380/0.062892/0.097786/0.000002/0.093643/0.106694]:0.056148,(((NC_011328[0.011644/0.162864/0.279374/0.240887/0.435744/0.316549/1.099822/2.853486/0.565379/1.567450]:0.753320,NC_028603[0.003281/0.148669/0.263015/0.278504/0.359061/0.437160/0.744449/9.549029/0.866849/5.400160]:1.805018)[0.000002/0.000003/0.032388/0.000002/0.101532/0.000002/0.020291/0.090931/0.010709/0.000003]:0.025586,(NC_013582[0.001821/0.084592/0.197503/0.228024/0.334373/0.218507/0.586182/3.659575/0.479133/1.079111]:0.686882,NC_042820[0.009058/0.122679/0.106275/0.445204/0.333840/0.200687/0.902956/0.968919/0.466428/0.733452]:0.428950)[0.000931/0.038675/0.022370/0.007067/0.100103/0.092868/0.254252/0.000002/0.034867/0.010525]:0.056166)[0.000002/0.002779/0.021333/0.011894/0.000384/0.009059/0.046799/0.063267/0.017822/0.046565]:0.021990,((NC_012765[0.002494/0.048864/0.134170/0.272917/0.228854/0.251439/0.577501/2.146886/0.433809/0.664958]:0.476189,NC_013580[0.003663/0.059734/0.181018/0.211886/0.266822/0.288019/0.630611/3.989247/0.508698/1.002369]:0.714207)[0.000090/0.004001/0.007075/0.048470/0.033606/0.000002/0.032713/0.000002/0.011601/0.000003]:0.013756,NC_030758[0.005207/0.056335/0.158754/0.514692/0.311315/0.252924/0.669378/2.083240/0.501521/0.672861]:0.522623)[0.000001/0.013686/0.036677/0.022281/0.065102/0.026305/0.137284/0.158269/0.081371/0.089510]:0.063049)[0.000003/0.000002/0.014827/0.001398/0.015081/0.000003/0.000002/0.000002/0.017068/0.037673]:0.008606)[0.000003/0.000002/0.001899/0.013875/0.022078/0.003700/0.000002/0.000002/0.039263/0.110608]:0.019143,(NC_036275[0.000001/0.036976/0.108063/0.416503/0.148922/0.160662/0.415395/1.523473/0.503998/0.582531]:0.389653,NC_036279[0.003566/0.017690/0.073876/0.480650/0.165088/0.129711/0.400420/0.878628/0.405967/0.495949]:0.305155)[0.000261/0.006378/0.012681/0.006079/0.056740/0.032195/0.057870/0.000003/0.084270/0.028213]:0.028469)[0.000003/0.003045/0.008733/0.000003/0.039316/0.014690/0.033905/0.080359/0.023767/0.092328]:0.029615,((((NC_023246[0.003787/0.056845/0.139900/0.172965/0.252557/0.208647/0.478287/8.420282/0.342836/0.655494]:1.073160,NC_030778[0.001988/0.022230/0.078779/0.607694/0.161653/0.145039/0.313453/0.000003/0.393703/0.386573]:0.211112)[0.001034/0.023339/0.006847/0.046742/0.065522/0.021107/0.054987/1.189397/0.084010/0.075706]:0.156869,NC_027580[0.001261/0.058034/0.158647/0.215851/0.275298/0.284767/0.591233/4.672333/0.409321/0.807107]:0.747385)[0.000002/0.001569/0.021382/0.000002/0.028761/0.009670/0.082463/0.341311/0.076657/0.125779]:0.068760,NC_042614[0.002672/0.029003/0.105086/0.389054/0.252699/0.177716/0.396954/1.715317/0.526097/0.552703]:0.414730)[0.000002/0.004332/0.000002/0.000003/0.004745/0.005891/0.039425/0.301106/0.013075/0.074720]:0.044330,NC_042922[0.002313/0.050458/0.086768/0.506501/0.244702/0.197996/0.471752/0.749920/0.500731/0.532708]:0.334385)[0.000001/0.003061/0.016822/0.018911/0.029631/0.024720/0.000003/0.084107/0.039666/0.084549]:0.030147)[0.000003/0.000002/0.000677/0.010962/0.003773/0.001379/0.097738/0.000002/0.028368/0.000002]:0.014291,((NC_018353[0.007888/0.126215/0.146796/0.448178/0.469274/0.378442/0.664713/1.029932/0.662603/1.098636]:0.503267,NC_028607[0.003655/0.080748/0.125237/0.396576/0.361851/0.225984/0.463098/0.693101/0.623439/0.696399]:0.367009)[0.000252/0.006599/0.003449/0.080139/0.009293/0.017199/0.000002/0.287247/0.000002/0.125254]:0.052944,NC_037200[0.001707/0.076362/0.066549/0.728262/0.304182/0.245486/0.358579/0.652126/0.589969/0.676465]:0.369969)[0.000003/0.001522/0.006806/0.112383/0.028680/0.000002/0.000003/0.000003/0.029180/0.000002]:0.017858)[0.000003/0.000003/0.000002/0.000003/0.016028/0.000003/0.027986/0.038761/0.021015/0.025005]:0.012881,(((NC_018349[0.001858/0.032057/0.077168/0.153807/0.121215/0.087008/0.401866/0.952983/0.385263/0.441888]:0.265511,NC_028612[0.000044/0.030452/0.060639/0.438218/0.181432/0.163077/0.253067/0.812967/0.539550/0.412003]:0.289145)[0.001438/0.005070/0.016770/0.000002/0.052333/0.032095/0.057951/0.000002/0.040836/0.101054]:0.030755,NC_036270[0.001678/0.049983/0.035612/1.019823/0.152076/0.167142/0.210905/0.677003/0.577869/0.355001]:0.324709)[0.000352/0.013462/0.007468/0.125472/0.076522/0.026127/0.046808/0.000002/0.036887/0.075503]:0.040860,(NC_038115[0.001945/0.047992/0.081396/0.284053/0.167336/0.146949/0.356349/0.987083/0.440816/0.578561]:0.309248,NC_039689[0.001228/0.042318/0.059350/0.615966/0.176517/0.128616/0.197760/0.613928/0.441353/0.361320]:0.263835)[0.000258/0.012291/0.007516/0.434734/0.065232/0.035212/0.026734/0.020532/0.107838/0.058019]:0.076836)[0.000002/0.000131/0.004293/0.230199/0.005005/0.003700/0.006845/0.016729/0.086618/0.067966]:0.042149)[0.000002/0.000002/0.000003/0.000002/0.020713/0.003006/0.017071/0.010096/0.017442/0.013685]:0.008202,(((NC_018352[0.003226/0.031572/0.066986/0.350797/0.172235/0.107709/0.296529/0.916991/0.513162/0.412709]:0.287192,NC_028613[0.002241/0.041240/0.061453/0.510372/0.239305/0.130874/0.254893/0.612830/0.548807/0.426903]:0.282892)[0.000002/0.003262/0.008101/0.000003/0.000003/0.003039/0.046618/0.000002/0.020192/0.005939]:0.008716,(NC_028605[0.000773/0.020952/0.050149/0.427225/0.150286/0.098871/0.209120/0.647610/0.471886/0.357754]:0.243463,NC_028606[0.002550/0.041540/0.046408/0.314243/0.173638/0.119102/0.219509/0.609620/0.589187/0.446436]:0.256223)[0.000003/0.001550/0.005645/0.422718/0.021953/0.013236/0.008325/0.000002/0.039018/0.032048]:0.054450)[0.000002/0.000002/0.000953/0.147261/0.008287/0.009258/0.007435/0.100090/0.023656/0.041305]:0.033825,((NC_028601[0.000649/0.035114/0.048799/0.140813/0.143112/0.138159/0.301544/0.797883/0.429153/0.457982]:0.249321,NC_028609[0.003160/0.085106/0.100594/0.609156/0.339923/0.218042/0.324433/0.754984/0.594808/0.644814]:0.367502)[0.000246/0.004479/0.000003/0.000003/0.003245/0.013843/0.059085/0.039790/0.001737/0.000002]:0.012243,NC_028611[0.002800/0.060057/0.101238/0.746595/0.348372/0.214175/0.353856/0.711259/0.422401/0.563181]:0.352393)[0.000003/0.000003/0.000002/0.000002/0.014291/0.010022/0.004573/0.092545/0.047272/0.029607]:0.019832)[0.000002/0.009333/0.008352/0.347541/0.047841/0.016692/0.010995/0.034595/0.084344/0.057012]:0.061671)[0.000003/0.003945/0.000002/0.000003/0.030827/0.002859/0.019966/0.000003/0.029553/0.060833]:0.014799,(((NC_011320[0.002224/0.091884/0.137883/0.210412/0.289164/0.247053/0.457168/1.359121/0.547990/0.699330]:0.404223,NC_036278[0.018109/0.158703/0.193251/2.142010/0.392340/0.336945/0.339595/0.619027/0.655437/0.519305]:0.537472)[0.000867/0.009838/0.000003/0.037014/0.028639/0.000003/0.015288/0.000003/0.032010/0.000002]:0.012367,(((NC_011322[0.000917/0.070308/0.052906/0.241401/0.180597/0.191351/0.213633/0.407527/0.352489/0.328458]:0.203959,NC_036265[0.002004/0.104375/0.108998/0.322625/0.338255/0.274309/0.275659/0.562175/0.515096/0.427789]:0.293129)[0.000002/0.006633/0.008694/0.031085/0.045476/0.009738/0.005012/0.000002/0.064133/0.063273]:0.023405,NC_012144[0.003532/0.076571/0.081310/0.391264/0.213902/0.182264/0.242055/0.712914/0.448316/0.409035]:0.276116)[0.000214/0.011061/0.010721/0.000003/0.055339/0.024112/0.023307/0.024692/0.100933/0.033296]:0.028368,(((NC_011329[0.000695/0.010628/0.033355/0.123315/0.059251/0.054649/0.106793/0.251197/0.196139/0.186256]:0.102228,NC_016469[0.001316/0.016493/0.018520/0.180978/0.070015/0.067538/0.133144/0.382069/0.265328/0.156737]:0.129214)[0.000254/0.002098/0.000003/0.013057/0.008035/0.019915/0.036171/0.056439/0.048811/0.050362]:0.023514,(NC_030592[0.000771/0.027026/0.035777/0.301118/0.058621/0.067465/0.218701/0.400128/0.281154/0.240691]:0.163145,NC_036261[0.000804/0.046196/0.038988/0.247903/0.129185/0.117311/0.168152/0.404340/0.318413/0.401337]:0.187263)[0.000002/0.005501/0.010056/0.000002/0.034894/0.019753/0.013109/0.016257/0.042330/0.007427]:0.014933)[0.000002/0.002283/0.004176/0.068348/0.023446/0.036425/0.016061/0.014596/0.084964/0.053528]:0.030383,(((NC_012139[0.000526/0.008915/0.027083/0.186190/0.058281/0.084686/0.120202/0.339535/0.262307/0.239246]:0.132697,NC_036271[0.001558/0.038315/0.049622/0.355829/0.133675/0.091112/0.194781/0.537096/0.344762/0.311442]:0.205819)[0.000002/0.003114/0.006961/0.023187/0.017650/0.011957/0.019202/0.000003/0.064003/0.013592]:0.015967,(NC_030593[0.000258/0.032191/0.040332/0.258337/0.130185/0.113389/0.188629/0.663510/0.331130/0.314189]:0.207215,NC_037749[0.003750/0.059379/0.083056/0.514468/0.184914/0.183546/0.356129/0.988239/0.443173/0.474342]:0.329099)[0.000003/0.008395/0.006010/0.128490/0.036919/0.019892/0.058646/0.000003/0.036169/0.051240]:0.034577)[0.000002/0.003796/0.000003/0.000003/0.011467/0.006447/0.013976/0.010329/0.025351/0.030821]:0.010219,(NC_013249[0.002191/0.057193/0.059105/0.266939/0.152155/0.155023/0.295234/0.687718/0.367760/0.379311]:0.242263,NC_035714[0.002445/0.043899/0.091829/0.462047/0.214113/0.187038/0.448172/0.747136/0.500963/0.449041]:0.314668)[0.000002/0.006668/0.005767/0.172305/0.047080/0.000002/0.009050/0.000002/0.046168/0.035172]:0.032222)[0.000002/0.000002/0.001215/0.002288/0.000002/0.002502/0.014991/0.000002/0.000629/0.016358]:0.003799)[0.000577/0.028367/0.015596/0.005552/0.109490/0.069656/0.072582/0.144972/0.096931/0.110053]:0.065378)[0.000002/0.024505/0.009989/1.062373/0.085453/0.029747/0.030761/0.051883/0.155463/0.070778]:0.152095)[0.000179/0.013309/0.030110/0.000002/0.101048/0.047596/0.057143/0.065808/0.068400/0.126055]:0.050965,(NC_036273[0.001606/0.104626/0.089964/1.025640/0.306566/0.205478/0.222827/0.634593/0.621044/0.488943]:0.370129,(NC_036678[0.004468/0.068350/0.112791/1.648821/0.314627/0.171547/0.387409/0.673316/0.421656/0.695818]:0.449881,NC_038197[0.005958/0.071622/0.157507/1.118877/0.354419/0.227290/0.313155/0.527497/0.766775/0.400747]:0.394385)[0.001536/0.060446/0.031085/0.135294/0.103924/0.121119/0.155444/0.080559/0.180695/0.335453]:0.120555)[0.000189/0.003558/0.013586/0.252081/0.040932/0.029619/0.021399/0.030385/0.067646/0.086516]:0.054591)[0.000002/0.000002/0.000003/0.354920/0.014617/0.000002/0.003718/0.000003/0.060132/0.047684]:0.048108)[0.000480/0.011234/0.009526/0.007300/0.049349/0.036760/0.028173/0.082781/0.048355/0.083084]:0.035704,(((NC_011324[0.001777/0.059074/0.063977/0.507735/0.174284/0.176765/0.271788/0.669342/0.532153/0.526716]:0.298361,NC_033340[0.001829/0.046913/0.054800/0.343285/0.198812/0.157904/0.259501/0.541610/0.442166/0.387142]:0.243396)[0.000195/0.020237/0.005939/1.023384/0.091013/0.072519/0.074689/0.000003/0.152795/0.137813]:0.157859,(((NC_013254[0.001640/0.071665/0.105967/0.501921/0.289356/0.243799/0.477837/2.572545/0.469666/0.710511]:0.544491,NC_036277[0.010335/0.134034/0.254229/0.568339/0.431560/0.328358/0.569681/1.028207/0.641188/0.726292]:0.469222)[0.000831/0.021151/0.012332/0.023787/0.076318/0.054004/0.054634/0.233914/0.172363/0.162120]:0.081145,((((NC_024633[0.000480/0.001271/0.075543/0.167959/0.037060/0.043787/0.255348/0.428402/0.164760/0.200466]:0.137508,NC_037196[0.000001/0.004777/0.040899/0.240226/0.088241/0.059530/0.159260/0.592944/0.169210/0.270913]:0.162600)[0.000585/0.032093/0.051226/0.036017/0.105351/0.074614/0.369103/0.276446/0.217751/0.286482]:0.144967,NC_027256[0.001340/0.034884/0.136050/0.189471/0.178667/0.134733/0.378356/2.954623/0.317651/0.617749]:0.494352)[0.000002/0.003598/0.020659/0.015206/0.043808/0.011051/0.064937/0.000003/0.020374/0.000003]:0.017964,NC_025332[0.001033/0.044648/0.044061/0.226484/0.179684/0.146094/0.328216/1.434730/0.404777/0.401235]:0.321096)[0.000257/0.004167/0.031534/0.013086/0.080272/0.024089/0.170545/0.181549/0.093541/0.235733]:0.083477,NC_039657[0.006985/0.067729/0.182369/0.477318/0.261380/0.315136/0.477498/3.727436/0.636892/0.928784]:0.708153)[0.000003/0.000002/0.016871/0.000002/0.002304/0.003079/0.041577/0.075193/0.000003/0.000002]:0.013904)[0.000002/0.000003/0.005496/0.000003/0.000002/0.000002/0.134575/0.119909/0.016177/0.052321]:0.032849,(NC_036269[0.001112/0.032908/0.056330/0.803038/0.174312/0.123410/0.307269/0.603553/0.376281/0.324656]:0.280287,(NC_036274[0.002108/0.064187/0.066419/0.296987/0.163252/0.207080/0.173097/0.530876/0.428538/0.479759]:0.241230,NC_036276[0.001230/0.029924/0.066048/0.273707/0.112546/0.113957/0.264379/0.636885/0.331982/0.458703]:0.228936)[0.000002/0.001446/0.007014/0.000002/0.022939/0.012650/0.010374/0.000002/0.158685/0.000002]:0.021312)[0.000003/0.005726/0.005323/1.208980/0.037464/0.014405/0.000003/0.000002/0.114080/0.055327]:0.144131)[0.000002/0.013218/0.010328/0.000002/0.075884/0.058708/0.054313/0.095588/0.065264/0.145058]:0.051837)[0.000002/0.004055/0.003367/0.000003/0.007924/0.005612/0.014962/0.004289/0.008107/0.029508]:0.007783,(NC_024271[0.002636/0.068473/0.054528/0.565526/0.252003/0.187647/0.230787/0.623756/0.503086/0.615177]:0.310362,NC_036267[0.002079/0.059495/0.062123/0.246933/0.161539/0.165967/0.277761/0.747657/0.657470/0.569182]:0.295021)[0.000002/0.002054/0.000002/0.903323/0.028319/0.000002/0.034780/0.017806/0.094005/0.009341]:0.108963)[0.000002/0.000002/0.001331/0.000003/0.027388/0.000002/0.002983/0.000003/0.000002/0.020965]:0.005268)[0.000003/0.014033/0.003685/0.066842/0.055474/0.017080/0.009816/0.004629/0.092356/0.070610]:0.033453,((((NC_018354[0.001766/0.059734/0.071862/0.538911/0.121222/0.132099/0.234857/0.605259/0.408125/0.314202]:0.248804,NC_027577[0.010241/0.073084/0.133300/0.521075/0.213315/0.209766/0.401158/0.769251/0.464256/0.487504]:0.328295)[0.001354/0.019831/0.010831/0.139388/0.065003/0.040426/0.081559/0.000003/0.033148/0.143995]:0.053554,(((NC_022680[0.009057/0.062402/0.103538/0.212903/0.170088/0.224662/0.376900/0.973502/0.361147/0.361158]:0.285536,NC_041669[0.011146/0.159179/0.179948/0.627043/0.287925/0.251177/0.377673/0.851558/0.655076/0.427338]:0.382806)[0.000168/0.006402/0.012944/0.084185/0.002053/0.004194/0.030922/0.075576/0.000124/0.040378]:0.025695,NC_034293[0.002527/0.065421/0.145248/0.456091/0.183333/0.172438/0.393934/0.622815/0.435348/0.368433]:0.284559)[0.000001/0.004005/0.012254/0.116839/0.006750/0.013345/0.014189/0.017739/0.039632/0.042614]:0.026737,NC_025945[0.001721/0.089047/0.085532/0.587062/0.176253/0.199668/0.294491/0.859852/0.417779/0.382933]:0.309434)[0.001109/0.035195/0.041436/0.113430/0.113541/0.065430/0.095006/0.000003/0.100938/0.139488]:0.070558)[0.000003/0.008195/0.004389/0.052279/0.025267/0.036446/0.010033/0.000002/0.084772/0.013248]:0.023464,(NC_030764[0.007618/0.163787/0.179582/0.368327/0.351713/0.296803/0.388438/1.074194/0.629798/0.717760]:0.417802,NC_036291[0.009479/0.197883/0.230832/0.447420/0.412141/0.428443/0.708019/2.862836/0.637008/0.824791]:0.675885)[0.000726/0.000571/0.018385/0.027220/0.033298/0.032649/0.053622/0.118485/0.000003/0.000003]:0.028496)[0.000763/0.054002/0.026569/0.163903/0.095418/0.037159/0.054869/0.138431/0.091524/0.083703]:0.074634,(NC_041172[0.010915/0.142792/0.145302/1.834236/0.283554/0.268384/0.368709/0.527728/0.486806/0.488178]:0.455660,NC_042417[0.006382/0.093798/0.115054/1.532899/0.336811/0.195542/0.332282/0.553075/0.503638/0.342767]:0.401225)[0.002458/0.079102/0.076126/0.699436/0.365405/0.171265/0.189042/0.145533/0.305750/0.255353]:0.228947)[0.000002/0.000003/0.008413/0.000002/0.021679/0.015378/0.012724/0.069074/0.075797/0.096039]:0.029911)[0.000269/0.009910/0.001295/0.000002/0.010152/0.005007/0.008205/0.000003/0.028914/0.041612]:0.010537,(((NC_011326[0.000847/0.031739/0.079593/0.450751/0.172391/0.106483/0.264269/1.243855/0.368168/0.432995]:0.315109,NC_018350[0.001581/0.045891/0.078826/0.301713/0.201818/0.162990/0.315839/0.832088/0.462154/0.487909]:0.289081)[0.000002/0.000002/0.006369/0.000002/0.000002/0.011169/0.011974/0.058695/0.037429/0.000002]:0.012565,NC_028203[0.004101/0.066922/0.086643/0.427221/0.370889/0.216898/0.359987/0.812481/0.575839/0.578953]:0.349993)[0.000232/0.006554/0.000002/0.000002/0.029965/0.015996/0.019324/0.000002/0.099853/0.021131]:0.019306,(NC_036104[0.003074/0.050322/0.077091/0.490603/0.192767/0.149650/0.284204/0.550601/0.547203/0.553469]:0.289898,NC_036266[0.004516/0.127337/0.085102/0.573661/0.271666/0.276299/0.331425/0.830285/0.584177/0.618961]:0.370343)[0.000252/0.016846/0.002610/0.000002/0.070856/0.017008/0.016581/0.120627/0.017545/0.016612]:0.027894)[0.000002/0.001566/0.001522/0.480151/0.005729/0.006096/0.000002/0.000002/0.024285/0.062337]:0.058169)[0.000003/0.005424/0.002348/0.000003/0.019233/0.012645/0.014192/0.000003/0.017653/0.032701]:0.010420,(((NC_025243[0.003363/0.043243/0.126736/0.319001/0.198549/0.156824/0.352913/2.101599/0.402349/0.480270]:0.418485,(NC_029515[0.003971/0.058071/0.162891/0.303667/0.314450/0.178797/0.585910/3.562234/0.456239/0.708101]:0.633433,NC_038089[0.001992/0.036471/0.123904/0.392144/0.147962/0.150087/0.433833/4.078459/0.503145/0.530611]:0.639861)[0.000003/0.000696/0.018687/0.000003/0.032481/0.020705/0.000002/0.102768/0.000002/0.027859]:0.020321)[0.000003/0.000002/0.015030/0.000002/0.009640/0.007503/0.213475/0.108347/0.021089/0.098023]:0.047311,NC_043883[0.001672/0.024965/0.030393/1.034715/0.233611/0.166365/0.220233/0.532275/0.538630/0.480844]:0.326370)[0.000003/0.000002/0.001038/0.000002/0.017553/0.000003/0.038803/0.000003/0.000003/0.000002]:0.005741,NC_038090[0.001212/0.041597/0.052986/1.050919/0.187775/0.120329/0.212719/0.711140/0.526479/0.442483]:0.334764)[0.000002/0.002023/0.001728/0.000002/0.010769/0.019652/0.008997/0.192822/0.034829/0.056504]:0.032733)[0.000259/0.005790/0.005362/0.005866/0.032115/0.003999/0.006726/0.000002/0.014343/0.057434]:0.013190,(NC_027114[0.000907/0.042791/0.058415/0.726136/0.143706/0.110935/0.190390/0.644324/0.345908/0.319111]:0.258262,NC_036108[0.001997/0.053885/0.083799/0.000002/0.222033/0.150733/0.302823/0.632936/0.388460/0.378991]:0.221566)[0.002074/0.043888/0.024378/0.749861/0.113013/0.086632/0.081698/0.087488/0.183852/0.201185]:0.157407)[0.000003/0.000003/0.002593/0.000002/0.018337/0.008860/0.000002/0.000002/0.062768/0.000002]:0.009257,(NC_035677[0.001825/0.053761/0.088757/0.886320/0.203688/0.176847/0.288336/1.813056/0.621587/0.453255]:0.458743,(NC_042198[0.011824/0.258188/0.297056/0.676629/0.532590/0.380044/0.782548/0.805685/0.800204/1.047357]:0.559213,NC_042828[0.012691/0.169140/0.325297/0.434635/0.390879/0.304963/0.816338/3.616446/0.679259/0.909455]:0.765910)[0.000003/0.000353/0.000002/0.040242/0.055597/0.039260/0.035317/0.013741/0.000003/0.000002]:0.018452)[0.000002/0.005504/0.000002/0.000003/0.000002/0.000002/0.016899/0.000003/0.000002/0.041196]:0.006361);
Site proportion and rates:  (0.159408,0.051755) (0.115197,2.706426) (0.111060,8.992541) (0.036578,27.290875) (0.097094,10.280422) (0.103824,9.618390) (0.210492,4.744674) (0.054424,18.349195) (0.092181,10.829132) (0.019741,50.566758)
Partition Noname
score: -639055.601721  old_score: -610207.242045
ERROR: ratefree.cpp:539: double RateFree::optimizeWithEM(): Assertion `score > old_score-0.1' failed.
ERROR: STACK TRACE FOR DEBUGGING:
ERROR: 
ERROR: *** IQ-TREE CRASHES WITH SIGNAL ABORTED
ERROR: *** For bug report please send to developers:
ERROR: ***    Log file: MafftGhostBaseFreqLinked.log
ERROR: ***    Alignment files (if possible)
