IQ-TREE multicore version 1.6.10 for Linux 64-bit built Feb 19 2019
Developed by Bui Quang Minh, Nguyen Lam Tung, Olga Chernomor,
Heiko Schmidt, Dominik Schrempf, Michael Woodhams.

Host:    hpc-watson (AVX, 251 GB RAM)
Command: iqtree -s MafftSM.fasta -pre MafftGhostBothLinked -m MFP+H4 -bb 1000
Seed:    514745 (Using SPRNG - Scalable Parallel Random Number Generator)
Time:    Sun Sep 13 01:09:53 2020
Kernel:  AVX - 1 threads (40 CPU cores detected)

HINT: Use -nt option to specify number of threads because your CPU has 40 cores!
HINT: -nt AUTO will automatically determine the best number of threads to use.

Reading alignment file MafftSM.fasta ... Fasta format detected
Alignment most likely contains DNA/RNA sequences
Alignment has 94 sequences with 12340 columns, 9304 distinct patterns
8208 parsimony-informative, 995 singleton sites, 3137 constant sites
           Gap/Ambiguity  Composition  p-value
   1  NC_003372    9.94%    failed      0.18%
   2  NC_003970   10.13%    failed      0.00%
   3  NC_009964    9.72%    failed      0.00%
   4  NC_010964   10.01%    failed      0.00%
   5  NC_011320    9.58%    passed     12.50%
   6  NC_011322    9.57%    failed      0.00%
   7  NC_011324   10.19%    failed      0.00%
   8  NC_011326    9.83%    passed     92.84%
   9  NC_011328    9.69%    failed      0.00%
  10  NC_011329    9.17%    failed      0.00%
  11  NC_012139    9.08%    failed      0.00%
  12  NC_012144    9.00%    failed      0.00%
  13  NC_012765    9.52%    failed      0.00%
  14  NC_013249    9.48%    failed      0.29%
  15  NC_013254   10.29%    failed      0.00%
  16  NC_013576   10.63%    failed      0.00%
  17  NC_013580    9.67%    failed      0.00%
  18  NC_013582   10.24%    failed      0.00%
  19  NC_016469    9.02%    failed      0.00%
  20  NC_018349    9.88%    failed      1.72%
  21  NC_018350   10.06%    failed      4.49%
  22  NC_018352    9.89%    passed     42.42%
  23  NC_018353   11.51%    failed      0.00%
  24  NC_018354    9.72%    failed      0.00%
  25  NC_022680    9.59%    passed     18.55%
  26  NC_023246    9.79%    failed      0.00%
  27  NC_024271   10.01%    failed      0.00%
  28  NC_024633    9.89%    failed      0.00%
  29  NC_025243    9.98%    failed      0.00%
  30  NC_025332    9.97%    failed      0.00%
  31  NC_025945    9.72%    failed      0.00%
  32  NC_027114    9.89%    failed      0.00%
  33  NC_027176    9.84%    failed      0.00%
  34  NC_027256   10.41%    failed      0.00%
  35  NC_027577    9.85%    failed      0.69%
  36  NC_027580    9.94%    failed      0.00%
  37  NC_028203    9.93%    failed      0.02%
  38  NC_028541   10.01%    failed      0.00%
  39  NC_028601   10.39%    passed     16.52%
  40  NC_028603   11.27%    failed      0.00%
  41  NC_028605   10.64%    failed      0.00%
  42  NC_028606   10.84%    failed      0.00%
  43  NC_028607   11.06%    passed     62.63%
  44  NC_028609   10.35%    passed     37.49%
  45  NC_028611   10.00%    failed      0.00%
  46  NC_028612   10.87%    passed     32.81%
  47  NC_028613   10.97%    failed      0.15%
  48  NC_029515    9.81%    failed      0.00%
  49  NC_030060    9.91%    passed     82.21%
  50  NC_030592    8.86%    failed      0.00%
  51  NC_030593    8.95%    failed      0.00%
  52  NC_030758    9.69%    failed      0.00%
  53  NC_030764    9.84%    passed      8.30%
  54  NC_030778    9.81%    failed      0.00%
  55  NC_033340    9.85%    failed      0.00%
  56  NC_034293    9.59%    failed      0.00%
  57  NC_035677   10.37%    passed     17.41%
  58  NC_035714    9.34%    failed      1.62%
  59  NC_036104    9.94%    failed      0.15%
  60  NC_036108    9.89%    failed      0.76%
  61  NC_036261   10.52%    failed      0.00%
  62  NC_036265   10.53%    failed      0.00%
  63  NC_036266   10.84%    failed      0.00%
  64  NC_036267   10.67%    failed      0.02%
  65  NC_036269   10.81%    failed      0.00%
  66  NC_036270   10.96%    failed      0.00%
  67  NC_036271   10.32%    failed      0.00%
  68  NC_036273   10.62%    failed      0.00%
  69  NC_036274   10.87%    failed      0.00%
  70  NC_036275   10.54%    failed      0.00%
  71  NC_036276   10.82%    failed      0.00%
  72  NC_036277   11.47%    failed      0.00%
  73  NC_036278   10.47%    failed      0.00%
  74  NC_036279   10.18%    passed     20.86%
  75  NC_036291   10.90%    failed      0.00%
  76  NC_036678   10.40%    failed      0.00%
  77  NC_037196    9.84%    failed      0.00%
  78  NC_037200   10.41%    failed      0.00%
  79  NC_037749    9.47%    passed     29.39%
  80  NC_038089    9.69%    failed      0.00%
  81  NC_038090    9.69%    failed      0.00%
  82  NC_038115    9.72%    passed     80.20%
  83  NC_038197   10.96%    failed      0.00%
  84  NC_039657    9.83%    failed      0.00%
  85  NC_039689   10.56%    failed      0.00%
  86  NC_041172   10.49%    failed      0.00%
  87  NC_041669    9.74%    passed     49.66%
  88  NC_042198   10.71%    passed     38.97%
  89  NC_042417   10.46%    failed      0.00%
  90  NC_042614    9.59%    failed      0.00%
  91  NC_042820   10.59%    failed      0.01%
  92  NC_042828   10.18%    failed      0.00%
  93  NC_042922    9.80%    passed     18.74%
  94  NC_043883    9.87%    failed      0.00%
****  TOTAL       10.10%  77 sequences failed composition chi2 test (p-value<5%; df=3)


Create initial parsimony tree by phylogenetic likelihood library (PLL)... 0.192 seconds
NOTE: ModelFinder requires 319 MB RAM!
ModelFinder will test 484 DNA models (sample size: 12340) ...
 No. Model         -LnL         df  AIC          AICc         BIC
  1  JC            706378.461   185 1413126.921  1413132.584  1414499.733
  2  JC+I          664674.418   186 1329720.836  1329726.560  1331101.068
  3  JC+G4         628776.900   186 1257925.800  1257931.524  1259306.031
  4  JC+I+G4       626881.730   187 1254137.461  1254143.247  1255525.113
  5  JC+R2         637892.111   187 1276158.223  1276164.009  1277545.875
  6  JC+R3         628620.407   189 1257618.815  1257624.726  1259021.308
  7  JC+R4         626439.287   191 1253260.573  1253266.611  1254677.908
  8  JC+R5         625805.561   193 1251997.121  1252003.287  1253429.297
  9  JC+R6         625700.410   195 1251790.820  1251797.114  1253237.837
 10  JC+R7         625684.088   197 1251762.177  1251768.602  1253224.035
 11  JC+R8         625682.544   199 1251763.088  1251769.645  1253239.788
 14  JC+H2         636854.366   371 1274450.732  1274473.795  1277203.775
 15  JC+H3         627056.001   557 1255226.001  1255278.761  1259359.276
 16  JC+H4         624567.180   743 1250620.360  1250715.702  1256133.867
 17  JC+H5         623684.797   929 1249227.594  1249379.035  1256121.333
 18  JC+H6         622665.249   1115 1247560.499  1247782.227  1255834.469
 19  JC+H7         622125.696   1301 1246853.391  1247160.313  1256507.594
 23  F81+F         695074.502   188 1390525.003  1390530.852  1391920.076
 24  F81+F+I       650060.016   189 1300498.032  1300503.944  1301900.526
 25  F81+F+G4      609180.081   189 1218738.163  1218744.074  1220140.656
 26  F81+F+I+G4    606977.930   190 1214335.859  1214341.833  1215745.773
 27  F81+F+R2      619717.087   190 1239814.174  1239820.148  1241224.088
 28  F81+F+R3      609642.997   192 1219669.993  1219676.094  1221094.749
 29  F81+F+R4      606806.573   194 1214001.146  1214007.376  1215440.743
 30  F81+F+R5      606025.879   196 1212443.759  1212450.118  1213898.197
 31  F81+F+R6      605888.220   198 1212172.440  1212178.931  1213641.719
 32  F81+F+R7      605859.475   200 1212118.949  1212125.572  1213603.069
 33  F81+F+R8      605856.864   202 1212117.727  1212124.485  1213616.689
 36  F81+F+H2      618696.533   374 1238141.066  1238164.509  1240916.370
 37  F81+F+H3      608180.772   560 1217481.543  1217534.886  1221637.080
 38  F81+F+H4      604985.402   746 1211462.804  1211558.941  1216998.572
 39  F81+F+H5      603997.976   932 1209859.951  1210012.411  1216775.952
 40  F81+F+H6      602925.870   1118 1208087.740  1208310.722  1216383.972
 41  F81+F+H7      602220.233   1304 1207048.465  1207356.888  1216724.930
 45  K2P           705935.733   186 1412243.467  1412249.191  1413623.699
 46  K2P+I         664235.099   187 1328844.198  1328849.984  1330231.850
 47  K2P+G4        628192.325   187 1256758.651  1256764.437  1258146.303
 48  K2P+I+G4      626245.187   188 1252866.375  1252872.223  1254261.448
 49  K2P+R2        637413.330   188 1275202.659  1275208.508  1276597.732
 50  K2P+R3        628069.679   190 1256519.357  1256525.331  1257929.271
 51  K2P+R4        625833.819   192 1252051.638  1252057.739  1253476.393
 52  K2P+R5        625179.280   194 1250746.561  1250752.791  1252186.157
 53  K2P+R6        625067.847   196 1250527.695  1250534.054  1251982.132
 54  K2P+R7        625048.541   198 1250493.083  1250499.574  1251962.362
 55  K2P+R8        625047.872   200 1250495.743  1250502.367  1251979.864
 58  K2P+H2        636380.942   372 1273505.884  1273529.074  1276266.348
 59  K2P+H3        626528.336   558 1254172.672  1254225.625  1258313.367
 60  K2P+H4        623987.210   744 1249462.420  1249558.027  1254983.348
 61  K2P+H5        623090.968   930 1248041.935  1248193.715  1254943.094
 62  K2P+H6        622095.025   1116 1246422.049  1246644.195  1254703.440
 63  K2P+H7        621562.396   1302 1245728.792  1246036.214  1255390.415
 67  HKY+F         691299.424   189 1382976.848  1382982.759  1384379.342
 68  HKY+F+I       644988.500   190 1290357.000  1290362.974  1291766.914
 69  HKY+F+G4      600406.738   190 1201193.475  1201199.450  1202603.390
 70  HKY+F+I+G4    598026.682   191 1196435.363  1196441.401  1197852.698
 71  HKY+F+R2      612795.743   191 1225973.485  1225979.523  1227390.820
 72  HKY+F+R3      601966.334   193 1204318.668  1204324.833  1205750.844
 73  HKY+F+R4      598204.153   195 1196798.306  1196804.601  1198245.323
 74  HKY+F+R5      597296.711   197 1194987.422  1194993.847  1196449.280
 75  HKY+F+R6      597053.220   199 1194504.440  1194510.997  1195981.140
 76  HKY+F+R7      596946.245   201 1194294.490  1194301.180  1195786.031
 77  HKY+F+R8      596939.373   203 1194284.747  1194291.571  1195791.129
 80  HKY+F+H2      611814.881   375 1224379.763  1224403.333  1227162.488
 81  HKY+F+H3      600644.640   561 1202411.281  1202464.818  1206574.238
 82  HKY+F+H4      596716.790   747 1194927.580  1195023.984  1200470.770
 83  HKY+F+H5      595470.199   933 1192806.399  1192959.199  1199729.820
 84  HKY+F+H6      594488.973   1119 1191215.946  1191439.347  1199519.598
 85  HKY+F+H7      593775.017   1305 1190160.033  1190468.957  1199843.918
 89  TNe           705653.764   187 1411681.528  1411687.314  1413069.180
 90  TNe+I         663745.049   188 1327866.098  1327871.947  1329261.171
 91  TNe+G4        627146.325   188 1254668.650  1254674.499  1256063.724
 92  TNe+I+G4      625150.168   189 1250678.336  1250684.247  1252080.829
 93  TNe+R2        636613.318   189 1273604.637  1273610.548  1275007.130
 94  TNe+R3        627062.093   191 1254506.187  1254512.224  1255923.522
 95  TNe+R4        624758.200   193 1249902.400  1249908.565  1251334.576
 96  TNe+R5        624099.575   195 1248589.150  1248595.444  1250036.167
 97  TNe+R6        623962.161   197 1248318.323  1248324.748  1249780.181
 98  TNe+R7        623939.097   199 1248276.193  1248282.750  1249752.893
 99  TNe+R8        623937.652   201 1248277.303  1248283.993  1249768.844
102  TNe+H2        635596.817   373 1271939.634  1271962.950  1274707.518
103  TNe+H3        625565.731   559 1252249.462  1252302.610  1256397.578
104  TNe+H4        622961.314   745 1247412.628  1247508.500  1252940.976
105  TNe+H5        622060.003   931 1245982.007  1246134.127  1252890.587
106  TNe+H6        621057.097   1117 1244348.195  1244570.759  1252637.007
107  TNe+H7        620551.628   1303 1243709.256  1244017.178  1253378.300
111  TN+F          691207.684   190 1382795.367  1382801.341  1384205.282
112  TN+F+I        644815.560   191 1290013.120  1290019.157  1291430.455
113  TN+F+G4       599805.879   191 1199993.757  1199999.795  1201411.092
114  TN+F+I+G4     597613.518   192 1195611.036  1195617.137  1197035.791
115  TN+F+R2       612587.832   192 1225559.664  1225565.765  1226984.419
116  TN+F+R3       601603.049   194 1203594.099  1203600.329  1205033.696
117  TN+F+R4       597767.424   196 1195926.848  1195933.208  1197381.286
118  TN+F+R5       596903.451   198 1194202.903  1194209.394  1195672.182
119  TN+F+R6       596596.583   200 1193593.167  1193599.790  1195077.287
120  TN+F+R7       596492.694   202 1193389.387  1193396.144  1194888.349
121  TN+F+R8       596486.065   204 1193380.131  1193387.023  1194893.934
124  TN+F+H2       611615.398   376 1223982.796  1224006.494  1226772.942
125  TN+F+H3       600369.348   562 1201862.696  1201916.429  1206033.074
126  TN+F+H4       596310.121   748 1194116.243  1194212.913  1199666.852
127  TN+F+H5       595107.963   934 1192083.926  1192237.068  1199014.768
128  TN+F+H6       594148.568   1120 1190537.137  1190760.957  1198848.210
129  TN+F+H7       593383.609   1306 1189379.217  1189688.642  1199070.523
133  K3P           689208.438   187 1378790.876  1378796.662  1380178.528
134  K3P+I         646539.476   188 1293454.951  1293460.800  1294850.024
135  K3P+G4        608430.543   188 1217237.087  1217242.935  1218632.160
136  K3P+I+G4      606327.568   189 1213033.136  1213039.047  1214435.630
137  K3P+R2        618443.210   189 1237264.421  1237270.332  1238666.915
138  K3P+R3        608512.729   191 1217407.457  1217413.495  1218824.792
139  K3P+R4        605981.739   193 1212349.479  1212355.644  1213781.655
140  K3P+R5        605252.593   195 1210895.187  1210901.481  1212342.204
141  K3P+R6        605076.538   197 1210547.076  1210553.501  1212008.934
142  K3P+R7        605005.974   199 1210409.947  1210416.504  1211886.647
143  K3P+R8        605001.654   201 1210405.309  1210411.999  1211896.850
146  K3P+H2        617457.690   373 1235661.380  1235684.696  1238429.264
147  K3P+H3        607084.884   559 1215287.769  1215340.916  1219435.885
148  K3P+H4        604221.324   745 1209932.647  1210028.519  1215460.995
149  K3P+H5        603258.396   931 1208378.793  1208530.913  1215287.373
150  K3P+H6        602284.911   1117 1206803.822  1207026.386  1215092.634
151  K3P+H7        601732.093   1303 1206070.185  1206378.107  1215739.229
155  K3Pu+F        686394.438   190 1373168.875  1373174.850  1374578.790
156  K3Pu+F+I      641252.576   191 1282887.153  1282893.190  1284304.488
157  K3Pu+F+G4     598278.090   191 1196938.181  1196944.218  1198355.515
158  K3Pu+F+I+G4   595809.580   192 1192003.160  1192009.262  1193427.916
159  K3Pu+F+R2     610076.354   192 1220536.708  1220542.809  1221961.463
160  K3Pu+F+R3     599304.560   194 1198997.120  1199003.350  1200436.717
161  K3Pu+F+R4     595930.413   196 1192252.825  1192259.185  1193707.263
162  K3Pu+F+R5     595034.721   198 1190465.442  1190471.933  1191934.721
163  K3Pu+F+R6     594807.828   200 1190015.656  1190022.279  1191499.776
164  K3Pu+F+R7     594748.096   202 1189900.192  1189906.949  1191399.153
165  K3Pu+F+R8     594734.137   204 1189876.273  1189883.166  1191390.076
166  K3Pu+F+R9     594733.726   206 1189879.451  1189886.480  1191408.095
168  K3Pu+F+H2     609115.250   376 1218982.501  1219006.199  1221772.647
169  K3Pu+F+H3     598022.484   562 1197168.969  1197222.702  1201339.347
170  K3Pu+F+H4     594462.964   748 1190421.928  1190518.598  1195972.538
171  K3Pu+F+H5     593084.897   934 1188037.793  1188190.935  1194968.635
172  K3Pu+F+H6     592135.937   1120 1186511.873  1186735.694  1194822.947
173  K3Pu+F+H7     591421.345   1306 1185454.689  1185764.114  1195145.995
177  TPM2+F        685420.580   190 1371221.160  1371227.134  1372631.074
178  TPM2+F+I      641405.559   191 1283193.118  1283199.155  1284610.452
179  TPM2+F+G4     599836.438   191 1200054.876  1200060.914  1201472.211
180  TPM2+F+I+G4   597360.773   192 1195105.545  1195111.647  1196530.301
181  TPM2+F+R2     611205.256   192 1222794.511  1222800.612  1224219.267
182  TPM2+F+R3     600818.787   194 1202025.573  1202031.803  1203465.170
183  TPM2+F+R4     597441.844   196 1195275.687  1195282.047  1196730.125
184  TPM2+F+R5     596574.757   198 1193545.514  1193552.005  1195014.794
185  TPM2+F+R6     596346.481   200 1193092.962  1193099.585  1194577.082
186  TPM2+F+R7     596272.937   202 1192949.874  1192956.631  1194448.835
187  TPM2+F+R8     596261.245   204 1192930.490  1192937.383  1194444.293
188  TPM2+F+R9     596260.900   206 1192933.801  1192940.830  1194462.445
190  TPM2+F+H2     610237.389   376 1221226.779  1221250.477  1224016.925
191  TPM2+F+H3     599496.860   562 1200117.719  1200171.452  1204288.097
192  TPM2+F+H4     595957.881   748 1193411.763  1193508.433  1198962.373
193  TPM2+F+H5     594668.013   934 1191204.025  1191357.167  1198134.867
194  TPM2+F+H6     593736.399   1120 1189712.797  1189936.618  1198023.871
195  TPM2+F+H7     593009.355   1306 1188630.711  1188940.136  1198322.016
199  TPM2u+F       685420.576   190 1371221.153  1371227.127  1372631.067
200  TPM2u+F+I     641405.558   191 1283193.116  1283199.153  1284610.450
201  TPM2u+F+G4    599836.440   191 1200054.881  1200060.918  1201472.215
202  TPM2u+F+I+G4  597360.775   192 1195105.550  1195111.652  1196530.306
203  TPM2u+F+R2    611205.255   192 1222794.510  1222800.611  1224219.266
204  TPM2u+F+R3    600818.794   194 1202025.588  1202031.818  1203465.185
205  TPM2u+F+R4    597441.849   196 1195275.699  1195282.058  1196730.137
206  TPM2u+F+R5    596574.395   198 1193544.789  1193551.280  1195014.069
207  TPM2u+F+R6    596346.255   200 1193092.510  1193099.133  1194576.630
208  TPM2u+F+R7    596272.026   202 1192948.051  1192954.808  1194447.013
209  TPM2u+F+R8    596260.946   204 1192929.892  1192936.784  1194443.695
210  TPM2u+F+R9    596260.695   206 1192933.389  1192940.418  1194462.033
212  TPM2u+F+H2    610237.377   376 1221226.754  1221250.453  1224016.900
213  TPM2u+F+H3    599496.861   562 1200117.723  1200171.455  1204288.101
214  TPM2u+F+H4    595957.882   748 1193411.763  1193508.433  1198962.373
215  TPM2u+F+H5    594668.013   934 1191204.026  1191357.167  1198134.867
216  TPM2u+F+H6    593736.399   1120 1189712.798  1189936.618  1198023.871
217  TPM2u+F+H7    593009.356   1306 1188630.712  1188940.136  1198322.017
221  TPM3+F        690316.593   190 1381013.185  1381019.159  1382423.100
222  TPM3+F+I      644312.023   191 1289006.047  1289012.084  1290423.382
223  TPM3+F+G4     600240.633   191 1200863.266  1200869.303  1202280.600
224  TPM3+F+I+G4   597786.033   192 1195956.067  1195962.168  1197380.822
225  TPM3+F+R2     612416.008   192 1225216.016  1225222.118  1226640.772
226  TPM3+F+R3     601565.116   194 1203518.232  1203524.462  1204957.829
227  TPM3+F+R4     597970.760   196 1196333.520  1196339.880  1197787.958
228  TPM3+F+R5     597046.015   198 1194488.029  1194494.520  1195957.308
229  TPM3+F+R6     596809.722   200 1194019.445  1194026.068  1195503.565
230  TPM3+F+R7     596711.087   202 1193826.174  1193832.931  1195325.136
231  TPM3+F+R8     596701.832   204 1193811.665  1193818.557  1195325.467
234  TPM3+F+H2     611434.803   376 1223621.606  1223645.304  1226411.752
235  TPM3+F+H3     600209.963   562 1201543.926  1201597.659  1205714.304
236  TPM3+F+H4     596478.331   748 1194452.662  1194549.332  1200003.272
237  TPM3+F+H5     595172.467   934 1192212.934  1192366.076  1199143.776
238  TPM3+F+H6     594188.168   1120 1190616.335  1190840.155  1198927.409
239  TPM3+F+H7     593477.963   1306 1189567.926  1189877.351  1199259.232
243  TPM3u+F       690316.607   190 1381013.214  1381019.188  1382423.128
244  TPM3u+F+I     644312.021   191 1289006.043  1289012.080  1290423.378
245  TPM3u+F+G4    600240.672   191 1200863.343  1200869.381  1202280.678
246  TPM3u+F+I+G4  597786.009   192 1195956.018  1195962.119  1197380.773
247  TPM3u+F+R2    612416.006   192 1225216.012  1225222.114  1226640.768
248  TPM3u+F+R3    601565.136   194 1203518.272  1203524.501  1204957.868
249  TPM3u+F+R4    597970.764   196 1196333.528  1196339.887  1197787.965
250  TPM3u+F+R5    597045.715   198 1194487.429  1194493.920  1195956.708
251  TPM3u+F+R6    596809.511   200 1194019.022  1194025.645  1195503.142
252  TPM3u+F+R7    596710.363   202 1193824.727  1193831.484  1195323.688
253  TPM3u+F+R8    596701.599   204 1193811.199  1193818.091  1195325.001
256  TPM3u+F+H2    611434.804   376 1223621.607  1223645.306  1226411.753
257  TPM3u+F+H3    600209.958   562 1201543.915  1201597.648  1205714.293
258  TPM3u+F+H4    596478.337   748 1194452.674  1194549.344  1200003.284
259  TPM3u+F+H5    595172.491   934 1192212.981  1192366.123  1199143.823
260  TPM3u+F+H6    594188.177   1120 1190616.354  1190840.174  1198927.428
261  TPM3u+F+H7    593477.960   1306 1189567.921  1189877.345  1199259.226
265  TIMe          688930.427   188 1378236.853  1378242.702  1379631.926
266  TIMe+I        646052.110   189 1292482.219  1292488.130  1293884.713
267  TIMe+G4       607340.778   189 1215059.555  1215065.466  1216462.049
268  TIMe+I+G4     605186.192   190 1210752.384  1210758.358  1212162.298
269  TIMe+R2       617608.141   190 1235596.283  1235602.257  1237006.197
270  TIMe+R3       607474.269   192 1215332.538  1215338.639  1216757.294
271  TIMe+R4       604860.703   194 1210109.405  1210115.635  1211549.002
272  TIMe+R5       604140.604   196 1208673.208  1208679.567  1210127.646
273  TIMe+R6       603937.823   198 1208271.645  1208278.136  1209740.924
274  TIMe+R7       603840.231   200 1208080.462  1208087.086  1209564.583
275  TIMe+R8       603837.507   202 1208079.015  1208085.772  1209577.976
278  TIMe+H2       616645.789   374 1234039.577  1234063.021  1236814.882
279  TIMe+H3       606089.882   560 1213299.764  1213353.107  1217455.301
280  TIMe+H4       603138.494   746 1207768.988  1207865.126  1213304.757
281  TIMe+H5       602194.006   932 1206252.011  1206404.471  1213168.011
282  TIMe+H6       601204.929   1118 1204645.857  1204868.840  1212942.090
283  TIMe+H7       600669.934   1304 1203947.868  1204256.290  1213624.332
287  TIM+F         686295.347   191 1372972.695  1372978.732  1374390.029
288  TIM+F+I       641060.519   192 1282505.038  1282511.139  1283929.793
289  TIM+F+G4      597634.750   192 1195653.501  1195659.602  1197078.256
290  TIM+F+I+G4    595328.202   193 1191042.404  1191048.569  1192474.580
291  TIM+F+R2      609810.783   193 1220007.566  1220013.731  1221439.742
292  TIM+F+R3      598928.088   195 1198246.177  1198252.471  1199693.194
293  TIM+F+R4      595425.729   197 1191245.458  1191251.883  1192707.316
294  TIM+F+R5      594602.696   199 1189603.392  1189609.949  1191080.092
295  TIM+F+R6      594319.603   201 1189041.207  1189047.897  1190532.747
296  TIM+F+R7      594250.317   203 1188906.633  1188913.458  1190413.015
297  TIM+F+R8      594244.594   205 1188899.188  1188906.149  1190420.412
300  TIM+F+H2      608862.524   377 1218479.048  1218502.874  1221276.614
301  TIM+F+H3      597707.091   563 1196540.182  1196594.110  1200717.980
302  TIM+F+H4      593985.941   749 1189469.883  1189566.820  1195027.913
303  TIM+F+H5      592688.697   935 1187247.395  1187400.878  1194185.657
304  TIM+F+H6      591764.967   1121 1185771.935  1185996.175  1194090.429
305  TIM+F+H7      591031.974   1307 1184677.949  1184987.875  1194376.675
309  TIM2e         688692.016   188 1377760.032  1377765.881  1379155.105
310  TIM2e+I       650534.051   189 1301446.103  1301452.014  1302848.596
311  TIM2e+G4      616324.304   189 1233026.607  1233032.518  1234429.101
312  TIM2e+I+G4    614453.005   190 1229286.009  1229291.984  1230695.924
313  TIM2e+R2      625305.378   190 1250990.756  1250996.730  1252400.670
314  TIM2e+R3      616285.169   192 1232954.339  1232960.440  1234379.094
315  TIM2e+R4      614140.017   194 1228668.035  1228674.264  1230107.631
316  TIM2e+R5      613427.157   196 1227246.314  1227252.673  1228700.751
317  TIM2e+R6      613254.751   198 1226905.502  1226911.993  1228374.781
318  TIM2e+R7      613183.376   200 1226766.753  1226773.376  1228250.873
319  TIM2e+R8      613164.281   202 1226732.561  1226739.318  1228231.523
320  TIM2e+R9      613164.145   204 1226736.290  1226743.182  1228250.093
322  TIM2e+H2      624387.437   374 1249522.874  1249546.318  1252298.179
323  TIM2e+H3      614870.943   560 1230861.886  1230915.228  1235017.423
324  TIM2e+H4      612474.734   746 1226441.468  1226537.605  1231977.236
325  TIM2e+H5      611613.190   932 1225090.381  1225242.841  1232006.381
331  TIM2+F        685393.114   191 1371168.229  1371174.266  1372585.564
332  TIM2+F+I      641297.784   192 1282979.568  1282985.669  1284404.323
333  TIM2+F+G4     599110.331   192 1198604.662  1198610.763  1200029.417
334  TIM2+F+I+G4   596858.029   193 1194102.058  1194108.223  1195534.234
335  TIM2+F+R2     610981.517   193 1222349.033  1222355.199  1223781.209
336  TIM2+F+R3     600455.248   195 1201300.496  1201306.790  1202747.513
337  TIM2+F+R4     596937.917   197 1194269.835  1194276.260  1195731.693
338  TIM2+F+R5     596128.418   199 1192654.837  1192661.394  1194131.537
339  TIM2+F+R6     595824.467   201 1192050.933  1192057.624  1193542.474
340  TIM2+F+R7     595737.579   203 1191881.158  1191887.982  1193387.540
341  TIM2+F+R8     595724.926   205 1191859.852  1191866.813  1193381.076
342  TIM2+F+R9     595724.779   207 1191863.558  1191870.656  1193399.622
344  TIM2+F+H2     610027.689   377 1220809.377  1220833.204  1223606.944
345  TIM2+F+H3     599214.780   563 1199555.559  1199609.488  1203733.358
346  TIM2+F+H4     595498.920   749 1192495.839  1192592.776  1198053.869
347  TIM2+F+H5     594270.942   935 1190411.884  1190565.367  1197350.146
348  TIM2+F+H6     593352.755   1121 1188947.511  1189171.751  1197266.005
349  TIM2+F+H7     592597.213   1307 1187808.426  1188118.353  1197507.152
353  TIM3e         697928.203   188 1396232.407  1396238.255  1397627.480
354  TIM3e+I       657084.041   189 1314546.082  1314551.993  1315948.575
355  TIM3e+G4      618907.963   189 1238193.925  1238199.836  1239596.419
356  TIM3e+I+G4    616863.536   190 1234107.072  1234113.047  1235516.987
357  TIM3e+R2      629453.481   190 1259286.963  1259292.937  1260696.877
358  TIM3e+R3      619275.475   192 1238934.949  1238941.051  1240359.705
359  TIM3e+R4      616640.357   194 1233668.714  1233674.944  1235108.311
360  TIM3e+R5      615960.920   196 1232313.840  1232320.200  1233768.278
361  TIM3e+R6      615666.438   198 1231728.876  1231735.367  1233198.155
362  TIM3e+R7      615591.960   200 1231583.920  1231590.543  1233068.040
363  TIM3e+R8      615579.433   202 1231562.866  1231569.623  1233061.827
364  TIM3e+R9      615579.369   204 1231566.738  1231573.631  1233080.541
366  TIM3e+H2      628515.721   374 1257779.442  1257802.885  1260554.747
367  TIM3e+H3      617945.114   560 1237010.228  1237063.570  1241165.764
368  TIM3e+H4      615042.874   746 1231577.747  1231673.885  1237113.516
369  TIM3e+H5      614188.357   932 1230240.714  1230393.174  1237156.715
375  TIM3+F        690201.054   191 1380784.108  1380790.146  1382201.443
376  TIM3+F+I      644112.638   192 1288609.277  1288615.378  1290034.032
377  TIM3+F+G4     599704.140   192 1199792.281  1199798.382  1201217.036
378  TIM3+F+I+G4   597422.515   193 1195231.030  1195237.195  1196663.206
379  TIM3+F+R2     612198.034   193 1224782.068  1224788.233  1226214.244
380  TIM3+F+R3     601277.641   195 1202945.282  1202951.576  1204392.299
381  TIM3+F+R4     597572.125   197 1195538.250  1195544.675  1197000.108
382  TIM3+F+R5     596714.875   199 1193827.751  1193834.307  1195304.450
383  TIM3+F+R6     596431.541   201 1193265.082  1193271.772  1194756.623
384  TIM3+F+R7     596333.390   203 1193072.779  1193079.604  1194579.161
385  TIM3+F+R8     596329.851   205 1193069.703  1193076.663  1194590.926
388  TIM3+F+H2     611225.000   377 1223203.999  1223227.826  1226001.566
389  TIM3+F+H3     599982.460   563 1201090.919  1201144.848  1205268.718
390  TIM3+F+H4     596112.465   749 1193722.930  1193819.867  1199280.961
391  TIM3+F+H5     594850.824   935 1191571.648  1191725.131  1198509.910
392  TIM3+F+H6     593891.425   1121 1190024.851  1190249.091  1198343.345
393  TIM3+F+H7     593156.275   1307 1188926.550  1189236.476  1198625.276
397  TVMe          678136.735   189 1356651.471  1356657.382  1358053.964
398  TVMe+I        639829.916   190 1280039.831  1280045.805  1281449.745
399  TVMe+G4       604121.399   190 1208622.798  1208628.772  1210032.712
400  TVMe+I+G4     602154.012   191 1204690.024  1204696.061  1206107.358
401  TVMe+R2       613744.499   191 1227870.998  1227877.036  1229288.333
402  TVMe+R3       604259.670   193 1208905.341  1208911.506  1210337.517
403  TVMe+R4       601895.452   195 1204180.903  1204187.198  1205627.921
404  TVMe+R5       601159.869   197 1202713.738  1202720.163  1204175.596
405  TVMe+R6       600921.775   199 1202241.551  1202248.108  1203718.251
406  TVMe+R7       600836.349   201 1202074.698  1202081.388  1203566.238
407  TVMe+R8       600824.113   203 1202054.227  1202061.052  1203560.609
408  TVMe+R9       600824.045   205 1202058.090  1202065.051  1203579.313
410  TVMe+H2       612855.817   375 1226461.634  1226485.205  1229244.360
411  TVMe+H3       602922.333   561 1206966.666  1207020.204  1211129.624
412  TVMe+H4       600306.129   747 1202106.258  1202202.662  1207649.447
413  TVMe+H5       599397.410   933 1200660.820  1200813.620  1207584.241
414  TVMe+H6       598364.209   1119 1198966.418  1199189.819  1207270.071
415  TVMe+H7       597824.925   1305 1198259.849  1198568.773  1207943.734
419  TVM+F         683934.355   192 1368252.709  1368258.811  1369677.465
420  TVM+F+I       640094.864   193 1280575.727  1280581.893  1282007.903
421  TVM+F+G4      598214.701   193 1196815.401  1196821.567  1198247.577
422  TVM+F+I+G4    595750.304   194 1191888.609  1191894.838  1193328.205
423  TVM+F+R2      609788.033   194 1219964.066  1219970.296  1221403.663
424  TVM+F+R3      599171.637   196 1198735.274  1198741.634  1200189.712
425  TVM+F+R4      595852.226   198 1192100.452  1192106.943  1193569.731
426  TVM+F+R5      594972.937   200 1190345.874  1190352.497  1191829.994
427  TVM+F+R6      594743.302   202 1189890.604  1189897.362  1191389.566
428  TVM+F+R7      594678.947   204 1189765.894  1189772.786  1191279.696
429  TVM+F+R8      594663.336   206 1189738.672  1189745.701  1191267.315
430  TVM+F+R9      594663.126   208 1189742.251  1189749.418  1191285.736
432  TVM+F+H2      608831.960   378 1218419.920  1218443.875  1221224.908
433  TVM+F+H3      597885.912   564 1196899.824  1196953.949  1201085.043
434  TVM+F+H4      594391.031   750 1190282.063  1190379.267  1195847.514
435  TVM+F+H5      593022.970   936 1187917.940  1188071.765  1194863.623
436  TVM+F+H6      592087.027   1122 1186418.054  1186642.714  1194743.969
437  TVM+F+H7      591368.897   1308 1185353.795  1185664.224  1195059.941
441  SYM           677953.569   190 1356287.137  1356293.111  1357697.052
442  SYM+I         639431.969   191 1279245.938  1279251.976  1280663.273
443  SYM+G4        603092.437   191 1206566.873  1206572.911  1207984.208
444  SYM+I+G4      601123.731   192 1202631.462  1202637.564  1204056.218
445  SYM+R2        612910.221   192 1226204.441  1226210.542  1227629.197
446  SYM+R3        603316.256   194 1207020.513  1207026.742  1208460.109
447  SYM+R4        600841.849   196 1202075.698  1202082.057  1203530.136
448  SYM+R5        600152.530   198 1200701.060  1200707.551  1202170.339
449  SYM+R6        599856.832   200 1200113.663  1200120.287  1201597.784
450  SYM+R7        599754.006   202 1199912.013  1199918.770  1201410.974
451  SYM+R8        599744.547   204 1199897.093  1199903.986  1201410.896
452  SYM+R9        599744.471   206 1199900.942  1199907.971  1201429.586
454  SYM+H2        612063.736   376 1224879.473  1224903.171  1227669.619
455  SYM+H3        602022.027   562 1205168.054  1205221.787  1209338.432
456  SYM+H4        599293.162   748 1200082.324  1200178.994  1205632.934
457  SYM+H5        598423.612   934 1198715.224  1198868.365  1205646.065
463  GTR+F         683893.785   193 1368173.569  1368179.735  1369605.745
464  GTR+F+I       639968.250   194 1280324.500  1280330.730  1281764.097
465  GTR+F+G4      597545.942   194 1195479.885  1195486.114  1196919.481
466  GTR+F+I+G4    595270.466   195 1190930.932  1190937.227  1192377.950
467  GTR+F+R2      609552.413   195 1219494.827  1219501.121  1220941.844
468  GTR+F+R3      598833.545   197 1198061.091  1198067.516  1199522.949
469  GTR+F+R4      595358.947   199 1191115.895  1191122.452  1192592.595
470  GTR+F+R5      594549.905   201 1189501.810  1189508.500  1190993.351
471  GTR+F+R6      594257.213   203 1188920.426  1188927.251  1190426.808
472  GTR+F+R7      594180.099   205 1188770.197  1188777.158  1190291.420
473  GTR+F+R8      594172.112   207 1188758.223  1188765.321  1190294.288
476  GTR+F+H2      608611.995   379 1217981.990  1218006.074  1220794.398
477  GTR+F+H3      597605.630   565 1196341.259  1196395.581  1200533.899
478  GTR+F+H4      593925.910   751 1189353.820  1189451.291  1194926.691
479  GTR+F+H5      592640.775   937 1187155.550  1187309.717  1194108.654
480  GTR+F+H6      591726.792   1123 1185699.584  1185924.664  1194032.919
481  GTR+F+H7      590991.703   1309 1184601.405  1184912.337  1194314.973
Akaike Information Criterion:           GTR+F+H7
Corrected Akaike Information Criterion: GTR+F+H7
Bayesian Information Criterion:         GTR+F+R7
Best-fit model: GTR+F+R7 chosen according to BIC

All model information printed to MafftGhostBothLinked.model.gz
CPU time for ModelFinder: 17133.820 seconds (4h:45m:33s)
Wall-clock time for ModelFinder: 17175.096 seconds (4h:46m:15s)
Generating 1000 samples for ultrafast bootstrap (seed: 514745)...

NOTE: 234 MB RAM (0 GB) is required!
Estimate model parameters (epsilon = 0.100)
Initial LogL: -606043.723, Site proportion and rates:  (0.288,0.016) (0.120,0.200) (0.086,0.509) (0.090,0.827) (0.126,1.244) (0.160,1.862) (0.131,3.037)
relative_treelen: 0.408 4.992 12.684 20.592 30.982 46.363 75.621
1. Initial log-likelihood: -607911.543
WARN: at EM step 1 new_tree_lh -607942.956 worse than tree_lh -607911.543
WARN: at EM step 1 new_tree_lh -607971.703 worse than tree_lh -607942.956
WARN: at EM step 1 new_tree_lh -608001.228 worse than tree_lh -607947.812
WARN: at EM step 1 new_tree_lh -608034.778 worse than tree_lh -607974.087
WARN: at EM step 1 new_tree_lh -608096.273 worse than tree_lh -608034.778
WARN: at EM step 1 new_tree_lh -608105.984 worse than tree_lh -608073.034
WARN: at EM step 1 new_tree_lh -608128.420 worse than tree_lh -608105.984
WARN: at EM step 1 new_tree_lh -608111.303 worse than tree_lh -608041.720
WARN: at EM step 1 new_tree_lh -608144.863 worse than tree_lh -608088.469
WARN: at EM step 1 new_tree_lh -608198.681 worse than tree_lh -608144.863
WARN: at EM step 1 new_tree_lh -608239.640 worse than tree_lh -608185.937
WARN: at EM step 1 new_tree_lh -608278.991 worse than tree_lh -608232.527
WARN: at EM step 1 new_tree_lh -608330.976 worse than tree_lh -608278.991
WARN: at EM step 1 new_tree_lh -608331.793 worse than tree_lh -608311.958
WARN: at EM step 1 new_tree_lh -608363.776 worse than tree_lh -608331.793
WARN: at EM step 1 new_tree_lh -608361.231 worse than tree_lh -608310.218
WARN: at EM step 1 new_tree_lh -608398.451 worse than tree_lh -608361.231
WARN: at EM step 1 new_tree_lh -608424.943 worse than tree_lh -608399.285
WARN: at EM step 1 new_tree_lh -608455.022 worse than tree_lh -608424.943
WARN: at EM step 1 new_tree_lh -608421.883 worse than tree_lh -608398.565
WARN: at EM step 1 new_tree_lh -608446.688 worse than tree_lh -608421.883
WARN: at EM step 1 new_tree_lh -608446.560 worse than tree_lh -608433.968
WARN: at EM step 1 new_tree_lh -608464.948 worse than tree_lh -608446.560
WARN: at EM step 1 new_tree_lh -608475.753 worse than tree_lh -608442.648
WARN: at EM step 1 new_tree_lh -608514.278 worse than tree_lh -608473.183
WARN: at EM step 1 new_tree_lh -608547.467 worse than tree_lh -608514.278
WARN: at EM step 1 new_tree_lh -608536.418 worse than tree_lh -608531.866
WARN: at EM step 1 new_tree_lh -608552.225 worse than tree_lh -608532.912
WARN: at EM step 1 new_tree_lh -608563.730 worse than tree_lh -608550.072
WARN: at EM step 1 new_tree_lh -608570.172 worse than tree_lh -608548.687
WARN: at EM step 1 new_tree_lh -608562.481 worse than tree_lh -608535.406
WARN: at EM step 1 new_tree_lh -608553.014 worse than tree_lh -608526.953
WARN: at EM step 1 new_tree_lh -608564.529 worse than tree_lh -608544.200
WARN: at EM step 1 new_tree_lh -608604.355 worse than tree_lh -608564.529
WARN: at EM step 1 new_tree_lh -608642.033 worse than tree_lh -608575.990
WARN: at EM step 1 new_tree_lh -608671.045 worse than tree_lh -608632.146
WARN: at EM step 1 new_tree_lh -608719.087 worse than tree_lh -608671.045
WARN: at EM step 1 new_tree_lh -608752.870 worse than tree_lh -608714.212
WARN: at EM step 1 new_tree_lh -608770.940 worse than tree_lh -608746.629
WARN: at EM step 1 new_tree_lh -608803.098 worse than tree_lh -608770.940
WARN: at EM step 1 new_tree_lh -608812.908 worse than tree_lh -608798.309
WARN: at EM step 1 new_tree_lh -608827.288 worse than tree_lh -608812.908
WARN: at EM step 1 new_tree_lh -608835.328 worse than tree_lh -608821.168
WARN: at EM step 1 new_tree_lh -608850.511 worse than tree_lh -608835.328
WARN: at EM step 1 new_tree_lh -608862.671 worse than tree_lh -608832.433
WARN: at EM step 1 new_tree_lh -608892.124 worse than tree_lh -608862.671
WARN: at EM step 1 new_tree_lh -608903.878 worse than tree_lh -608887.951
WARN: at EM step 1 new_tree_lh -608922.003 worse than tree_lh -608894.708
WARN: at EM step 1 new_tree_lh -608894.859 worse than tree_lh -608881.746
WARN: at EM step 1 new_tree_lh -608906.307 worse than tree_lh -608894.859
WARN: at EM step 1 new_tree_lh -608898.823 worse than tree_lh -608895.627
WARN: at EM step 1 new_tree_lh -608926.772 worse than tree_lh -608898.823
WARN: at EM step 1 new_tree_lh -608960.345 worse than tree_lh -608926.772
WARN: at EM step 1 new_tree_lh -608963.535 worse than tree_lh -608960.345
WARN: at EM step 1 new_tree_lh -609007.122 worse than tree_lh -608963.535
WARN: at EM step 1 new_tree_lh -609043.676 worse than tree_lh -609007.122
WARN: at EM step 1 new_tree_lh -609032.297 worse than tree_lh -609019.547
WARN: at EM step 1 new_tree_lh -609021.862 worse than tree_lh -609017.338
WARN: at EM step 1 new_tree_lh -609008.567 worse than tree_lh -608961.175
WARN: at EM step 1 new_tree_lh -609026.733 worse than tree_lh -608989.931
WARN: at EM step 1 new_tree_lh -608996.913 worse than tree_lh -608989.775
WARN: at EM step 1 new_tree_lh -608953.123 worse than tree_lh -608951.531
WARN: at EM step 1 new_tree_lh -608942.912 worse than tree_lh -608939.337
WARN: at EM step 1 new_tree_lh -608980.743 worse than tree_lh -608936.655
WARN: at EM step 1 new_tree_lh -609031.404 worse than tree_lh -608980.743
WARN: at EM step 1 new_tree_lh -609032.293 worse than tree_lh -609011.166
WARN: at EM step 1 new_tree_lh -609084.287 worse than tree_lh -609032.293
WARN: at EM step 1 new_tree_lh -609106.191 worse than tree_lh -609083.976
WARN: at EM step 1 new_tree_lh -609123.235 worse than tree_lh -609098.096
WARN: at EM step 1 new_tree_lh -609161.328 worse than tree_lh -609116.813
WARN: at EM step 1 new_tree_lh -609213.895 worse than tree_lh -609161.328
WARN: at EM step 1 new_tree_lh -609205.795 worse than tree_lh -609191.940
WARN: at EM step 1 new_tree_lh -609178.219 worse than tree_lh -609176.007
WARN: at EM step 1 new_tree_lh -609036.825 worse than tree_lh -609026.909
ERROR: Numerical underflow (lh-derivative-mixlen). Run again with the safe likelihood kernel via `-safe` option
