IQ-TREE multicore version 1.6.10 for Linux 64-bit built Feb 19 2019
Developed by Bui Quang Minh, Nguyen Lam Tung, Olga Chernomor,
Heiko Schmidt, Dominik Schrempf, Michael Woodhams.

Host:    hpc-watson (AVX, 251 GB RAM)
Command: iqtree -s MafftSM.fasta -pre MafftGhostBaseFreqLinkedBNNI -m MFP*H4 -bb 1000 -bnni
Seed:    802895 (Using SPRNG - Scalable Parallel Random Number Generator)
Time:    Fri Sep 11 16:36:54 2020
Kernel:  AVX - 1 threads (40 CPU cores detected)

HINT: Use -nt option to specify number of threads because your CPU has 40 cores!
HINT: -nt AUTO will automatically determine the best number of threads to use.

Reading alignment file MafftSM.fasta ... Fasta format detected
Alignment most likely contains DNA/RNA sequences
Alignment has 94 sequences with 12340 columns, 9304 distinct patterns
8208 parsimony-informative, 995 singleton sites, 3137 constant sites
           Gap/Ambiguity  Composition  p-value
   1  NC_003372    9.94%    failed      0.18%
   2  NC_003970   10.13%    failed      0.00%
   3  NC_009964    9.72%    failed      0.00%
   4  NC_010964   10.01%    failed      0.00%
   5  NC_011320    9.58%    passed     12.50%
   6  NC_011322    9.57%    failed      0.00%
   7  NC_011324   10.19%    failed      0.00%
   8  NC_011326    9.83%    passed     92.84%
   9  NC_011328    9.69%    failed      0.00%
  10  NC_011329    9.17%    failed      0.00%
  11  NC_012139    9.08%    failed      0.00%
  12  NC_012144    9.00%    failed      0.00%
  13  NC_012765    9.52%    failed      0.00%
  14  NC_013249    9.48%    failed      0.29%
  15  NC_013254   10.29%    failed      0.00%
  16  NC_013576   10.63%    failed      0.00%
  17  NC_013580    9.67%    failed      0.00%
  18  NC_013582   10.24%    failed      0.00%
  19  NC_016469    9.02%    failed      0.00%
  20  NC_018349    9.88%    failed      1.72%
  21  NC_018350   10.06%    failed      4.49%
  22  NC_018352    9.89%    passed     42.42%
  23  NC_018353   11.51%    failed      0.00%
  24  NC_018354    9.72%    failed      0.00%
  25  NC_022680    9.59%    passed     18.55%
  26  NC_023246    9.79%    failed      0.00%
  27  NC_024271   10.01%    failed      0.00%
  28  NC_024633    9.89%    failed      0.00%
  29  NC_025243    9.98%    failed      0.00%
  30  NC_025332    9.97%    failed      0.00%
  31  NC_025945    9.72%    failed      0.00%
  32  NC_027114    9.89%    failed      0.00%
  33  NC_027176    9.84%    failed      0.00%
  34  NC_027256   10.41%    failed      0.00%
  35  NC_027577    9.85%    failed      0.69%
  36  NC_027580    9.94%    failed      0.00%
  37  NC_028203    9.93%    failed      0.02%
  38  NC_028541   10.01%    failed      0.00%
  39  NC_028601   10.39%    passed     16.52%
  40  NC_028603   11.27%    failed      0.00%
  41  NC_028605   10.64%    failed      0.00%
  42  NC_028606   10.84%    failed      0.00%
  43  NC_028607   11.06%    passed     62.63%
  44  NC_028609   10.35%    passed     37.49%
  45  NC_028611   10.00%    failed      0.00%
  46  NC_028612   10.87%    passed     32.81%
  47  NC_028613   10.97%    failed      0.15%
  48  NC_029515    9.81%    failed      0.00%
  49  NC_030060    9.91%    passed     82.21%
  50  NC_030592    8.86%    failed      0.00%
  51  NC_030593    8.95%    failed      0.00%
  52  NC_030758    9.69%    failed      0.00%
  53  NC_030764    9.84%    passed      8.30%
  54  NC_030778    9.81%    failed      0.00%
  55  NC_033340    9.85%    failed      0.00%
  56  NC_034293    9.59%    failed      0.00%
  57  NC_035677   10.37%    passed     17.41%
  58  NC_035714    9.34%    failed      1.62%
  59  NC_036104    9.94%    failed      0.15%
  60  NC_036108    9.89%    failed      0.76%
  61  NC_036261   10.52%    failed      0.00%
  62  NC_036265   10.53%    failed      0.00%
  63  NC_036266   10.84%    failed      0.00%
  64  NC_036267   10.67%    failed      0.02%
  65  NC_036269   10.81%    failed      0.00%
  66  NC_036270   10.96%    failed      0.00%
  67  NC_036271   10.32%    failed      0.00%
  68  NC_036273   10.62%    failed      0.00%
  69  NC_036274   10.87%    failed      0.00%
  70  NC_036275   10.54%    failed      0.00%
  71  NC_036276   10.82%    failed      0.00%
  72  NC_036277   11.47%    failed      0.00%
  73  NC_036278   10.47%    failed      0.00%
  74  NC_036279   10.18%    passed     20.86%
  75  NC_036291   10.90%    failed      0.00%
  76  NC_036678   10.40%    failed      0.00%
  77  NC_037196    9.84%    failed      0.00%
  78  NC_037200   10.41%    failed      0.00%
  79  NC_037749    9.47%    passed     29.39%
  80  NC_038089    9.69%    failed      0.00%
  81  NC_038090    9.69%    failed      0.00%
  82  NC_038115    9.72%    passed     80.20%
  83  NC_038197   10.96%    failed      0.00%
  84  NC_039657    9.83%    failed      0.00%
  85  NC_039689   10.56%    failed      0.00%
  86  NC_041172   10.49%    failed      0.00%
  87  NC_041669    9.74%    passed     49.66%
  88  NC_042198   10.71%    passed     38.97%
  89  NC_042417   10.46%    failed      0.00%
  90  NC_042614    9.59%    failed      0.00%
  91  NC_042820   10.59%    failed      0.01%
  92  NC_042828   10.18%    failed      0.00%
  93  NC_042922    9.80%    passed     18.74%
  94  NC_043883    9.87%    failed      0.00%
****  TOTAL       10.10%  77 sequences failed composition chi2 test (p-value<5%; df=3)


Create initial parsimony tree by phylogenetic likelihood library (PLL)... 0.193 seconds
NOTE: ModelFinder requires 319 MB RAM!
ModelFinder will test 484 DNA models (sample size: 12340) ...
 No. Model         -LnL         df  AIC          AICc         BIC
  1  JC            706260.999   185 1412891.998  1412897.660  1414264.809
  2  JC+I          664563.624   186 1329499.247  1329504.971  1330879.479
  3  JC+G4         628520.563   186 1257413.126  1257418.850  1258793.358
  4  JC+I+G4       626648.925   187 1253671.850  1253677.636  1255059.502
  5  JC+R2         637629.841   187 1275633.682  1275639.468  1277021.335
  6  JC+R3         628345.987   189 1257069.974  1257075.885  1258472.467
  7  JC+R4         626191.855   191 1252765.710  1252771.747  1254183.045
  8  JC+R5         625564.305   193 1251514.609  1251520.775  1252946.785
  9  JC+R6         625450.164   195 1251290.328  1251296.623  1252737.345
 10  JC+R7         625436.372   197 1251266.744  1251273.169  1252728.602
 11  JC+R8         625436.307   199 1251270.614  1251277.171  1252747.314
 14  JC*H2         636618.301   371 1273978.602  1274001.665  1276731.645
 15  JC*H3         626806.595   557 1254727.189  1254779.949  1258860.464
 16  JC*H4         624353.654   743 1250193.308  1250288.650  1255706.815
 17  JC*H5         623493.810   929 1248845.620  1248997.061  1255739.359
 23  F81+F         695009.062   188 1390394.123  1390399.972  1391789.196
 24  F81+F+I       649988.080   189 1300354.160  1300360.071  1301756.653
 25  F81+F+G4      608882.706   189 1218143.412  1218149.324  1219545.906
 26  F81+F+I+G4    606699.144   190 1213778.289  1213784.263  1215188.203
 27  F81+F+R2      619429.323   190 1239238.646  1239244.620  1240648.560
 28  F81+F+R3      609320.666   192 1219025.332  1219031.433  1220450.087
 29  F81+F+R4      606513.814   194 1213415.627  1213421.857  1214855.224
 30  F81+F+R5      605733.195   196 1211858.389  1211864.749  1213312.827
 31  F81+F+R6      605597.354   198 1211590.708  1211597.198  1213059.987
 32  F81+F+R7      605569.577   200 1211539.155  1211545.778  1213023.275
 33  F81+F+R8      605568.231   202 1211540.462  1211547.220  1213039.424
 36  F81*H2        618440.066   374 1237628.133  1237651.576  1240403.438
 37  F81*H3        607863.976   560 1216847.951  1216901.294  1221003.488
 38  F81*H4        604764.470   746 1211020.940  1211117.078  1216556.709
 39  F81*H5        603795.325   932 1209454.651  1209607.111  1216370.651
 40  F81*H6        602784.759   1118 1207805.518  1208028.500  1216101.750
 41  F81*H7        601952.946   1304 1206513.892  1206822.315  1216190.357
 45  K2P           705795.116   186 1411962.232  1411967.956  1413342.464
 46  K2P+I         664106.331   187 1328586.662  1328592.448  1329974.315
 47  K2P+G4        627930.161   187 1256234.322  1256240.108  1257621.975
 48  K2P+I+G4      626004.702   188 1252385.405  1252391.253  1253780.478
 49  K2P+R2        637142.362   188 1274660.723  1274666.572  1276055.796
 50  K2P+R3        627789.391   190 1255958.781  1255964.756  1257368.696
 51  K2P+R4        625578.333   192 1251540.665  1251546.766  1252965.420
 52  K2P+R5        624930.197   194 1250248.395  1250254.624  1251687.991
 53  K2P+R6        624808.459   196 1250008.917  1250015.277  1251463.355
 54  K2P+R7        624791.892   198 1249979.785  1249986.276  1251449.064
 55  K2P+R8        624791.097   200 1249982.195  1249988.818  1251466.315
 58  K80*H2        635445.385   373 1271636.769  1271660.086  1274404.654
 59  K80*H3        611278.511   560 1223677.022  1223730.364  1227832.559
 60  K80*H4        603372.820   747 1208239.640  1208336.044  1213782.830
 61  K80*H5        600022.149   934 1201912.298  1202065.440  1208843.140
 62  K80*H6        595544.528   1121 1193331.055  1193555.295  1201649.549
 63  K80*H7        594181.366   1308 1190978.731  1191289.160  1200684.878
 64  K80*H8        593019.374   1495 1189028.749  1189441.239  1200122.548
 65  K80*H9        592430.765   1682 1188225.530  1188756.788  1200706.981
 67  HKY+F         691138.511   189 1382655.022  1382660.933  1384057.516
 68  HKY+F+I       644811.406   190 1290002.813  1290008.787  1291412.727
 69  HKY+F+G4      600019.206   190 1200418.412  1200424.386  1201828.326
 70  HKY+F+I+G4    597646.991   191 1195675.983  1195682.021  1197093.318
 71  HKY+F+R2      612411.676   191 1225205.353  1225211.390  1226622.688
 72  HKY+F+R3      601570.024   193 1203526.048  1203532.214  1204958.224
 73  HKY+F+R4      597812.941   195 1196015.882  1196022.177  1197462.899
 74  HKY+F+R5      596907.030   197 1194208.061  1194214.486  1195669.919
 75  HKY+F+R6      596645.800   199 1193689.600  1193696.157  1195166.299
 76  HKY+F+R7      596548.744   201 1193499.488  1193506.178  1194991.029
 77  HKY+F+R8      596547.574   203 1193501.147  1193507.972  1195007.529
 80  HKY*H2        611438.339   376 1223628.678  1223652.377  1226418.824
 81  HKY*H3        590386.388   563 1181898.776  1181952.705  1186076.575
 82  HKY*H4        582945.052   750 1167390.104  1167487.308  1172955.555
 83  HKY*H5        580121.572   937 1162117.144  1162271.311  1169070.247
 84  HKY*H6        575993.456   1124 1154234.913  1154460.414  1162575.669
 85  HKY*H7        574361.370   1311 1151344.741  1151656.680  1161073.149
 86  HKY*H8        572708.949   1498 1148413.897  1148828.158  1159529.958
 87  HKY*H9        571744.523   1685 1146859.046  1147392.350  1159362.759
 88  HKY*H10       570782.356   1872 1145308.711  1145978.675  1159200.077
 89  TNe           705522.683   187 1411419.366  1411425.153  1412807.019
 90  TNe+I         663629.096   188 1327634.193  1327640.041  1329029.266
 91  TNe+G4        626905.667   188 1254187.333  1254193.182  1255582.407
 92  TNe+I+G4      624922.324   189 1250222.647  1250228.559  1251625.141
 93  TNe+R2        636344.421   189 1273066.842  1273072.753  1274469.336
 94  TNe+R3        626820.269   191 1254022.538  1254028.576  1255439.873
 95  TNe+R4        624523.327   193 1249432.654  1249438.819  1250864.830
 96  TNe+R5        623867.481   195 1248124.962  1248131.257  1249571.979
 97  TNe+R6        623724.065   197 1247842.131  1247848.556  1249303.989
 98  TNe+R7        623699.397   199 1247796.794  1247803.350  1249273.493
 99  TNe+R8        623698.943   201 1247799.886  1247806.576  1249291.426
102  TNe*H2        634581.819   375 1269913.638  1269937.208  1272696.363
103  TNe*H3        610894.703   563 1222915.407  1222969.336  1227093.205
104  TNe*H4        603057.078   751 1207616.157  1207713.629  1213189.028
105  TNe*H5        599662.491   939 1201202.982  1201357.835  1208170.927
106  TNe*H6        595380.599   1127 1193015.197  1193241.964  1201378.215
107  TNe*H7        594008.594   1315 1190647.188  1190961.146  1200405.278
108  TNe*H8        592883.626   1503 1188773.252  1189190.474  1199926.416
109  TNe*H9        591969.357   1691 1187320.714  1187858.125  1199868.951
WARNING: ABNORMAL_TERMINATION_IN_LNSRCH
110  TNe*H10       591234.001   1879 1186226.002  1186901.436  1200169.312
111  TN+F          691053.786   190 1382487.573  1382493.547  1383897.487
112  TN+F+I        644648.721   191 1289679.441  1289685.479  1291096.776
113  TN+F+G4       599430.028   191 1199242.056  1199248.094  1200659.391
114  TN+F+I+G4     597240.311   192 1194864.623  1194870.724  1196289.378
115  TN+F+R2       612216.412   192 1224816.825  1224822.926  1226241.580
116  TN+F+R3       601210.702   194 1202809.404  1202815.634  1204249.001
117  TN+F+R4       597396.315   196 1195184.629  1195190.989  1196639.067
118  TN+F+R5       596531.170   198 1193458.341  1193464.832  1194927.620
119  TN+F+R6       596203.079   200 1192806.158  1192812.781  1194290.278
120  TN+F+R7       596108.083   202 1192620.166  1192626.923  1194119.127
121  TN+F+R8       596107.036   204 1192622.073  1192628.965  1194135.875
124  TN*H2         611084.443   378 1222924.886  1222948.840  1225729.873
125  TN*H3         590138.076   566 1181408.151  1181462.670  1185608.212
126  TN*H4         582703.454   754 1166914.908  1167013.186  1172510.042
127  TN*H5         578386.598   942 1158657.196  1158813.080  1165647.402
128  TN*H6         575933.700   1130 1154127.400  1154355.436  1162512.679
129  TN*H7         574327.752   1318 1151291.504  1151606.982  1161071.856
130  TN*H8         572680.903   1506 1148373.807  1148792.812  1159549.232
131  TN*H9         571874.279   1694 1147136.558  1147676.028  1159707.057
133  K3P           689057.574   187 1378489.148  1378494.934  1379876.801
134  K3P+I         646413.937   188 1293203.875  1293209.723  1294598.948
135  K3P+G4        608168.500   188 1216713.000  1216718.848  1218108.073
136  K3P+I+G4      606098.324   189 1212574.648  1212580.559  1213977.142
137  K3P+R2        618184.923   189 1236747.846  1236753.757  1238150.340
138  K3P+R3        608239.177   191 1216860.355  1216866.392  1218277.690
139  K3P+R4        605738.008   193 1211862.016  1211868.181  1213294.192
140  K3P+R5        605033.869   195 1210457.738  1210464.033  1211904.756
141  K3P+R6        604835.801   197 1210065.602  1210072.027  1211527.460
142  K3P+R7        604765.183   199 1209928.366  1209934.922  1211405.065
143  K3P+R8        604764.770   201 1209931.541  1209938.231  1211423.082
146  K81*H2        615862.420   375 1232474.839  1232498.410  1235257.565
147  K81*H3        593993.422   563 1189112.845  1189166.773  1193290.643
WARNING: ABNORMAL_TERMINATION_IN_LNSRCH
WARNING: ABNORMAL_TERMINATION_IN_LNSRCH
WARNING: ABNORMAL_TERMINATION_IN_LNSRCH
WARNING: ABNORMAL_TERMINATION_IN_LNSRCH
WARNING: ABNORMAL_TERMINATION_IN_LNSRCH
WARNING: ABNORMAL_TERMINATION_IN_LNSRCH
148  K81*H4        585361.300   751 1172224.601  1172322.073  1177797.472
WARNING: ABNORMAL_TERMINATION_IN_LNSRCH
WARNING: ABNORMAL_TERMINATION_IN_LNSRCH
WARNING: ABNORMAL_TERMINATION_IN_LNSRCH
149  K81*H5        580597.708   939 1163073.417  1163228.269  1170041.361
WARNING: ABNORMAL_TERMINATION_IN_LNSRCH
WARNING: ABNORMAL_TERMINATION_IN_LNSRCH
150  K81*H6        577704.874   1127 1157663.748  1157890.515  1166026.766
WARNING: ABNORMAL_TERMINATION_IN_LNSRCH
WARNING: ABNORMAL_TERMINATION_IN_LNSRCH
WARNING: ABNORMAL_TERMINATION_IN_LNSRCH
WARNING: ABNORMAL_TERMINATION_IN_LNSRCH
WARNING: ABNORMAL_TERMINATION_IN_LNSRCH
WARNING: ABNORMAL_TERMINATION_IN_LNSRCH
WARNING: ABNORMAL_TERMINATION_IN_LNSRCH
WARNING: ABNORMAL_TERMINATION_IN_LNSRCH
WARNING: ABNORMAL_TERMINATION_IN_LNSRCH
WARNING: ABNORMAL_TERMINATION_IN_LNSRCH
151  K81*H7        575985.935   1315 1154601.869  1154915.828  1164359.960
WARNING: ABNORMAL_TERMINATION_IN_LNSRCH
WARNING: ABNORMAL_TERMINATION_IN_LNSRCH
WARNING: ABNORMAL_TERMINATION_IN_LNSRCH
152  K81*H8        574429.627   1503 1151865.255  1152282.477  1163018.418
WARNING: ABNORMAL_TERMINATION_IN_LNSRCH
WARNING: ABNORMAL_TERMINATION_IN_LNSRCH
WARNING: ABNORMAL_TERMINATION_IN_LNSRCH
WARNING: ABNORMAL_TERMINATION_IN_LNSRCH
WARNING: ABNORMAL_TERMINATION_IN_LNSRCH
153  K81*H9        572477.757   1691 1148337.513  1148874.923  1160885.750
WARNING: ABNORMAL_TERMINATION_IN_LNSRCH
WARNING: ABNORMAL_TERMINATION_IN_LNSRCH
WARNING: ABNORMAL_TERMINATION_IN_LNSRCH
WARNING: ABNORMAL_TERMINATION_IN_LNSRCH
WARNING: ABNORMAL_TERMINATION_IN_LNSRCH
WARNING: ABNORMAL_TERMINATION_IN_LNSRCH
WARNING: ABNORMAL_TERMINATION_IN_LNSRCH
WARNING: ABNORMAL_TERMINATION_IN_LNSRCH
WARNING: ABNORMAL_TERMINATION_IN_LNSRCH
154  K81*H10       571472.931   1879 1146703.862  1147379.296  1160647.172
155  K3Pu+F        686254.023   190 1372888.047  1372894.021  1374297.961
156  K3Pu+F+I      641108.467   191 1282598.934  1282604.971  1284016.268
157  K3Pu+F+G4     597910.190   191 1196202.380  1196208.418  1197619.715
158  K3Pu+F+I+G4   595463.419   192 1191310.839  1191316.940  1192735.594
159  K3Pu+F+R2     609733.371   192 1219850.742  1219856.843  1221275.497
160  K3Pu+F+R3     598948.500   194 1198285.000  1198291.230  1199724.597
161  K3Pu+F+R4     595571.467   196 1191534.933  1191541.293  1192989.371
162  K3Pu+F+R5     594681.153   198 1189758.306  1189764.797  1191227.585
163  K3Pu+F+R6     594447.282   200 1189294.564  1189301.188  1190778.685
164  K3Pu+F+R7     594385.198   202 1189174.395  1189181.152  1190673.357
165  K3Pu+F+R8     594384.720   204 1189177.440  1189184.333  1190691.243
168  K81u*H2       608729.767   378 1218215.534  1218239.489  1221020.522
169  K81u*H3       588817.912   566 1178767.824  1178822.343  1182967.885
170  K81u*H4       581971.088   754 1165450.175  1165548.453  1171045.309
171  K81u*H5       576931.658   942 1155747.316  1155903.200  1162737.523
WARNING: ABNORMAL_TERMINATION_IN_LNSRCH
WARNING: ABNORMAL_TERMINATION_IN_LNSRCH
WARNING: ABNORMAL_TERMINATION_IN_LNSRCH
WARNING: ABNORMAL_TERMINATION_IN_LNSRCH
172  K81u*H6       574204.748   1130 1150669.495  1150897.532  1159054.775
WARNING: ABNORMAL_TERMINATION_IN_LNSRCH
173  K81u*H7       572018.921   1318 1146673.842  1146989.321  1156454.195
WARNING: ABNORMAL_TERMINATION_IN_LNSRCH
WARNING: ABNORMAL_TERMINATION_IN_LNSRCH
WARNING: ABNORMAL_TERMINATION_IN_LNSRCH
WARNING: ABNORMAL_TERMINATION_IN_LNSRCH
WARNING: ABNORMAL_TERMINATION_IN_LNSRCH
WARNING: ABNORMAL_TERMINATION_IN_LNSRCH
174  K81u*H8       570545.269   1506 1144102.537  1144521.543  1155277.963
WARNING: ABNORMAL_TERMINATION_IN_LNSRCH
WARNING: ABNORMAL_TERMINATION_IN_LNSRCH
WARNING: ABNORMAL_TERMINATION_IN_LNSRCH
WARNING: ABNORMAL_TERMINATION_IN_LNSRCH
WARNING: ABNORMAL_TERMINATION_IN_LNSRCH
WARNING: ABNORMAL_TERMINATION_IN_LNSRCH
WARNING: ABNORMAL_TERMINATION_IN_LNSRCH
WARNING: ABNORMAL_TERMINATION_IN_LNSRCH
WARNING: ABNORMAL_TERMINATION_IN_LNSRCH
WARNING: ABNORMAL_TERMINATION_IN_LNSRCH
175  K81u*H9       569587.836   1694 1142563.671  1143103.141  1155134.170
WARNING: ABNORMAL_TERMINATION_IN_LNSRCH
WARNING: ABNORMAL_TERMINATION_IN_LNSRCH
WARNING: ABNORMAL_TERMINATION_IN_LNSRCH
WARNING: ABNORMAL_TERMINATION_IN_LNSRCH
WARNING: ABNORMAL_TERMINATION_IN_LNSRCH
WARNING: ABNORMAL_TERMINATION_IN_LNSRCH
WARNING: ABNORMAL_TERMINATION_IN_LNSRCH
WARNING: ABNORMAL_TERMINATION_IN_LNSRCH
WARNING: ABNORMAL_TERMINATION_IN_LNSRCH
176  K81u*H10      567464.950   1882 1138693.900  1139371.686  1152659.471
177  TPM2+F        685196.847   190 1370773.693  1370779.668  1372183.608
178  TPM2+F+I      641188.162   191 1282758.323  1282764.361  1284175.658
179  TPM2+F+G4     599447.376   191 1199276.751  1199282.789  1200694.086
180  TPM2+F+I+G4   596971.785   192 1194327.569  1194333.671  1195752.325
181  TPM2+F+R2     610820.964   192 1222025.928  1222032.029  1223450.683
182  TPM2+F+R3     600411.892   194 1201211.785  1201218.015  1202651.382
183  TPM2+F+R4     597044.764   196 1194481.528  1194487.888  1195935.966
184  TPM2+F+R5     596179.273   198 1192754.545  1192761.036  1194223.824
185  TPM2+F+R6     595942.296   200 1192284.592  1192291.215  1193768.712
186  TPM2+F+R7     595873.902   202 1192151.804  1192158.561  1193650.765
187  TPM2+F+R8     595873.449   204 1192154.898  1192161.790  1193668.701
190  TPM2*H2       609325.635   378 1219407.270  1219431.224  1222212.257
191  TPM2*H3       589269.336   566 1179670.672  1179725.191  1183870.733
192  TPM2*H4       581733.012   754 1164974.024  1165072.301  1170569.158
193  TPM2*H5       577668.665   942 1157221.330  1157377.214  1164211.536
194  TPM2*H6       575110.407   1130 1152480.815  1152708.851  1160866.094
195  TPM2*H7       573266.618   1318 1149169.235  1149484.714  1158949.588
196  TPM2*H8       571246.085   1506 1145504.169  1145923.175  1156679.595
197  TPM2*H9       569911.421   1694 1143210.843  1143750.313  1155781.341
WARNING: ABNORMAL_TERMINATION_IN_LNSRCH
WARNING: ABNORMAL_TERMINATION_IN_LNSRCH
WARNING: ABNORMAL_TERMINATION_IN_LNSRCH
198  TPM2*H10      569120.442   1882 1142004.883  1142682.670  1155970.455
199  TPM2u+F       685196.851   190 1370773.702  1370779.676  1372183.617
200  TPM2u+F+I     641188.161   191 1282758.322  1282764.359  1284175.657
201  TPM2u+F+G4    599447.378   191 1199276.755  1199282.793  1200694.090
202  TPM2u+F+I+G4  596971.787   192 1194327.574  1194333.675  1195752.329
203  TPM2u+F+R2    610820.963   192 1222025.927  1222032.028  1223450.682
204  TPM2u+F+R3    600411.889   194 1201211.779  1201218.009  1202651.376
205  TPM2u+F+R4    597044.760   196 1194481.520  1194487.879  1195935.958
206  TPM2u+F+R5    596179.051   198 1192754.101  1192760.592  1194223.380
207  TPM2u+F+R6    595942.005   200 1192284.009  1192290.632  1193768.129
208  TPM2u+F+R7    595872.929   202 1192149.859  1192156.616  1193648.820
209  TPM2u+F+R8    595872.796   204 1192153.592  1192160.485  1193667.395
212  TPM2u*H2      609325.632   378 1219407.265  1219431.220  1222212.252
213  TPM2u*H3      589269.329   566 1179670.658  1179725.176  1183870.718
214  TPM2u*H4      581732.992   754 1164973.984  1165072.261  1170569.118
215  TPM2u*H5      577668.278   942 1157220.557  1157376.441  1164210.763
216  TPM2u*H6      575109.650   1130 1152479.299  1152707.336  1160864.579
WARNING: ABNORMAL_TERMINATION_IN_LNSRCH
217  TPM2u*H7      573266.624   1318 1149169.248  1149484.726  1158949.601
218  TPM2u*H8      571246.079   1506 1145504.158  1145923.163  1156679.583
219  TPM2u*H9      569911.449   1694 1143210.897  1143750.367  1155781.396
220  TPM2u*H10     569116.762   1882 1141997.525  1142675.311  1155963.096
221  TPM3+F        690150.191   190 1380680.382  1380686.356  1382090.297
222  TPM3+F+I      644135.257   191 1288652.515  1288658.552  1290069.850
223  TPM3+F+G4     599853.706   191 1200089.413  1200095.450  1201506.747
224  TPM3+F+I+G4   597415.396   192 1195214.791  1195220.892  1196639.547
225  TPM3+F+R2     612033.647   192 1224451.295  1224457.396  1225876.050
226  TPM3+F+R3     601185.711   194 1202759.423  1202765.653  1204199.020
227  TPM3+F+R4     597582.960   196 1195557.920  1195564.280  1197012.358
228  TPM3+F+R5     596662.269   198 1193720.538  1193727.029  1195189.817
229  TPM3+F+R6     596414.973   200 1193229.947  1193236.570  1194714.067
230  TPM3+F+R7     596323.496   202 1193050.992  1193057.749  1194549.953
231  TPM3+F+R8     596323.127   204 1193054.254  1193061.147  1194568.057
234  TPM3*H2       610560.746   378 1221877.493  1221901.448  1224682.480
235  TPM3*H3       589957.251   566 1181046.502  1181101.020  1185246.562
236  TPM3*H4       582595.323   754 1166698.646  1166796.923  1172293.779
237  TPM3*H5       578197.515   942 1158279.031  1158434.915  1165269.237
238  TPM3*H6       575632.956   1130 1153525.913  1153753.949  1161911.192
239  TPM3*H7       573918.511   1318 1150473.021  1150788.499  1160253.374
240  TPM3*H8       572054.811   1506 1147121.622  1147540.627  1158297.047
241  TPM3*H9       570885.236   1694 1145158.472  1145697.943  1157728.971
242  TPM3*H10      570180.144   1882 1144124.288  1144802.074  1158089.860
243  TPM3u+F       690150.194   190 1380680.389  1380686.363  1382090.303
244  TPM3u+F+I     644135.255   191 1288652.510  1288658.547  1290069.844
245  TPM3u+F+G4    599853.711   191 1200089.423  1200095.460  1201506.757
246  TPM3u+F+I+G4  597415.417   192 1195214.835  1195220.936  1196639.590
247  TPM3u+F+R2    612033.644   192 1224451.288  1224457.390  1225876.044
248  TPM3u+F+R3    601185.679   194 1202759.357  1202765.587  1204198.954
249  TPM3u+F+R4    597582.967   196 1195557.933  1195564.293  1197012.371
250  TPM3u+F+R5    596661.936   198 1193719.872  1193726.363  1195189.152
251  TPM3u+F+R6    596414.545   200 1193229.091  1193235.714  1194713.211
252  TPM3u+F+R7    596322.384   202 1193048.769  1193055.526  1194547.730
253  TPM3u+F+R8    596322.305   204 1193052.609  1193059.501  1194566.412
256  TPM3u*H2      610560.752   378 1221877.503  1221901.458  1224682.491
257  TPM3u*H3      589957.246   566 1181046.492  1181101.010  1185246.552
258  TPM3u*H4      582595.285   754 1166698.570  1166796.847  1172293.704
259  TPM3u*H5      578197.550   942 1158279.101  1158434.985  1165269.307
260  TPM3u*H6      575632.917   1130 1153525.834  1153753.870  1161911.113
261  TPM3u*H7      573918.545   1318 1150473.091  1150788.569  1160253.443
262  TPM3u*H8      572284.926   1506 1147581.852  1148000.857  1158757.278
WARNING: ABNORMAL_TERMINATION_IN_LNSRCH
WARNING: ABNORMAL_TERMINATION_IN_LNSRCH
263  TPM3u*H9      570888.173   1694 1145164.345  1145703.815  1157734.844
264  TPM3u*H10     570179.507   1882 1144123.014  1144800.800  1158088.585
265  TIMe          688789.381   188 1377954.761  1377960.610  1379349.834
266  TIMe+I        645939.714   189 1292257.429  1292263.340  1293659.922
267  TIMe+G4       607098.104   189 1214574.208  1214580.119  1215976.702
268  TIMe+I+G4     604971.488   190 1210322.975  1210328.949  1211732.890
269  TIMe+R2       617355.998   190 1235091.995  1235097.970  1236501.910
270  TIMe+R3       607226.963   192 1214837.927  1214844.028  1216262.682
271  TIMe+R4       604641.687   194 1209671.373  1209677.603  1211110.970
272  TIMe+R5       603938.122   196 1208268.244  1208274.604  1209722.682
273  TIMe+R6       603716.825   198 1207829.650  1207836.141  1209298.929
274  TIMe+R7       603620.103   200 1207640.207  1207646.830  1209124.327
275  TIMe+R8       603620.038   202 1207644.076  1207650.833  1209143.037
278  TIMe*H2       614994.741   377 1230743.482  1230767.309  1233541.049
279  TIMe*H3       593517.131   566 1188166.261  1188220.780  1192366.322
280  TIMe*H4       584688.718   755 1170887.435  1170985.982  1176489.989
WARNING: ABNORMAL_TERMINATION_IN_LNSRCH
WARNING: ABNORMAL_TERMINATION_IN_LNSRCH
281  TIMe*H5       580227.238   944 1162342.475  1162499.049  1169347.523
282  TIMe*H6       577443.498   1133 1157152.995  1157382.305  1165560.536
WARNING: ABNORMAL_TERMINATION_IN_LNSRCH
283  TIMe*H7       575729.647   1322 1154103.294  1154420.804  1163913.329
WARNING: ABNORMAL_TERMINATION_IN_LNSRCH
284  TIMe*H8       571936.522   1511 1146895.044  1147317.030  1158107.572
WARNING: ABNORMAL_TERMINATION_IN_LNSRCH
WARNING: Log-likelihood of TIMe*H9 worse than TIMe*H8
285  TIMe*H9       572107.976   1700 1147615.952  1148159.556  1160230.974
287  TIM+F         686163.104   191 1372708.209  1372714.246  1374125.544
288  TIM+F+I       640928.446   192 1282240.891  1282246.992  1283665.647
289  TIM+F+G4      597286.300   192 1194956.600  1194962.702  1196381.356
290  TIM+F+I+G4    594995.107   193 1190376.214  1190382.379  1191808.390
291  TIM+F+R2      609484.522   193 1219355.045  1219361.210  1220787.221
292  TIM+F+R3      598574.446   195 1197538.892  1197545.187  1198985.910
293  TIM+F+R4      595093.408   197 1190580.816  1190587.241  1192042.675
294  TIM+F+R5      594268.207   199 1188934.413  1188940.970  1190411.113
295  TIM+F+R6      593962.416   201 1188326.832  1188333.522  1189818.373
296  TIM+F+R7      593901.319   203 1188208.637  1188215.462  1189715.019
297  TIM+F+R8      593901.186   205 1188212.371  1188219.332  1189733.594
300  TIM*H2        608317.642   380 1217395.283  1217419.496  1220215.112
301  TIM*H3        588533.460   569 1178204.921  1178260.032  1182427.243
WARNING: ABNORMAL_TERMINATION_IN_LNSRCH
302  TIM*H4        581497.676   758 1164511.351  1164610.708  1170136.167
303  TIM*H5        576774.625   947 1155443.249  1155600.861  1162470.559
304  TIM*H6        574125.835   1136 1150523.671  1150754.257  1158953.474
305  TIM*H7        571967.224   1325 1146584.449  1146903.488  1156416.745
WARNING: ABNORMAL_TERMINATION_IN_LNSRCH
306  TIM*H8        569122.151   1514 1141272.302  1141696.083  1152507.093
WARNING: ABNORMAL_TERMINATION_IN_LNSRCH
307  TIM*H9        567883.848   1703 1139173.695  1139719.372  1151810.979
WARNING: ABNORMAL_TERMINATION_IN_LNSRCH
308  TIM*H10       567398.799   1892 1138581.599  1139267.261  1152621.376
309  TIM2e         688482.297   188 1377340.594  1377346.443  1378735.667
310  TIM2e+I       650360.644   189 1301099.289  1301105.200  1302501.782
311  TIM2e+G4      616086.816   189 1232551.632  1232557.543  1233954.125
312  TIM2e+I+G4    614234.490   190 1228848.981  1228854.955  1230258.895
313  TIM2e+R2      625051.175   190 1250482.350  1250488.324  1251892.264
314  TIM2e+R3      616035.708   192 1232455.415  1232461.517  1233880.171
315  TIM2e+R4      613902.297   194 1228192.593  1228198.823  1229632.190
316  TIM2e+R5      613201.262   196 1226794.525  1226800.884  1228248.963
317  TIM2e+R6      613026.640   198 1226449.280  1226455.771  1227918.559
318  TIM2e+R7      612950.331   200 1226300.661  1226307.284  1227784.781
319  TIM2e+R8      612950.196   202 1226304.393  1226311.150  1227803.354
322  TIM2e*H2      623408.922   377 1247571.844  1247595.671  1250369.411
323  TIM2e*H3      601936.302   566 1205004.603  1205059.122  1209204.664
324  TIM2e*H4      594749.966   755 1191009.931  1191108.478  1196612.485
325  TIM2e*H5      589690.206   944 1181268.412  1181424.986  1188273.459
326  TIM2e*H6      586828.972   1133 1175923.945  1176153.255  1184331.486
327  TIM2e*H7      584045.454   1322 1170734.907  1171052.418  1180544.942
328  TIM2e*H8      582184.262   1511 1167390.524  1167812.509  1178603.052
WARNING: ABNORMAL_TERMINATION_IN_LNSRCH
329  TIM2e*H9      580863.860   1700 1165127.720  1165671.324  1177742.742
WARNING: ABNORMAL_TERMINATION_IN_LNSRCH
WARNING: ABNORMAL_TERMINATION_IN_LNSRCH
330  TIM2e*H10     580062.375   1889 1163902.750  1164586.044  1177920.266
331  TIM2+F        685173.544   191 1370729.089  1370735.126  1372146.424
332  TIM2+F+I      641088.434   192 1282560.868  1282566.969  1283985.623
333  TIM2+F+G4     598740.402   192 1197864.804  1197870.905  1199289.559
334  TIM2+F+I+G4   596482.593   193 1193351.186  1193357.351  1194783.362
335  TIM2+F+R2     610617.527   193 1221621.053  1221627.218  1223053.229
336  TIM2+F+R3     600052.493   195 1200494.987  1200501.281  1201942.004
337  TIM2+F+R4     596568.362   197 1193530.724  1193537.149  1194992.582
338  TIM2+F+R5     595756.191   199 1191910.382  1191916.939  1193387.082
339  TIM2+F+R6     595428.869   201 1191259.738  1191266.428  1192751.279
340  TIM2+F+R7     595355.539   203 1191117.079  1191123.904  1192623.461
341  TIM2+F+R8     595355.200   205 1191120.399  1191127.360  1192641.622
344  TIM2*H2       608979.776   380 1218719.552  1218743.765  1221539.381
345  TIM2*H3       588984.877   569 1179107.754  1179162.865  1183330.076
346  TIM2*H4       581846.199   758 1165208.398  1165307.754  1170833.214
347  TIM2*H5       577555.158   947 1157004.316  1157161.927  1164031.625
348  TIM2*H6       575052.737   1136 1152377.474  1152608.060  1160807.277
349  TIM2*H7       572005.195   1325 1146660.390  1146979.430  1156492.687
350  TIM2*H8       570600.703   1514 1144229.407  1144653.187  1155464.197
351  TIM2*H9       569198.997   1703 1141803.995  1142349.672  1154441.279
352  TIM2*H10      568101.289   1892 1139986.578  1140672.240  1154026.356
353  TIM3e         697748.641   188 1395873.281  1395879.130  1397268.354
354  TIM3e+I       656935.192   189 1314248.385  1314254.296  1315650.878
355  TIM3e+G4      618656.018   189 1237690.036  1237695.947  1239092.530
356  TIM3e+I+G4    616597.948   190 1233575.896  1233581.870  1234985.810
357  TIM3e+R2      629188.233   190 1258756.465  1258762.439  1260166.379
358  TIM3e+R3      619049.649   192 1238483.298  1238489.400  1239908.054
359  TIM3e+R4      616387.548   194 1233163.095  1233169.325  1234602.692
360  TIM3e+R5      615715.841   196 1231823.682  1231830.041  1233278.120
361  TIM3e+R6      615414.241   198 1231224.483  1231230.973  1232693.762
362  TIM3e+R7      615337.770   200 1231075.539  1231082.163  1232559.660
363  TIM3e+R8      615337.620   202 1231079.240  1231085.997  1232578.201
366  TIM3e*H2      627477.739   377 1255709.477  1255733.304  1258507.044
367  TIM3e*H3      604642.547   566 1210417.094  1210471.612  1214617.154
368  TIM3e*H4      596536.198   755 1194582.395  1194680.941  1200184.949
369  TIM3e*H5      591288.170   944 1184464.339  1184620.913  1191469.387
370  TIM3e*H6      588249.751   1133 1178765.501  1178994.811  1187173.043
371  TIM3e*H7      586165.458   1322 1174974.915  1175292.425  1184784.950
372  TIM3e*H8      584293.361   1511 1171608.723  1172030.708  1182821.251
373  TIM3e*H9      583197.339   1700 1169794.678  1170338.282  1182409.700
WARNING: ABNORMAL_TERMINATION_IN_LNSRCH
WARNING: ABNORMAL_TERMINATION_IN_LNSRCH
374  TIM3e*H10     582264.507   1889 1168307.015  1168990.308  1182324.531
375  TIM3+F        690042.958   191 1380467.917  1380473.954  1381885.252
376  TIM3+F+I      643947.760   192 1288279.521  1288285.622  1289704.276
377  TIM3+F+G4     599331.760   192 1199047.521  1199053.622  1200472.276
378  TIM3+F+I+G4   597059.707   193 1194505.414  1194511.580  1195937.590
379  TIM3+F+R2     611829.744   193 1224045.488  1224051.654  1225477.664
380  TIM3+F+R3     600907.778   195 1202205.556  1202211.851  1203652.574
381  TIM3+F+R4     597205.120   197 1194804.241  1194810.666  1196266.099
382  TIM3+F+R5     596350.087   199 1193098.175  1193104.732  1194574.874
383  TIM3+F+R6     596044.961   201 1192491.921  1192498.611  1193983.462
384  TIM3+F+R7     595954.734   203 1192315.469  1192322.293  1193821.851
385  TIM3+F+R8     595954.623   205 1192319.245  1192326.206  1193840.469
388  TIM3*H2       610161.460   380 1221082.919  1221107.132  1223902.748
389  TIM3*H3       589674.129   569 1180486.259  1180541.370  1184708.581
390  TIM3*H4       582304.387   758 1166124.773  1166224.129  1171749.589
391  TIM3*H5       578046.619   947 1157987.238  1158144.850  1165014.547
392  TIM3*H6       575563.519   1136 1153399.037  1153629.624  1161828.840
393  TIM3*H7       573108.539   1325 1148867.078  1149186.118  1158699.375
394  TIM3*H8       571827.015   1514 1146682.031  1147105.811  1157916.821
395  TIM3*H9       571066.145   1703 1145538.290  1146083.967  1158175.574
397  TVMe          677895.508   189 1356169.015  1356174.927  1357571.509
398  TVMe+I        639634.037   190 1279648.074  1279654.048  1281057.989
399  TVMe+G4       603857.710   190 1208095.420  1208101.394  1209505.335
400  TVMe+I+G4     601923.753   191 1204229.506  1204235.543  1205646.840
401  TVMe+R2       613452.720   191 1227287.440  1227293.477  1228704.774
402  TVMe+R3       603986.116   193 1208358.231  1208364.397  1209790.408
403  TVMe+R4       601650.524   195 1203691.048  1203697.343  1205138.066
404  TVMe+R5       600914.018   197 1202222.036  1202228.461  1203683.894
405  TVMe+R6       600666.403   199 1201730.805  1201737.362  1203207.505
406  TVMe+R7       600580.471   201 1201562.943  1201569.633  1203054.484
407  TVMe+R8       600580.336   203 1201566.671  1201573.496  1203073.053
410  TVMe*H2       611800.340   379 1224358.681  1224382.764  1227171.088
411  TVMe*H3       591444.194   569 1184026.388  1184081.500  1188248.711
412  TVMe*H4       583080.046   759 1167678.092  1167777.719  1173310.329
413  TVMe*H5       578074.423   949 1158046.846  1158205.151  1165088.996
414  TVMe*H6       575148.825   1139 1152575.650  1152807.518  1161027.715
WARNING: ABNORMAL_TERMINATION_IN_LNSRCH
WARNING: ABNORMAL_TERMINATION_IN_LNSRCH
WARNING: ABNORMAL_TERMINATION_IN_LNSRCH
415  TVMe*H7       572606.391   1329 1147870.782  1148191.867  1157732.761
WARNING: ABNORMAL_TERMINATION_IN_LNSRCH
WARNING: ABNORMAL_TERMINATION_IN_LNSRCH
WARNING: ABNORMAL_TERMINATION_IN_LNSRCH
WARNING: ABNORMAL_TERMINATION_IN_LNSRCH
WARNING: ABNORMAL_TERMINATION_IN_LNSRCH
WARNING: ABNORMAL_TERMINATION_IN_LNSRCH
WARNING: ABNORMAL_TERMINATION_IN_LNSRCH
416  TVMe*H8       571379.300   1519 1145796.600  1146223.380  1157068.494
WARNING: ABNORMAL_TERMINATION_IN_LNSRCH
WARNING: ABNORMAL_TERMINATION_IN_LNSRCH
417  TVMe*H9       569362.390   1709 1142142.781  1142692.619  1154824.588
WARNING: ABNORMAL_TERMINATION_IN_LNSRCH
WARNING: ABNORMAL_TERMINATION_IN_LNSRCH
WARNING: ABNORMAL_TERMINATION_IN_LNSRCH
WARNING: ABNORMAL_TERMINATION_IN_LNSRCH
WARNING: ABNORMAL_TERMINATION_IN_LNSRCH
WARNING: ABNORMAL_TERMINATION_IN_LNSRCH
WARNING: ABNORMAL_TERMINATION_IN_LNSRCH
WARNING: ABNORMAL_TERMINATION_IN_LNSRCH
WARNING: ABNORMAL_TERMINATION_IN_LNSRCH
WARNING: ABNORMAL_TERMINATION_IN_LNSRCH
WARNING: ABNORMAL_TERMINATION_IN_LNSRCH
WARNING: ABNORMAL_TERMINATION_IN_LNSRCH
WARNING: ABNORMAL_TERMINATION_IN_LNSRCH
WARNING: ABNORMAL_TERMINATION_IN_LNSRCH
WARNING: ABNORMAL_TERMINATION_IN_LNSRCH
WARNING: ABNORMAL_TERMINATION_IN_LNSRCH
WARNING: ABNORMAL_TERMINATION_IN_LNSRCH
WARNING: ABNORMAL_TERMINATION_IN_LNSRCH
WARNING: ABNORMAL_TERMINATION_IN_LNSRCH
WARNING: ABNORMAL_TERMINATION_IN_LNSRCH
WARNING: ABNORMAL_TERMINATION_IN_LNSRCH
418  TVMe*H10      568332.709   1899 1140463.419  1141154.625  1154555.140
419  TVM+F         683727.347   192 1367838.693  1367844.794  1369263.449
420  TVM+F+I       639905.016   193 1280196.031  1280202.197  1281628.208
421  TVM+F+G4      597850.830   193 1196087.661  1196093.826  1197519.837
422  TVM+F+I+G4    595403.050   194 1191194.099  1191200.329  1192633.696
423  TVM+F+R2      609434.914   194 1219257.827  1219264.057  1220697.424
424  TVM+F+R3      598804.641   196 1198001.283  1198007.642  1199455.721
425  TVM+F+R4      595495.774   198 1191387.549  1191394.039  1192856.828
426  TVM+F+R5      594618.162   200 1189636.325  1189642.948  1191120.445
427  TVM+F+R6      594378.665   202 1189161.331  1189168.088  1190660.292
428  TVM+F+R7      594314.521   204 1189037.043  1189043.935  1190550.845
429  TVM+F+R8      594314.450   206 1189040.899  1189047.928  1190569.543
432  TVM*H2        607682.314   382 1216128.628  1216153.100  1218963.298
433  TVM*H3        588112.415   572 1177368.831  1177424.539  1181613.415
434  TVM*H4        580322.391   762 1162168.781  1162269.223  1167823.279
435  TVM*H5        576263.618   952 1154431.236  1154590.585  1161495.648
WARNING: ABNORMAL_TERMINATION_IN_LNSRCH
436  TVM*H6        573138.249   1142 1148560.498  1148793.651  1157034.825
437  TVM*H7        571718.845   1332 1146101.690  1146424.313  1155985.931
438  TVM*H8        569538.488   1522 1142120.976  1142549.562  1153415.131
439  TVM*H9        568560.958   1712 1140545.916  1141097.842  1153249.985
440  TVM*H10       567443.432   1902 1138690.865  1139384.456  1152804.848
441  SYM           677721.121   190 1355822.243  1355828.217  1357232.157
442  SYM+I         639247.760   191 1278877.519  1278883.557  1280294.854
443  SYM+G4        602843.219   191 1206068.438  1206074.475  1207485.772
444  SYM+I+G4      600897.704   192 1202179.408  1202185.509  1203604.163
445  SYM+R2        612625.326   192 1225634.653  1225640.754  1227059.408
446  SYM+R3        603065.530   194 1206519.059  1206525.289  1207958.656
447  SYM+R4        600610.708   196 1201613.416  1201619.776  1203067.854
448  SYM+R5        599921.966   198 1200239.931  1200246.422  1201709.210
449  SYM+R6        599614.564   200 1199629.129  1199635.752  1201113.249
450  SYM+R7        599513.368   202 1199430.737  1199437.494  1200929.698
451  SYM+R8        599513.317   204 1199434.633  1199441.526  1200948.436
454  SYM*H2        610995.842   381 1222753.685  1222778.027  1225580.934
455  SYM*H3        590973.782   572 1183091.564  1183147.272  1187336.148
456  SYM*H4        582232.570   763 1165991.139  1166091.853  1171653.058
WARNING: ABNORMAL_TERMINATION_IN_LNSRCH
457  SYM*H5        577613.824   954 1157135.649  1157295.696  1164214.903
458  SYM*H6        574493.457   1145 1151276.914  1151511.356  1159773.502
WARNING: ABNORMAL_TERMINATION_IN_LNSRCH
459  SYM*H7        571160.116   1336 1144992.232  1145316.913  1154906.155
460  SYM*H8        570776.485   1527 1144606.970  1145038.575  1155938.228
463  GTR+F         683692.215   193 1367770.430  1367776.596  1369202.606
464  GTR+F+I       639788.045   194 1279964.091  1279970.320  1281403.687
465  GTR+F+G4      597203.103   194 1194794.206  1194800.436  1196233.803
466  GTR+F+I+G4    594937.437   195 1190264.875  1190271.169  1191711.892
467  GTR+F+R2      609218.899   195 1218827.798  1218834.093  1220274.816
468  GTR+F+R3      598472.470   197 1197338.941  1197345.366  1198800.799
469  GTR+F+R4      595029.175   199 1190456.351  1190462.908  1191933.050
470  GTR+F+R5      594214.986   201 1188831.972  1188838.662  1190323.513
471  GTR+F+R6      593896.340   203 1188198.680  1188205.505  1189705.062
472  GTR+F+R7      593830.811   205 1188071.622  1188078.582  1189592.845
473  GTR+F+R8      593830.652   207 1188075.305  1188082.403  1189611.369
476  GTR*H2        607293.523   384 1215355.047  1215379.779  1218204.558
477  GTR*H3        587805.334   575 1176760.668  1176816.975  1181027.514
478  GTR*H4        580091.960   766 1161715.919  1161817.453  1167400.100
479  GTR*H5        574794.329   957 1151502.659  1151663.756  1158604.174
480  GTR*H6        572823.738   1148 1147943.476  1148179.210  1156462.326
481  GTR*H7        570012.640   1339 1142703.280  1143029.509  1152639.465
482  GTR*H8        569480.041   1530 1142020.082  1142453.504  1153373.602
Akaike Information Criterion:           TIM*H10
Corrected Akaike Information Criterion: TIM*H10
Bayesian Information Criterion:         TIM*H9
Best-fit model: TIM*H9 chosen according to BIC

All model information printed to MafftGhostBaseFreqLinkedBNNI.model.gz
CPU time for ModelFinder: 51661.024 seconds (14h:21m:1s)
Wall-clock time for ModelFinder: 51717.392 seconds (14h:21m:57s)
Generating 1000 samples for ultrafast bootstrap (seed: 802895)...

NOTE: 290 MB RAM (0 GB) is required!
Estimate model parameters (epsilon = 0.100)
(NC_003372[0.011732/0.128846/0.166631/0.922970/0.395358/0.571001/0.268818/1.055988/0.618325]:0.459963,(((((((((((((((NC_003970[0.010298/0.108128/0.187065/1.030967/0.656303/0.449730/0.262686/0.668507/0.480403]:0.428232,NC_030060[0.005339/0.065779/0.126319/0.279319/0.377764/0.326445/0.239064/0.731398/0.531267]:0.298077)[0.004611/0.036395/0.030164/0.296084/0.105698/0.037799/0.021734/0.069745/0.067792]:0.074447,NC_027176[0.007977/0.052299/0.122963/0.894973/0.428402/0.300644/0.187021/0.664686/0.504516]:0.351498)[0.000002/0.024093/0.021099/0.096803/0.101149/0.108610/0.030608/0.023551/0.123195]:0.058790,(NC_010964[0.007688/0.082910/0.126450/2.246931/0.438368/0.449874/0.254316/0.625007/0.545605]:0.530794,NC_013576[0.010184/0.163681/0.161937/0.854845/0.650560/0.578008/0.313897/0.758727/0.628654]:0.457833)[0.000232/0.008293/0.009813/0.042302/0.050912/0.015751/0.008865/0.000002/0.060986]:0.021906)[0.000002/0.002822/0.007009/0.000003/0.027280/0.059411/0.035926/0.062905/0.011757]:0.023013,(NC_009964[0.001563/0.032299/0.107193/0.227133/0.425143/0.304682/0.176134/0.828430/0.665826]:0.307600,NC_028541[0.000834/0.012722/0.091183/0.245893/0.336163/0.305484/0.191662/0.872526/0.593434]:0.294434)[0.000002/0.006420/0.046874/0.000002/0.240174/0.116699/0.067639/0.327546/0.296948]:0.122478)[0.001091/0.031938/0.039569/0.037232/0.142602/0.120695/0.053658/0.019301/0.180306]:0.069599,(((NC_011328[0.013706/0.146196/0.323469/0.227326/1.321587/0.483156/0.466612/1.036598/1.993181]:0.667981,NC_013580[0.003855/0.070463/0.202234/0.275556/0.644047/0.506876/0.346695/1.944441/1.082015]:0.564020)[0.000003/0.000936/0.004913/0.000002/0.000003/0.016559/0.028101/0.126390/0.153106]:0.036668,(NC_012765[0.003055/0.042187/0.148944/0.321758/0.573760/0.371119/0.325999/0.996285/0.920245]:0.411484,NC_030758[0.005078/0.057303/0.173574/0.538029/0.622910/0.366100/0.304878/1.148610/0.918303]:0.459421)[0.000262/0.007764/0.016955/0.000003/0.116690/0.088807/0.017854/0.172290/0.145870]:0.062944)[0.000002/0.009888/0.038525/0.031237/0.129603/0.055359/0.021346/0.105602/0.000002]:0.043507,(NC_013582[0.002537/0.084796/0.211933/0.232066/0.618599/0.477205/0.313297/1.517046/1.427406]:0.542765,NC_042820[0.010311/0.100880/0.122734/0.485699/0.861827/0.500675/0.297745/0.814261/0.968183]:0.462480)[0.001069/0.045128/0.036838/0.014056/0.336737/0.098432/0.088095/0.116121/0.116928]:0.094823)[0.000002/0.000003/0.012315/0.000002/0.000002/0.011420/0.018269/0.000003/0.000002]:0.004669)[0.000002/0.000002/0.003658/0.007999/0.000002/0.041315/0.011760/0.000002/0.000534]:0.007253,(NC_036275[0.000440/0.027652/0.106394/0.448055/0.443119/0.349950/0.193113/1.187582/0.766953]:0.391473,NC_036279[0.003625/0.034119/0.085910/0.514463/0.399103/0.407747/0.153461/0.780658/0.604909]:0.331555)[0.000272/0.005230/0.016098/0.000002/0.062412/0.156780/0.037406/0.058161/0.047645]:0.042667)[0.000002/0.001916/0.008120/0.000003/0.037960/0.019248/0.026397/0.100498/0.075535]:0.029964,((((NC_018353[0.007985/0.120388/0.139083/0.638761/0.727290/0.676669/0.426163/1.191138/1.278341]:0.578424,NC_028603[0.004773/0.113933/0.294584/0.247926/0.891895/0.577551/0.519579/4.356600/3.043988]:1.116759)[0.000002/0.021579/0.021396/0.000002/0.027045/0.088108/0.037158/0.000002/0.016797]:0.023565,NC_037200[0.001755/0.082971/0.083172/0.858480/0.448190/0.521809/0.283748/0.796782/0.606246]:0.409239)[0.000003/0.002559/0.009976/0.029341/0.001179/0.000003/0.016879/0.000003/0.025167]:0.009457,NC_028607[0.004183/0.081112/0.138062/0.630827/0.513009/0.640153/0.314129/1.015521/0.945254]:0.475806)[0.000003/0.001907/0.004252/0.000002/0.000002/0.020015/0.012610/0.000002/0.000002]:0.004311,((((NC_023246[0.004297/0.054945/0.157815/0.165861/0.489892/0.342036/0.277648/1.268336/0.861853]:0.402520,NC_030778[0.001898/0.031049/0.085050/0.661386/0.325420/0.280711/0.194206/0.441909/0.486559]:0.278688)[0.001068/0.019735/0.011455/0.058459/0.050016/0.124382/0.030705/0.336107/0.158850]:0.087864,NC_027580[0.001747/0.066175/0.175694/0.230236/0.556238/0.415040/0.397955/1.312469/1.044015]:0.466619)[0.000002/0.000821/0.022521/0.000002/0.115098/0.038146/0.034102/0.143970/0.121653]:0.052924,NC_042614[0.003203/0.034348/0.117345/0.412315/0.422023/0.495390/0.245382/0.853943/0.665743]:0.361077)[0.000002/0.001534/0.000002/0.000003/0.043676/0.015371/0.000973/0.375202/0.106981]:0.060416,NC_042922[0.002856/0.061208/0.101792/0.535200/0.472712/0.435455/0.257345/0.739471/0.679902]:0.365105)[0.000239/0.001718/0.014957/0.002900/0.023141/0.069960/0.028428/0.078150/0.083965]:0.033718)[0.000002/0.000003/0.000002/0.022495/0.000002/0.060400/0.004978/0.034001/0.008658]:0.014505)[0.000002/0.000003/0.000453/0.007283/0.099524/0.000003/0.000677/0.034007/0.012572]:0.017169,(((NC_011320[0.002257/0.097195/0.145523/0.285727/0.487776/0.530978/0.293768/1.077159/0.768717]:0.409900,NC_036278[0.017934/0.168176/0.201895/2.353079/0.379139/0.622873/0.381490/0.823675/0.554420]:0.611409)[0.000529/0.009925/0.000002/0.062195/0.017020/0.080246/0.000002/0.000002/0.000002]:0.018880,(((NC_011322[0.000509/0.069787/0.057619/0.257357/0.229418/0.386778/0.230423/0.414168/0.392042]:0.226456,NC_036265[0.001342/0.128103/0.122217/0.314665/0.325996/0.484154/0.303687/0.677028/0.512130]:0.318813)[0.000002/0.013965/0.009436/0.036853/0.009368/0.091258/0.020925/0.017927/0.026897]:0.025181,NC_012144[0.003044/0.084900/0.084718/0.408951/0.256926/0.368632/0.205654/0.803475/0.475360]:0.299073)[0.000260/0.007507/0.012567/0.000003/0.025000/0.124965/0.036886/0.106795/0.024141]:0.037569,((((NC_011329[0.000782/0.012598/0.037871/0.133228/0.109232/0.151390/0.070887/0.290688/0.187869]:0.110505,NC_016469[0.001407/0.021278/0.020174/0.191518/0.148082/0.190680/0.074267/0.382125/0.210633]:0.137796)[0.000255/0.003375/0.000651/0.017956/0.029019/0.049411/0.020489/0.077534/0.043114]:0.026867,(NC_030592[0.001011/0.028900/0.043569/0.305333/0.223490/0.170147/0.101475/0.406795/0.277599]:0.173146,NC_036261[0.001147/0.036090/0.046262/0.266392/0.198463/0.261365/0.143843/0.427379/0.430162]:0.201234)[0.000002/0.009074/0.013973/0.004864/0.017634/0.092192/0.020507/0.036550/0.011719]:0.022946)[0.000002/0.005278/0.008449/0.069232/0.014335/0.065919/0.030256/0.047712/0.065657]:0.034093,((NC_012139[0.000467/0.007314/0.031197/0.202027/0.126602/0.170668/0.102091/0.390551/0.283415]:0.146037,NC_036271[0.001667/0.040819/0.054068/0.364849/0.235525/0.317161/0.113353/0.530789/0.386891]:0.227236)[0.000002/0.002835/0.008847/0.003138/0.027716/0.081014/0.016339/0.028074/0.000713]:0.018742,(NC_013249[0.002210/0.055810/0.072534/0.445802/0.299508/0.352898/0.176054/0.639257/0.482674]:0.280750,NC_030593[0.000318/0.043534/0.050241/0.410515/0.242945/0.312134/0.145517/0.639092/0.414901]:0.251022)[0.000003/0.007987/0.002829/0.000003/0.035559/0.027358/0.002771/0.000002/0.010399]:0.009657)[0.000002/0.002582/0.001995/0.021907/0.018558/0.016282/0.008524/0.037290/0.015325]:0.013607)[0.000002/0.011089/0.000003/0.000002/0.006785/0.035942/0.012948/0.064762/0.026238]:0.017530,(NC_035714[0.002455/0.068166/0.097394/0.415022/0.454025/0.357257/0.225343/0.759890/0.521101]:0.322295,NC_037749[0.004461/0.057641/0.087792/0.424330/0.397009/0.369436/0.228874/0.851258/0.632153]:0.339217)[0.000420/0.004836/0.009660/0.259886/0.045667/0.021111/0.007462/0.052111/0.000484]:0.044626)[0.000388/0.027341/0.020331/0.007862/0.079614/0.099860/0.087084/0.065413/0.110029]:0.055325)[0.000002/0.020187/0.011789/1.273629/0.057174/0.113476/0.054277/0.083000/0.071743]:0.187253)[0.000003/0.020117/0.026824/0.000003/0.063456/0.040937/0.060637/0.120465/0.104800]:0.048582,(NC_036678[0.003862/0.093754/0.135040/1.728527/0.437572/0.330730/0.219923/0.693590/0.845407]:0.498712,NC_038197[0.005091/0.069818/0.181406/1.458327/0.327483/0.705087/0.304091/0.764370/0.595842]:0.490168)[0.001610/0.048606/0.042214/0.247852/0.198746/0.398029/0.229902/0.179941/0.218910]:0.173979)[0.000002/0.000846/0.002061/0.282408/0.020957/0.050138/0.008027/0.000002/0.065816]:0.047806)[0.000002/0.000003/0.000002/0.001327/0.000003/0.032507/0.001536/0.053775/0.000003]:0.009906,((((NC_018349[0.001672/0.037566/0.078074/0.169504/0.405235/0.317496/0.113606/0.778888/0.514600]:0.268516,NC_028612[0.000002/0.029465/0.066489/0.476139/0.271874/0.392463/0.224526/0.914987/0.420161]:0.310678)[0.001130/0.011295/0.022066/0.000002/0.077709/0.044288/0.019955/0.063179/0.126698]:0.040702,NC_036270[0.002051/0.038799/0.045495/1.094910/0.232524/0.546829/0.203958/0.663192/0.354197]:0.353551)[0.000143/0.012649/0.008246/0.123703/0.047486/0.119252/0.040495/0.031054/0.075740]:0.050974,(NC_038115[0.001619/0.047233/0.087964/0.249176/0.376134/0.401802/0.164919/0.845374/0.735677]:0.323322,NC_039689[0.001783/0.030911/0.068396/0.741580/0.222500/0.358441/0.180486/0.587080/0.411710]:0.289210)[0.000500/0.008439/0.009953/0.520762/0.020169/0.121378/0.046817/0.156112/0.072201]:0.106259)[0.000003/0.000002/0.002427/0.116154/0.019495/0.066494/0.004624/0.019287/0.073884]:0.033597,(((NC_018352[0.003473/0.028275/0.079599/0.517900/0.338213/0.411660/0.139129/0.945701/0.505460]:0.329934,NC_028601[0.000786/0.027925/0.053372/0.170392/0.364735/0.344826/0.186521/0.785383/0.583128]:0.279674)[0.000003/0.000002/0.002787/0.000002/0.008976/0.060593/0.018225/0.000002/0.025886]:0.012942,(NC_028609[0.002639/0.091000/0.103109/0.635117/0.440392/0.550278/0.273376/0.902575/0.720672]:0.413240,NC_028611[0.002725/0.060491/0.112426/0.858055/0.368797/0.414964/0.267182/0.751440/0.601959]:0.382004)[0.000218/0.005587/0.004735/0.000002/0.020423/0.074200/0.019732/0.000002/0.035554]:0.017828)[0.000002/0.000003/0.000003/0.000002/0.026079/0.004251/0.000003/0.075441/0.000002]:0.011754,((NC_028605[0.000380/0.031676/0.067622/0.427649/0.210632/0.531545/0.130602/0.671831/0.404009]:0.275105,NC_028613[0.001871/0.045555/0.082173/0.495363/0.316045/0.431647/0.171271/0.801137/0.521950]:0.318557)[0.000146/0.003661/0.003085/0.000003/0.030482/0.038438/0.004817/0.000003/0.006556]:0.009688,(NC_028606[0.001889/0.039428/0.055132/0.322847/0.279288/0.486103/0.138729/0.813520/0.520242]:0.295242,NC_036273[0.001806/0.080857/0.114554/0.598028/0.281596/0.649260/0.278151/0.733359/0.664982]:0.378066)[0.000289/0.001084/0.002439/0.152421/0.000003/0.041443/0.014278/0.025319/0.000002]:0.026364)[0.000003/0.000002/0.000002/0.496441/0.000002/0.003521/0.005181/0.049317/0.019813]:0.063809)[0.000220/0.009384/0.007063/0.239899/0.023461/0.092917/0.026845/0.015991/0.070872]:0.054072)[0.000003/0.000002/0.001042/0.135126/0.010172/0.025974/0.005163/0.106622/0.035608]:0.035524)[0.000001/0.011154/0.012027/0.000002/0.047819/0.068478/0.059031/0.065482/0.091413]:0.039490,(((NC_011324[0.001861/0.053690/0.074718/0.439616/0.286434/0.504661/0.229387/0.729855/0.568117]:0.320926,NC_033340[0.001740/0.055655/0.068870/0.568094/0.258428/0.372717/0.185618/0.630826/0.419391]:0.284593)[0.000002/0.012293/0.006906/0.137045/0.083819/0.177621/0.084570/0.036677/0.103036]:0.071330,NC_036267[0.002334/0.049821/0.073519/0.260606/0.306568/0.451068/0.187818/0.938871/0.639127]:0.323304)[0.000002/0.006626/0.007136/0.991722/0.035092/0.065647/0.026608/0.014125/0.083569]:0.136725,(((NC_013254[0.001617/0.076545/0.128217/0.547758/0.548141/0.457270/0.284217/1.040372/0.828462]:0.434733,NC_036277[0.010911/0.134917/0.268790/0.611578/0.659236/0.598151/0.431229/0.908807/0.899493]:0.502568)[0.000886/0.016685/0.013601/0.000002/0.103968/0.126938/0.060596/0.266901/0.277830]:0.096379,((((((NC_024633[0.000404/0.005849/0.074646/0.180384/0.239894/0.131122/0.057229/0.333913/0.280645]:0.144898,NC_037196[0.000001/0.006750/0.042452/0.252256/0.173512/0.151115/0.086841/0.389546/0.325304]:0.158642)[0.000765/0.033858/0.053883/0.040390/0.374129/0.213838/0.101262/0.404766/0.355882]:0.175419,NC_027256[0.001471/0.038885/0.145372/0.199628/0.400106/0.313708/0.170069/1.004059/0.886587]:0.351098)[0.000003/0.004384/0.021193/0.010984/0.073500/0.036040/0.019302/0.000002/0.000002]:0.018379,NC_025332[0.000980/0.039446/0.047357/0.243033/0.339293/0.340886/0.196453/0.891663/0.557018]:0.295126)[0.000001/0.007119/0.039922/0.020052/0.227367/0.095399/0.052879/0.175934/0.264623]:0.098144,NC_039657[0.007618/0.068860/0.206053/0.481139/0.457222/0.539740/0.389720/1.612224/1.241797]:0.556041)[0.000002/0.001252/0.018160/0.000002/0.122957/0.000002/0.003959/0.000003/0.000002]:0.016260,NC_036269[0.001034/0.044849/0.075873/1.596139/0.341740/0.433469/0.164486/0.633948/0.366211]:0.406416)[0.000003/0.000002/0.000560/0.000003/0.016475/0.000003/0.000002/0.045584/0.000003]:0.006959,(NC_036274[0.002255/0.061697/0.079135/0.400775/0.196529/0.351058/0.248836/0.647064/0.516490]:0.278204,NC_036276[0.001305/0.028895/0.070471/0.164487/0.285784/0.269315/0.153897/0.647880/0.516683]:0.237635)[0.000002/0.002814/0.012674/1.341659/0.008442/0.263281/0.026197/0.000002/0.000002]:0.183897)[0.000029/0.006201/0.003829/0.000002/0.025516/0.029257/0.032970/0.023837/0.207286]:0.036548)[0.000002/0.010745/0.013873/0.000003/0.056778/0.027445/0.058867/0.173695/0.000002]:0.037934,(NC_024271[0.002474/0.052893/0.068779/0.000003/0.292824/0.504842/0.196886/0.681650/0.599349]:0.266633,(NC_041172[0.011158/0.140865/0.164648/2.143995/0.395099/0.394563/0.284578/0.622267/0.581814]:0.526554,NC_042417[0.006098/0.107930/0.129609/0.578085/0.388176/0.483891/0.229844/0.578816/0.410134]:0.323620)[0.001865/0.083850/0.089575/0.154289/0.227380/0.308838/0.188163/0.308146/0.189616]:0.172414)[0.000228/0.006773/0.000002/1.514817/0.027635/0.082922/0.059397/0.019338/0.073464]:0.198286)[0.000003/0.000003/0.000002/0.000003/0.000002/0.033245/0.004568/0.000002/0.000571]:0.004267)[0.000003/0.000002/0.001535/0.000002/0.001972/0.023566/0.000002/0.017035/0.041970]:0.009565)[0.000002/0.020827/0.005529/0.071127/0.025255/0.095395/0.038199/0.090431/0.101288]:0.049783,((((NC_018354[0.001521/0.065368/0.075469/0.604734/0.256091/0.331947/0.136056/0.575791/0.396606]:0.271509,NC_027577[0.010707/0.101097/0.137007/0.528756/0.435786/0.428683/0.231413/0.720483/0.532170]:0.347345)[0.001501/0.017445/0.015407/0.136637/0.093832/0.026844/0.058277/0.056293/0.166850]:0.063676,((NC_022680[0.009663/0.074304/0.114125/0.321077/0.369494/0.276728/0.217065/0.650243/0.480214]:0.279212,NC_025945[0.001737/0.090151/0.087054/0.650631/0.304457/0.310766/0.191338/0.687959/0.459991]:0.309343)[0.000002/0.018401/0.016591/0.000002/0.045457/0.070143/0.031741/0.048555/0.000003]:0.025655,(NC_034293[0.001783/0.071559/0.151010/0.409793/0.408564/0.399764/0.173357/0.564077/0.444277]:0.291576,NC_041669[0.012076/0.156775/0.197028/0.552735/0.444339/0.489727/0.251787/0.867103/0.586566]:0.395348)[0.000002/0.006814/0.005604/0.102569/0.000002/0.003004/0.033859/0.042678/0.008934]:0.022607)[0.000915/0.034486/0.041439/0.178850/0.111740/0.123624/0.079881/0.123966/0.223047]:0.101994)[0.000002/0.011900/0.004500/0.064036/0.019843/0.028889/0.033162/0.075890/0.000002]:0.026470,(NC_030764[0.007891/0.163258/0.188553/0.384227/0.450889/0.559602/0.341777/0.946408/0.922679]:0.440587,NC_036291[0.010890/0.187819/0.247099/0.469981/0.699093/0.464569/0.535442/1.450545/0.935795]:0.555693)[0.000622/0.014202/0.017546/0.027178/0.044928/0.064164/0.023680/0.016369/0.048465]:0.028573)[0.000688/0.058518/0.035819/0.132748/0.089082/0.148014/0.057499/0.240547/0.158507]:0.102380,(NC_027114[0.000779/0.040010/0.071205/0.666484/0.214833/0.303515/0.122677/0.574639/0.382223]:0.264040,NC_036108[0.002503/0.061125/0.088300/0.158372/0.331072/0.343143/0.213914/0.657179/0.426786]:0.253599)[0.001973/0.041572/0.034024/0.680449/0.123858/0.264537/0.094183/0.116326/0.288721]:0.182849)[0.000002/0.002283/0.002968/0.046274/0.000002/0.000002/0.021002/0.018082/0.027155]:0.013086)[0.000002/0.000002/0.000003/0.000002/0.014517/0.019080/0.000002/0.016500/0.004620]:0.006081,(((NC_025243[0.003511/0.052816/0.137408/0.328155/0.394932/0.305724/0.196314/0.925820/0.670447]:0.335014,(NC_029515[0.004148/0.058055/0.181148/0.322591/0.603392/0.455988/0.247252/1.037287/1.044444]:0.439367,NC_038089[0.002059/0.032823/0.139499/0.403034/0.443792/0.380967/0.184047/1.264356/0.728067]:0.397627)[0.000003/0.003416/0.017907/0.000003/0.000002/0.000003/0.038798/0.119613/0.000003]:0.019972)[0.000002/0.000003/0.021403/0.000002/0.195131/0.006294/0.008163/0.100206/0.131959]:0.051463,NC_043883[0.001724/0.028020/0.042724/1.189170/0.255682/0.537028/0.213462/0.597358/0.552017]:0.379687)[0.000003/0.000663/0.000002/0.000003/0.026710/0.029841/0.000003/0.004329/0.000003]:0.006840,NC_038090[0.001367/0.045386/0.059235/1.195898/0.251591/0.447258/0.153531/0.678758/0.511630]:0.371628)[0.000003/0.005147/0.005011/0.000002/0.034362/0.032034/0.027253/0.173257/0.066330]:0.038156)[0.000003/0.001139/0.001410/0.173724/0.000003/0.018956/0.000003/0.000003/0.006989]:0.022470,((NC_011326[0.000963/0.030960/0.096798/0.437261/0.296885/0.332307/0.145041/0.734286/0.553083]:0.291954,NC_018350[0.001647/0.057377/0.085243/0.347906/0.344590/0.437158/0.195324/0.653421/0.587958]:0.301180)[0.000002/0.002971/0.009395/0.000003/0.007613/0.000003/0.005353/0.222612/0.000003]:0.027550,NC_028203[0.004063/0.071120/0.106096/0.516622/0.431275/0.495757/0.295994/0.861159/0.689281]:0.385708)[0.000272/0.004417/0.000003/0.259728/0.027372/0.080981/0.034668/0.085096/0.092736]:0.065030)[0.000003/0.000002/0.004003/0.000002/0.000002/0.012559/0.011375/0.018260/0.009429]:0.006182,(NC_036104[0.003115/0.053193/0.078158/0.665922/0.347688/0.440571/0.179908/0.601474/0.692209]:0.340249,NC_036266[0.004156/0.120511/0.100609/0.827609/0.361402/0.504507/0.330761/0.801781/0.738477]:0.421090)[0.000001/0.010598/0.003861/0.111479/0.015086/0.085685/0.030440/0.156036/0.030116]:0.049256)[0.000001/0.010248/0.002067/0.000002/0.023868/0.073529/0.008915/0.000002/0.000003]:0.013182,NC_035677[0.001840/0.064274/0.097590/0.774489/0.330638/0.469111/0.205622/1.332284/0.638603]:0.434939)[0.000003/0.000003/0.000002/0.000002/0.066542/0.000002/0.035122/0.031418/0.060788]:0.021543,(NC_042198[0.012544/0.259011/0.319072/0.639178/0.890358/0.695699/0.422375/0.984162/1.193810]:0.601801,NC_042828[0.013359/0.163636/0.341465/0.341208/0.941507/0.501653/0.365288/1.451124/1.112615]:0.581317)[0.000003/0.007748/0.000002/0.034696/0.006661/0.112613/0.013727/0.040128/0.078574]:0.032684);
Site proportion and rates:  (0.169642,0.057736) (0.120554,3.085962) (0.152907,6.531608) (0.036110,27.644154) (0.153170,6.515806) (0.158822,6.288508) (0.115383,8.654422) (0.061592,16.204915) (0.031819,31.392222)
Partition Noname
score: -635749.305294  old_score: -611372.488518
ERROR: ratefree.cpp:539: double RateFree::optimizeWithEM(): Assertion `score > old_score-0.1' failed.
ERROR: STACK TRACE FOR DEBUGGING:
ERROR: 
ERROR: *** IQ-TREE CRASHES WITH SIGNAL ABORTED
ERROR: *** For bug report please send to developers:
ERROR: ***    Log file: MafftGhostBaseFreqLinkedBNNI.log
ERROR: ***    Alignment files (if possible)
