IQ-TREE multicore version 1.6.10 for Linux 64-bit built Feb 19 2019
Developed by Bui Quang Minh, Nguyen Lam Tung, Olga Chernomor,
Heiko Schmidt, Dominik Schrempf, Michael Woodhams.

Host:    hpc-watson (AVX, 251 GB RAM)
Command: iqtree -s MafftSM.fasta -pre MafftGhostBothLinkedBNNI -m MFP+H4 -bb 1000 -bnni
Seed:    375508 (Using SPRNG - Scalable Parallel Random Number Generator)
Time:    Sun Sep 13 01:10:19 2020
Kernel:  AVX - 1 threads (40 CPU cores detected)

HINT: Use -nt option to specify number of threads because your CPU has 40 cores!
HINT: -nt AUTO will automatically determine the best number of threads to use.

Reading alignment file MafftSM.fasta ... Fasta format detected
Alignment most likely contains DNA/RNA sequences
Alignment has 94 sequences with 12340 columns, 9304 distinct patterns
8208 parsimony-informative, 995 singleton sites, 3137 constant sites
           Gap/Ambiguity  Composition  p-value
   1  NC_003372    9.94%    failed      0.18%
   2  NC_003970   10.13%    failed      0.00%
   3  NC_009964    9.72%    failed      0.00%
   4  NC_010964   10.01%    failed      0.00%
   5  NC_011320    9.58%    passed     12.50%
   6  NC_011322    9.57%    failed      0.00%
   7  NC_011324   10.19%    failed      0.00%
   8  NC_011326    9.83%    passed     92.84%
   9  NC_011328    9.69%    failed      0.00%
  10  NC_011329    9.17%    failed      0.00%
  11  NC_012139    9.08%    failed      0.00%
  12  NC_012144    9.00%    failed      0.00%
  13  NC_012765    9.52%    failed      0.00%
  14  NC_013249    9.48%    failed      0.29%
  15  NC_013254   10.29%    failed      0.00%
  16  NC_013576   10.63%    failed      0.00%
  17  NC_013580    9.67%    failed      0.00%
  18  NC_013582   10.24%    failed      0.00%
  19  NC_016469    9.02%    failed      0.00%
  20  NC_018349    9.88%    failed      1.72%
  21  NC_018350   10.06%    failed      4.49%
  22  NC_018352    9.89%    passed     42.42%
  23  NC_018353   11.51%    failed      0.00%
  24  NC_018354    9.72%    failed      0.00%
  25  NC_022680    9.59%    passed     18.55%
  26  NC_023246    9.79%    failed      0.00%
  27  NC_024271   10.01%    failed      0.00%
  28  NC_024633    9.89%    failed      0.00%
  29  NC_025243    9.98%    failed      0.00%
  30  NC_025332    9.97%    failed      0.00%
  31  NC_025945    9.72%    failed      0.00%
  32  NC_027114    9.89%    failed      0.00%
  33  NC_027176    9.84%    failed      0.00%
  34  NC_027256   10.41%    failed      0.00%
  35  NC_027577    9.85%    failed      0.69%
  36  NC_027580    9.94%    failed      0.00%
  37  NC_028203    9.93%    failed      0.02%
  38  NC_028541   10.01%    failed      0.00%
  39  NC_028601   10.39%    passed     16.52%
  40  NC_028603   11.27%    failed      0.00%
  41  NC_028605   10.64%    failed      0.00%
  42  NC_028606   10.84%    failed      0.00%
  43  NC_028607   11.06%    passed     62.63%
  44  NC_028609   10.35%    passed     37.49%
  45  NC_028611   10.00%    failed      0.00%
  46  NC_028612   10.87%    passed     32.81%
  47  NC_028613   10.97%    failed      0.15%
  48  NC_029515    9.81%    failed      0.00%
  49  NC_030060    9.91%    passed     82.21%
  50  NC_030592    8.86%    failed      0.00%
  51  NC_030593    8.95%    failed      0.00%
  52  NC_030758    9.69%    failed      0.00%
  53  NC_030764    9.84%    passed      8.30%
  54  NC_030778    9.81%    failed      0.00%
  55  NC_033340    9.85%    failed      0.00%
  56  NC_034293    9.59%    failed      0.00%
  57  NC_035677   10.37%    passed     17.41%
  58  NC_035714    9.34%    failed      1.62%
  59  NC_036104    9.94%    failed      0.15%
  60  NC_036108    9.89%    failed      0.76%
  61  NC_036261   10.52%    failed      0.00%
  62  NC_036265   10.53%    failed      0.00%
  63  NC_036266   10.84%    failed      0.00%
  64  NC_036267   10.67%    failed      0.02%
  65  NC_036269   10.81%    failed      0.00%
  66  NC_036270   10.96%    failed      0.00%
  67  NC_036271   10.32%    failed      0.00%
  68  NC_036273   10.62%    failed      0.00%
  69  NC_036274   10.87%    failed      0.00%
  70  NC_036275   10.54%    failed      0.00%
  71  NC_036276   10.82%    failed      0.00%
  72  NC_036277   11.47%    failed      0.00%
  73  NC_036278   10.47%    failed      0.00%
  74  NC_036279   10.18%    passed     20.86%
  75  NC_036291   10.90%    failed      0.00%
  76  NC_036678   10.40%    failed      0.00%
  77  NC_037196    9.84%    failed      0.00%
  78  NC_037200   10.41%    failed      0.00%
  79  NC_037749    9.47%    passed     29.39%
  80  NC_038089    9.69%    failed      0.00%
  81  NC_038090    9.69%    failed      0.00%
  82  NC_038115    9.72%    passed     80.20%
  83  NC_038197   10.96%    failed      0.00%
  84  NC_039657    9.83%    failed      0.00%
  85  NC_039689   10.56%    failed      0.00%
  86  NC_041172   10.49%    failed      0.00%
  87  NC_041669    9.74%    passed     49.66%
  88  NC_042198   10.71%    passed     38.97%
  89  NC_042417   10.46%    failed      0.00%
  90  NC_042614    9.59%    failed      0.00%
  91  NC_042820   10.59%    failed      0.01%
  92  NC_042828   10.18%    failed      0.00%
  93  NC_042922    9.80%    passed     18.74%
  94  NC_043883    9.87%    failed      0.00%
****  TOTAL       10.10%  77 sequences failed composition chi2 test (p-value<5%; df=3)


Create initial parsimony tree by phylogenetic likelihood library (PLL)... 0.176 seconds
NOTE: ModelFinder requires 319 MB RAM!
ModelFinder will test 484 DNA models (sample size: 12340) ...
 No. Model         -LnL         df  AIC          AICc         BIC
  1  JC            706596.148   185 1413562.295  1413567.957  1414935.106
  2  JC+I          664857.058   186 1330086.116  1330091.840  1331466.348
  3  JC+G4         628859.813   186 1258091.626  1258097.350  1259471.858
  4  JC+I+G4       626976.209   187 1254326.419  1254332.205  1255714.071
  5  JC+R2         637991.998   187 1276357.995  1276363.781  1277745.648
  6  JC+R3         628667.895   189 1257713.790  1257719.701  1259116.284
  7  JC+R4         626524.709   191 1253431.418  1253437.455  1254848.753
  8  JC+R5         625889.957   193 1252165.913  1252172.079  1253598.089
  9  JC+R6         625783.419   195 1251956.839  1251963.133  1253403.856
 10  JC+R7         625763.298   197 1251920.596  1251927.021  1253382.454
 11  JC+R8         625762.590   199 1251923.179  1251929.736  1253399.879
 14  JC+H2         636967.399   371 1274676.797  1274699.861  1277429.840
 15  JC+H3         627125.862   557 1255365.724  1255418.483  1259498.999
 16  JC+H4         624691.059   743 1250868.118  1250963.460  1256381.625
 17  JC+H5         623829.301   929 1249516.603  1249668.044  1256410.341
 23  F81+F         695148.467   188 1390672.934  1390678.783  1392068.007
 24  F81+F+I       650074.261   189 1300526.523  1300532.434  1301929.017
 25  F81+F+G4      609120.415   189 1218618.830  1218624.741  1220021.323
 26  F81+F+I+G4    606902.411   190 1214184.821  1214190.795  1215594.735
 27  F81+F+R2      619674.423   190 1239728.846  1239734.820  1241138.760
 28  F81+F+R3      609539.059   192 1219462.118  1219468.220  1220886.874
 29  F81+F+R4      606722.832   194 1213833.664  1213839.894  1215273.261
 30  F81+F+R5      605926.800   196 1212245.600  1212251.960  1213700.038
 31  F81+F+R6      605787.473   198 1211970.945  1211977.436  1213440.224
 32  F81+F+R7      605753.974   200 1211907.947  1211914.570  1213392.067
 33  F81+F+R8      605753.096   202 1211910.192  1211916.949  1213409.153
 36  F81+F+H2      618658.375   374 1238064.749  1238088.192  1240840.054
 37  F81+F+H3      608075.905   560 1217271.809  1217325.151  1221427.346
 38  F81+F+H4      604969.098   746 1211430.196  1211526.334  1216965.965
 39  F81+F+H5      603980.076   932 1209824.152  1209976.612  1216740.153
 40  F81+F+H6      602965.814   1118 1208167.628  1208390.610  1216463.860
 41  F81+F+H7      602403.684   1304 1207415.369  1207723.791  1217091.833
 45  K2P           706144.447   186 1412660.894  1412666.618  1414041.126
 46  K2P+I         664410.420   187 1329194.840  1329200.626  1330582.493
 47  K2P+G4        628272.555   187 1256919.109  1256924.895  1258306.762
 48  K2P+I+G4      626333.987   188 1253043.973  1253049.822  1254439.046
 49  K2P+R2        637510.079   188 1275396.158  1275402.007  1276791.231
 50  K2P+R3        628117.033   190 1256614.066  1256620.040  1258023.980
 51  K2P+R4        625914.479   192 1252212.958  1252219.059  1253637.713
 52  K2P+R5        625257.893   194 1250903.786  1250910.015  1252343.382
 53  K2P+R6        625144.192   196 1250680.385  1250686.744  1252134.822
 54  K2P+R7        625118.120   198 1250632.239  1250638.730  1252101.518
 55  K2P+R8        625117.783   200 1250635.566  1250642.189  1252119.686
 58  K2P+H2        636491.184   372 1273726.367  1273749.557  1276486.831
 59  K2P+H3        626597.116   558 1254310.232  1254363.186  1258450.928
 60  K2P+H4        624107.366   744 1249702.732  1249798.339  1255223.660
 61  K2P+H5        623231.379   930 1248322.758  1248474.539  1255223.918
 67  HKY+F         691327.777   189 1383033.554  1383039.466  1384436.048
 68  HKY+F+I       644957.408   190 1290294.816  1290300.790  1291704.730
 69  HKY+F+G4      600280.259   190 1200940.517  1200946.491  1202350.432
 70  HKY+F+I+G4    597890.545   191 1196163.091  1196169.128  1197580.425
 71  HKY+F+R2      612737.612   191 1225857.225  1225863.262  1227274.560
 72  HKY+F+R3      601841.489   193 1204068.978  1204075.143  1205501.154
 73  HKY+F+R4      598073.606   195 1196537.213  1196543.507  1197984.230
 74  HKY+F+R5      597173.141   197 1194740.282  1194746.707  1196202.141
 75  HKY+F+R6      596890.143   199 1194178.286  1194184.842  1195654.985
 76  HKY+F+R7      596799.530   201 1194001.060  1194007.750  1195492.601
 77  HKY+F+R8      596798.690   203 1194003.381  1194010.205  1195509.763
 80  HKY+F+H2      611759.713   375 1224269.427  1224292.998  1227052.152
 81  HKY+F+H3      600570.039   561 1202262.077  1202315.615  1206425.035
 82  HKY+F+H4      596614.787   747 1194723.573  1194819.977  1200266.762
 83  HKY+F+H5      595426.810   933 1192719.620  1192872.421  1199643.041
 84  HKY+F+H6      594449.846   1119 1191137.692  1191361.093  1199441.345
 85  HKY+F+H7      593757.027   1305 1190124.053  1190432.976  1199807.938
 89  TNe           705870.326   187 1412114.652  1412120.438  1413502.304
 90  TNe+I         663930.505   188 1328237.010  1328242.858  1329632.083
 91  TNe+G4        627240.617   188 1254857.235  1254863.083  1256252.308
 92  TNe+I+G4      625238.199   189 1250854.397  1250860.309  1252256.891
 93  TNe+R2        636716.643   189 1273811.286  1273817.197  1275213.780
 94  TNe+R3        627138.881   191 1254659.762  1254665.799  1256077.096
 95  TNe+R4        624846.129   193 1250078.258  1250084.423  1251510.434
 96  TNe+R5        624186.094   195 1248762.189  1248768.483  1250209.206
 97  TNe+R6        624050.298   197 1248494.596  1248501.021  1249956.454
 98  TNe+R7        624023.390   199 1248444.780  1248451.337  1249921.479
 99  TNe+R8        624023.136   201 1248448.272  1248454.962  1249939.813
102  TNe+H2        635713.867   373 1272173.733  1272197.050  1274941.618
103  TNe+H3        625664.747   559 1252447.495  1252500.643  1256595.611
104  TNe+H4        623092.873   745 1247675.746  1247771.618  1253204.094
105  TNe+H5        622199.246   931 1246260.491  1246412.611  1253169.071
106  TNe+H6        621196.141   1117 1244626.282  1244848.846  1252915.094
107  TNe+H7        620694.014   1303 1243994.028  1244301.950  1253663.071
111  TN+F          691240.002   190 1382860.003  1382865.977  1384269.917
112  TN+F+I        644790.548   191 1289963.096  1289969.133  1291380.431
113  TN+F+G4       599694.733   191 1199771.465  1199777.503  1201188.800
114  TN+F+I+G4     597490.545   192 1195365.090  1195371.192  1196789.846
115  TN+F+R2       612536.649   192 1225457.297  1225463.398  1226882.053
116  TN+F+R3       601467.596   194 1203323.192  1203329.421  1204762.788
117  TN+F+R4       597653.319   196 1195698.638  1195704.997  1197153.075
118  TN+F+R5       596789.212   198 1193974.424  1193980.915  1195443.703
119  TN+F+R6       596456.715   200 1193313.431  1193320.054  1194797.551
120  TN+F+R7       596356.861   202 1193117.722  1193124.479  1194616.684
121  TN+F+R8       596356.610   204 1193121.220  1193128.113  1194635.023
124  TN+F+H2       611566.663   376 1223885.326  1223909.024  1226675.472
125  TN+F+H3       600286.204   562 1201696.408  1201750.141  1205866.786
126  TN+F+H4       596214.777   748 1193925.554  1194022.224  1199476.164
127  TN+F+H5       595082.082   934 1192032.164  1192185.306  1198963.006
128  TN+F+H6       594125.079   1120 1190490.157  1190713.978  1198801.231
129  TN+F+H7       593378.488   1306 1189368.977  1189678.402  1199060.282
133  K3P           689374.365   187 1379122.730  1379128.516  1380510.382
134  K3P+I         646680.395   188 1293736.790  1293742.638  1295131.863
135  K3P+G4        608497.810   188 1217371.620  1217377.469  1218766.693
136  K3P+I+G4      606390.448   189 1213158.897  1213164.808  1214561.390
137  K3P+R2        618507.224   189 1237392.447  1237398.358  1238794.941
138  K3P+R3        608551.885   191 1217485.770  1217491.808  1218903.105
139  K3P+R4        606032.295   193 1212450.589  1212456.754  1213882.765
140  K3P+R5        605316.227   195 1211022.453  1211028.748  1212469.471
141  K3P+R6        605128.624   197 1210651.248  1210657.673  1212113.106
142  K3P+R7        605060.141   199 1210518.281  1210524.838  1211994.981
143  K3P+R8        605059.994   201 1210521.989  1210528.679  1212013.530
146  K3P+H2        617533.051   373 1235812.102  1235835.418  1238579.986
147  K3P+H3        607148.201   559 1215414.402  1215467.549  1219562.518
148  K3P+H4        604321.760   745 1210133.521  1210229.393  1215661.869
149  K3P+H5        603366.957   931 1208595.914  1208748.034  1215504.494
150  K3P+H6        602363.311   1117 1206960.621  1207183.185  1215249.433
151  K3P+H7        601807.836   1303 1206221.672  1206529.594  1215890.716
155  K3Pu+F        686443.466   190 1373266.932  1373272.906  1374676.846
156  K3Pu+F+I      641244.930   191 1282871.859  1282877.897  1284289.194
157  K3Pu+F+G4     598155.234   191 1196692.469  1196698.506  1198109.804
158  K3Pu+F+I+G4   595697.883   192 1191779.766  1191785.867  1193204.521
159  K3Pu+F+R2     610025.941   192 1220435.882  1220441.983  1221860.637
160  K3Pu+F+R3     599205.615   194 1198799.231  1198805.461  1200238.827
161  K3Pu+F+R4     595812.473   196 1192016.945  1192023.305  1193471.383
162  K3Pu+F+R5     594923.340   198 1190242.679  1190249.170  1191711.958
163  K3Pu+F+R6     594671.260   200 1189742.520  1189749.144  1191226.641
164  K3Pu+F+R7     594626.189   202 1189656.378  1189663.135  1191155.339
165  K3Pu+F+R8     594626.052   204 1189660.105  1189666.997  1191173.908
168  K3Pu+F+H2     609071.535   376 1218895.070  1218918.769  1221685.216
169  K3Pu+F+H3     597956.536   562 1197037.072  1197090.805  1201207.450
170  K3Pu+F+H4     594369.318   748 1190234.635  1190331.306  1195785.245
171  K3Pu+F+H5     593054.847   934 1187977.694  1188130.836  1194908.536
172  K3Pu+F+H6     592095.216   1120 1186430.432  1186654.253  1194741.506
173  K3Pu+F+H7     591407.610   1306 1185427.220  1185736.644  1195118.525
177  TPM2+F        685400.993   190 1371181.987  1371187.961  1372591.901
178  TPM2+F+I      641339.446   191 1283060.891  1283066.929  1284478.226
179  TPM2+F+G4     599706.451   191 1199794.902  1199800.939  1201212.237
180  TPM2+F+I+G4   597223.912   192 1194831.824  1194837.925  1196256.579
181  TPM2+F+R2     611108.051   192 1222600.101  1222606.202  1224024.857
182  TPM2+F+R3     600678.066   194 1201744.132  1201750.362  1203183.729
183  TPM2+F+R4     597300.221   196 1194992.442  1194998.802  1196446.880
184  TPM2+F+R5     596433.767   198 1193263.534  1193270.025  1194732.813
185  TPM2+F+R6     596181.873   200 1192763.745  1192770.368  1194247.865
186  TPM2+F+R7     596121.527   202 1192647.054  1192653.811  1194146.015
187  TPM2+F+R8     596121.261   204 1192650.522  1192657.414  1194164.325
190  TPM2+F+H2     610151.576   376 1221055.152  1221078.851  1223845.298
191  TPM2+F+H3     599379.687   562 1199883.374  1199937.106  1204053.752
192  TPM2+F+H4     595850.028   748 1193196.056  1193292.727  1198746.666
193  TPM2+F+H5     594637.661   934 1191143.322  1191296.464  1198074.164
194  TPM2+F+H6     593691.516   1120 1189623.032  1189846.852  1197934.106
195  TPM2+F+H7     592994.133   1306 1188600.267  1188909.691  1198291.572
199  TPM2u+F       685400.990   190 1371181.980  1371187.954  1372591.894
200  TPM2u+F+I     641339.445   191 1283060.890  1283066.928  1284478.225
201  TPM2u+F+G4    599706.452   191 1199794.904  1199800.941  1201212.238
202  TPM2u+F+I+G4  597223.917   192 1194831.834  1194837.935  1196256.589
203  TPM2u+F+R2    611108.051   192 1222600.103  1222606.204  1224024.858
204  TPM2u+F+R3    600678.076   194 1201744.151  1201750.381  1203183.748
205  TPM2u+F+R4    597300.218   196 1194992.436  1194998.796  1196446.874
206  TPM2u+F+R5    596433.340   198 1193262.680  1193269.171  1194731.959
207  TPM2u+F+R6    596181.631   200 1192763.262  1192769.885  1194247.382
208  TPM2u+F+R7    596120.568   202 1192645.137  1192651.894  1194144.098
209  TPM2u+F+R8    596120.427   204 1192648.854  1192655.746  1194162.656
212  TPM2u+F+H2    610151.591   376 1221055.181  1221078.880  1223845.327
213  TPM2u+F+H3    599379.688   562 1199883.376  1199937.109  1204053.754
214  TPM2u+F+H4    595850.024   748 1193196.048  1193292.719  1198746.658
215  TPM2u+F+H5    594637.666   934 1191143.332  1191296.474  1198074.174
216  TPM2u+F+H6    593691.520   1120 1189623.041  1189846.861  1197934.114
217  TPM2u+F+H7    592994.084   1306 1188600.169  1188909.593  1198291.474
221  TPM3+F        690375.432   190 1381130.863  1381136.838  1382540.778
222  TPM3+F+I      644303.870   191 1288989.740  1288995.777  1290407.074
223  TPM3+F+G4     600127.779   191 1200637.557  1200643.595  1202054.892
224  TPM3+F+I+G4   597660.606   192 1195705.213  1195711.314  1197129.968
225  TPM3+F+R2     612368.038   192 1225120.077  1225126.178  1226544.832
226  TPM3+F+R3     601466.829   194 1203321.657  1203327.887  1204761.254
227  TPM3+F+R4     597850.756   196 1196093.512  1196099.872  1197547.950
228  TPM3+F+R5     596927.279   198 1194250.558  1194257.048  1195719.837
229  TPM3+F+R6     596661.070   200 1193722.141  1193728.764  1195206.261
230  TPM3+F+R7     596577.680   202 1193559.360  1193566.117  1195058.321
231  TPM3+F+R8     596577.467   204 1193562.933  1193569.826  1195076.736
234  TPM3+F+H2     611390.422   376 1223532.845  1223556.543  1226322.991
235  TPM3+F+H3     600157.279   562 1201438.559  1201492.291  1205608.936
236  TPM3+F+H4     596392.938   748 1194281.876  1194378.546  1199832.486
237  TPM3+F+H5     595169.462   934 1192206.923  1192360.065  1199137.765
238  TPM3+F+H6     594159.766   1120 1190559.531  1190783.352  1198870.605
239  TPM3+F+H7     593487.695   1306 1189587.390  1189896.815  1199278.695
243  TPM3u+F       690375.432   190 1381130.864  1381136.838  1382540.778
244  TPM3u+F+I     644303.867   191 1288989.734  1288995.771  1290407.069
245  TPM3u+F+G4    600127.772   191 1200637.544  1200643.581  1202054.879
246  TPM3u+F+I+G4  597660.604   192 1195705.209  1195711.310  1197129.964
247  TPM3u+F+R2    612368.037   192 1225120.074  1225126.176  1226544.830
248  TPM3u+F+R3    601466.812   194 1203321.623  1203327.853  1204761.220
249  TPM3u+F+R4    597850.752   196 1196093.505  1196099.864  1197547.943
250  TPM3u+F+R5    596926.889   198 1194249.778  1194256.269  1195719.057
251  TPM3u+F+R6    596660.697   200 1193721.395  1193728.018  1195205.515
252  TPM3u+F+R7    596576.989   202 1193557.978  1193564.735  1195056.939
253  TPM3u+F+R8    596576.907   204 1193561.814  1193568.706  1195075.616
256  TPM3u+F+H2    611390.422   376 1223532.845  1223556.543  1226322.991
257  TPM3u+F+H3    600157.283   562 1201438.565  1201492.298  1205608.943
258  TPM3u+F+H4    596392.938   748 1194281.876  1194378.547  1199832.486
259  TPM3u+F+H5    595169.464   934 1192206.929  1192360.071  1199137.771
260  TPM3u+F+H6    594159.766   1120 1190559.531  1190783.352  1198870.605
261  TPM3u+F+H7    593487.692   1306 1189587.383  1189896.808  1199278.689
265  TIMe          689106.650   188 1378589.300  1378595.148  1379984.373
266  TIMe+I        646206.514   189 1292791.028  1292796.939  1294193.522
267  TIMe+G4       607415.148   189 1215208.295  1215214.206  1216610.789
268  TIMe+I+G4     605261.432   190 1210902.865  1210908.839  1212312.779
269  TIMe+R2       617685.895   190 1235751.790  1235757.764  1237161.705
270  TIMe+R3       607527.364   192 1215438.728  1215444.829  1216863.483
271  TIMe+R4       604927.861   194 1210243.722  1210249.952  1211683.318
272  TIMe+R5       604215.748   196 1208823.497  1208829.856  1210277.935
273  TIMe+R6       604006.168   198 1208408.336  1208414.826  1209877.615
274  TIMe+R7       603905.736   200 1208211.472  1208218.096  1209695.593
275  TIMe+R8       603905.734   202 1208215.468  1208222.225  1209714.429
278  TIMe+H2       616730.904   374 1234209.808  1234233.251  1236985.113
279  TIMe+H3       606176.860   560 1213473.719  1213527.062  1217629.256
280  TIMe+H4       603250.772   746 1207993.544  1208089.682  1213529.312
281  TIMe+H5       602310.289   932 1206484.578  1206637.038  1213400.579
282  TIMe+H6       601296.899   1118 1204829.798  1205052.781  1213126.031
283  TIMe+H7       600768.599   1304 1204145.197  1204453.620  1213821.661
287  TIM+F         686349.058   191 1373080.115  1373086.153  1374497.450
288  TIM+F+I       641060.115   192 1282504.230  1282510.331  1283928.985
289  TIM+F+G4      597518.899   192 1195421.798  1195427.899  1196846.553
290  TIM+F+I+G4    595220.692   193 1190827.385  1190833.550  1192259.561
291  TIM+F+R2      609761.286   193 1219908.573  1219914.738  1221340.749
292  TIM+F+R3      598819.278   195 1198028.556  1198034.850  1199475.573
293  TIM+F+R4      595322.297   197 1191038.593  1191045.018  1192500.452
294  TIM+F+R5      594505.098   199 1189408.197  1189414.753  1190884.896
295  TIM+F+R6      594192.560   201 1188787.120  1188793.810  1190278.661
296  TIM+F+R7      594131.669   203 1188669.338  1188676.162  1190175.720
297  TIM+F+R8      594131.498   205 1188672.996  1188679.957  1190194.219
300  TIM+F+H2      608821.599   377 1218397.197  1218421.024  1221194.764
301  TIM+F+H3      597647.595   563 1196421.190  1196475.118  1200598.988
302  TIM+F+H4      593899.398   749 1189296.797  1189393.734  1194854.827
303  TIM+F+H5      592643.851   935 1187157.702  1187311.185  1194095.964
304  TIM+F+H6      591731.348   1121 1185704.695  1185928.935  1194023.189
305  TIM+F+H7      591019.132   1307 1184652.263  1184962.190  1194350.989
309  TIM2e         688828.962   188 1378033.923  1378039.771  1379428.996
310  TIM2e+I       650659.808   189 1301697.616  1301703.527  1303100.109
311  TIM2e+G4      616362.216   189 1233102.432  1233108.343  1234504.925
312  TIM2e+I+G4    614530.204   190 1229440.409  1229446.383  1230850.323
313  TIM2e+R2      625373.059   190 1251126.117  1251132.091  1252536.031
314  TIM2e+R3      616299.691   192 1232983.382  1232989.483  1234408.137
315  TIM2e+R4      614193.142   194 1228774.284  1228780.513  1230213.880
316  TIM2e+R5      613476.771   196 1227345.541  1227351.901  1228799.979
317  TIM2e+R6      613303.835   198 1227003.671  1227010.161  1228472.950
318  TIM2e+R7      613221.430   200 1226842.861  1226849.484  1228326.981
319  TIM2e+R8      613221.315   202 1226846.630  1226853.388  1228345.592
322  TIM2e+H2      624471.692   374 1249691.383  1249714.827  1252466.688
323  TIM2e+H3      614909.825   560 1230939.650  1230992.992  1235095.186
324  TIM2e+H4      612555.538   746 1226603.077  1226699.215  1232138.845
325  TIM2e+H5      611726.046   932 1225316.092  1225468.552  1232232.092
331  TIM2+F        685376.858   191 1371135.715  1371141.753  1372553.050
332  TIM2+F+I      641237.540   192 1282859.080  1282865.182  1284283.836
333  TIM2+F+G4     598977.733   192 1198339.466  1198345.567  1199764.221
334  TIM2+F+I+G4   596729.665   193 1193845.329  1193851.494  1195277.505
335  TIM2+F+R2     610889.698   193 1222165.397  1222171.562  1223597.573
336  TIM2+F+R3     600306.445   195 1201002.889  1201009.184  1202449.907
337  TIM2+F+R4     596811.884   197 1194017.768  1194024.193  1195479.627
338  TIM2+F+R5     596003.370   199 1192404.741  1192411.297  1193881.440
339  TIM2+F+R6     595671.378   201 1191744.757  1191751.447  1193236.298
340  TIM2+F+R7     595587.248   203 1191580.495  1191587.320  1193086.877
341  TIM2+F+R8     595587.098   205 1191584.197  1191591.157  1193105.420
344  TIM2+F+H2     609945.532   377 1220645.065  1220668.891  1223442.632
345  TIM2+F+H3     599111.161   563 1199348.323  1199402.252  1203526.121
346  TIM2+F+H4     595392.407   749 1192282.815  1192379.752  1197840.845
347  TIM2+F+H5     594225.892   935 1190321.783  1190475.266  1197260.045
348  TIM2+F+H6     593319.190   1121 1188880.380  1189104.620  1197198.874
349  TIM2+F+H7     592586.685   1307 1187787.369  1188097.296  1197486.095
353  TIM3e         698183.282   188 1396742.565  1396748.413  1398137.638
354  TIM3e+I       657306.939   189 1314991.879  1314997.790  1316394.373
355  TIM3e+G4      619009.068   189 1238396.135  1238402.046  1239798.629
356  TIM3e+I+G4    616943.280   190 1234266.559  1234272.533  1235676.473
357  TIM3e+R2      629593.678   190 1259567.355  1259573.330  1260977.270
358  TIM3e+R3      619386.272   192 1239156.545  1239162.646  1240581.300
359  TIM3e+R4      616726.534   194 1233841.068  1233847.297  1235280.664
360  TIM3e+R5      616063.345   196 1232518.690  1232525.049  1233973.128
361  TIM3e+R6      615763.415   198 1231922.830  1231929.320  1233392.109
362  TIM3e+R7      615686.924   200 1231773.848  1231780.472  1233257.969
363  TIM3e+R8      615686.901   202 1231777.803  1231784.560  1233276.764
366  TIM3e+H2      628658.126   374 1258064.253  1258087.696  1260839.558
367  TIM3e+H3      618097.739   560 1237315.478  1237368.820  1241471.015
368  TIM3e+H4      615178.315   746 1231848.630  1231944.768  1237384.399
369  TIM3e+H5      614322.891   932 1230509.783  1230662.243  1237425.783
375  TIM3+F        690264.705   191 1380911.410  1380917.447  1382328.745
376  TIM3+F+I      644111.576   192 1288607.151  1288613.253  1290031.907
377  TIM3+F+G4     599601.005   192 1199586.010  1199592.111  1201010.765
378  TIM3+F+I+G4   597308.051   193 1195002.103  1195008.268  1196434.279
379  TIM3+F+R2     612156.418   193 1224698.835  1224705.001  1226131.011
380  TIM3+F+R3     601174.480   195 1202738.959  1202745.254  1204185.976
381  TIM3+F+R4     597467.342   197 1195328.685  1195335.110  1196790.543
382  TIM3+F+R5     596608.352   199 1193614.705  1193621.262  1195091.405
383  TIM3+F+R6     596299.701   201 1193001.403  1193008.093  1194492.944
384  TIM3+F+R7     596203.832   203 1192813.664  1192820.488  1194320.046
385  TIM3+F+R8     596203.806   205 1192817.612  1192824.573  1194338.835
388  TIM3+F+H2     611187.198   377 1223128.396  1223152.223  1225925.963
389  TIM3+F+H3     599933.430   563 1200992.859  1201046.788  1205170.658
390  TIM3+F+H4     596029.631   749 1193557.263  1193654.200  1199115.293
391  TIM3+F+H5     594848.621   935 1191567.243  1191720.726  1198505.505
392  TIM3+F+H6     593872.222   1121 1189986.444  1190210.684  1198304.938
393  TIM3+F+H7     593164.504   1307 1188943.008  1189252.934  1198641.734
397  TVMe          678296.255   189 1356970.511  1356976.422  1358373.004
398  TVMe+I        639968.946   190 1280317.892  1280323.866  1281727.806
399  TVMe+G4       604192.239   190 1208764.478  1208770.452  1210174.392
400  TVMe+I+G4     602233.898   191 1204849.795  1204855.833  1206267.130
401  TVMe+R2       613809.784   191 1228001.568  1228007.605  1229418.903
402  TVMe+R3       604314.445   193 1209014.889  1209021.055  1210447.065
403  TVMe+R4       601954.264   195 1204298.528  1204304.823  1205745.545
404  TVMe+R5       601231.033   197 1202856.065  1202862.490  1204317.924
405  TVMe+R6       600981.727   199 1202361.454  1202368.011  1203838.154
406  TVMe+R7       600899.447   201 1202200.895  1202207.585  1203692.436
407  TVMe+R8       600899.162   203 1202204.323  1202211.148  1203710.705
410  TVMe+H2       612937.389   375 1226624.779  1226648.349  1229407.504
411  TVMe+H3       602998.930   561 1207119.860  1207173.398  1211282.817
412  TVMe+H4       600402.327   747 1202298.655  1202395.059  1207841.844
413  TVMe+H5       599512.669   933 1200891.339  1201044.139  1207814.760
414  TVMe+H6       598475.517   1119 1199189.034  1199412.435  1207492.687
415  TVMe+H7       597934.811   1305 1198479.623  1198788.546  1208163.508
419  TVM+F         683944.426   192 1368272.852  1368278.953  1369697.607
420  TVM+F+I       640056.301   193 1280498.601  1280504.766  1281930.777
421  TVM+F+G4      598086.626   193 1196559.251  1196565.416  1197991.427
422  TVM+F+I+G4    595632.150   194 1191652.299  1191658.529  1193091.896
423  TVM+F+R2      609713.501   194 1219815.001  1219821.231  1221254.598
424  TVM+F+R3      599063.005   196 1198518.011  1198524.370  1199972.449
425  TVM+F+R4      595726.270   198 1191848.539  1191855.030  1193317.818
426  TVM+F+R5      594857.009   200 1190114.018  1190120.642  1191598.139
427  TVM+F+R6      594597.327   202 1189598.654  1189605.411  1191097.615
428  TVM+F+R7      594548.690   204 1189505.380  1189512.272  1191019.183
429  TVM+F+R8      594548.562   206 1189509.123  1189516.152  1191037.767
432  TVM+F+H2      608766.463   378 1218288.926  1218312.881  1221093.913
433  TVM+F+H3      597804.798   564 1196737.596  1196791.721  1200922.815
434  TVM+F+H4      594289.564   750 1190079.129  1190176.333  1195644.580
435  TVM+F+H5      592987.438   936 1187846.877  1188000.702  1194792.560
436  TVM+F+H6      592041.697   1122 1186327.394  1186552.054  1194653.308
437  TVM+F+H7      591346.999   1308 1185309.998  1185620.427  1195016.144
441  SYM           678121.051   190 1356622.102  1356628.076  1358032.016
442  SYM+I         639582.174   191 1279546.349  1279552.386  1280963.684
443  SYM+G4        603179.740   191 1206741.480  1206747.517  1208158.814
444  SYM+I+G4      601201.165   192 1202786.331  1202792.432  1204211.086
445  SYM+R2        612986.189   192 1226356.379  1226362.480  1227781.134
446  SYM+R3        603385.880   194 1207159.761  1207165.991  1208599.358
447  SYM+R4        600907.954   196 1202207.908  1202214.268  1203662.346
448  SYM+R5        600235.306   198 1200866.611  1200873.102  1202335.890
449  SYM+R6        599930.096   200 1200260.192  1200266.815  1201744.312
450  SYM+R7        599829.903   202 1200063.806  1200070.563  1201562.768
451  SYM+R8        599829.827   204 1200067.654  1200074.547  1201581.457
454  SYM+H2        612146.773   376 1225045.546  1225069.244  1227835.692
455  SYM+H3        602124.578   562 1205373.156  1205426.889  1209543.534
456  SYM+H4        599397.864   748 1200291.729  1200388.399  1205842.339
457  SYM+H5        598538.834   934 1198945.669  1199098.810  1205876.510
463  GTR+F         683907.983   193 1368201.965  1368208.131  1369634.141
464  GTR+F+I       639936.175   194 1280260.350  1280266.579  1281699.946
465  GTR+F+G4      597420.026   194 1195228.053  1195234.283  1196667.649
466  GTR+F+I+G4    595157.508   195 1190705.017  1190711.311  1192152.034
467  GTR+F+R2      609483.793   195 1219357.586  1219363.880  1220804.603
468  GTR+F+R3      598718.467   197 1197830.934  1197837.359  1199292.792
469  GTR+F+R4      595247.823   199 1190893.645  1190900.202  1192370.345
470  GTR+F+R5      594445.610   201 1189293.220  1189299.910  1190784.761
471  GTR+F+R6      594120.323   203 1188646.645  1188653.470  1190153.027
472  GTR+F+R7      594051.144   205 1188512.287  1188519.248  1190033.510
473  GTR+F+R8      594050.987   207 1188515.974  1188523.071  1190052.038
476  GTR+F+H2      608550.360   379 1217858.719  1217882.803  1220671.127
477  GTR+F+H3      597536.885   565 1196203.771  1196258.092  1200396.411
478  GTR+F+H4      593832.789   751 1189167.577  1189265.049  1194740.449
479  GTR+F+H5      592587.737   937 1187049.475  1187203.642  1194002.578
480  GTR+F+H6      591686.974   1123 1185619.948  1185845.029  1193953.284
481  GTR+F+H7      590973.101   1309 1184564.202  1184875.134  1194277.769
Akaike Information Criterion:           GTR+F+H7
Corrected Akaike Information Criterion: GTR+F+H7
Bayesian Information Criterion:         GTR+F+R7
Best-fit model: GTR+F+R7 chosen according to BIC

All model information printed to MafftGhostBothLinkedBNNI.model.gz
CPU time for ModelFinder: 15201.604 seconds (4h:13m:21s)
Wall-clock time for ModelFinder: 15239.368 seconds (4h:13m:59s)
Generating 1000 samples for ultrafast bootstrap (seed: 375508)...

NOTE: 234 MB RAM (0 GB) is required!
Estimate model parameters (epsilon = 0.100)
Initial LogL: -605920.026, Site proportion and rates:  (0.287,0.016) (0.120,0.199) (0.087,0.509) (0.088,0.825) (0.126,1.247) (0.163,1.861) (0.129,3.050)
relative_treelen: 0.396 4.961 12.671 20.552 31.067 46.364 75.976
1. Initial log-likelihood: -607800.227
WARN: at EM step 1 new_tree_lh -607833.239 worse than tree_lh -607800.227
WARN: at EM step 1 new_tree_lh -607862.769 worse than tree_lh -607833.239
WARN: at EM step 1 new_tree_lh -607892.868 worse than tree_lh -607839.697
WARN: at EM step 1 new_tree_lh -607926.404 worse than tree_lh -607866.371
WARN: at EM step 1 new_tree_lh -607986.854 worse than tree_lh -607926.404
WARN: at EM step 1 new_tree_lh -607998.950 worse than tree_lh -607964.690
WARN: at EM step 1 new_tree_lh -608021.931 worse than tree_lh -607998.950
WARN: at EM step 1 new_tree_lh -607979.158 worse than tree_lh -607918.594
WARN: at EM step 1 new_tree_lh -608042.378 worse than tree_lh -607979.158
WARN: at EM step 1 new_tree_lh -608072.978 worse than tree_lh -608023.937
WARN: at EM step 1 new_tree_lh -608141.135 worse than tree_lh -608072.978
WARN: at EM step 1 new_tree_lh -608180.268 worse than tree_lh -608126.482
WARN: at EM step 1 new_tree_lh -608221.682 worse than tree_lh -608174.493
WARN: at EM step 1 new_tree_lh -608273.817 worse than tree_lh -608221.682
WARN: at EM step 1 new_tree_lh -608271.703 worse than tree_lh -608252.801
WARN: at EM step 1 new_tree_lh -608300.605 worse than tree_lh -608271.703
WARN: at EM step 1 new_tree_lh -608291.857 worse than tree_lh -608260.929
WARN: at EM step 1 new_tree_lh -608310.667 worse than tree_lh -608291.857
WARN: at EM step 1 new_tree_lh -608323.664 worse than tree_lh -608293.283
WARN: at EM step 1 new_tree_lh -608356.487 worse than tree_lh -608323.664
WARN: at EM step 1 new_tree_lh -608374.860 worse than tree_lh -608347.633
WARN: at EM step 1 new_tree_lh -608387.168 worse than tree_lh -608361.004
WARN: at EM step 1 new_tree_lh -608413.080 worse than tree_lh -608387.168
WARN: at EM step 1 new_tree_lh -608431.033 worse than tree_lh -608370.625
WARN: at EM step 1 new_tree_lh -608457.712 worse than tree_lh -608431.033
WARN: at EM step 1 new_tree_lh -608478.329 worse than tree_lh -608456.777
WARN: at EM step 1 new_tree_lh -608480.158 worse than tree_lh -608478.329
WARN: at EM step 1 new_tree_lh -608446.539 worse than tree_lh -608437.858
WARN: at EM step 1 new_tree_lh -608467.805 worse than tree_lh -608446.539
WARN: at EM step 1 new_tree_lh -608461.244 worse than tree_lh -608454.408
WARN: at EM step 1 new_tree_lh -608479.304 worse than tree_lh -608461.244
WARN: at EM step 1 new_tree_lh -608477.613 worse than tree_lh -608446.784
WARN: at EM step 1 new_tree_lh -608509.042 worse than tree_lh -608474.178
WARN: at EM step 1 new_tree_lh -608538.447 worse than tree_lh -608509.042
WARN: at EM step 1 new_tree_lh -608548.562 worse than tree_lh -608517.921
WARN: at EM step 1 new_tree_lh -608611.810 worse than tree_lh -608548.562
WARN: at EM step 1 new_tree_lh -608639.695 worse than tree_lh -608601.033
WARN: at EM step 1 new_tree_lh -608658.613 worse than tree_lh -608634.573
WARN: at EM step 1 new_tree_lh -608690.793 worse than tree_lh -608658.613
WARN: at EM step 1 new_tree_lh -608694.184 worse than tree_lh -608690.793
WARN: at EM step 1 new_tree_lh -608718.334 worse than tree_lh -608690.898
WARN: at EM step 1 new_tree_lh -608751.820 worse than tree_lh -608718.334
WARN: at EM step 1 new_tree_lh -608749.743 worse than tree_lh -608736.077
WARN: at EM step 1 new_tree_lh -608762.495 worse than tree_lh -608749.743
WARN: at EM step 1 new_tree_lh -608769.962 worse than tree_lh -608755.480
WARN: at EM step 1 new_tree_lh -608783.024 worse than tree_lh -608769.962
WARN: at EM step 1 new_tree_lh -608791.732 worse than tree_lh -608765.101
WARN: at EM step 1 new_tree_lh -608808.407 worse than tree_lh -608791.732
WARN: at EM step 1 new_tree_lh -608781.124 worse than tree_lh -608770.475
WARN: at EM step 1 new_tree_lh -608792.740 worse than tree_lh -608781.124
WARN: at EM step 1 new_tree_lh -608794.437 worse than tree_lh -608773.211
WARN: at EM step 1 new_tree_lh -608842.792 worse than tree_lh -608794.437
WARN: at EM step 1 new_tree_lh -608843.382 worse than tree_lh -608836.663
WARN: at EM step 1 new_tree_lh -608870.372 worse than tree_lh -608843.382
WARN: at EM step 1 new_tree_lh -608901.219 worse than tree_lh -608870.372
WARN: at EM step 1 new_tree_lh -608909.060 worse than tree_lh -608901.219
WARN: at EM step 1 new_tree_lh -608951.368 worse than tree_lh -608909.060
WARN: at EM step 1 new_tree_lh -608985.893 worse than tree_lh -608951.368
WARN: at EM step 1 new_tree_lh -608968.900 worse than tree_lh -608962.340
WARN: at EM step 1 new_tree_lh -608969.177 worse than tree_lh -608957.440
WARN: at EM step 1 new_tree_lh -608961.291 worse than tree_lh -608915.464
WARN: at EM step 1 new_tree_lh -608978.490 worse than tree_lh -608942.657
WARN: at EM step 1 new_tree_lh -608947.946 worse than tree_lh -608942.099
WARN: at EM step 1 new_tree_lh -608888.065 worse than tree_lh -608884.105
WARN: at EM step 1 new_tree_lh -608926.002 worse than tree_lh -608883.270
WARN: at EM step 1 new_tree_lh -608976.139 worse than tree_lh -608926.002
WARN: at EM step 1 new_tree_lh -608974.358 worse than tree_lh -608955.641
WARN: at EM step 1 new_tree_lh -609025.367 worse than tree_lh -608974.358
WARN: at EM step 1 new_tree_lh -609066.727 worse than tree_lh -609023.399
WARN: at EM step 1 new_tree_lh -609084.732 worse than tree_lh -609066.727
WARN: at EM step 1 new_tree_lh -609103.024 worse than tree_lh -609082.551
WARN: at EM step 1 new_tree_lh -609156.323 worse than tree_lh -609103.024
WARN: at EM step 1 new_tree_lh -609104.225 worse than tree_lh -609101.516
WARN: at EM step 1 new_tree_lh -609117.890 worse than tree_lh -609104.225
WARN: at EM step 1 new_tree_lh -609150.739 worse than tree_lh -609104.204
ERROR: Numerical underflow (lh-derivative-mixlen). Run again with the safe likelihood kernel via `-safe` option
