IQ-TREE multicore version 1.6.10 for Linux 64-bit built Feb 19 2019
Developed by Bui Quang Minh, Nguyen Lam Tung, Olga Chernomor,
Heiko Schmidt, Dominik Schrempf, Michael Woodhams.

Host:    hpc-watson (AVX, 251 GB RAM)
Command: iqtree -s MafftSM.fasta -pre MafftGhostRateLinked -m MFP+FO+H4 -bb 1000
Seed:    918671 (Using SPRNG - Scalable Parallel Random Number Generator)
Time:    Fri Sep 11 04:43:29 2020
Kernel:  AVX - 1 threads (40 CPU cores detected)

HINT: Use -nt option to specify number of threads because your CPU has 40 cores!
HINT: -nt AUTO will automatically determine the best number of threads to use.

Reading alignment file MafftSM.fasta ... Fasta format detected
Alignment most likely contains DNA/RNA sequences
Alignment has 94 sequences with 12340 columns, 9304 distinct patterns
8208 parsimony-informative, 995 singleton sites, 3137 constant sites
           Gap/Ambiguity  Composition  p-value
   1  NC_003372    9.94%    failed      0.18%
   2  NC_003970   10.13%    failed      0.00%
   3  NC_009964    9.72%    failed      0.00%
   4  NC_010964   10.01%    failed      0.00%
   5  NC_011320    9.58%    passed     12.50%
   6  NC_011322    9.57%    failed      0.00%
   7  NC_011324   10.19%    failed      0.00%
   8  NC_011326    9.83%    passed     92.84%
   9  NC_011328    9.69%    failed      0.00%
  10  NC_011329    9.17%    failed      0.00%
  11  NC_012139    9.08%    failed      0.00%
  12  NC_012144    9.00%    failed      0.00%
  13  NC_012765    9.52%    failed      0.00%
  14  NC_013249    9.48%    failed      0.29%
  15  NC_013254   10.29%    failed      0.00%
  16  NC_013576   10.63%    failed      0.00%
  17  NC_013580    9.67%    failed      0.00%
  18  NC_013582   10.24%    failed      0.00%
  19  NC_016469    9.02%    failed      0.00%
  20  NC_018349    9.88%    failed      1.72%
  21  NC_018350   10.06%    failed      4.49%
  22  NC_018352    9.89%    passed     42.42%
  23  NC_018353   11.51%    failed      0.00%
  24  NC_018354    9.72%    failed      0.00%
  25  NC_022680    9.59%    passed     18.55%
  26  NC_023246    9.79%    failed      0.00%
  27  NC_024271   10.01%    failed      0.00%
  28  NC_024633    9.89%    failed      0.00%
  29  NC_025243    9.98%    failed      0.00%
  30  NC_025332    9.97%    failed      0.00%
  31  NC_025945    9.72%    failed      0.00%
  32  NC_027114    9.89%    failed      0.00%
  33  NC_027176    9.84%    failed      0.00%
  34  NC_027256   10.41%    failed      0.00%
  35  NC_027577    9.85%    failed      0.69%
  36  NC_027580    9.94%    failed      0.00%
  37  NC_028203    9.93%    failed      0.02%
  38  NC_028541   10.01%    failed      0.00%
  39  NC_028601   10.39%    passed     16.52%
  40  NC_028603   11.27%    failed      0.00%
  41  NC_028605   10.64%    failed      0.00%
  42  NC_028606   10.84%    failed      0.00%
  43  NC_028607   11.06%    passed     62.63%
  44  NC_028609   10.35%    passed     37.49%
  45  NC_028611   10.00%    failed      0.00%
  46  NC_028612   10.87%    passed     32.81%
  47  NC_028613   10.97%    failed      0.15%
  48  NC_029515    9.81%    failed      0.00%
  49  NC_030060    9.91%    passed     82.21%
  50  NC_030592    8.86%    failed      0.00%
  51  NC_030593    8.95%    failed      0.00%
  52  NC_030758    9.69%    failed      0.00%
  53  NC_030764    9.84%    passed      8.30%
  54  NC_030778    9.81%    failed      0.00%
  55  NC_033340    9.85%    failed      0.00%
  56  NC_034293    9.59%    failed      0.00%
  57  NC_035677   10.37%    passed     17.41%
  58  NC_035714    9.34%    failed      1.62%
  59  NC_036104    9.94%    failed      0.15%
  60  NC_036108    9.89%    failed      0.76%
  61  NC_036261   10.52%    failed      0.00%
  62  NC_036265   10.53%    failed      0.00%
  63  NC_036266   10.84%    failed      0.00%
  64  NC_036267   10.67%    failed      0.02%
  65  NC_036269   10.81%    failed      0.00%
  66  NC_036270   10.96%    failed      0.00%
  67  NC_036271   10.32%    failed      0.00%
  68  NC_036273   10.62%    failed      0.00%
  69  NC_036274   10.87%    failed      0.00%
  70  NC_036275   10.54%    failed      0.00%
  71  NC_036276   10.82%    failed      0.00%
  72  NC_036277   11.47%    failed      0.00%
  73  NC_036278   10.47%    failed      0.00%
  74  NC_036279   10.18%    passed     20.86%
  75  NC_036291   10.90%    failed      0.00%
  76  NC_036678   10.40%    failed      0.00%
  77  NC_037196    9.84%    failed      0.00%
  78  NC_037200   10.41%    failed      0.00%
  79  NC_037749    9.47%    passed     29.39%
  80  NC_038089    9.69%    failed      0.00%
  81  NC_038090    9.69%    failed      0.00%
  82  NC_038115    9.72%    passed     80.20%
  83  NC_038197   10.96%    failed      0.00%
  84  NC_039657    9.83%    failed      0.00%
  85  NC_039689   10.56%    failed      0.00%
  86  NC_041172   10.49%    failed      0.00%
  87  NC_041669    9.74%    passed     49.66%
  88  NC_042198   10.71%    passed     38.97%
  89  NC_042417   10.46%    failed      0.00%
  90  NC_042614    9.59%    failed      0.00%
  91  NC_042820   10.59%    failed      0.01%
  92  NC_042828   10.18%    failed      0.00%
  93  NC_042922    9.80%    passed     18.74%
  94  NC_043883    9.87%    failed      0.00%
****  TOTAL       10.10%  77 sequences failed composition chi2 test (p-value<5%; df=3)


Create initial parsimony tree by phylogenetic likelihood library (PLL)... 0.171 seconds
NOTE: ModelFinder requires 319 MB RAM!
ModelFinder will test 484 DNA models (sample size: 12340) ...
 No. Model         -LnL         df  AIC          AICc         BIC
  1  JC            706684.836   185 1413739.673  1413745.335  1415112.484
  2  JC+I          664957.446   186 1330286.892  1330292.616  1331667.123
  3  JC+G4         629085.277   186 1258542.554  1258548.278  1259922.786
  4  JC+I+G4       627197.136   187 1254768.272  1254774.058  1256155.925
  5  JC+R2         638096.193   187 1276566.387  1276572.173  1277954.039
  6  JC+R3         628881.268   189 1258140.537  1258146.448  1259543.031
  7  JC+R4         626725.097   191 1253832.193  1253838.231  1255249.528
  8  JC+R5         626109.158   193 1252604.316  1252610.482  1254036.492
  9  JC+R6         626003.386   195 1252396.773  1252403.067  1253843.790
 10  JC+R7         625984.428   197 1252362.857  1252369.282  1253824.715
 11  JC+R8         625984.361   199 1252366.722  1252373.279  1253843.422
 14  JC+H2         637082.137   371 1274906.274  1274929.338  1277659.317
 15  JC+H3         627314.524   557 1255743.048  1255795.807  1259876.323
 16  JC+H4         624830.458   743 1251146.916  1251242.258  1256660.423
 17  JC+H5         623965.649   929 1249789.297  1249940.738  1256683.036
 23  F81+F         695141.424   188 1390658.849  1390664.697  1392053.922
 24  F81+F+I       650070.570   189 1300519.141  1300525.052  1301921.634
 25  F81+F+G4      609181.526   189 1218741.051  1218746.962  1220143.545
 26  F81+F+I+G4    606978.625   190 1214337.249  1214343.223  1215747.163
 27  F81+F+R2      619639.655   190 1239659.309  1239665.283  1241069.223
 28  F81+F+R3      609570.881   192 1219525.762  1219531.863  1220950.517
 29  F81+F+R4      606778.045   194 1213944.089  1213950.319  1215383.686
 30  F81+F+R5      606012.847   196 1212417.694  1212424.053  1213872.131
 31  F81+F+R6      605877.807   198 1212151.613  1212158.104  1213620.892
 32  F81+F+R7      605855.353   200 1212110.705  1212117.328  1213594.825
 33  F81+F+R8      605852.639   202 1212109.279  1212116.036  1213608.240
 36  F81+F+H2      618648.237   374 1238044.474  1238067.918  1240819.779
 37  F81+F+H3      608121.495   560 1217362.989  1217416.332  1221518.526
 38  F81+F+H4      605047.295   746 1211586.590  1211682.728  1217122.358
 39  F81+F+H5      604075.043   932 1210014.085  1210166.545  1216930.086
 40  F81+F+H6      602986.737   1118 1208209.473  1208432.455  1216505.705
 41  F81+F+H7      602440.200   1304 1207488.399  1207796.821  1217164.863
 45  K2P           706276.055   186 1412924.110  1412929.834  1414304.342
 46  K2P+I         664556.131   187 1329486.261  1329492.047  1330873.914
 47  K2P+G4        628552.783   187 1257479.565  1257485.351  1258867.218
 48  K2P+I+G4      626613.523   188 1253603.045  1253608.894  1254998.118
 49  K2P+R2        637665.133   188 1275706.265  1275712.113  1277101.338
 50  K2P+R3        628383.368   190 1257146.737  1257152.711  1258556.651
 51  K2P+R4        626171.827   192 1252727.655  1252733.756  1254152.410
 52  K2P+R5        625536.852   194 1251461.704  1251467.934  1252901.301
 53  K2P+R6        625424.669   196 1251241.338  1251247.697  1252695.776
 54  K2P+R7        625404.108   198 1251204.216  1251210.707  1252673.495
 55  K2P+R8        625404.083   200 1251208.166  1251214.789  1252692.286
 58  K2P+H2        636654.656   372 1274053.312  1274076.502  1276813.776
 59  K2P+H3        626835.510   558 1254787.019  1254839.973  1258927.715
 60  K2P+H4        624303.514   744 1250095.028  1250190.635  1255615.956
 61  K2P+H5        623420.852   930 1248701.704  1248853.484  1255602.863
 62  K2P+H6        622427.986   1116 1247087.973  1247310.119  1255369.364
 63  K2P+H7        621917.118   1302 1246438.236  1246745.658  1256099.859
 67  HKY+F         691438.834   189 1383255.667  1383261.579  1384658.161
 68  HKY+F+I       645097.221   190 1290574.443  1290580.417  1291984.357
 69  HKY+F+G4      600579.611   190 1201539.222  1201545.196  1202949.136
 70  HKY+F+I+G4    598220.707   191 1196823.413  1196829.451  1198240.748
 71  HKY+F+R2      612904.743   191 1226191.485  1226197.523  1227608.820
 72  HKY+F+R3      602068.796   193 1204523.592  1204529.757  1205955.768
 73  HKY+F+R4      598364.342   195 1197118.684  1197124.978  1198565.701
 74  HKY+F+R5      597498.980   197 1195391.959  1195398.384  1196853.818
 75  HKY+F+R6      597241.096   199 1194880.192  1194886.748  1196356.891
 76  HKY+F+R7      597144.923   201 1194691.847  1194698.537  1196183.388
 77  HKY+F+R8      597139.306   203 1194684.611  1194691.436  1196190.993
 80  HKY+F+H2      611948.331   375 1224646.662  1224670.233  1227429.387
 81  HKY+F+H3      600794.160   561 1202710.321  1202763.858  1206873.278
 82  HKY+F+H4      596885.252   747 1195264.505  1195360.909  1200807.694
 83  HKY+F+H5      595712.577   933 1193291.154  1193443.955  1200214.575
 84  HKY+F+H6      594708.324   1119 1191654.647  1191878.048  1199958.300
 85  HKY+F+H7      594016.672   1305 1190643.344  1190952.267  1200327.229
 89  TNe           706012.184   187 1412398.367  1412404.153  1413786.020
 90  TNe+I         664090.006   188 1328556.011  1328561.860  1329951.084
 91  TNe+G4        627535.224   188 1255446.449  1255452.297  1256841.522
 92  TNe+I+G4      625530.700   189 1251439.401  1251445.312  1252841.894
 93  TNe+R2        636881.535   189 1274141.071  1274146.982  1275543.565
 94  TNe+R3        627422.964   191 1255227.928  1255233.966  1256645.263
 95  TNe+R4        625120.050   193 1250626.100  1250632.265  1252058.276
 96  TNe+R5        624480.134   195 1249350.269  1249356.563  1250797.286
 97  TNe+R6        624350.304   197 1249094.608  1249101.033  1250556.466
 98  TNe+R7        624318.348   199 1249034.696  1249041.253  1250511.395
 99  TNe+R8        624318.309   201 1249038.618  1249045.308  1250530.159
102  TNe+H2        635891.343   373 1272528.687  1272552.003  1275296.571
103  TNe+H3        625911.897   559 1252941.795  1252994.943  1257089.911
104  TNe+H4        623302.840   745 1248095.680  1248191.552  1253624.028
105  TNe+H5        622410.660   931 1246683.321  1246835.440  1253591.900
106  TNe+H6        621416.352   1117 1245066.705  1245289.269  1253355.516
107  TNe+H7        620926.243   1303 1244458.485  1244766.407  1254127.529
111  TN+F          691356.565   190 1383093.130  1383099.104  1384503.045
112  TN+F+I        644939.800   191 1290261.599  1290267.637  1291678.934
113  TN+F+G4       599994.353   191 1200370.705  1200376.743  1201788.040
114  TN+F+I+G4     597826.815   192 1196037.631  1196043.732  1197462.386
115  TN+F+R2       612710.645   192 1225805.290  1225811.391  1227230.045
116  TN+F+R3       601701.681   194 1203791.361  1203797.591  1205230.958
117  TN+F+R4       597950.904   196 1196293.807  1196300.167  1197748.245
118  TN+F+R5       597134.890   198 1194665.780  1194672.271  1196135.059
119  TN+F+R6       596801.856   200 1194003.711  1194010.334  1195487.831
120  TN+F+R7       596714.082   202 1193832.165  1193838.922  1195331.126
121  TN+F+R8       596713.988   204 1193835.975  1193842.868  1195349.778
124  TN+F+H2       611757.939   376 1224267.877  1224291.576  1227058.023
125  TN+F+H3       600516.224   562 1202156.448  1202210.180  1206326.826
126  TN+F+H4       596496.584   748 1194489.169  1194585.839  1200039.779
127  TN+F+H5       595375.117   934 1192618.234  1192771.375  1199549.075
128  TN+F+H6       594394.355   1120 1191028.711  1191252.531  1199339.784
129  TN+F+H7       593655.376   1306 1189922.753  1190232.177  1199614.058
133  K3P           689702.788   187 1379779.576  1379785.363  1381167.229
134  K3P+I         647043.068   188 1294462.137  1294467.985  1295857.210
135  K3P+G4        608918.775   188 1218213.551  1218219.399  1219608.624
136  K3P+I+G4      606812.514   189 1214003.028  1214008.939  1215405.522
137  K3P+R2        618880.870   189 1238139.739  1238145.651  1239542.233
138  K3P+R3        608975.211   191 1218332.421  1218338.459  1219749.756
139  K3P+R4        606454.207   193 1213294.415  1213300.580  1214726.591
140  K3P+R5        605737.111   195 1211864.222  1211870.516  1213311.239
141  K3P+R6        605554.676   197 1211503.353  1211509.778  1212965.211
142  K3P+R7        605485.752   199 1211369.505  1211376.061  1212846.204
143  K3P+R8        605485.352   201 1211372.704  1211379.394  1212864.245
146  K3P+H2        617903.737   373 1236553.473  1236576.790  1239321.358
147  K3P+H3        607539.565   559 1216197.130  1216250.278  1220345.246
148  K3P+H4        604701.708   745 1210893.416  1210989.288  1216421.764
149  K3P+H5        603722.820   931 1209307.640  1209459.760  1216216.220
150  K3P+H6        602750.908   1117 1207735.817  1207958.381  1216024.629
151  K3P+H7        602196.710   1303 1206999.420  1207307.342  1216668.464
155  K3Pu+F        686658.290   190 1373696.580  1373702.554  1375106.495
156  K3Pu+F+I      641487.097   191 1283356.195  1283362.232  1284773.530
157  K3Pu+F+G4     598472.181   191 1197326.363  1197332.400  1198743.698
158  K3Pu+F+I+G4   596034.736   192 1192453.472  1192459.573  1193878.227
159  K3Pu+F+R2     610274.661   192 1220933.321  1220939.423  1222358.077
160  K3Pu+F+R3     599520.071   194 1199428.142  1199434.372  1200867.739
161  K3Pu+F+R4     596135.557   196 1192663.113  1192669.473  1194117.551
162  K3Pu+F+R5     595277.302   198 1190950.605  1190957.095  1192419.884
163  K3Pu+F+R6     595043.089   200 1190486.178  1190492.801  1191970.298
164  K3Pu+F+R7     594986.316   202 1190376.633  1190383.390  1191875.594
165  K3Pu+F+R8     594986.193   204 1190380.386  1190387.278  1191894.188
168  K3Pu+F+H2     609329.114   376 1219410.229  1219433.927  1222200.375
169  K3Pu+F+H3     598276.168   562 1197676.337  1197730.070  1201846.715
170  K3Pu+F+H4     594689.520   748 1190875.040  1190971.710  1196425.650
171  K3Pu+F+H5     593398.509   934 1188665.017  1188818.159  1195595.859
172  K3Pu+F+H6     592419.059   1120 1187078.118  1187301.938  1195389.191
173  K3Pu+F+H7     591889.230   1306 1186390.460  1186699.885  1196081.765
177  TPM2+F        685564.346   190 1371508.692  1371514.666  1372918.606
178  TPM2+F+I      641531.316   191 1283444.631  1283450.669  1284861.966
179  TPM2+F+G4     599998.807   191 1200379.614  1200385.652  1201796.949
180  TPM2+F+I+G4   597548.140   192 1195480.280  1195486.381  1196905.036
181  TPM2+F+R2     611323.128   192 1223030.256  1223036.357  1224455.012
182  TPM2+F+R3     600954.232   194 1202296.463  1202302.693  1203736.060
183  TPM2+F+R4     597600.268   196 1195592.535  1195598.895  1197046.973
184  TPM2+F+R5     596773.485   198 1193942.969  1193949.460  1195412.248
185  TPM2+F+R6     596535.652   200 1193471.304  1193477.927  1194955.424
186  TPM2+F+R7     596465.758   202 1193335.516  1193342.273  1194834.477
187  TPM2+F+R8     596465.697   204 1193339.394  1193346.286  1194853.196
190  TPM2+F+H2     610373.319   376 1221498.639  1221522.337  1224288.785
191  TPM2+F+H3     599667.969   562 1200459.938  1200513.671  1204630.316
192  TPM2+F+H4     596133.001   748 1193762.001  1193858.672  1199312.611
193  TPM2+F+H5     595005.934   934 1191879.868  1192033.009  1198810.709
194  TPM2+F+H6     593983.308   1120 1190206.615  1190430.435  1198517.689
195  TPM2+F+H7     593455.820   1306 1189523.639  1189833.064  1199214.945
199  TPM2u+F       685564.361   190 1371508.722  1371514.696  1372918.636
200  TPM2u+F+I     641531.315   191 1283444.630  1283450.667  1284861.965
201  TPM2u+F+G4    599998.807   191 1200379.613  1200385.651  1201796.948
202  TPM2u+F+I+G4  597548.140   192 1195480.280  1195486.381  1196905.036
203  TPM2u+F+R2    611323.128   192 1223030.256  1223036.358  1224455.012
204  TPM2u+F+R3    600954.241   194 1202296.482  1202302.712  1203736.079
205  TPM2u+F+R4    597600.262   196 1195592.524  1195598.883  1197046.962
206  TPM2u+F+R5    596773.236   198 1193942.472  1193948.963  1195411.751
207  TPM2u+F+R6    596535.394   200 1193470.788  1193477.412  1194954.909
208  TPM2u+F+R7    596464.912   202 1193333.824  1193340.581  1194832.785
209  TPM2u+F+R8    596464.800   204 1193337.601  1193344.493  1194851.403
212  TPM2u+F+H2    610373.320   376 1221498.639  1221522.338  1224288.785
213  TPM2u+F+H3    599667.969   562 1200459.937  1200513.670  1204630.315
214  TPM2u+F+H4    596133.000   748 1193762.001  1193858.671  1199312.611
215  TPM2u+F+H5    595005.934   934 1191879.868  1192033.010  1198810.710
216  TPM2u+F+H6    593983.306   1120 1190206.612  1190430.432  1198517.685
217  TPM2u+F+H7    593455.816   1306 1189523.631  1189833.056  1199214.937
221  TPM3+F        690525.961   190 1381431.922  1381437.896  1382841.836
222  TPM3+F+I      644475.331   191 1289332.661  1289338.699  1290749.996
223  TPM3+F+G4     600422.437   191 1201226.874  1201232.912  1202644.209
224  TPM3+F+I+G4   597994.637   192 1196373.273  1196379.374  1197798.029
225  TPM3+F+R2     612546.582   192 1225477.163  1225483.264  1226901.918
226  TPM3+F+R3     601719.206   194 1203826.412  1203832.641  1205266.008
227  TPM3+F+R4     598146.641   196 1196685.281  1196691.641  1198139.719
228  TPM3+F+R5     597260.148   198 1194916.296  1194922.787  1196385.575
229  TPM3+F+R6     597018.055   200 1194436.111  1194442.734  1195920.231
230  TPM3+F+R7     596927.191   202 1194258.382  1194265.139  1195757.343
231  TPM3+F+R8     596927.140   204 1194262.281  1194269.173  1195776.084
234  TPM3+F+H2     611589.486   376 1223930.973  1223954.671  1226721.119
235  TPM3+F+H3     600409.710   562 1201943.421  1201997.153  1206113.799
236  TPM3+F+H4     596673.139   748 1194842.278  1194938.948  1200392.888
237  TPM3+F+H5     595473.432   934 1192814.865  1192968.006  1199745.706
238  TPM3+F+H6     594437.445   1120 1191114.890  1191338.710  1199425.963
239  TPM3+F+H7     593930.966   1306 1190473.933  1190783.358  1200165.238
243  TPM3u+F       690525.961   190 1381431.922  1381437.897  1382841.837
244  TPM3u+F+I     644475.328   191 1289332.656  1289338.694  1290749.991
245  TPM3u+F+G4    600422.443   191 1201226.885  1201232.923  1202644.220
246  TPM3u+F+I+G4  597994.639   192 1196373.279  1196379.380  1197798.034
247  TPM3u+F+R2    612546.580   192 1225477.160  1225483.261  1226901.915
248  TPM3u+F+R3    601719.234   194 1203826.467  1203832.697  1205266.064
249  TPM3u+F+R4    598146.641   196 1196685.281  1196691.641  1198139.719
250  TPM3u+F+R5    597259.888   198 1194915.777  1194922.268  1196385.056
251  TPM3u+F+R6    597017.794   200 1194435.588  1194442.212  1195919.709
252  TPM3u+F+R7    596926.683   202 1194257.366  1194264.123  1195756.327
253  TPM3u+F+R8    596926.655   204 1194261.310  1194268.202  1195775.112
256  TPM3u+F+H2    611589.492   376 1223930.983  1223954.682  1226721.129
257  TPM3u+F+H3    600409.715   562 1201943.430  1201997.163  1206113.808
258  TPM3u+F+H4    596673.139   748 1194842.277  1194938.948  1200392.887
259  TPM3u+F+H5    595473.432   934 1192814.865  1192968.006  1199745.706
260  TPM3u+F+H6    594437.444   1120 1191114.889  1191338.709  1199425.962
261  TPM3u+F+H7    593930.967   1306 1190473.934  1190783.358  1200165.239
265  TIMe          689444.170   188 1379264.341  1379270.189  1380659.414
266  TIMe+I        646582.124   189 1293542.247  1293548.158  1294944.741
267  TIMe+G4       607846.602   189 1216071.204  1216077.115  1217473.697
268  TIMe+I+G4     605701.270   190 1211782.541  1211788.515  1213192.455
269  TIMe+R2       618074.421   190 1236528.843  1236534.817  1237938.757
270  TIMe+R3       607970.417   192 1216324.833  1216330.935  1217749.589
271  TIMe+R4       605368.871   194 1211125.743  1211131.973  1212565.339
272  TIMe+R5       604659.204   196 1209710.408  1209716.767  1211164.846
273  TIMe+R6       604448.366   198 1209292.732  1209299.222  1210762.011
274  TIMe+R7       604353.536   200 1209107.071  1209113.695  1210591.192
275  TIMe+R8       604353.511   202 1209111.023  1209117.780  1210609.984
278  TIMe+H2       617125.190   374 1234998.380  1235021.823  1237773.685
279  TIMe+H3       606579.492   560 1214278.984  1214332.326  1218434.520
280  TIMe+H4       603648.631   746 1208789.262  1208885.399  1214325.030
281  TIMe+H5       602691.453   932 1207246.906  1207399.366  1214162.907
282  TIMe+H6       601704.073   1118 1205644.146  1205867.128  1213940.378
283  TIMe+H7       601157.357   1304 1204922.715  1205231.137  1214599.179
287  TIM+F         686570.125   191 1373522.251  1373528.288  1374939.586
288  TIM+F+I       641312.076   192 1283008.151  1283014.253  1284432.907
289  TIM+F+G4      597834.514   192 1196053.027  1196059.129  1197477.783
290  TIM+F+I+G4    595574.904   193 1191535.808  1191541.973  1192967.984
291  TIM+F+R2      610026.018   193 1220438.036  1220444.202  1221870.212
292  TIM+F+R3      599149.355   195 1198688.710  1198695.005  1200135.728
293  TIM+F+R4      595660.405   197 1191714.811  1191721.236  1193176.669
294  TIM+F+R5      594871.553   199 1190141.106  1190147.663  1191617.806
295  TIM+F+R6      594573.559   201 1189549.117  1189555.808  1191040.658
296  TIM+F+R7      594506.676   203 1189419.353  1189426.178  1190925.735
297  TIM+F+R8      594506.555   205 1189423.109  1189430.070  1190944.333
300  TIM+F+H2      609093.461   377 1218940.922  1218964.749  1221738.489
301  TIM+F+H3      597969.443   563 1197064.886  1197118.815  1201242.685
302  TIM+F+H4      594231.304   749 1189960.608  1190057.545  1195518.639
303  TIM+F+H5      592972.471   935 1187814.943  1187968.426  1194753.205
304  TIM+F+H6      592056.460   1121 1186354.920  1186579.160  1194673.414
305  TIM+F+H7      591371.355   1307 1185356.710  1185666.636  1195055.435
309  TIM2e         688997.911   188 1378371.823  1378377.671  1379766.896
310  TIM2e+I       650858.029   189 1302094.058  1302099.969  1303496.551
311  TIM2e+G4      616742.903   189 1233863.807  1233869.718  1235266.301
312  TIM2e+I+G4    614901.428   190 1230182.856  1230188.830  1231592.770
313  TIM2e+R2      625618.755   190 1251617.510  1251623.484  1253027.424
314  TIM2e+R3      616646.416   192 1233676.832  1233682.934  1235101.588
315  TIM2e+R4      614550.003   194 1229488.005  1229494.235  1230927.602
316  TIM2e+R5      613843.451   196 1228078.903  1228085.262  1229533.341
317  TIM2e+R6      613667.758   198 1227731.517  1227738.008  1229200.796
318  TIM2e+R7      613587.125   200 1227574.250  1227580.873  1229058.370
319  TIM2e+R8      613586.991   202 1227577.981  1227584.739  1229076.943
322  TIM2e+H2      624719.187   374 1250186.374  1250209.818  1252961.679
323  TIM2e+H3      615213.085   560 1231546.170  1231599.512  1235701.707
324  TIM2e+H4      612856.179   746 1227204.359  1227300.496  1232740.127
325  TIM2e+H5      612006.922   932 1225877.843  1226030.303  1232793.844
331  TIM2+F        685542.453   191 1371466.907  1371472.944  1372884.242
332  TIM2+F+I      641435.834   192 1283255.668  1283261.769  1284680.423
333  TIM2+F+G4     599293.847   192 1198971.695  1198977.796  1200396.450
334  TIM2+F+I+G4   597071.729   193 1194529.458  1194535.623  1195961.634
335  TIM2+F+R2     611127.981   193 1222641.961  1222648.127  1224074.137
336  TIM2+F+R3     600596.064   195 1201582.127  1201588.422  1203029.144
337  TIM2+F+R4     597128.910   197 1194651.820  1194658.245  1196113.678
338  TIM2+F+R5     596360.293   199 1193118.587  1193125.144  1194595.287
339  TIM2+F+R6     596032.979   201 1192467.958  1192474.648  1193959.498
340  TIM2+F+R7     595952.997   203 1192311.994  1192318.818  1193818.376
341  TIM2+F+R8     595952.845   205 1192315.690  1192322.650  1193836.913
344  TIM2+F+H2     610182.038   377 1221118.077  1221141.903  1223915.643
345  TIM2+F+H3     599402.466   563 1199930.931  1199984.860  1204108.730
346  TIM2+F+H4     595697.000   749 1192892.000  1192988.937  1198450.030
347  TIM2+F+H5     594527.054   935 1190924.108  1191077.591  1197862.370
348  TIM2+F+H6     593623.901   1121 1189489.803  1189714.043  1197808.297
349  TIM2+F+H7     592897.732   1307 1188409.464  1188719.390  1198108.190
353  TIM3e         698398.912   188 1397173.825  1397179.673  1398568.898
354  TIM3e+I       657529.296   189 1315436.593  1315442.504  1316839.087
355  TIM3e+G4      619348.427   189 1239074.854  1239080.765  1240477.348
356  TIM3e+I+G4    617303.132   190 1234986.265  1234992.239  1236396.179
357  TIM3e+R2      629811.164   190 1260002.327  1260008.301  1261412.241
358  TIM3e+R3      619700.387   192 1239784.774  1239790.875  1241209.529
359  TIM3e+R4      617061.583   194 1234511.166  1234517.396  1235950.763
360  TIM3e+R5      616401.449   196 1233194.899  1233201.258  1234649.337
361  TIM3e+R6      616098.848   198 1232593.696  1232600.187  1234062.975
362  TIM3e+R7      616024.595   200 1232449.189  1232455.812  1233933.309
363  TIM3e+R8      616024.556   202 1232453.111  1232459.869  1233952.073
366  TIM3e+H2      628886.391   374 1258520.782  1258544.225  1261296.086
367  TIM3e+H3      618374.202   560 1237868.404  1237921.747  1242023.941
368  TIM3e+H4      615467.656   746 1232427.313  1232523.450  1237963.081
369  TIM3e+H5      614601.973   932 1231067.946  1231220.406  1237983.946
375  TIM3+F        690422.549   191 1381227.099  1381233.136  1382644.433
376  TIM3+F+I      644293.776   192 1288971.552  1288977.653  1290396.308
377  TIM3+F+G4     599902.212   192 1200188.424  1200194.525  1201613.179
378  TIM3+F+I+G4   597647.256   193 1195680.512  1195686.677  1197112.688
379  TIM3+F+R2     612341.497   193 1225068.994  1225075.160  1226501.170
380  TIM3+F+R3     601442.811   195 1203275.623  1203281.917  1204722.640
381  TIM3+F+R4     597771.723   197 1195937.446  1195943.871  1197399.305
382  TIM3+F+R5     596955.342   199 1194308.684  1194315.241  1195785.384
383  TIM3+F+R6     596654.290   201 1193710.579  1193717.269  1195202.120
384  TIM3+F+R7     596564.699   203 1193535.398  1193542.222  1195041.780
385  TIM3+F+R8     596564.610   205 1193539.221  1193546.181  1195060.444
388  TIM3+F+H2     611389.288   377 1223532.577  1223556.403  1226330.144
389  TIM3+F+H3     600194.285   563 1201514.570  1201568.498  1205692.368
390  TIM3+F+H4     596317.699   749 1194133.398  1194230.335  1199691.428
391  TIM3+F+H5     595133.801   935 1192137.601  1192291.084  1199075.863
392  TIM3+F+H6     594154.168   1121 1190550.336  1190774.576  1198868.830
393  TIM3+F+H7     593451.521   1307 1189517.041  1189826.968  1199215.767
397  TVMe          678575.667   189 1357529.335  1357535.246  1358931.828
398  TVMe+I        640282.229   190 1280944.458  1280950.432  1282354.372
399  TVMe+G4       604589.062   190 1209558.124  1209564.098  1210968.038
400  TVMe+I+G4     602644.230   191 1205670.459  1205676.497  1207087.794
401  TVMe+R2       614138.110   191 1228658.220  1228664.257  1230075.554
402  TVMe+R3       604697.867   193 1209781.735  1209787.900  1211213.911
403  TVMe+R4       602367.212   195 1205124.424  1205130.718  1206571.441
404  TVMe+R5       601617.699   197 1203629.397  1203635.822  1205091.256
405  TVMe+R6       601371.617   199 1203141.235  1203147.792  1204617.935
406  TVMe+R7       601287.826   201 1202977.652  1202984.342  1204469.193
407  TVMe+R8       601287.487   203 1202980.974  1202987.798  1204487.356
410  TVMe+H2       613268.118   375 1227286.236  1227309.806  1230068.961
411  TVMe+H3       603347.404   561 1207816.808  1207870.345  1211979.765
412  TVMe+H4       600772.833   747 1203039.665  1203136.069  1208582.854
413  TVMe+H5       599855.258   933 1201576.515  1201729.316  1208499.936
414  TVMe+H6       598868.274   1119 1199974.548  1200197.949  1208278.201
415  TVMe+H7       598230.728   1305 1199071.455  1199380.378  1208755.340
419  TVM+F         684153.916   192 1368691.833  1368697.934  1370116.588
420  TVM+F+I       640292.403   193 1280970.806  1280976.971  1282402.982
421  TVM+F+G4      598399.498   193 1197184.997  1197191.162  1198617.173
422  TVM+F+I+G4    595968.368   194 1192324.736  1192330.965  1193764.332
423  TVM+F+R2      609964.473   194 1220316.946  1220323.176  1221756.543
424  TVM+F+R3      599380.908   196 1199153.817  1199160.177  1200608.255
425  TVM+F+R4      596049.543   198 1192495.086  1192501.577  1193964.365
426  TVM+F+R5      595211.975   200 1190823.950  1190830.574  1192308.071
427  TVM+F+R6      594969.824   202 1190343.648  1190350.405  1191842.609
428  TVM+F+R7      594910.295   204 1190228.589  1190235.482  1191742.392
429  TVM+F+R8      594910.236   206 1190232.472  1190239.501  1191761.115
432  TVM+F+H2      609023.871   378 1218803.743  1218827.697  1221608.730
433  TVM+F+H3      598131.125   564 1197390.251  1197444.375  1201575.470
434  TVM+F+H4      594608.371   750 1190716.743  1190813.947  1196282.194
435  TVM+F+H5      593329.407   936 1188530.815  1188684.640  1195476.498
436  TVM+F+H6      592366.936   1122 1186977.872  1187202.532  1195303.787
437  TVM+F+H7      591834.811   1308 1186285.622  1186596.052  1195991.769
441  SYM           678410.641   190 1357201.281  1357207.255  1358611.195
442  SYM+I         639909.281   191 1280200.562  1280206.599  1281617.897
443  SYM+G4        603590.973   191 1207563.946  1207569.984  1208981.281
444  SYM+I+G4      601641.823   192 1203667.646  1203673.747  1205092.401
445  SYM+R2        613341.080   192 1227066.161  1227072.262  1228490.916
446  SYM+R3        603793.604   194 1207975.208  1207981.438  1209414.805
447  SYM+R4        601348.207   196 1203088.415  1203094.774  1204542.853
448  SYM+R5        600639.058   198 1201674.117  1201680.607  1203143.396
449  SYM+R6        600346.169   200 1201092.338  1201098.962  1202576.459
450  SYM+R7        600239.402   202 1200882.804  1200889.561  1202381.766
451  SYM+R8        600239.258   204 1200886.516  1200893.409  1202400.319
454  SYM+H2        612503.658   376 1225759.316  1225783.015  1228549.462
455  SYM+H3        602489.315   562 1206102.631  1206156.364  1210273.009
456  SYM+H4        599801.278   748 1201098.557  1201195.227  1206649.166
457  SYM+H5        598907.235   934 1199682.471  1199835.613  1206613.313
458  SYM+H6        597902.789   1120 1198045.578  1198269.399  1206356.652
459  SYM+H7        597312.155   1306 1197236.311  1197545.736  1206927.616
463  GTR+F         684120.981   193 1368627.961  1368634.126  1370060.137
464  GTR+F+I       640180.402   194 1280748.804  1280755.033  1282188.400
465  GTR+F+G4      597742.537   194 1195873.074  1195879.304  1197312.671
466  GTR+F+I+G4    595512.354   195 1191414.708  1191421.003  1192861.725
467  GTR+F+R2      609755.026   195 1219900.053  1219906.347  1221347.070
468  GTR+F+R3      599048.238   197 1198490.477  1198496.902  1199952.335
469  GTR+F+R4      595585.316   199 1191568.632  1191575.189  1193045.331
470  GTR+F+R5      594815.777   201 1190033.555  1190040.245  1191525.096
471  GTR+F+R6      594500.663   203 1189407.326  1189414.151  1190913.708
472  GTR+F+R7      594428.719   205 1189267.438  1189274.398  1190788.661
473  GTR+F+R8      594428.558   207 1189271.116  1189278.214  1190807.180
476  GTR+F+H2      608821.961   379 1218401.921  1218426.005  1221214.329
477  GTR+F+H3      597865.443   565 1196860.886  1196915.207  1201053.525
478  GTR+F+H4      594164.956   751 1189831.912  1189929.384  1195404.784
479  GTR+F+H5      592920.861   937 1187715.722  1187869.889  1194668.826
480  GTR+F+H6      592015.113   1123 1186276.226  1186501.306  1194609.561
481  GTR+F+H7      591329.238   1309 1185276.476  1185587.408  1194990.043
Akaike Information Criterion:           GTR+F+H7
Corrected Akaike Information Criterion: GTR+F+H7
Bayesian Information Criterion:         GTR+F+R7
Best-fit model: GTR+F+R7 chosen according to BIC

All model information printed to MafftGhostRateLinked.model.gz
CPU time for ModelFinder: 16129.364 seconds (4h:28m:49s)
Wall-clock time for ModelFinder: 16157.633 seconds (4h:29m:17s)
Generating 1000 samples for ultrafast bootstrap (seed: 918671)...

NOTE: 234 MB RAM (0 GB) is required!
Estimate model parameters (epsilon = 0.100)
Initial LogL: -606023.516, Site proportion and rates:  (0.287,0.016) (0.119,0.199) (0.086,0.506) (0.090,0.825) (0.125,1.248) (0.160,1.856) (0.133,3.014)
relative_treelen: 0.394 4.933 12.566 20.496 31.003 46.107 74.900
1. Initial log-likelihood: -607899.753
WARN: at EM step 1 new_tree_lh -607927.749 worse than tree_lh -607899.753
WARN: at EM step 1 new_tree_lh -607969.960 worse than tree_lh -607927.749
WARN: at EM step 1 new_tree_lh -607992.729 worse than tree_lh -607956.061
WARN: at EM step 1 new_tree_lh -607981.410 worse than tree_lh -607936.256
WARN: at EM step 1 new_tree_lh -608044.852 worse than tree_lh -607981.410
WARN: at EM step 1 new_tree_lh -608045.916 worse than tree_lh -607997.073
WARN: at EM step 1 new_tree_lh -608110.244 worse than tree_lh -608045.916
WARN: at EM step 1 new_tree_lh -608131.093 worse than tree_lh -608061.446
WARN: at EM step 1 new_tree_lh -608154.156 worse than tree_lh -608129.236
WARN: at EM step 1 new_tree_lh -608170.494 worse than tree_lh -608136.861
WARN: at EM step 1 new_tree_lh -608173.989 worse than tree_lh -608170.494
WARN: at EM step 1 new_tree_lh -608180.542 worse than tree_lh -608173.989
WARN: at EM step 1 new_tree_lh -608197.922 worse than tree_lh -608180.542
WARN: at EM step 1 new_tree_lh -608206.136 worse than tree_lh -608138.068
WARN: at EM step 1 new_tree_lh -608256.655 worse than tree_lh -608206.136
WARN: at EM step 1 new_tree_lh -608295.350 worse than tree_lh -608228.173
WARN: at EM step 1 new_tree_lh -608373.819 worse than tree_lh -608295.350
WARN: at EM step 1 new_tree_lh -608347.936 worse than tree_lh -608331.017
WARN: at EM step 1 new_tree_lh -608375.001 worse than tree_lh -608347.936
WARN: at EM step 1 new_tree_lh -608374.772 worse than tree_lh -608342.768
WARN: at EM step 1 new_tree_lh -608387.909 worse than tree_lh -608374.772
WARN: at EM step 1 new_tree_lh -608436.014 worse than tree_lh -608372.444
WARN: at EM step 1 new_tree_lh -608499.116 worse than tree_lh -608436.014
WARN: at EM step 1 new_tree_lh -608552.148 worse than tree_lh -608496.533
WARN: at EM step 1 new_tree_lh -608608.745 worse than tree_lh -608545.436
WARN: at EM step 1 new_tree_lh -608657.657 worse than tree_lh -608608.745
WARN: at EM step 1 new_tree_lh -608643.734 worse than tree_lh -608613.403
WARN: at EM step 1 new_tree_lh -608660.238 worse than tree_lh -608641.846
WARN: at EM step 1 new_tree_lh -608690.643 worse than tree_lh -608660.238
WARN: at EM step 1 new_tree_lh -608684.595 worse than tree_lh -608647.097
WARN: at EM step 1 new_tree_lh -608745.427 worse than tree_lh -608684.595
WARN: at EM step 1 new_tree_lh -608777.149 worse than tree_lh -608732.498
WARN: at EM step 1 new_tree_lh -608798.005 worse than tree_lh -608769.685
WARN: at EM step 1 new_tree_lh -608835.857 worse than tree_lh -608798.005
WARN: at EM step 1 new_tree_lh -608855.791 worse than tree_lh -608819.316
WARN: at EM step 1 new_tree_lh -608885.280 worse than tree_lh -608855.791
WARN: at EM step 1 new_tree_lh -608895.059 worse than tree_lh -608876.564
WARN: at EM step 1 new_tree_lh -608910.748 worse than tree_lh -608895.059
WARN: at EM step 1 new_tree_lh -608922.412 worse than tree_lh -608904.551
WARN: at EM step 1 new_tree_lh -608942.874 worse than tree_lh -608922.412
WARN: at EM step 1 new_tree_lh -608946.269 worse than tree_lh -608938.934
WARN: at EM step 1 new_tree_lh -608972.713 worse than tree_lh -608941.162
WARN: at EM step 1 new_tree_lh -609006.118 worse than tree_lh -608972.713
WARN: at EM step 1 new_tree_lh -608987.597 worse than tree_lh -608979.731
WARN: at EM step 1 new_tree_lh -609015.217 worse than tree_lh -608987.597
WARN: at EM step 1 new_tree_lh -609006.053 worse than tree_lh -608995.643
WARN: at EM step 1 new_tree_lh -608979.142 worse than tree_lh -608969.380
WARN: at EM step 1 new_tree_lh -608986.579 worse than tree_lh -608955.059
WARN: at EM step 1 new_tree_lh -609013.879 worse than tree_lh -608986.579
WARN: at EM step 1 new_tree_lh -608998.648 worse than tree_lh -608990.896
WARN: at EM step 1 new_tree_lh -608988.742 worse than tree_lh -608985.412
WARN: at EM step 1 new_tree_lh -608981.977 worse than tree_lh -608974.910
WARN: at EM step 1 new_tree_lh -608964.364 worse than tree_lh -608948.885
WARN: at EM step 1 new_tree_lh -608938.765 worse than tree_lh -608926.529
WARN: at EM step 1 new_tree_lh -608948.423 worse than tree_lh -608938.765
WARN: at EM step 1 new_tree_lh -608914.448 worse than tree_lh -608908.980
WARN: at EM step 1 new_tree_lh -608919.982 worse than tree_lh -608914.448
WARN: at EM step 1 new_tree_lh -608924.905 worse than tree_lh -608914.555
WARN: at EM step 1 new_tree_lh -608894.377 worse than tree_lh -608892.641
WARN: at EM step 1 new_tree_lh -608919.586 worse than tree_lh -608894.377
WARN: at EM step 1 new_tree_lh -608946.159 worse than tree_lh -608919.586
WARN: at EM step 1 new_tree_lh -608951.177 worse than tree_lh -608946.159
WARN: at EM step 1 new_tree_lh -608992.168 worse than tree_lh -608951.177
WARN: at EM step 1 new_tree_lh -609024.870 worse than tree_lh -608992.168
WARN: at EM step 1 new_tree_lh -609039.435 worse than tree_lh -609001.134
WARN: at EM step 1 new_tree_lh -609029.819 worse than tree_lh -609021.732
WARN: at EM step 1 new_tree_lh -609033.135 worse than tree_lh -609017.253
WARN: at EM step 1 new_tree_lh -608992.332 worse than tree_lh -608989.041
WARN: at EM step 1 new_tree_lh -609000.356 worse than tree_lh -608992.332
WARN: at EM step 1 new_tree_lh -608902.208 worse than tree_lh -608885.938
WARN: at EM step 1 new_tree_lh -608895.996 worse than tree_lh -608892.651
WARN: at EM step 1 new_tree_lh -608919.351 worse than tree_lh -608871.637
WARN: at EM step 1 new_tree_lh -608909.239 worse than tree_lh -608907.427
WARN: at EM step 1 new_tree_lh -608902.074 worse than tree_lh -608896.885
WARN: at EM step 1 new_tree_lh -608943.967 worse than tree_lh -608902.074
WARN: at EM step 1 new_tree_lh -608962.333 worse than tree_lh -608931.486
WARN: at EM step 1 new_tree_lh -609000.523 worse than tree_lh -608962.333
WARN: at EM step 1 new_tree_lh -609044.329 worse than tree_lh -608994.544
WARN: at EM step 1 new_tree_lh -609050.694 worse than tree_lh -609042.465
WARN: at EM step 1 new_tree_lh -609082.858 worse than tree_lh -609047.008
WARN: at EM step 1 new_tree_lh -609096.585 worse than tree_lh -609082.858
(NC_003372[0.004631/0.058031/0.147817/0.241106/0.364711/0.542381/0.881098]:0.319968,((((((((((((((NC_003970[0.004240/0.053126/0.135323/0.220727/0.333884/0.496537/0.806625]:0.292923,NC_030060[0.003251/0.040737/0.103765/0.169252/0.256021/0.380743/0.618517]:0.224612)[0.000925/0.011586/0.029511/0.048136/0.072813/0.108284/0.175907]:0.063880,NC_027176[0.003239/0.040591/0.103392/0.168644/0.255101/0.379375/0.616294]:0.223805)[0.000644/0.008073/0.020563/0.033541/0.050736/0.075453/0.122573]:0.044512,(NC_010964[0.003786/0.047435/0.120828/0.197082/0.298119/0.443349/0.720220]:0.261545,NC_013576[0.004977/0.062360/0.158843/0.259090/0.391915/0.582838/0.946820]:0.343835)[0.000398/0.004989/0.012709/0.020729/0.031357/0.046632/0.075754]:0.027510)[0.000434/0.005441/0.013861/0.022608/0.034198/0.050858/0.082619]:0.030003,(NC_009964[0.003055/0.038286/0.097522/0.159069/0.240617/0.357835/0.581303]:0.211098,NC_028541[0.002901/0.036355/0.092602/0.151044/0.228479/0.339783/0.551977]:0.200449)[0.001487/0.018630/0.047454/0.077403/0.117084/0.174122/0.282861]:0.102720)[0.000922/0.011558/0.029441/0.048021/0.072640/0.108027/0.175490]:0.063729,(NC_036275[0.003569/0.044718/0.113905/0.185791/0.281039/0.417948/0.678957]:0.246561,NC_036279[0.003229/0.040460/0.103060/0.168102/0.254281/0.378155/0.614313]:0.223086)[0.000625/0.007827/0.019937/0.032519/0.049191/0.073154/0.118838]:0.043156)[0.000326/0.004090/0.010417/0.016991/0.025702/0.038223/0.062094]:0.022549,(((((NC_011328[0.006688/0.083809/0.213479/0.348206/0.526718/0.783311/1.272488]:0.462100,NC_028603[0.007158/0.089699/0.228481/0.372676/0.563732/0.838356/1.361910]:0.494573)[0.000552/0.006911/0.017605/0.028715/0.043436/0.064596/0.104936]:0.038107,((NC_012765[0.004204/0.052682/0.134192/0.218881/0.331093/0.492386/0.799882]:0.290474,NC_013580[0.005057/0.063371/0.161418/0.263290/0.398269/0.592287/0.962170]:0.349409)[0.000346/0.004340/0.011055/0.018032/0.027276/0.040563/0.065895]:0.023929,NC_030758[0.004885/0.061216/0.155930/0.254338/0.384727/0.572149/0.929455]:0.337529)[0.000963/0.012064/0.030728/0.050121/0.075816/0.112750/0.183163]:0.066515)[0.000252/0.003155/0.008037/0.013110/0.019830/0.029491/0.047908]:0.017398,(NC_013582[0.005011/0.062792/0.159944/0.260885/0.394631/0.586876/0.953381]:0.346217,NC_042820[0.004827/0.060481/0.154057/0.251282/0.380105/0.565275/0.918289]:0.333474)[0.001355/0.016977/0.043243/0.070534/0.106694/0.158670/0.257759]:0.093604)[0.000171/0.002144/0.005460/0.008906/0.013472/0.020035/0.032547]:0.011819,((((NC_024633[0.001489/0.018658/0.047526/0.077520/0.117262/0.174386/0.283290]:0.102876,NC_037196[0.001654/0.020724/0.052789/0.086104/0.130246/0.193696/0.314659]:0.114267)[0.001810/0.022676/0.057760/0.094212/0.142511/0.211935/0.344289]:0.125027,NC_027256[0.003477/0.043571/0.110984/0.181027/0.273833/0.407232/0.661548]:0.240239)[0.000389/0.004880/0.012431/0.020276/0.030671/0.045612/0.074097]:0.026908,NC_025332[0.003047/0.038182/0.097257/0.158636/0.239963/0.356862/0.579722]:0.210524)[0.000918/0.011501/0.029296/0.047786/0.072283/0.107497/0.174628]:0.063416,NC_039657[0.005600/0.070173/0.178745/0.291553/0.441020/0.655865/1.065452]:0.386916)[0.001102/0.013808/0.035171/0.057368/0.086778/0.129052/0.209644]:0.076132)[0.000595/0.007453/0.018984/0.030964/0.046839/0.069656/0.113156]:0.041092,((NC_018353[0.006278/0.078668/0.200384/0.326847/0.494409/0.735263/1.194434]:0.433755,NC_028607[0.004660/0.058391/0.148733/0.242600/0.366971/0.545743/0.886559]:0.321951)[0.000475/0.005949/0.015154/0.024718/0.037390/0.055605/0.090330]:0.032803,(NC_042198[0.007334/0.091906/0.234102/0.381845/0.577602/0.858983/1.395418]:0.506741,NC_042828[0.007042/0.088237/0.224757/0.366603/0.554546/0.824695/1.339716]:0.486514)[0.000989/0.012392/0.031564/0.051484/0.077877/0.115815/0.188142]:0.068323)[0.000146/0.001829/0.004659/0.007599/0.011495/0.017095/0.027770]:0.010085)[0.000240/0.003001/0.007645/0.012470/0.018863/0.028052/0.045571]:0.016549)[0.000381/0.004769/0.012149/0.019816/0.029974/0.044576/0.072414]:0.026297,(NC_037200[0.004054/0.050795/0.129385/0.211041/0.319233/0.474749/0.771230]:0.280070,(NC_042614[0.003845/0.048176/0.122714/0.200159/0.302773/0.450270/0.731463]:0.265628,NC_042922[0.003506/0.043932/0.111902/0.182524/0.276097/0.410599/0.667019]:0.242226)[0.000771/0.009659/0.024604/0.040131/0.060705/0.090277/0.146655]:0.053257)[0.000204/0.002562/0.006525/0.010642/0.016098/0.023941/0.038892]:0.014123)[0.000384/0.004816/0.012266/0.020008/0.030265/0.045008/0.073116]:0.026552,((NC_011320[0.004661/0.058401/0.148759/0.242642/0.367035/0.545838/0.886713]:0.322007,NC_036278[0.005135/0.064351/0.163915/0.267363/0.404430/0.601449/0.977054]:0.354814)[0.000251/0.003150/0.008022/0.013085/0.019794/0.029437/0.047820]:0.017366,(((NC_011322[0.002461/0.030842/0.078560/0.128139/0.193831/0.288257/0.468273]:0.170052,NC_036265[0.003688/0.046212/0.117711/0.191999/0.290429/0.431913/0.701643]:0.254799)[0.000380/0.004759/0.012122/0.019772/0.029908/0.044478/0.072254]:0.026239,NC_012144[0.003150/0.039476/0.100554/0.164014/0.248097/0.368958/0.599373]:0.217660)[0.000440/0.005512/0.014041/0.022903/0.034644/0.051521/0.083696]:0.030394,((((NC_011329[0.001215/0.015224/0.038779/0.063252/0.095679/0.142290/0.231150]:0.083941,NC_016469[0.001441/0.018060/0.046001/0.075033/0.113500/0.168791/0.274202]:0.099575)[0.000311/0.003900/0.009933/0.016202/0.024508/0.036447/0.059208]:0.021501,(NC_030592[0.001764/0.022105/0.056305/0.091840/0.138923/0.206600/0.335622]:0.121880,NC_036261[0.002209/0.027680/0.070506/0.115002/0.173959/0.258704/0.420265]:0.152618)[0.000322/0.004029/0.010264/0.016741/0.025324/0.037661/0.061180]:0.022217)[0.000386/0.004842/0.012335/0.020119/0.030433/0.045259/0.073524]:0.026700,(NC_012139[0.001701/0.021313/0.054288/0.088550/0.133946/0.199198/0.323597]:0.117513,((NC_013249[0.002742/0.034358/0.087518/0.142750/0.215933/0.321125/0.521668]:0.189442,NC_037749[0.003601/0.045129/0.114954/0.187501/0.283626/0.421795/0.685206]:0.248830)[0.000275/0.003448/0.008782/0.014324/0.021668/0.032223/0.052347]:0.019010,NC_030593[0.002465/0.030884/0.078667/0.128315/0.194097/0.288652/0.468915]:0.170285)[0.000215/0.002688/0.006847/0.011169/0.016895/0.025125/0.040816]:0.014822)[0.000154/0.001929/0.004915/0.008016/0.012126/0.018033/0.029295]:0.010638)[0.000179/0.002245/0.005719/0.009328/0.014110/0.020983/0.034088]:0.012379,(NC_035714[0.003643/0.045645/0.116266/0.189643/0.286865/0.426612/0.693032]:0.251672,NC_036271[0.002199/0.027551/0.070177/0.114466/0.173149/0.257499/0.418307]:0.151907)[0.000278/0.003480/0.008865/0.014460/0.021874/0.032530/0.052844]:0.019190)[0.000828/0.010370/0.026414/0.043084/0.065172/0.096920/0.157447]:0.057176)[0.000700/0.008774/0.022349/0.036453/0.055141/0.082004/0.133215]:0.048377)[0.000996/0.012487/0.031806/0.051879/0.078475/0.116705/0.189587]:0.068848)[0.000067/0.000837/0.002133/0.003479/0.005263/0.007827/0.012715]:0.004617,((((NC_018349[0.002934/0.036760/0.093636/0.152730/0.231028/0.343574/0.558136]:0.202685,NC_028612[0.002893/0.036254/0.092346/0.150626/0.227847/0.338843/0.550451]:0.199894)[0.000807/0.010112/0.025757/0.042013/0.063551/0.094510/0.153532]:0.055755,NC_036270[0.002782/0.034856/0.088785/0.144818/0.219061/0.325777/0.529225]:0.192186)[0.000600/0.007522/0.019161/0.031254/0.047277/0.070308/0.114215]:0.041477,((((NC_023246[0.004153/0.052044/0.132567/0.216231/0.327084/0.486424/0.790195]:0.286957,NC_027580[0.004955/0.062086/0.158146/0.257952/0.390194/0.580278/0.942662]:0.342325)[0.000714/0.008941/0.022774/0.037147/0.056191/0.083565/0.135752]:0.049298,NC_030778[0.002736/0.034279/0.087315/0.142419/0.215432/0.320380/0.520458]:0.189003)[0.001201/0.015055/0.038347/0.062548/0.094614/0.140706/0.228577]:0.083007,NC_038115[0.003099/0.038835/0.098921/0.161351/0.244069/0.362968/0.589641]:0.214126)[0.000566/0.007092/0.018066/0.029467/0.044574/0.066288/0.107684]:0.039105,NC_039689[0.002860/0.035841/0.091294/0.148910/0.225251/0.334982/0.544179]:0.197617)[0.000516/0.006461/0.016458/0.026844/0.040606/0.060388/0.098100]:0.035625)[0.000204/0.002556/0.006512/0.010622/0.016067/0.023894/0.038815]:0.014096,((((NC_018352[0.003007/0.037684/0.095988/0.156567/0.236833/0.352207/0.572160]:0.207778,NC_028601[0.003002/0.037616/0.095815/0.156285/0.236406/0.351572/0.571128]:0.207403)[0.000386/0.004834/0.012314/0.020086/0.030383/0.045184/0.073401]:0.026655,(NC_028609[0.004180/0.052382/0.133427/0.217634/0.329206/0.489580/0.795323]:0.288819,NC_028611[0.003671/0.046003/0.117179/0.191131/0.289116/0.429961/0.698471]:0.253647)[0.000384/0.004807/0.012245/0.019972/0.030211/0.044929/0.072987]:0.026505)[0.000099/0.001235/0.003145/0.005130/0.007760/0.011540/0.018747]:0.006808,(NC_028605[0.002536/0.031782/0.080955/0.132046/0.199741/0.297045/0.482550]:0.175236,NC_028613[0.003085/0.038656/0.098465/0.160607/0.242944/0.361295/0.586923]:0.213139)[0.000373/0.004674/0.011906/0.019420/0.029375/0.043686/0.070967]:0.025772)[0.000086/0.001077/0.002743/0.004475/0.006769/0.010067/0.016353]:0.005939,(NC_028606[0.002929/0.036701/0.093485/0.152484/0.230656/0.343022/0.557239]:0.202359,NC_036273[0.003791/0.047502/0.120998/0.197361/0.298540/0.443975/0.721237]:0.261915)[0.000347/0.004344/0.011065/0.018049/0.027302/0.040602/0.065957]:0.023952)[0.000498/0.006235/0.015883/0.025906/0.039188/0.058278/0.094673]:0.034380)[0.000248/0.003112/0.007927/0.012929/0.019557/0.029085/0.047248]:0.017158)[0.000522/0.006540/0.016658/0.027171/0.041101/0.061123/0.099294]:0.036058,((NC_011324[0.003122/0.039121/0.099648/0.162537/0.245863/0.365636/0.593976]:0.215701,NC_033340[0.002773/0.034751/0.088519/0.144383/0.218403/0.324798/0.527635]:0.191609)[0.000890/0.011151/0.028403/0.046329/0.070079/0.104219/0.169304]:0.061482,(NC_024271[0.003272/0.040998/0.104430/0.170337/0.257661/0.383182/0.622479]:0.226051,NC_036267[0.003328/0.041702/0.106223/0.173260/0.262084/0.389759/0.633164]:0.229931)[0.000304/0.003811/0.009707/0.015833/0.023950/0.035617/0.057860]:0.021012)[0.000307/0.003852/0.009812/0.016005/0.024210/0.036004/0.058488]:0.021240)[0.000099/0.001243/0.003165/0.005163/0.007809/0.011614/0.018867]:0.006851,(((NC_013254[0.004374/0.054804/0.139596/0.227696/0.344427/0.512216/0.832095]:0.302172,NC_036277[0.006170/0.077309/0.196921/0.321199/0.485866/0.722557/1.173794]:0.426260)[0.001064/0.013326/0.033945/0.055368/0.083753/0.124554/0.202338]:0.073478,(NC_036269[0.002648/0.033186/0.084532/0.137880/0.208565/0.310169/0.503869]:0.182979,(NC_036274[0.002828/0.035437/0.090265/0.147231/0.222711/0.331206/0.538044]:0.195389,NC_036276[0.002595/0.032515/0.082821/0.135090/0.204346/0.303893/0.493675]:0.179276)[0.000334/0.004185/0.010661/0.017389/0.026304/0.039118/0.063547]:0.023077)[0.000589/0.007378/0.018793/0.030653/0.046367/0.068955/0.112017]:0.040679)[0.000544/0.006813/0.017354/0.028306/0.042818/0.063676/0.103442]:0.037565,((NC_036678[0.003676/0.046065/0.117336/0.191387/0.289504/0.430536/0.699406]:0.253987,NC_038197[0.003843/0.048160/0.122673/0.200093/0.302673/0.450121/0.731222]:0.265541)[0.001865/0.023370/0.059528/0.097096/0.146873/0.218423/0.354828]:0.128855,(NC_041172[0.004004/0.050168/0.127788/0.208435/0.315292/0.468887/0.761708]:0.276612,NC_042417[0.003489/0.043719/0.111361/0.181641/0.274762/0.408613/0.663791]:0.241054)[0.002108/0.026415/0.067284/0.109748/0.166011/0.246884/0.401063]:0.145645)[0.000410/0.005140/0.013092/0.021354/0.032301/0.048037/0.078036]:0.028338)[0.000204/0.002552/0.006501/0.010603/0.016039/0.023853/0.038749]:0.014072)[0.000601/0.007531/0.019182/0.031288/0.047327/0.070383/0.114338]:0.041521,(((NC_011326[0.003043/0.038135/0.097137/0.158441/0.239667/0.356422/0.579007]:0.210264,(NC_018350[0.003151/0.039482/0.100568/0.164037/0.248132/0.369011/0.599458]:0.217691,NC_028203[0.003891/0.048758/0.124197/0.202578/0.306432/0.455712/0.740304]:0.268839)[0.000273/0.003425/0.008724/0.014230/0.021525/0.032011/0.052002]:0.018884)[0.000514/0.006441/0.016406/0.026760/0.040479/0.060199/0.097793]:0.035513,(((NC_025243[0.003530/0.044233/0.112670/0.183777/0.277992/0.413417/0.671595]:0.243888,(NC_029515[0.004569/0.057252/0.145832/0.237867/0.359813/0.535097/0.869265]:0.315671,NC_038089[0.003617/0.045319/0.115436/0.188289/0.284817/0.423567/0.688085]:0.249876)[0.000424/0.005311/0.013527/0.022064/0.033375/0.049634/0.080630]:0.029281)[0.000775/0.009706/0.024723/0.040325/0.060998/0.090714/0.147364]:0.053515,NC_043883[0.002955/0.037027/0.094314/0.153836/0.232702/0.346064/0.562181]:0.204154)[0.000252/0.003159/0.008046/0.013123/0.019851/0.029521/0.047957]:0.017415,NC_038090[0.002843/0.035622/0.090736/0.147999/0.223873/0.332933/0.540850]:0.196408)[0.000410/0.005141/0.013096/0.021360/0.032311/0.048051/0.078059]:0.028347)[0.000150/0.001880/0.004788/0.007809/0.011813/0.017568/0.028539]:0.010364,(NC_036104[0.003243/0.040642/0.103522/0.168856/0.255421/0.379851/0.617068]:0.224086,NC_036266[0.004233/0.053037/0.135095/0.220355/0.333322/0.495701/0.805266]:0.292430)[0.000538/0.006737/0.017161/0.027991/0.042340/0.062967/0.102289]:0.037146)[0.000091/0.001137/0.002896/0.004723/0.007144/0.010624/0.017259]:0.006268)[0.000136/0.001701/0.004332/0.007066/0.010689/0.015896/0.025823]:0.009378,((NC_018354[0.002517/0.031541/0.080342/0.131047/0.198229/0.294797/0.478898]:0.173910,NC_027577[0.003848/0.048220/0.122826/0.200343/0.303051/0.450683/0.732135]:0.265872)[0.000811/0.010168/0.025900/0.042245/0.063903/0.095034/0.154382]:0.056063,((((NC_022680[0.003180/0.039851/0.101509/0.165571/0.250453/0.372462/0.605065]:0.219727,NC_034293[0.003054/0.038264/0.097466/0.158977/0.240478/0.357628/0.580967]:0.210976)[0.000340/0.004260/0.010850/0.017698/0.026771/0.039813/0.064676]:0.023487,NC_025945[0.003201/0.040114/0.102178/0.166662/0.252104/0.374917/0.609053]:0.221175)[0.000372/0.004659/0.011868/0.019358/0.029283/0.043548/0.070743]:0.025690,NC_041669[0.004543/0.056924/0.144996/0.236503/0.357749/0.532028/0.864279]:0.313860)[0.000780/0.009778/0.024906/0.040624/0.061450/0.091386/0.148456]:0.053911,(NC_030764[0.005150/0.064539/0.164394/0.268143/0.405610/0.603205/0.979906]:0.355850,NC_036291[0.006421/0.080456/0.204937/0.334274/0.505642/0.751968/1.221572]:0.443610)[0.000537/0.006724/0.017127/0.027936/0.042257/0.062843/0.102089]:0.037073)[0.000351/0.004396/0.011197/0.018264/0.027627/0.041086/0.066744]:0.024238)[0.001319/0.016528/0.042099/0.068668/0.103871/0.154472/0.250940]:0.091128)[0.000326/0.004081/0.010395/0.016955/0.025647/0.038141/0.061959]:0.022500,(NC_027114[0.002289/0.028677/0.073047/0.119147/0.180228/0.268027/0.435410]:0.158118,NC_036108[0.002938/0.036819/0.093785/0.152972/0.231395/0.344121/0.559024]:0.203008)[0.001286/0.016112/0.041039/0.066939/0.101256/0.150584/0.244623]:0.088834)[0.000262/0.003281/0.008358/0.013632/0.020621/0.030666/0.049818]:0.018091,NC_035677[0.003565/0.044678/0.113804/0.185627/0.280791/0.417579/0.678357]:0.246343);
Site proportion and rates:  (0.166860,0.075096) (0.134554,2.666075) (0.109482,9.118978) (0.133222,7.496809) (0.211115,4.728908) (0.188374,5.302254) (0.056393,17.713067)
Partition Noname
score: -621541.905501  old_score: -595855.344119
ERROR: ratefree.cpp:539: double RateFree::optimizeWithEM(): Assertion `score > old_score-0.1' failed.
ERROR: STACK TRACE FOR DEBUGGING:
ERROR: 
ERROR: *** IQ-TREE CRASHES WITH SIGNAL ABORTED
ERROR: *** For bug report please send to developers:
ERROR: ***    Log file: MafftGhostRateLinked.log
ERROR: ***    Alignment files (if possible)
