IQ-TREE multicore version 1.6.10 for Linux 64-bit built Feb 19 2019
Developed by Bui Quang Minh, Nguyen Lam Tung, Olga Chernomor,
Heiko Schmidt, Dominik Schrempf, Michael Woodhams.

Host:    hpc-watson (AVX, 251 GB RAM)
Command: iqtree -s MafftSM.fasta -pre MafftGhostRateLinkedBNNI -m MFP+FO+H4 -bb 1000 -bnni
Seed:    72893 (Using SPRNG - Scalable Parallel Random Number Generator)
Time:    Fri Sep 11 16:37:09 2020
Kernel:  AVX - 1 threads (40 CPU cores detected)

HINT: Use -nt option to specify number of threads because your CPU has 40 cores!
HINT: -nt AUTO will automatically determine the best number of threads to use.

Reading alignment file MafftSM.fasta ... Fasta format detected
Alignment most likely contains DNA/RNA sequences
Alignment has 94 sequences with 12340 columns, 9304 distinct patterns
8208 parsimony-informative, 995 singleton sites, 3137 constant sites
           Gap/Ambiguity  Composition  p-value
   1  NC_003372    9.94%    failed      0.18%
   2  NC_003970   10.13%    failed      0.00%
   3  NC_009964    9.72%    failed      0.00%
   4  NC_010964   10.01%    failed      0.00%
   5  NC_011320    9.58%    passed     12.50%
   6  NC_011322    9.57%    failed      0.00%
   7  NC_011324   10.19%    failed      0.00%
   8  NC_011326    9.83%    passed     92.84%
   9  NC_011328    9.69%    failed      0.00%
  10  NC_011329    9.17%    failed      0.00%
  11  NC_012139    9.08%    failed      0.00%
  12  NC_012144    9.00%    failed      0.00%
  13  NC_012765    9.52%    failed      0.00%
  14  NC_013249    9.48%    failed      0.29%
  15  NC_013254   10.29%    failed      0.00%
  16  NC_013576   10.63%    failed      0.00%
  17  NC_013580    9.67%    failed      0.00%
  18  NC_013582   10.24%    failed      0.00%
  19  NC_016469    9.02%    failed      0.00%
  20  NC_018349    9.88%    failed      1.72%
  21  NC_018350   10.06%    failed      4.49%
  22  NC_018352    9.89%    passed     42.42%
  23  NC_018353   11.51%    failed      0.00%
  24  NC_018354    9.72%    failed      0.00%
  25  NC_022680    9.59%    passed     18.55%
  26  NC_023246    9.79%    failed      0.00%
  27  NC_024271   10.01%    failed      0.00%
  28  NC_024633    9.89%    failed      0.00%
  29  NC_025243    9.98%    failed      0.00%
  30  NC_025332    9.97%    failed      0.00%
  31  NC_025945    9.72%    failed      0.00%
  32  NC_027114    9.89%    failed      0.00%
  33  NC_027176    9.84%    failed      0.00%
  34  NC_027256   10.41%    failed      0.00%
  35  NC_027577    9.85%    failed      0.69%
  36  NC_027580    9.94%    failed      0.00%
  37  NC_028203    9.93%    failed      0.02%
  38  NC_028541   10.01%    failed      0.00%
  39  NC_028601   10.39%    passed     16.52%
  40  NC_028603   11.27%    failed      0.00%
  41  NC_028605   10.64%    failed      0.00%
  42  NC_028606   10.84%    failed      0.00%
  43  NC_028607   11.06%    passed     62.63%
  44  NC_028609   10.35%    passed     37.49%
  45  NC_028611   10.00%    failed      0.00%
  46  NC_028612   10.87%    passed     32.81%
  47  NC_028613   10.97%    failed      0.15%
  48  NC_029515    9.81%    failed      0.00%
  49  NC_030060    9.91%    passed     82.21%
  50  NC_030592    8.86%    failed      0.00%
  51  NC_030593    8.95%    failed      0.00%
  52  NC_030758    9.69%    failed      0.00%
  53  NC_030764    9.84%    passed      8.30%
  54  NC_030778    9.81%    failed      0.00%
  55  NC_033340    9.85%    failed      0.00%
  56  NC_034293    9.59%    failed      0.00%
  57  NC_035677   10.37%    passed     17.41%
  58  NC_035714    9.34%    failed      1.62%
  59  NC_036104    9.94%    failed      0.15%
  60  NC_036108    9.89%    failed      0.76%
  61  NC_036261   10.52%    failed      0.00%
  62  NC_036265   10.53%    failed      0.00%
  63  NC_036266   10.84%    failed      0.00%
  64  NC_036267   10.67%    failed      0.02%
  65  NC_036269   10.81%    failed      0.00%
  66  NC_036270   10.96%    failed      0.00%
  67  NC_036271   10.32%    failed      0.00%
  68  NC_036273   10.62%    failed      0.00%
  69  NC_036274   10.87%    failed      0.00%
  70  NC_036275   10.54%    failed      0.00%
  71  NC_036276   10.82%    failed      0.00%
  72  NC_036277   11.47%    failed      0.00%
  73  NC_036278   10.47%    failed      0.00%
  74  NC_036279   10.18%    passed     20.86%
  75  NC_036291   10.90%    failed      0.00%
  76  NC_036678   10.40%    failed      0.00%
  77  NC_037196    9.84%    failed      0.00%
  78  NC_037200   10.41%    failed      0.00%
  79  NC_037749    9.47%    passed     29.39%
  80  NC_038089    9.69%    failed      0.00%
  81  NC_038090    9.69%    failed      0.00%
  82  NC_038115    9.72%    passed     80.20%
  83  NC_038197   10.96%    failed      0.00%
  84  NC_039657    9.83%    failed      0.00%
  85  NC_039689   10.56%    failed      0.00%
  86  NC_041172   10.49%    failed      0.00%
  87  NC_041669    9.74%    passed     49.66%
  88  NC_042198   10.71%    passed     38.97%
  89  NC_042417   10.46%    failed      0.00%
  90  NC_042614    9.59%    failed      0.00%
  91  NC_042820   10.59%    failed      0.01%
  92  NC_042828   10.18%    failed      0.00%
  93  NC_042922    9.80%    passed     18.74%
  94  NC_043883    9.87%    failed      0.00%
****  TOTAL       10.10%  77 sequences failed composition chi2 test (p-value<5%; df=3)


Create initial parsimony tree by phylogenetic likelihood library (PLL)... 0.166 seconds
NOTE: ModelFinder requires 319 MB RAM!
ModelFinder will test 484 DNA models (sample size: 12340) ...
 No. Model         -LnL         df  AIC          AICc         BIC
  1  JC            706172.924   185 1412715.847  1412721.510  1414088.659
  2  JC+I          664467.469   186 1329306.937  1329312.661  1330687.169
  3  JC+G4         628552.947   186 1257477.893  1257483.617  1258858.125
  4  JC+I+G4       626661.584   187 1253697.168  1253702.954  1255084.821
  5  JC+R2         637675.830   187 1275725.660  1275731.446  1277113.313
  6  JC+R3         628363.485   189 1257104.970  1257110.882  1258507.464
  7  JC+R4         626221.164   191 1252824.328  1252830.365  1254241.663
  8  JC+R5         625576.762   193 1251539.524  1251545.689  1252971.700
  9  JC+R6         625473.152   195 1251336.304  1251342.598  1252783.321
 10  JC+R7         625447.476   197 1251288.951  1251295.376  1252750.810
 11  JC+R8         625447.432   199 1251292.864  1251299.420  1252769.563
 14  JC+H2         636645.818   371 1274033.636  1274056.700  1276786.679
 15  JC+H3         626841.775   557 1254797.549  1254850.309  1258930.824
 16  JC+H4         624382.481   743 1250250.963  1250346.304  1255764.469
 17  JC+H5         623507.880   929 1248873.761  1249025.202  1255767.499
 23  F81+F         694811.178   188 1389998.357  1390004.205  1391393.430
 24  F81+F+I       649781.856   189 1299941.711  1299947.623  1301344.205
 25  F81+F+G4      608858.460   189 1218094.920  1218100.831  1219497.413
 26  F81+F+I+G4    606633.169   190 1213646.337  1213652.311  1215056.252
 27  F81+F+R2      619423.624   190 1239227.249  1239233.223  1240637.163
 28  F81+F+R3      609288.802   192 1218961.604  1218967.705  1220386.359
 29  F81+F+R4      606467.127   194 1213322.254  1213328.484  1214761.850
 30  F81+F+R5      605674.862   196 1211741.723  1211748.083  1213196.161
 31  F81+F+R6      605547.200   198 1211490.400  1211496.891  1212959.679
 32  F81+F+R7      605514.842   200 1211429.684  1211436.307  1212913.804
 33  F81+F+R8      605514.574   202 1211433.149  1211439.906  1212932.110
 36  F81+F+H2      618416.136   374 1237580.271  1237603.715  1240355.576
 37  F81+F+H3      607846.516   560 1216813.032  1216866.374  1220968.569
 38  F81+F+H4      604714.441   746 1210920.881  1211017.019  1216456.650
 39  F81+F+H5      603727.669   932 1209319.337  1209471.797  1216235.338
 40  F81+F+H6      602642.995   1118 1207521.990  1207744.973  1215818.222
 41  F81+F+H7      601984.496   1304 1206576.992  1206885.414  1216253.456
 45  K2P           705743.507   186 1411859.013  1411864.737  1413239.245
 46  K2P+I         664042.070   187 1328458.139  1328463.925  1329845.792
 47  K2P+G4        627988.859   187 1256351.718  1256357.504  1257739.371
 48  K2P+I+G4      626041.701   188 1252459.402  1252465.251  1253854.476
 49  K2P+R2        637212.059   188 1274800.118  1274805.967  1276195.192
 50  K2P+R3        627831.681   190 1256043.363  1256049.337  1257453.277
 51  K2P+R4        625632.532   192 1251649.064  1251655.166  1253073.820
 52  K2P+R5        624967.577   194 1250323.153  1250329.383  1251762.750
 53  K2P+R6        624858.737   196 1250109.474  1250115.833  1251563.912
 54  K2P+R7        624829.422   198 1250054.843  1250061.334  1251524.122
 55  K2P+R8        624829.346   200 1250058.693  1250065.316  1251542.813
 58  K2P+H2        636186.830   372 1273117.660  1273140.850  1275878.124
 59  K2P+H3        626328.994   558 1253773.988  1253826.941  1257914.683
 60  K2P+H4        623817.774   744 1249123.549  1249219.156  1254644.476
 61  K2P+H5        622930.737   930 1247721.475  1247873.255  1254622.634
 62  K2P+H6        621932.365   1116 1246096.730  1246318.876  1254378.121
 63  K2P+H7        621430.887   1302 1245465.773  1245773.195  1255127.396
 67  HKY+F         691057.073   189 1382492.145  1382498.056  1383894.639
 68  HKY+F+I       644735.381   190 1289850.763  1289856.737  1291260.677
 69  HKY+F+G4      600095.597   190 1200571.194  1200577.168  1201981.108
 70  HKY+F+I+G4    597726.459   191 1195834.919  1195840.956  1197252.254
 71  HKY+F+R2      612543.134   191 1225468.268  1225474.305  1226885.603
 72  HKY+F+R3      601652.657   193 1203691.315  1203697.480  1205123.491
 73  HKY+F+R4      597895.563   195 1196181.126  1196187.421  1197628.144
 74  HKY+F+R5      597006.625   197 1194407.250  1194413.675  1195869.109
 75  HKY+F+R6      596750.046   199 1193898.092  1193904.649  1195374.792
 76  HKY+F+R7      596645.638   201 1193693.276  1193699.966  1195184.817
 77  HKY+F+R8      596645.449   203 1193696.899  1193703.723  1195203.281
 80  HKY+F+H2      611569.323   375 1223888.646  1223912.217  1226671.372
 81  HKY+F+H3      600373.757   561 1201869.515  1201923.052  1206032.472
 82  HKY+F+H4      596417.732   747 1194329.465  1194425.868  1199872.654
 83  HKY+F+H5      595274.086   933 1192414.172  1192566.973  1199337.593
 84  HKY+F+H6      594235.994   1119 1190709.988  1190933.389  1199013.641
 85  HKY+F+H7      593744.062   1305 1190098.123  1190407.047  1199782.008
 89  TNe           705467.287   187 1411308.574  1411314.360  1412696.227
 90  TNe+I         663561.140   188 1327498.280  1327504.129  1328893.353
 91  TNe+G4        626959.508   188 1254295.016  1254300.865  1255690.089
 92  TNe+I+G4      624954.017   189 1250286.035  1250291.946  1251688.528
 93  TNe+R2        636420.982   189 1273219.963  1273225.874  1274622.457
 94  TNe+R3        626856.921   191 1254095.842  1254101.880  1255513.177
 95  TNe+R4        624569.500   193 1249524.999  1249531.164  1250957.175
 96  TNe+R5        623901.224   195 1248192.448  1248198.742  1249639.465
 97  TNe+R6        623767.694   197 1247929.389  1247935.814  1249391.247
 98  TNe+R7        623738.549   199 1247875.099  1247881.656  1249351.799
 99  TNe+R8        623738.511   201 1247879.022  1247885.712  1249370.563
102  TNe+H2        635417.906   373 1271581.813  1271605.129  1274349.697
103  TNe+H3        625392.114   559 1251902.228  1251955.376  1256050.344
104  TNe+H4        622801.649   745 1247093.298  1247189.170  1252621.646
105  TNe+H5        621907.391   931 1245676.781  1245828.901  1252585.361
106  TNe+H6        620908.592   1117 1244051.185  1244273.749  1252339.996
107  TNe+H7        620426.784   1303 1243459.569  1243767.491  1253128.612
111  TN+F          690969.713   190 1382319.426  1382325.400  1383729.340
112  TN+F+I        644570.687   191 1289523.374  1289529.412  1290940.709
113  TN+F+G4       599522.907   191 1199427.814  1199433.851  1200845.149
114  TN+F+I+G4     597327.161   192 1195038.323  1195044.424  1196463.078
115  TN+F+R2       612343.482   192 1225070.964  1225077.065  1226495.720
116  TN+F+R3       601299.519   194 1202987.038  1202993.268  1204426.635
117  TN+F+R4       597485.067   196 1195362.134  1195368.494  1196816.572
118  TN+F+R5       596624.478   198 1193644.956  1193651.447  1195114.235
119  TN+F+R6       596316.567   200 1193033.133  1193039.757  1194517.253
120  TN+F+R7       596210.318   202 1192824.636  1192831.393  1194323.597
121  TN+F+R8       596206.376   204 1192820.751  1192827.644  1194334.554
124  TN+F+H2       611380.271   376 1223512.542  1223536.240  1226302.688
125  TN+F+H3       600092.374   562 1201308.748  1201362.481  1205479.126
126  TN+F+H4       596028.827   748 1193553.654  1193650.324  1199104.264
127  TN+F+H5       594907.392   934 1191682.784  1191835.925  1198613.625
128  TN+F+H6       593908.897   1120 1190057.795  1190281.615  1198368.868
129  TN+F+H7       593237.329   1306 1189086.659  1189396.083  1198777.964
133  K3P           689030.748   187 1378435.497  1378441.283  1379823.149
134  K3P+I         646376.882   188 1293129.764  1293135.613  1294524.837
135  K3P+G4        608265.236   188 1216906.471  1216912.320  1218301.544
136  K3P+I+G4      606133.435   189 1212644.870  1212650.781  1214047.363
137  K3P+R2        618277.467   189 1236932.933  1236938.845  1238335.427
138  K3P+R3        608316.707   191 1217015.414  1217021.451  1218432.749
139  K3P+R4        605795.838   193 1211977.676  1211983.842  1213409.852
140  K3P+R5        605057.429   195 1210504.859  1210511.153  1211951.876
141  K3P+R6        604883.538   197 1210161.077  1210167.502  1211622.935
142  K3P+R7        604807.551   199 1210013.102  1210019.659  1211489.802
143  K3P+R8        604806.689   201 1210015.378  1210022.069  1211506.919
146  K3P+H2        617289.221   373 1235324.442  1235347.759  1238092.326
147  K3P+H3        606901.745   559 1214921.491  1214974.638  1219069.607
148  K3P+H4        604050.468   745 1209590.936  1209686.808  1215119.284
149  K3P+H5        603088.992   931 1208039.983  1208192.103  1214948.563
150  K3P+H6        602105.138   1117 1206444.275  1206666.839  1214733.087
151  K3P+H7        601566.834   1303 1205739.667  1206047.589  1215408.711
155  K3Pu+F        686198.019   190 1372776.038  1372782.013  1374185.953
156  K3Pu+F+I      641059.048   191 1282500.096  1282506.133  1283917.431
157  K3Pu+F+G4     598015.231   191 1196412.461  1196418.499  1197829.796
158  K3Pu+F+I+G4   595544.966   192 1191473.933  1191480.034  1192898.688
159  K3Pu+F+R2     609885.083   192 1220154.165  1220160.267  1221578.921
160  K3Pu+F+R3     599066.708   194 1198521.416  1198527.646  1199961.013
161  K3Pu+F+R4     595673.298   196 1191738.597  1191744.956  1193193.035
162  K3Pu+F+R5     594778.878   198 1189953.757  1189960.247  1191423.036
163  K3Pu+F+R6     594552.425   200 1189504.851  1189511.474  1190988.971
164  K3Pu+F+R7     594490.175   202 1189384.350  1189391.107  1190883.311
165  K3Pu+F+R8     594488.669   204 1189385.339  1189392.231  1190899.141
168  K3Pu+F+H2     608930.683   376 1218613.366  1218637.065  1221403.512
169  K3Pu+F+H3     597817.690   562 1196759.381  1196813.113  1200929.758
170  K3Pu+F+H4     594214.124   748 1189924.248  1190020.919  1195474.858
171  K3Pu+F+H5     592919.478   934 1187706.956  1187860.098  1194637.798
172  K3Pu+F+H6     591911.793   1120 1186063.585  1186287.406  1194374.659
173  K3Pu+F+H7     591404.404   1306 1185420.809  1185730.233  1195112.114
177  TPM2+F        685151.987   190 1370683.975  1370689.949  1372093.889
178  TPM2+F+I      641142.181   191 1282666.363  1282672.400  1284083.698
179  TPM2+F+G4     599531.383   191 1199444.766  1199450.803  1200862.101
180  TPM2+F+I+G4   597059.337   192 1194502.675  1194508.776  1195927.430
181  TPM2+F+R2     610940.702   192 1222265.404  1222271.506  1223690.160
182  TPM2+F+R3     600508.776   194 1201405.552  1201411.782  1202845.149
183  TPM2+F+R4     597143.277   196 1194678.555  1194684.914  1196132.993
184  TPM2+F+R5     596275.827   198 1192947.654  1192954.145  1194416.933
185  TPM2+F+R6     596046.793   200 1192493.587  1192500.210  1193977.707
186  TPM2+F+R7     595972.813   202 1192349.627  1192356.384  1193848.588
187  TPM2+F+R8     595971.590   204 1192351.179  1192358.072  1193864.982
190  TPM2+F+H2     609990.412   376 1220732.824  1220756.522  1223522.970
191  TPM2+F+H3     599227.679   562 1199579.358  1199633.091  1203749.736
192  TPM2+F+H4     595670.297   748 1192836.593  1192933.264  1198387.203
193  TPM2+F+H5     594481.971   934 1190831.942  1190985.083  1197762.783
194  TPM2+F+H6     593494.777   1120 1189229.554  1189453.374  1197540.628
195  TPM2+F+H7     592975.466   1306 1188562.933  1188872.358  1198254.238
199  TPM2u+F       685151.831   190 1370683.662  1370689.636  1372093.576
200  TPM2u+F+I     641142.182   191 1282666.364  1282672.401  1284083.699
201  TPM2u+F+G4    599531.386   191 1199444.772  1199450.810  1200862.107
202  TPM2u+F+I+G4  597059.338   192 1194502.677  1194508.778  1195927.432
203  TPM2u+F+R2    610940.702   192 1222265.404  1222271.506  1223690.160
204  TPM2u+F+R3    600508.771   194 1201405.543  1201411.772  1202845.139
205  TPM2u+F+R4    597143.283   196 1194678.566  1194684.925  1196133.003
206  TPM2u+F+R5    596275.627   198 1192947.255  1192953.746  1194416.534
207  TPM2u+F+R6    596046.526   200 1192493.052  1192499.675  1193977.172
208  TPM2u+F+R7    595971.942   202 1192347.885  1192354.642  1193846.846
209  TPM2u+F+R8    595971.379   204 1192350.759  1192357.651  1193864.561
212  TPM2u+F+H2    609990.413   376 1220732.826  1220756.524  1223522.972
213  TPM2u+F+H3    599227.679   562 1199579.358  1199633.091  1203749.736
214  TPM2u+F+H4    595670.297   748 1192836.593  1192933.264  1198387.203
215  TPM2u+F+H5    594481.968   934 1190831.937  1190985.078  1197762.778
216  TPM2u+F+H6    593494.776   1120 1189229.552  1189453.372  1197540.625
217  TPM2u+F+H7    592975.468   1306 1188562.937  1188872.362  1198254.242
221  TPM3+F        690099.265   190 1380578.530  1380584.504  1381988.444
222  TPM3+F+I      644084.480   191 1288550.959  1288556.997  1289968.294
223  TPM3+F+G4     599936.534   191 1200255.067  1200261.105  1201672.402
224  TPM3+F+I+G4   597497.095   192 1195378.191  1195384.292  1196802.946
225  TPM3+F+R2     612184.967   192 1224753.934  1224760.035  1226178.689
226  TPM3+F+R3     601284.622   194 1202957.244  1202963.474  1204396.840
227  TPM3+F+R4     597675.669   196 1195743.337  1195749.697  1197197.775
228  TPM3+F+R5     596764.711   198 1193925.421  1193931.912  1195394.700
229  TPM3+F+R6     596528.886   200 1193457.771  1193464.395  1194941.892
230  TPM3+F+R7     596421.825   202 1193247.650  1193254.407  1194746.611
231  TPM3+F+R8     596421.748   204 1193251.495  1193258.387  1194765.298
234  TPM3+F+H2     611210.365   376 1223172.730  1223196.429  1225962.876
235  TPM3+F+H3     599981.527   562 1201087.054  1201140.787  1205257.432
236  TPM3+F+H4     596200.233   748 1193896.467  1193993.137  1199447.076
237  TPM3+F+H5     595033.761   934 1191935.521  1192088.663  1198866.363
238  TPM3+F+H6     593949.014   1120 1190138.028  1190361.849  1198449.102
239  TPM3+F+H7     593446.292   1306 1189504.583  1189814.008  1199195.888
243  TPM3u+F       690099.265   190 1380578.530  1380584.504  1381988.444
244  TPM3u+F+I     644084.477   191 1288550.954  1288556.992  1289968.289
245  TPM3u+F+G4    599936.514   191 1200255.029  1200261.066  1201672.364
246  TPM3u+F+I+G4  597497.106   192 1195378.212  1195384.313  1196802.968
247  TPM3u+F+R2    612184.966   192 1224753.932  1224760.034  1226178.688
248  TPM3u+F+R3    601284.621   194 1202957.241  1202963.471  1204396.838
249  TPM3u+F+R4    597675.658   196 1195743.316  1195749.675  1197197.754
250  TPM3u+F+R5    596764.390   198 1193924.779  1193931.270  1195394.058
251  TPM3u+F+R6    596528.512   200 1193457.023  1193463.646  1194941.143
252  TPM3u+F+R7    596421.091   202 1193246.183  1193252.940  1194745.144
253  TPM3u+F+R8    596420.913   204 1193249.827  1193256.719  1194763.629
256  TPM3u+F+H2    611210.365   376 1223172.731  1223196.429  1225962.877
257  TPM3u+F+H3    599981.521   562 1201087.043  1201140.776  1205257.421
258  TPM3u+F+H4    596200.229   748 1193896.457  1193993.128  1199447.067
259  TPM3u+F+H5    595033.771   934 1191935.541  1192088.683  1198866.383
260  TPM3u+F+H6    593949.018   1120 1190138.035  1190361.856  1198449.109
261  TPM3u+F+H7    593446.301   1306 1189504.603  1189814.028  1199195.908
265  TIMe          688759.540   188 1377895.081  1377900.929  1379290.154
266  TIMe+I        645902.022   189 1292182.044  1292187.955  1293584.537
267  TIMe+G4       607181.478   189 1214740.957  1214746.868  1216143.450
268  TIMe+I+G4     605004.342   190 1210388.685  1210394.659  1211798.599
269  TIMe+R2       617461.103   190 1235302.206  1235308.180  1236712.120
270  TIMe+R3       607301.318   192 1214986.636  1214992.737  1216411.391
271  TIMe+R4       604690.450   194 1209768.900  1209775.130  1211208.497
272  TIMe+R5       603963.518   196 1208319.037  1208325.396  1209773.475
273  TIMe+R6       603756.569   198 1207909.137  1207915.628  1209378.416
274  TIMe+R7       603659.477   200 1207718.955  1207725.578  1209203.075
275  TIMe+R8       603659.456   202 1207722.912  1207729.669  1209221.874
278  TIMe+H2       616500.628   374 1233749.256  1233772.699  1236524.561
279  TIMe+H3       605932.327   560 1212984.655  1213037.997  1217140.191
280  TIMe+H4       602985.729   746 1207463.458  1207559.595  1212999.226
281  TIMe+H5       602034.955   932 1205933.909  1206086.369  1212849.910
282  TIMe+H6       601050.102   1118 1204336.204  1204559.186  1212632.436
283  TIMe+H7       600526.686   1304 1203661.372  1203969.794  1213337.836
287  TIM+F         686103.989   191 1372589.978  1372596.015  1374007.313
288  TIM+F+I       640876.245   192 1282136.490  1282142.591  1283561.245
289  TIM+F+G4      597379.343   192 1195142.687  1195148.788  1196567.442
290  TIM+F+I+G4    595078.180   193 1190542.361  1190548.526  1191974.537
291  TIM+F+R2      609621.320   193 1219628.641  1219634.806  1221060.817
292  TIM+F+R3      598688.599   195 1197767.199  1197773.493  1199214.216
293  TIM+F+R4      595189.882   197 1190773.764  1190780.189  1192235.623
294  TIM+F+R5      594360.672   199 1189119.345  1189125.901  1190596.044
295  TIM+F+R6      594071.474   201 1188544.948  1188551.638  1190036.489
296  TIM+F+R7      593999.346   203 1188404.693  1188411.518  1189911.075
297  TIM+F+R8      593999.109   205 1188408.218  1188415.178  1189929.441
300  TIM+F+H2      608684.291   377 1218122.581  1218146.408  1220920.148
301  TIM+F+H3      597490.345   563 1196106.690  1196160.618  1200284.488
302  TIM+F+H4      593747.876   749 1188993.752  1189090.689  1194551.782
303  TIM+F+H5      592487.112   935 1186844.224  1186997.707  1193782.487
304  TIM+F+H6      591542.930   1121 1185327.860  1185552.100  1193646.354
305  TIM+F+H7      590909.802   1307 1184433.604  1184743.530  1194132.330
309  TIM2e         688462.679   188 1377301.359  1377307.207  1378696.432
310  TIM2e+I       650326.693   189 1301031.385  1301037.296  1302433.879
311  TIM2e+G4      616165.080   189 1232708.160  1232714.072  1234110.654
312  TIM2e+I+G4    614291.554   190 1228963.108  1228969.082  1230373.022
313  TIM2e+R2      625139.963   190 1250659.926  1250665.900  1252069.840
314  TIM2e+R3      616087.089   192 1232558.178  1232564.279  1233982.933
315  TIM2e+R4      613978.061   194 1228344.122  1228350.351  1229783.718
316  TIM2e+R5      613254.137   196 1226900.274  1226906.633  1228354.712
317  TIM2e+R6      613083.213   198 1226562.426  1226568.917  1228031.705
318  TIM2e+R7      613010.724   200 1226421.448  1226428.071  1227905.568
319  TIM2e+R8      613010.603   202 1226425.207  1226431.964  1227924.168
322  TIM2e+H2      624227.026   374 1249202.052  1249225.495  1251977.357
323  TIM2e+H3      614695.014   560 1230510.029  1230563.371  1234665.565
324  TIM2e+H4      612326.978   746 1226145.955  1226242.093  1231681.724
325  TIM2e+H5      611467.927   932 1224799.854  1224952.314  1231715.855
331  TIM2+F        685127.232   191 1370636.463  1370642.501  1372053.798
332  TIM2+F+I      641041.553   192 1282467.105  1282473.207  1283891.861
333  TIM2+F+G4     598833.679   192 1198051.358  1198057.459  1199476.113
334  TIM2+F+I+G4   596580.115   193 1193546.231  1193552.396  1194978.407
335  TIM2+F+R2     610729.147   193 1221844.295  1221850.460  1223276.471
336  TIM2+F+R3     600151.342   195 1200692.684  1200698.978  1202139.701
337  TIM2+F+R4     596667.791   197 1193729.581  1193736.006  1195191.440
338  TIM2+F+R5     595846.965   199 1192091.930  1192098.487  1193568.629
339  TIM2+F+R6     595538.166   201 1191478.332  1191485.022  1192969.873
340  TIM2+F+R7     595448.848   203 1191303.695  1191310.520  1192810.077
341  TIM2+F+R8     595448.686   205 1191307.372  1191314.333  1192828.596
344  TIM2+F+H2     609788.346   377 1220330.692  1220354.519  1223128.259
345  TIM2+F+H3     598942.263   563 1199010.526  1199064.454  1203188.324
346  TIM2+F+H4     595221.626   749 1191941.251  1192038.188  1197499.281
347  TIM2+F+H5     594057.102   935 1189984.204  1190137.687  1196922.466
348  TIM2+F+H6     593119.624   1121 1188481.249  1188705.489  1196799.743
349  TIM2+F+H7     592463.264   1307 1187540.527  1187850.454  1197239.253
353  TIM3e         697765.332   188 1395906.663  1395912.512  1397301.736
354  TIM3e+I       656927.019   189 1314232.038  1314237.949  1315634.532
355  TIM3e+G4      618770.044   189 1237918.088  1237923.999  1239320.582
356  TIM3e+I+G4    616702.217   190 1233784.435  1233790.409  1235194.349
357  TIM3e+R2      629318.651   190 1259017.303  1259023.277  1260427.217
358  TIM3e+R3      619127.324   192 1238638.648  1238644.750  1240063.404
359  TIM3e+R4      616485.615   194 1233359.230  1233365.460  1234798.827
360  TIM3e+R5      615803.950   196 1231999.899  1232006.259  1233454.337
361  TIM3e+R6      615501.347   198 1231398.694  1231405.185  1232867.973
362  TIM3e+R7      615427.936   200 1231255.871  1231262.494  1232739.991
363  TIM3e+R8      615427.855   202 1231259.711  1231266.468  1232758.672
366  TIM3e+H2      628382.220   374 1257512.440  1257535.883  1260287.745
367  TIM3e+H3      617816.939   560 1236753.877  1236807.219  1240909.414
368  TIM3e+H4      614932.653   746 1231357.307  1231453.445  1236893.075
369  TIM3e+H5      614063.146   932 1229990.291  1230142.751  1236906.292
375  TIM3+F        689989.706   191 1380361.413  1380367.450  1381778.747
376  TIM3+F+I      643894.986   192 1288173.972  1288180.073  1289598.728
377  TIM3+F+G4     599424.175   192 1199232.350  1199238.451  1200657.105
378  TIM3+F+I+G4   597141.029   193 1194668.058  1194674.223  1196100.234
379  TIM3+F+R2     611974.274   193 1224334.547  1224340.712  1225766.723
380  TIM3+F+R3     601006.106   195 1202402.213  1202408.507  1203849.230
381  TIM3+F+R4     597297.876   197 1194989.753  1194996.178  1196451.611
382  TIM3+F+R5     596446.300   199 1193290.601  1193297.158  1194767.300
383  TIM3+F+R6     596160.445   201 1192722.890  1192729.580  1194214.431
384  TIM3+F+R7     596052.126   203 1192510.253  1192517.077  1194016.635
385  TIM3+F+R8     596052.127   205 1192514.254  1192521.215  1194035.477
388  TIM3+F+H2     611009.071   377 1222772.143  1222795.969  1225569.709
389  TIM3+F+H3     599749.756   563 1200625.512  1200679.440  1204803.310
390  TIM3+F+H4     595845.033   749 1193188.066  1193285.003  1198746.096
391  TIM3+F+H5     594658.156   935 1191186.312  1191339.795  1198124.574
392  TIM3+F+H6     593657.105   1121 1189556.211  1189780.451  1197874.705
393  TIM3+F+H7     593026.670   1307 1188667.341  1188977.267  1198366.066
397  TVMe          677937.952   189 1356253.905  1356259.816  1357656.398
398  TVMe+I        639656.084   190 1279692.167  1279698.141  1281102.081
399  TVMe+G4       603984.408   190 1208348.816  1208354.790  1209758.730
400  TVMe+I+G4     602004.388   191 1204390.776  1204396.814  1205808.111
401  TVMe+R2       613592.506   191 1227567.013  1227573.050  1228984.347
402  TVMe+R3       604096.232   193 1208578.465  1208584.630  1210010.641
403  TVMe+R4       601755.332   195 1203900.664  1203906.958  1205347.681
404  TVMe+R5       601003.097   197 1202400.195  1202406.620  1203862.053
405  TVMe+R6       600759.064   199 1201916.128  1201922.685  1203392.828
406  TVMe+R7       600675.140   201 1201752.279  1201758.969  1203243.820
407  TVMe+R8       600675.047   203 1201756.095  1201762.919  1203262.477
410  TVMe+H2       612706.346   375 1226162.692  1226186.262  1228945.417
411  TVMe+H3       602764.887   561 1206651.775  1206705.312  1210814.732
412  TVMe+H4       600174.854   747 1201843.709  1201940.112  1207386.898
413  TVMe+H5       599258.024   933 1200382.048  1200534.848  1207305.469
414  TVMe+H6       598227.211   1119 1198692.421  1198915.822  1206996.074
415  TVMe+H7       597706.267   1305 1198022.534  1198331.457  1207706.418
419  TVM+F         683701.150   192 1367786.299  1367792.401  1369211.055
420  TVM+F+I       639874.302   193 1280134.604  1280140.769  1281566.780
421  TVM+F+G4      597945.481   193 1196276.962  1196283.127  1197709.138
422  TVM+F+I+G4    595483.644   194 1191355.288  1191361.518  1192794.885
423  TVM+F+R2      609572.897   194 1219533.794  1219540.024  1220973.391
424  TVM+F+R3      598924.090   196 1198240.180  1198246.539  1199694.618
425  TVM+F+R4      595592.872   198 1191581.744  1191588.234  1193051.023
426  TVM+F+R5      594713.415   200 1189826.830  1189833.453  1191310.950
427  TVM+F+R6      594480.619   202 1189365.239  1189371.996  1190864.200
428  TVM+F+R7      594413.264   204 1189234.528  1189241.421  1190748.331
429  TVM+F+R8      594413.171   206 1189238.342  1189245.371  1190766.986
432  TVM+F+H2      608629.473   378 1218014.945  1218038.900  1220819.933
433  TVM+F+H3      597673.865   564 1196475.730  1196529.855  1200660.949
434  TVM+F+H4      594137.996   750 1189775.992  1189873.196  1195341.443
435  TVM+F+H5      592855.443   936 1187582.885  1187736.710  1194528.568
436  TVM+F+H6      591861.619   1122 1185967.239  1186191.899  1194293.154
437  TVM+F+H7      591351.960   1308 1185319.921  1185630.350  1195026.067
441  SYM           677762.131   190 1355904.261  1355910.235  1357314.175
442  SYM+I         639270.111   191 1278922.222  1278928.260  1280339.557
443  SYM+G4        602979.282   191 1206340.564  1206346.601  1207757.898
444  SYM+I+G4      600987.896   192 1202359.791  1202365.893  1203784.547
445  SYM+R2        612783.655   192 1225951.311  1225957.412  1227376.066
446  SYM+R3        603180.914   194 1206749.827  1206756.057  1208189.424
447  SYM+R4        600715.433   196 1201822.865  1201829.225  1203277.303
448  SYM+R5        600012.323   198 1200420.645  1200427.136  1201889.924
449  SYM+R6        599709.675   200 1199819.350  1199825.973  1201303.470
450  SYM+R7        599610.330   202 1199624.660  1199631.417  1201123.621
451  SYM+R8        599610.156   204 1199628.312  1199635.205  1201142.115
454  SYM+H2        611933.266   376 1224618.533  1224642.231  1227408.679
455  SYM+H3        601895.221   562 1204914.441  1204968.174  1209084.819
456  SYM+H4        599186.228   748 1199868.455  1199965.125  1205419.065
457  SYM+H5        598298.430   934 1198464.859  1198618.001  1205395.701
458  SYM+H6        597266.430   1120 1196772.861  1196996.681  1205083.934
459  SYM+H7        596759.242   1306 1196130.484  1196439.909  1205821.789
463  GTR+F         683664.601   193 1367715.201  1367721.367  1369147.377
464  GTR+F+I       639756.120   194 1279900.239  1279906.469  1281339.836
465  GTR+F+G4      597287.048   194 1194962.096  1194968.326  1196401.693
466  GTR+F+I+G4    595020.894   195 1190431.789  1190438.083  1191878.806
467  GTR+F+R2      609347.762   195 1219085.523  1219091.818  1220532.541
468  GTR+F+R3      598585.418   197 1197564.836  1197571.261  1199026.694
469  GTR+F+R4      595120.015   199 1190638.030  1190644.587  1192114.730
470  GTR+F+R5      594302.903   201 1189007.806  1189014.496  1190499.347
471  GTR+F+R6      594002.898   203 1188411.795  1188418.620  1189918.177
472  GTR+F+R7      593921.329   205 1188252.658  1188259.618  1189773.881
473  GTR+F+R8      593921.191   207 1188256.382  1188263.480  1189792.447
476  GTR+F+H2      608417.397   379 1217592.795  1217616.878  1220405.203
477  GTR+F+H3      597386.404   565 1195902.809  1195957.130  1200095.448
478  GTR+F+H4      593683.735   751 1188869.469  1188966.941  1194442.341
479  GTR+F+H5      592439.555   937 1186753.110  1186907.277  1193706.213
480  GTR+F+H6      591503.802   1123 1185253.604  1185478.685  1193586.940
481  GTR+F+H7      590866.467   1309 1184350.934  1184661.866  1194064.501
Akaike Information Criterion:           GTR+F+H7
Corrected Akaike Information Criterion: GTR+F+H7
Bayesian Information Criterion:         GTR+F+R7
Best-fit model: GTR+F+R7 chosen according to BIC

All model information printed to MafftGhostRateLinkedBNNI.model.gz
CPU time for ModelFinder: 13752.592 seconds (3h:49m:12s)
Wall-clock time for ModelFinder: 13780.076 seconds (3h:49m:40s)
Generating 1000 samples for ultrafast bootstrap (seed: 72893)...

NOTE: 234 MB RAM (0 GB) is required!
Estimate model parameters (epsilon = 0.100)
Initial LogL: -605661.778, Site proportion and rates:  (0.282,0.014) (0.124,0.195) (0.086,0.509) (0.090,0.824) (0.126,1.250) (0.160,1.864) (0.131,3.036)
relative_treelen: 0.337 4.842 12.662 20.496 31.112 46.373 75.551
1. Initial log-likelihood: -607545.827
WARN: at EM step 1 new_tree_lh -607579.007 worse than tree_lh -607545.827
WARN: at EM step 1 new_tree_lh -607605.561 worse than tree_lh -607579.007
WARN: at EM step 1 new_tree_lh -607634.781 worse than tree_lh -607582.201
WARN: at EM step 1 new_tree_lh -607666.990 worse than tree_lh -607606.438
WARN: at EM step 1 new_tree_lh -607727.966 worse than tree_lh -607666.990
WARN: at EM step 1 new_tree_lh -607739.149 worse than tree_lh -607705.436
WARN: at EM step 1 new_tree_lh -607761.373 worse than tree_lh -607739.149
WARN: at EM step 1 new_tree_lh -607749.124 worse than tree_lh -607680.364
WARN: at EM step 1 new_tree_lh -607779.554 worse than tree_lh -607725.999
WARN: at EM step 1 new_tree_lh -607834.395 worse than tree_lh -607779.554
WARN: at EM step 1 new_tree_lh -607874.214 worse than tree_lh -607819.683
WARN: at EM step 1 new_tree_lh -607915.318 worse than tree_lh -607867.816
WARN: at EM step 1 new_tree_lh -607968.435 worse than tree_lh -607915.318
WARN: at EM step 1 new_tree_lh -607971.967 worse than tree_lh -607951.449
WARN: at EM step 1 new_tree_lh -608002.562 worse than tree_lh -607971.967
WARN: at EM step 1 new_tree_lh -608018.758 worse than tree_lh -607980.258
WARN: at EM step 1 new_tree_lh -608039.874 worse than tree_lh -608008.312
WARN: at EM step 1 new_tree_lh -608054.926 worse than tree_lh -608022.287
WARN: at EM step 1 new_tree_lh -608091.306 worse than tree_lh -608042.073
WARN: at EM step 1 new_tree_lh -608142.717 worse than tree_lh -608091.306
WARN: at EM step 1 new_tree_lh -608121.601 worse than tree_lh -608089.081
WARN: at EM step 1 new_tree_lh -608174.183 worse than tree_lh -608109.464
WARN: at EM step 1 new_tree_lh -608221.779 worse than tree_lh -608174.183
WARN: at EM step 1 new_tree_lh -608173.913 worse than tree_lh -608162.613
WARN: at EM step 1 new_tree_lh -608192.849 worse than tree_lh -608174.175
WARN: at EM step 1 new_tree_lh -608208.678 worse than tree_lh -608189.302
WARN: at EM step 1 new_tree_lh -608218.952 worse than tree_lh -608204.823
WARN: at EM step 1 new_tree_lh -608238.377 worse than tree_lh -608218.952
WARN: at EM step 1 new_tree_lh -608220.911 worse than tree_lh -608206.319
WARN: at EM step 1 new_tree_lh -608241.261 worse than tree_lh -608220.911
WARN: at EM step 1 new_tree_lh -608232.955 worse than tree_lh -608226.932
WARN: at EM step 1 new_tree_lh -608246.584 worse than tree_lh -608232.955
WARN: at EM step 1 new_tree_lh -608247.435 worse than tree_lh -608210.477
WARN: at EM step 1 new_tree_lh -608275.068 worse than tree_lh -608243.835
WARN: at EM step 1 new_tree_lh -608305.816 worse than tree_lh -608275.068
WARN: at EM step 1 new_tree_lh -608313.945 worse than tree_lh -608284.046
WARN: at EM step 1 new_tree_lh -608375.584 worse than tree_lh -608313.945
WARN: at EM step 1 new_tree_lh -608405.715 worse than tree_lh -608367.215
WARN: at EM step 1 new_tree_lh -608425.448 worse than tree_lh -608399.995
WARN: at EM step 1 new_tree_lh -608457.786 worse than tree_lh -608425.448
WARN: at EM step 1 new_tree_lh -608460.701 worse than tree_lh -608457.786
WARN: at EM step 1 new_tree_lh -608471.694 worse than tree_lh -608456.319
WARN: at EM step 1 new_tree_lh -608486.512 worse than tree_lh -608471.694
WARN: at EM step 1 new_tree_lh -608494.576 worse than tree_lh -608480.196
WARN: at EM step 1 new_tree_lh -608509.954 worse than tree_lh -608494.576
WARN: at EM step 1 new_tree_lh -608528.243 worse than tree_lh -608509.265
WARN: at EM step 1 new_tree_lh -608534.622 worse than tree_lh -608506.662
WARN: at EM step 1 new_tree_lh -608564.644 worse than tree_lh -608534.622
WARN: at EM step 1 new_tree_lh -608584.665 worse than tree_lh -608557.982
WARN: at EM step 1 new_tree_lh -608570.409 worse than tree_lh -608560.467
WARN: at EM step 1 new_tree_lh -608611.658 worse than tree_lh -608570.409
WARN: at EM step 1 new_tree_lh -608647.817 worse than tree_lh -608611.658
WARN: at EM step 1 new_tree_lh -608697.943 worse than tree_lh -608642.220
WARN: at EM step 1 new_tree_lh -608704.419 worse than tree_lh -608697.943
WARN: at EM step 1 new_tree_lh -608730.054 worse than tree_lh -608704.419
WARN: at EM step 1 new_tree_lh -608762.775 worse than tree_lh -608730.054
WARN: at EM step 1 new_tree_lh -608743.965 worse than tree_lh -608739.180
WARN: at EM step 1 new_tree_lh -608748.918 worse than tree_lh -608743.965
WARN: at EM step 1 new_tree_lh -608735.691 worse than tree_lh -608728.970
WARN: at EM step 1 new_tree_lh -608735.127 worse than tree_lh -608723.985
WARN: at EM step 1 new_tree_lh -608676.243 worse than tree_lh -608673.700
WARN: at EM step 1 new_tree_lh -608722.951 worse than tree_lh -608676.243
WARN: at EM step 1 new_tree_lh -608739.726 worse than tree_lh -608703.662
WARN: at EM step 1 new_tree_lh -608710.349 worse than tree_lh -608704.140
WARN: at EM step 1 new_tree_lh -608675.839 worse than tree_lh -608673.765
WARN: at EM step 1 new_tree_lh -608666.930 worse than tree_lh -608661.070
WARN: at EM step 1 new_tree_lh -608674.732 worse than tree_lh -608653.666
WARN: at EM step 1 new_tree_lh -608726.549 worse than tree_lh -608674.732
WARN: at EM step 1 new_tree_lh -608756.990 worse than tree_lh -608714.971
WARN: at EM step 1 new_tree_lh -608805.614 worse than tree_lh -608756.990
WARN: at EM step 1 new_tree_lh -608858.683 worse than tree_lh -608800.682
WARN: at EM step 1 new_tree_lh -608877.742 worse than tree_lh -608857.552
WARN: at EM step 1 new_tree_lh -608917.796 worse than tree_lh -608874.363
WARN: at EM step 1 new_tree_lh -608939.725 worse than tree_lh -608917.796
WARN: at EM step 1 new_tree_lh -608928.399 worse than tree_lh -608917.121
ERROR: Numerical underflow (lh-derivative-mixlen). Run again with the safe likelihood kernel via `-safe` option
