IQ-TREE multicore version 1.6.10 for Linux 64-bit built Feb 19 2019
Developed by Bui Quang Minh, Nguyen Lam Tung, Olga Chernomor,
Heiko Schmidt, Dominik Schrempf, Michael Woodhams.

Host:    hpc-watson (AVX, 251 GB RAM)
Command: iqtree -s MafftSM.fasta -pre MafftGhostBNNI -m MFP+FO*H4 -bb 1000 -bnni
Seed:    295385 (Using SPRNG - Scalable Parallel Random Number Generator)
Time:    Thu Sep 10 17:06:34 2020
Kernel:  AVX - 1 threads (40 CPU cores detected)

HINT: Use -nt option to specify number of threads because your CPU has 40 cores!
HINT: -nt AUTO will automatically determine the best number of threads to use.

Reading alignment file MafftSM.fasta ... Fasta format detected
Alignment most likely contains DNA/RNA sequences
Alignment has 94 sequences with 12340 columns, 9304 distinct patterns
8208 parsimony-informative, 995 singleton sites, 3137 constant sites
           Gap/Ambiguity  Composition  p-value
   1  NC_003372    9.94%    failed      0.18%
   2  NC_003970   10.13%    failed      0.00%
   3  NC_009964    9.72%    failed      0.00%
   4  NC_010964   10.01%    failed      0.00%
   5  NC_011320    9.58%    passed     12.50%
   6  NC_011322    9.57%    failed      0.00%
   7  NC_011324   10.19%    failed      0.00%
   8  NC_011326    9.83%    passed     92.84%
   9  NC_011328    9.69%    failed      0.00%
  10  NC_011329    9.17%    failed      0.00%
  11  NC_012139    9.08%    failed      0.00%
  12  NC_012144    9.00%    failed      0.00%
  13  NC_012765    9.52%    failed      0.00%
  14  NC_013249    9.48%    failed      0.29%
  15  NC_013254   10.29%    failed      0.00%
  16  NC_013576   10.63%    failed      0.00%
  17  NC_013580    9.67%    failed      0.00%
  18  NC_013582   10.24%    failed      0.00%
  19  NC_016469    9.02%    failed      0.00%
  20  NC_018349    9.88%    failed      1.72%
  21  NC_018350   10.06%    failed      4.49%
  22  NC_018352    9.89%    passed     42.42%
  23  NC_018353   11.51%    failed      0.00%
  24  NC_018354    9.72%    failed      0.00%
  25  NC_022680    9.59%    passed     18.55%
  26  NC_023246    9.79%    failed      0.00%
  27  NC_024271   10.01%    failed      0.00%
  28  NC_024633    9.89%    failed      0.00%
  29  NC_025243    9.98%    failed      0.00%
  30  NC_025332    9.97%    failed      0.00%
  31  NC_025945    9.72%    failed      0.00%
  32  NC_027114    9.89%    failed      0.00%
  33  NC_027176    9.84%    failed      0.00%
  34  NC_027256   10.41%    failed      0.00%
  35  NC_027577    9.85%    failed      0.69%
  36  NC_027580    9.94%    failed      0.00%
  37  NC_028203    9.93%    failed      0.02%
  38  NC_028541   10.01%    failed      0.00%
  39  NC_028601   10.39%    passed     16.52%
  40  NC_028603   11.27%    failed      0.00%
  41  NC_028605   10.64%    failed      0.00%
  42  NC_028606   10.84%    failed      0.00%
  43  NC_028607   11.06%    passed     62.63%
  44  NC_028609   10.35%    passed     37.49%
  45  NC_028611   10.00%    failed      0.00%
  46  NC_028612   10.87%    passed     32.81%
  47  NC_028613   10.97%    failed      0.15%
  48  NC_029515    9.81%    failed      0.00%
  49  NC_030060    9.91%    passed     82.21%
  50  NC_030592    8.86%    failed      0.00%
  51  NC_030593    8.95%    failed      0.00%
  52  NC_030758    9.69%    failed      0.00%
  53  NC_030764    9.84%    passed      8.30%
  54  NC_030778    9.81%    failed      0.00%
  55  NC_033340    9.85%    failed      0.00%
  56  NC_034293    9.59%    failed      0.00%
  57  NC_035677   10.37%    passed     17.41%
  58  NC_035714    9.34%    failed      1.62%
  59  NC_036104    9.94%    failed      0.15%
  60  NC_036108    9.89%    failed      0.76%
  61  NC_036261   10.52%    failed      0.00%
  62  NC_036265   10.53%    failed      0.00%
  63  NC_036266   10.84%    failed      0.00%
  64  NC_036267   10.67%    failed      0.02%
  65  NC_036269   10.81%    failed      0.00%
  66  NC_036270   10.96%    failed      0.00%
  67  NC_036271   10.32%    failed      0.00%
  68  NC_036273   10.62%    failed      0.00%
  69  NC_036274   10.87%    failed      0.00%
  70  NC_036275   10.54%    failed      0.00%
  71  NC_036276   10.82%    failed      0.00%
  72  NC_036277   11.47%    failed      0.00%
  73  NC_036278   10.47%    failed      0.00%
  74  NC_036279   10.18%    passed     20.86%
  75  NC_036291   10.90%    failed      0.00%
  76  NC_036678   10.40%    failed      0.00%
  77  NC_037196    9.84%    failed      0.00%
  78  NC_037200   10.41%    failed      0.00%
  79  NC_037749    9.47%    passed     29.39%
  80  NC_038089    9.69%    failed      0.00%
  81  NC_038090    9.69%    failed      0.00%
  82  NC_038115    9.72%    passed     80.20%
  83  NC_038197   10.96%    failed      0.00%
  84  NC_039657    9.83%    failed      0.00%
  85  NC_039689   10.56%    failed      0.00%
  86  NC_041172   10.49%    failed      0.00%
  87  NC_041669    9.74%    passed     49.66%
  88  NC_042198   10.71%    passed     38.97%
  89  NC_042417   10.46%    failed      0.00%
  90  NC_042614    9.59%    failed      0.00%
  91  NC_042820   10.59%    failed      0.01%
  92  NC_042828   10.18%    failed      0.00%
  93  NC_042922    9.80%    passed     18.74%
  94  NC_043883    9.87%    failed      0.00%
****  TOTAL       10.10%  77 sequences failed composition chi2 test (p-value<5%; df=3)


Create initial parsimony tree by phylogenetic likelihood library (PLL)... 0.195 seconds
NOTE: ModelFinder requires 319 MB RAM!
ModelFinder will test 484 DNA models (sample size: 12340) ...
 No. Model         -LnL         df  AIC          AICc         BIC
  1  JC            706906.919   185 1414183.838  1414189.500  1415556.649
  2  JC+I          665093.955   186 1330559.909  1330565.633  1331940.141
  3  JC+G4         629125.256   186 1258622.513  1258628.237  1260002.745
  4  JC+I+G4       627237.061   187 1254848.122  1254853.908  1256235.774
  5  JC+R2         638244.683   187 1276863.367  1276869.153  1278251.019
  6  JC+R3         628956.322   189 1258290.645  1258296.556  1259693.139
  7  JC+R4         626769.941   191 1253921.881  1253927.919  1255339.216
  8  JC+R5         626153.344   193 1252692.688  1252698.854  1254124.864
  9  JC+R6         626032.641   195 1252455.282  1252461.577  1253902.299
 10  JC+R7         626018.182   197 1252430.364  1252436.789  1253892.223
 11  JC+R8         626017.855   199 1252433.709  1252440.266  1253910.409
 14  JC*H2         637210.773   371 1275163.546  1275186.609  1277916.589
 15  JC*H3         627378.360   557 1255870.719  1255923.479  1260003.994
 16  JC*H4         624862.813   743 1251211.627  1251306.969  1256725.134
 17  JC*H5         624016.394   929 1249890.787  1250042.228  1256784.526
 23  F81+F         695180.023   188 1390736.045  1390741.893  1392131.118
 24  F81+F+I       650049.692   189 1300477.385  1300483.296  1301879.879
 25  F81+F+G4      609137.869   189 1218653.738  1218659.649  1220056.232
 26  F81+F+I+G4    606961.037   190 1214302.075  1214308.049  1215711.989
 27  F81+F+R2      619684.168   190 1239748.336  1239754.310  1241158.250
 28  F81+F+R3      609551.190   192 1219486.380  1219492.481  1220911.135
 29  F81+F+R4      606760.537   194 1213909.073  1213915.303  1215348.670
 30  F81+F+R5      605986.279   196 1212364.558  1212370.918  1213818.996
 31  F81+F+R6      605844.334   198 1212084.669  1212091.160  1213553.948
 32  F81+F+R7      605821.613   200 1212043.226  1212049.849  1213527.346
 33  F81+F+R8      605821.478   202 1212046.956  1212053.713  1213545.918
 36  F81*H2        618660.858   374 1238069.717  1238093.160  1240845.021
 37  F81*H3        608074.680   560 1217269.361  1217322.703  1221424.897
 38  F81*H4        604963.096   746 1211418.192  1211514.329  1216953.960
 39  F81*H5        604024.571   932 1209913.141  1210065.601  1216829.142
 40  F81*H6        602967.699   1118 1208171.398  1208394.380  1216467.630
 41  F81*H7        602370.224   1304 1207348.448  1207656.870  1217024.912
 45  K2P           706485.970   186 1413343.939  1413349.663  1414724.171
 46  K2P+I         664679.907   187 1329733.815  1329739.601  1331121.467
 47  K2P+G4        628570.373   187 1257514.745  1257520.532  1258902.398
 48  K2P+I+G4      626635.101   188 1253646.203  1253652.051  1255041.276
 49  K2P+R2        637798.183   188 1275972.365  1275978.214  1277367.438
 50  K2P+R3        628438.447   190 1257256.894  1257262.868  1258666.808
 51  K2P+R4        626197.976   192 1252779.951  1252786.052  1254204.706
 52  K2P+R5        625562.038   194 1251512.075  1251518.305  1252951.672
 53  K2P+R6        625433.626   196 1251259.253  1251265.612  1252713.690
 54  K2P+R7        625417.837   198 1251231.675  1251238.166  1252700.954
 55  K2P+R8        625417.761   200 1251235.522  1251242.145  1252719.642
 58  K80*H2        636024.301   373 1272794.601  1272817.917  1275562.485
 59  K80*H3        611779.975   560 1224679.950  1224733.293  1228835.487
 60  K80*H4        603891.112   747 1209276.225  1209372.629  1214819.414
 61  K80*H5        600490.371   934 1202848.742  1203001.884  1209779.584
 62  K80*H6        596058.493   1121 1194358.986  1194583.226  1202677.480
 63  K80*H7        594692.066   1308 1192000.132  1192310.561  1201706.278
 64  K80*H8        593534.404   1495 1190058.807  1190471.297  1201152.606
 65  K80*H9        592941.931   1682 1189247.863  1189779.120  1201729.314
 67  HKY+F         691444.843   189 1383267.686  1383273.597  1384670.180
 68  HKY+F+I       645042.914   190 1290465.827  1290471.802  1291875.742
 69  HKY+F+G4      600539.666   190 1201459.333  1201465.307  1202869.247
 70  HKY+F+I+G4    598176.108   191 1196734.215  1196740.253  1198151.550
 71  HKY+F+R2      612917.061   191 1226216.123  1226222.160  1227633.457
 72  HKY+F+R3      602035.629   193 1204457.257  1204463.423  1205889.433
 73  HKY+F+R4      598313.281   195 1197016.561  1197022.855  1198463.578
 74  HKY+F+R5      597437.218   197 1195268.437  1195274.862  1196730.295
 75  HKY+F+R6      597164.188   199 1194726.375  1194732.932  1196203.075
 76  HKY+F+R7      597066.377   201 1194534.754  1194541.444  1196026.295
 77  HKY+F+R8      597061.040   203 1194528.081  1194534.905  1196034.463
 80  HKY*H2        611893.687   376 1224539.374  1224563.073  1227329.520
 81  HKY*H3        590789.955   563 1182705.910  1182759.838  1186883.708
 82  HKY*H4        583345.784   750 1168191.568  1168288.772  1173757.019
 83  HKY*H5        580554.328   937 1162982.656  1163136.823  1169935.760
 84  HKY*H6        576395.168   1124 1155038.336  1155263.837  1163379.092
 85  HKY*H7        574775.681   1311 1152173.363  1152485.302  1161901.771
 86  HKY*H8        573110.279   1498 1149216.557  1149630.818  1160332.618
 87  HKY*H9        572334.543   1685 1148039.086  1148572.390  1160542.800
 89  TNe           706215.038   187 1412804.075  1412809.861  1414191.728
 90  TNe+I         664205.362   188 1328786.723  1328792.572  1330181.797
 91  TNe+G4        627534.873   188 1255445.746  1255451.595  1256840.820
 92  TNe+I+G4      625557.859   189 1251493.718  1251499.629  1252896.212
 93  TNe+R2        637011.480   189 1274400.959  1274406.870  1275803.453
 94  TNe+R3        627459.354   191 1255300.707  1255306.745  1256718.042
 95  TNe+R4        625151.433   193 1250688.865  1250695.031  1252121.041
 96  TNe+R5        624503.638   195 1249397.277  1249403.571  1250844.294
 97  TNe+R6        624351.994   197 1249097.989  1249104.414  1250559.847
 98  TNe+R7        624329.329   199 1249056.659  1249063.216  1250533.359
 99  TNe+R8        624327.413   201 1249056.827  1249063.517  1250548.368
102  TNe*H2        635173.074   375 1271096.149  1271119.720  1273878.874
103  TNe*H3        611419.137   563 1223964.273  1224018.202  1228142.072
104  TNe*H4        603584.910   751 1208671.821  1208769.293  1214244.692
105  TNe*H5        600132.349   939 1202142.698  1202297.550  1209110.642
106  TNe*H6        595907.158   1127 1194068.317  1194295.084  1202431.334
107  TNe*H7        594537.162   1315 1191704.323  1192018.282  1201462.414
WARNING: ABNORMAL_TERMINATION_IN_LNSRCH
108  TNe*H8        593411.106   1503 1189828.212  1190245.434  1200981.375
109  TNe*H9        592504.049   1691 1188390.098  1188927.508  1200938.335
110  TNe*H10       592193.049   1879 1188144.098  1188819.532  1202087.408
111  TN+F          691361.568   190 1383103.136  1383109.110  1384513.050
112  TN+F+I        644881.634   191 1290145.269  1290151.306  1291562.604
113  TN+F+G4       599944.631   191 1200271.262  1200277.300  1201688.597
114  TN+F+I+G4     597774.675   192 1195933.351  1195939.452  1197358.106
115  TN+F+R2       612724.255   192 1225832.511  1225838.612  1227257.266
116  TN+F+R3       601667.301   194 1203722.602  1203728.832  1205162.199
117  TN+F+R4       597886.421   196 1196164.842  1196171.202  1197619.280
118  TN+F+R5       597059.671   198 1194515.342  1194521.832  1195984.621
119  TN+F+R6       596714.757   200 1193829.515  1193836.138  1195313.635
120  TN+F+R7       596624.926   202 1193653.852  1193660.609  1195152.813
121  TN+F+R8       596624.679   204 1193657.358  1193664.251  1195171.161
124  TN*H2         611553.456   378 1223862.911  1223886.866  1226667.899
125  TN*H3         590547.882   566 1182227.764  1182282.282  1186427.824
126  TN*H4         583110.168   754 1167728.337  1167826.614  1173323.470
127  TN*H5         578796.974   942 1159477.948  1159633.832  1166468.154
128  TN*H6         576321.270   1130 1154902.540  1155130.576  1163287.819
129  TN*H7         574722.819   1318 1152081.638  1152397.116  1161861.991
130  TN*H8         573081.724   1506 1149175.448  1149594.454  1160350.874
131  TN*H9         572308.561   1694 1148005.121  1148544.591  1160575.620
133  K3P           689815.153   187 1380004.305  1380010.091  1381391.958
134  K3P+I         647071.449   188 1294518.897  1294524.746  1295913.970
135  K3P+G4        608885.550   188 1218147.101  1218152.949  1219542.174
136  K3P+I+G4      606793.299   189 1213964.599  1213970.510  1215367.092
137  K3P+R2        618940.022   189 1238258.044  1238263.955  1239660.537
138  K3P+R3        608970.431   191 1218322.863  1218328.900  1219740.198
139  K3P+R4        606431.124   193 1213248.248  1213254.413  1214680.424
140  K3P+R5        605738.772   195 1211867.544  1211873.838  1213314.561
141  K3P+R6        605533.633   197 1211461.266  1211467.691  1212923.125
142  K3P+R7        605471.541   199 1211341.082  1211347.639  1212817.782
143  K3P+R8        605471.346   201 1211344.692  1211351.382  1212836.233
146  K81*H2        616583.712   375 1233917.425  1233940.995  1236700.150
147  K81*H3        594640.194   563 1190406.389  1190460.317  1194584.187
WARNING: ABNORMAL_TERMINATION_IN_LNSRCH
WARNING: ABNORMAL_TERMINATION_IN_LNSRCH
WARNING: ABNORMAL_TERMINATION_IN_LNSRCH
148  K81*H4        586110.310   751 1173722.620  1173820.091  1179295.491
WARNING: ABNORMAL_TERMINATION_IN_LNSRCH
WARNING: ABNORMAL_TERMINATION_IN_LNSRCH
WARNING: ABNORMAL_TERMINATION_IN_LNSRCH
149  K81*H5        581266.661   939 1164411.322  1164566.174  1171379.266
WARNING: ABNORMAL_TERMINATION_IN_LNSRCH
150  K81*H6        578347.639   1127 1158949.278  1159176.046  1167312.296
WARNING: ABNORMAL_TERMINATION_IN_LNSRCH
WARNING: ABNORMAL_TERMINATION_IN_LNSRCH
WARNING: ABNORMAL_TERMINATION_IN_LNSRCH
WARNING: ABNORMAL_TERMINATION_IN_LNSRCH
WARNING: ABNORMAL_TERMINATION_IN_LNSRCH
WARNING: ABNORMAL_TERMINATION_IN_LNSRCH
WARNING: ABNORMAL_TERMINATION_IN_LNSRCH
WARNING: ABNORMAL_TERMINATION_IN_LNSRCH
WARNING: ABNORMAL_TERMINATION_IN_LNSRCH
WARNING: ABNORMAL_TERMINATION_IN_LNSRCH
WARNING: ABNORMAL_TERMINATION_IN_LNSRCH
WARNING: ABNORMAL_TERMINATION_IN_LNSRCH
151  K81*H7        576138.027   1315 1154906.054  1155220.013  1164664.145
WARNING: ABNORMAL_TERMINATION_IN_LNSRCH
WARNING: ABNORMAL_TERMINATION_IN_LNSRCH
WARNING: ABNORMAL_TERMINATION_IN_LNSRCH
152  K81*H8        575132.386   1503 1153270.771  1153687.994  1164423.935
WARNING: ABNORMAL_TERMINATION_IN_LNSRCH
WARNING: ABNORMAL_TERMINATION_IN_LNSRCH
WARNING: ABNORMAL_TERMINATION_IN_LNSRCH
WARNING: ABNORMAL_TERMINATION_IN_LNSRCH
153  K81*H9        573098.966   1691 1149579.932  1150117.342  1162128.168
WARNING: ABNORMAL_TERMINATION_IN_LNSRCH
WARNING: ABNORMAL_TERMINATION_IN_LNSRCH
WARNING: ABNORMAL_TERMINATION_IN_LNSRCH
WARNING: ABNORMAL_TERMINATION_IN_LNSRCH
WARNING: ABNORMAL_TERMINATION_IN_LNSRCH
WARNING: ABNORMAL_TERMINATION_IN_LNSRCH
WARNING: ABNORMAL_TERMINATION_IN_LNSRCH
WARNING: ABNORMAL_TERMINATION_IN_LNSRCH
WARNING: ABNORMAL_TERMINATION_IN_LNSRCH
WARNING: ABNORMAL_TERMINATION_IN_LNSRCH
WARNING: ABNORMAL_TERMINATION_IN_LNSRCH
154  K81*H10       572121.932   1879 1148001.865  1148677.299  1161945.174
155  K3Pu+F        686665.447   190 1373710.894  1373716.868  1375120.808
156  K3Pu+F+I      641433.242   191 1283248.483  1283254.521  1284665.818
157  K3Pu+F+G4     598425.902   191 1197233.803  1197239.841  1198651.138
158  K3Pu+F+I+G4   595998.081   192 1192380.162  1192386.264  1193804.918
159  K3Pu+F+R2     610291.357   192 1220966.714  1220972.816  1222391.470
160  K3Pu+F+R3     599479.105   194 1199346.210  1199352.440  1200785.807
161  K3Pu+F+R4     596080.742   196 1192553.483  1192559.843  1194007.921
162  K3Pu+F+R5     595234.584   198 1190865.168  1190871.659  1192334.447
163  K3Pu+F+R6     594985.774   200 1190371.547  1190378.170  1191855.667
164  K3Pu+F+R7     594925.119   202 1190254.239  1190260.996  1191753.200
165  K3Pu+F+R8     594924.871   204 1190257.742  1190264.634  1191771.544
168  K81u*H2       609246.096   378 1219248.191  1219272.146  1222053.178
169  K81u*H3       589260.251   566 1179652.501  1179707.020  1183852.562
170  K81u*H4       582541.999   754 1166591.998  1166690.275  1172187.131
171  K81u*H5       577457.424   942 1156798.849  1156954.733  1163789.055
172  K81u*H6       574733.018   1130 1151726.036  1151954.073  1160111.316
WARNING: ABNORMAL_TERMINATION_IN_LNSRCH
173  K81u*H7       572500.152   1318 1147636.305  1147951.783  1157416.657
WARNING: ABNORMAL_TERMINATION_IN_LNSRCH
WARNING: ABNORMAL_TERMINATION_IN_LNSRCH
174  K81u*H8       570935.784   1506 1144883.569  1145302.574  1156058.994
175  K81u*H9       569360.813   1694 1142109.627  1142649.097  1154680.125
WARNING: ABNORMAL_TERMINATION_IN_LNSRCH
WARNING: ABNORMAL_TERMINATION_IN_LNSRCH
WARNING: ABNORMAL_TERMINATION_IN_LNSRCH
WARNING: ABNORMAL_TERMINATION_IN_LNSRCH
WARNING: ABNORMAL_TERMINATION_IN_LNSRCH
WARNING: ABNORMAL_TERMINATION_IN_LNSRCH
WARNING: ABNORMAL_TERMINATION_IN_LNSRCH
WARNING: ABNORMAL_TERMINATION_IN_LNSRCH
WARNING: ABNORMAL_TERMINATION_IN_LNSRCH
176  K81u*H10      568073.894   1882 1139911.788  1140589.574  1153877.359
177  TPM2+F        685561.734   190 1371503.467  1371509.442  1372913.382
178  TPM2+F+I      641468.746   191 1283319.491  1283325.529  1284736.826
179  TPM2+F+G4     599946.198   191 1200274.396  1200280.434  1201691.731
180  TPM2+F+I+G4   597496.134   192 1195376.267  1195382.369  1196801.023
181  TPM2+F+R2     611327.885   192 1223039.770  1223045.871  1224464.526
182  TPM2+F+R3     600913.202   194 1202214.403  1202220.633  1203654.000
183  TPM2+F+R4     597535.470   196 1195462.940  1195469.299  1196917.378
184  TPM2+F+R5     596710.553   198 1193817.106  1193823.596  1195286.385
185  TPM2+F+R6     596459.846   200 1193319.691  1193326.315  1194803.811
186  TPM2+F+R7     596392.095   202 1193188.190  1193194.947  1194687.151
187  TPM2+F+R8     596391.929   204 1193191.859  1193198.751  1194705.661
190  TPM2*H2       609807.610   378 1220371.219  1220395.174  1223176.206
191  TPM2*H3       589688.255   566 1180508.509  1180563.027  1184708.569
192  TPM2*H4       582197.364   754 1165902.729  1166001.006  1171497.862
193  TPM2*H5       578148.458   942 1158180.917  1158336.801  1165171.123
194  TPM2*H6       575617.523   1130 1153495.046  1153723.082  1161880.325
195  TPM2*H7       573781.092   1318 1150198.184  1150513.662  1159978.537
196  TPM2*H8       571912.468   1506 1146836.935  1147255.940  1158012.361
WARNING: ABNORMAL_TERMINATION_IN_LNSRCH
WARNING: ABNORMAL_TERMINATION_IN_LNSRCH
197  TPM2*H9       570567.939   1694 1144523.878  1145063.348  1157094.377
WARNING: ABNORMAL_TERMINATION_IN_LNSRCH
WARNING: ABNORMAL_TERMINATION_IN_LNSRCH
WARNING: ABNORMAL_TERMINATION_IN_LNSRCH
WARNING: ABNORMAL_TERMINATION_IN_LNSRCH
WARNING: ABNORMAL_TERMINATION_IN_LNSRCH
WARNING: ABNORMAL_TERMINATION_IN_LNSRCH
WARNING: ABNORMAL_TERMINATION_IN_LNSRCH
WARNING: ABNORMAL_TERMINATION_IN_LNSRCH
WARNING: ABNORMAL_TERMINATION_IN_LNSRCH
WARNING: ABNORMAL_TERMINATION_IN_LNSRCH
198  TPM2*H10      569593.189   1882 1142950.379  1143628.165  1156915.950
199  TPM2u+F       685561.736   190 1371503.473  1371509.447  1372913.387
200  TPM2u+F+I     641468.745   191 1283319.490  1283325.528  1284736.825
201  TPM2u+F+G4    599946.199   191 1200274.397  1200280.435  1201691.732
202  TPM2u+F+I+G4  597496.134   192 1195376.267  1195382.368  1196801.023
203  TPM2u+F+R2    611327.881   192 1223039.761  1223045.862  1224464.516
204  TPM2u+F+R3    600913.196   194 1202214.391  1202220.621  1203653.988
205  TPM2u+F+R4    597535.491   196 1195462.982  1195469.341  1196917.419
206  TPM2u+F+R5    596710.334   198 1193816.667  1193823.158  1195285.946
207  TPM2u+F+R6    596459.623   200 1193319.245  1193325.868  1194803.365
208  TPM2u+F+R7    596391.303   202 1193186.605  1193193.362  1194685.567
209  TPM2u+F+R8    596391.181   204 1193190.362  1193197.254  1194704.164
212  TPM2u*H2      609807.607   378 1220371.214  1220395.169  1223176.201
213  TPM2u*H3      589688.260   566 1180508.521  1180563.039  1184708.581
214  TPM2u*H4      582197.379   754 1165902.758  1166001.035  1171497.892
215  TPM2u*H5      578148.179   942 1158180.358  1158336.242  1165170.564
216  TPM2u*H6      575617.652   1130 1153495.303  1153723.340  1161880.583
WARNING: ABNORMAL_TERMINATION_IN_LNSRCH
217  TPM2u*H7      573780.596   1318 1150197.192  1150512.671  1159977.545
218  TPM2u*H8      571912.749   1506 1146837.497  1147256.502  1158012.923
WARNING: ABNORMAL_TERMINATION_IN_LNSRCH
219  TPM2u*H9      570567.130   1694 1144522.260  1145061.730  1157092.758
WARNING: ABNORMAL_TERMINATION_IN_LNSRCH
220  TPM2u*H10     569580.604   1882 1142925.208  1143602.994  1156890.779
221  TPM3+F        690513.634   190 1381407.267  1381413.241  1382817.182
222  TPM3+F+I      644403.198   191 1289188.396  1289194.434  1290605.731
223  TPM3+F+G4     600381.973   191 1201145.946  1201151.984  1202563.281
224  TPM3+F+I+G4   597951.288   192 1196286.576  1196292.677  1197711.331
225  TPM3+F+R2     612555.133   192 1225494.267  1225500.368  1226919.022
226  TPM3+F+R3     601667.186   194 1203722.371  1203728.601  1205161.968
227  TPM3+F+R4     598095.757   196 1196583.514  1196589.874  1198037.952
228  TPM3+F+R5     597200.263   198 1194796.525  1194803.016  1196265.804
229  TPM3+F+R6     596941.704   200 1194283.408  1194290.031  1195767.528
230  TPM3+F+R7     596847.053   202 1194098.106  1194104.863  1195597.068
231  TPM3+F+R8     596846.978   204 1194101.956  1194108.849  1195615.759
234  TPM3*H2       611026.247   378 1222808.495  1222832.449  1225613.482
235  TPM3*H3       590360.672   566 1181853.343  1181907.862  1186053.404
236  TPM3*H4       583007.399   754 1167522.799  1167621.076  1173117.932
237  TPM3*H5       578661.628   942 1159207.255  1159363.139  1166197.462
238  TPM3*H6       576120.827   1130 1154501.653  1154729.690  1162886.933
239  TPM3*H7       574385.991   1318 1151407.983  1151723.461  1161188.335
WARNING: ABNORMAL_TERMINATION_IN_LNSRCH
240  TPM3*H8       572697.150   1506 1148406.299  1148825.304  1159581.725
WARNING: ABNORMAL_TERMINATION_IN_LNSRCH
241  TPM3*H9       571502.737   1694 1146393.474  1146932.944  1158963.973
WARNING: ABNORMAL_TERMINATION_IN_LNSRCH
242  TPM3*H10      570610.377   1882 1144984.754  1145662.540  1158950.325
243  TPM3u+F       690513.634   190 1381407.267  1381413.241  1382817.181
244  TPM3u+F+I     644403.196   191 1289188.391  1289194.429  1290605.726
245  TPM3u+F+G4    600381.966   191 1201145.933  1201151.970  1202563.268
246  TPM3u+F+I+G4  597951.298   192 1196286.596  1196292.697  1197711.351
247  TPM3u+F+R2    612555.135   192 1225494.270  1225500.372  1226919.026
248  TPM3u+F+R3    601667.197   194 1203722.395  1203728.625  1205161.992
249  TPM3u+F+R4    598095.756   196 1196583.511  1196589.871  1198037.949
250  TPM3u+F+R5    597200.012   198 1194796.023  1194802.514  1196265.302
251  TPM3u+F+R6    596941.205   200 1194282.410  1194289.034  1195766.531
252  TPM3u+F+R7    596846.582   202 1194097.163  1194103.921  1195596.125
253  TPM3u+F+R8    596846.569   204 1194101.138  1194108.030  1195614.941
256  TPM3u*H2      611026.241   378 1222808.482  1222832.437  1225613.469
257  TPM3u*H3      590360.663   566 1181853.327  1181907.845  1186053.387
258  TPM3u*H4      583007.441   754 1167522.882  1167621.159  1173118.015
259  TPM3u*H5      578661.634   942 1159207.269  1159363.153  1166197.475
260  TPM3u*H6      576120.765   1130 1154501.529  1154729.565  1162886.809
261  TPM3u*H7      574385.051   1318 1151406.101  1151721.579  1161186.454
262  TPM3u*H8      572696.123   1506 1148404.247  1148823.252  1159579.672
263  TPM3u*H9      571516.116   1694 1146420.233  1146959.703  1158990.732
264  TPM3u*H10     570606.999   1882 1144977.997  1145655.783  1158943.569
265  TIMe          689549.436   188 1379474.872  1379480.721  1380869.946
266  TIMe+I        646602.033   189 1293582.067  1293587.978  1294984.560
267  TIMe+G4       607806.424   189 1215990.847  1215996.758  1217393.341
268  TIMe+I+G4     605668.475   190 1211716.949  1211722.923  1213126.863
269  TIMe+R2       618126.663   190 1236633.326  1236639.300  1238043.240
270  TIMe+R3       607948.050   192 1216280.100  1216286.201  1217704.855
271  TIMe+R4       605335.172   194 1211058.344  1211064.573  1212497.940
272  TIMe+R5       604643.652   196 1209679.304  1209685.664  1211133.742
273  TIMe+R6       604418.348   198 1209232.696  1209239.186  1210701.975
274  TIMe+R7       604327.037   200 1209054.074  1209060.697  1210538.194
275  TIMe+R8       604326.935   202 1209057.870  1209064.627  1210556.831
278  TIMe*H2       615733.819   377 1232221.639  1232245.465  1235019.205
279  TIMe*H3       594190.110   566 1189512.220  1189566.738  1193712.280
280  TIMe*H4       585445.086   755 1172400.172  1172498.718  1178002.726
WARNING: ABNORMAL_TERMINATION_IN_LNSRCH
281  TIMe*H5       580911.054   944 1163710.107  1163866.681  1170715.155
WARNING: ABNORMAL_TERMINATION_IN_LNSRCH
WARNING: ABNORMAL_TERMINATION_IN_LNSRCH
282  TIMe*H6       578102.496   1133 1158470.993  1158700.302  1166878.534
WARNING: ABNORMAL_TERMINATION_IN_LNSRCH
WARNING: ABNORMAL_TERMINATION_IN_LNSRCH
WARNING: ABNORMAL_TERMINATION_IN_LNSRCH
283  TIMe*H7       575887.958   1322 1154419.916  1154737.426  1164229.951
WARNING: ABNORMAL_TERMINATION_IN_LNSRCH
284  TIMe*H8       572567.824   1511 1148157.648  1148579.634  1159370.177
WARNING: ABNORMAL_TERMINATION_IN_LNSRCH
WARNING: Log-likelihood of TIMe*H9 worse than TIMe*H8
285  TIMe*H9       572768.085   1700 1148936.169  1149479.773  1161551.191
287  TIM+F         686576.353   191 1373534.706  1373540.744  1374952.041
288  TIM+F+I       641255.493   192 1282894.987  1282901.088  1284319.742
289  TIM+F+G4      597775.277   192 1195934.555  1195940.656  1197359.310
290  TIM+F+I+G4    595520.952   193 1191427.905  1191434.070  1192860.081
291  TIM+F+R2      610051.650   193 1220489.300  1220495.465  1221921.476
292  TIM+F+R3      599099.952   195 1198589.905  1198596.199  1200036.922
293  TIM+F+R4      595588.737   197 1191571.474  1191577.899  1193033.333
294  TIM+F+R5      594821.295   199 1190040.590  1190047.147  1191517.290
295  TIM+F+R6      594497.799   201 1189397.598  1189404.288  1190889.138
296  TIM+F+R7      594437.280   203 1189280.559  1189287.384  1190786.941
297  TIM+F+R8      594437.103   205 1189284.207  1189291.167  1190805.430
300  TIM*H2        608848.789   380 1218457.578  1218481.791  1221277.407
301  TIM*H3        588983.840   569 1179105.680  1179160.791  1183328.002
302  TIM*H4        582097.742   758 1165711.484  1165810.841  1171336.300
303  TIM*H5        577290.046   947 1156474.092  1156631.704  1163501.402
304  TIM*H6        574639.814   1136 1151551.628  1151782.214  1159981.431
WARNING: ABNORMAL_TERMINATION_IN_LNSRCH
WARNING: ABNORMAL_TERMINATION_IN_LNSRCH
305  TIM*H7        572422.296   1325 1147494.592  1147813.631  1157326.888
306  TIM*H8        569684.007   1514 1142396.015  1142819.795  1153630.805
307  TIM*H9        568581.338   1703 1140568.675  1141114.353  1153205.959
WARNING: ABNORMAL_TERMINATION_IN_LNSRCH
308  TIM*H10       568013.849   1892 1139811.698  1140497.361  1153851.476
309  TIM2e         689169.541   188 1378715.082  1378720.931  1380110.155
310  TIM2e+I       650945.685   189 1302269.369  1302275.280  1303671.863
311  TIM2e+G4      616739.749   189 1233857.497  1233863.408  1235259.991
312  TIM2e+I+G4    614876.606   190 1230133.213  1230139.187  1231543.127
313  TIM2e+R2      625686.566   190 1251753.132  1251759.106  1253163.046
314  TIM2e+R3      616673.015   192 1233730.030  1233736.131  1235154.785
315  TIM2e+R4      614533.110   194 1229454.219  1229460.449  1230893.816
316  TIM2e+R5      613825.666   196 1228043.332  1228049.692  1229497.770
317  TIM2e+R6      613654.350   198 1227704.701  1227711.192  1229173.980
318  TIM2e+R7      613582.514   200 1227565.029  1227571.652  1229049.149
319  TIM2e+R8      613582.390   202 1227568.780  1227575.537  1229067.742
322  TIM2e*H2      624013.782   377 1248781.563  1248805.389  1251579.130
323  TIM2e*H3      602457.235   566 1206046.471  1206100.989  1210246.531
324  TIM2e*H4      595358.412   755 1192226.824  1192325.371  1197829.378
325  TIM2e*H5      590257.493   944 1182402.986  1182559.560  1189408.034
326  TIM2e*H6      587474.460   1133 1177214.920  1177444.230  1185622.461
327  TIM2e*H7      584649.386   1322 1171942.772  1172260.283  1181752.807
WARNING: ABNORMAL_TERMINATION_IN_LNSRCH
328  TIM2e*H8      582832.630   1511 1168687.259  1169109.245  1179899.788
329  TIM2e*H9      581454.759   1700 1166309.519  1166853.122  1178924.541
WARNING: ABNORMAL_TERMINATION_IN_LNSRCH
330  TIM2e*H10     580694.853   1889 1165167.707  1165851.001  1179185.223
331  TIM2+F        685539.869   191 1371461.738  1371467.776  1372879.073
332  TIM2+F+I      641371.899   192 1283127.799  1283133.900  1284552.554
333  TIM2+F+G4     599230.981   192 1198845.963  1198852.064  1200270.718
334  TIM2+F+I+G4   597004.210   193 1194394.419  1194400.584  1195826.595
335  TIM2+F+R2     611128.659   193 1222643.318  1222649.483  1224075.494
336  TIM2+F+R3     600551.164   195 1201492.327  1201498.622  1202939.345
337  TIM2+F+R4     597051.210   197 1194496.419  1194502.844  1195958.278
338  TIM2+F+R5     596288.786   199 1192975.573  1192982.130  1194452.272
339  TIM2+F+R6     595945.059   201 1192292.119  1192298.809  1193783.660
340  TIM2+F+R7     595873.662   203 1192153.324  1192160.149  1193659.706
341  TIM2+F+R8     595873.385   205 1192156.770  1192163.730  1193677.993
344  TIM2*H2       609472.091   380 1219704.182  1219728.394  1222524.010
345  TIM2*H3       589413.324   569 1179964.649  1180019.760  1184186.971
346  TIM2*H4       582305.042   758 1166126.085  1166225.441  1171750.900
347  TIM2*H5       578027.375   947 1157948.749  1158106.361  1164976.059
348  TIM2*H6       575580.459   1136 1153432.917  1153663.504  1161862.720
349  TIM2*H7       572432.579   1325 1147515.157  1147834.197  1157347.454
350  TIM2*H8       571021.353   1514 1145070.705  1145494.485  1156305.496
351  TIM2*H9       569585.712   1703 1142577.424  1143123.101  1155214.708
352  TIM2*H10      568696.436   1892 1141176.872  1141862.534  1155216.650
353  TIM3e         698530.760   188 1397437.520  1397443.368  1398832.593
354  TIM3e+I       657588.675   189 1315555.350  1315561.261  1316957.843
355  TIM3e+G4      619336.664   189 1239051.327  1239057.239  1240453.821
356  TIM3e+I+G4    617277.468   190 1234934.937  1234940.911  1236344.851
357  TIM3e+R2      629887.750   190 1260155.500  1260161.475  1261565.415
358  TIM3e+R3      619696.967   192 1239777.934  1239784.035  1241202.690
359  TIM3e+R4      617055.580   194 1234499.160  1234505.390  1235938.757
360  TIM3e+R5      616358.447   196 1233108.895  1233115.255  1234563.333
361  TIM3e+R6      616060.045   198 1232516.091  1232522.582  1233985.370
362  TIM3e+R7      615982.899   200 1232365.797  1232372.420  1233849.917
363  TIM3e+R8      615982.643   202 1232369.285  1232376.042  1233868.247
366  TIM3e*H2      628100.023   377 1256954.045  1256977.872  1259751.612
367  TIM3e*H3      605225.222   566 1211582.444  1211636.962  1215782.504
368  TIM3e*H4      597140.242   755 1195790.484  1195889.030  1201393.038
369  TIM3e*H5      591965.408   944 1185818.816  1185975.390  1192823.863
370  TIM3e*H6      588982.568   1133 1180231.137  1180460.446  1188638.678
371  TIM3e*H7      586746.466   1322 1176136.931  1176454.442  1185946.966
372  TIM3e*H8      584912.793   1511 1172847.585  1173269.571  1184060.114
373  TIM3e*H9      583863.484   1700 1171126.968  1171670.571  1183741.990
374  TIM3e*H10     582930.050   1889 1169638.099  1170321.393  1183655.615
375  TIM3+F        690408.438   191 1381198.877  1381204.914  1382616.212
376  TIM3+F+I      644217.108   192 1288818.216  1288824.317  1290242.972
377  TIM3+F+G4     599850.423   192 1200084.845  1200090.947  1201509.601
378  TIM3+F+I+G4   597596.566   193 1195579.132  1195585.297  1197011.308
379  TIM3+F+R2     612353.817   193 1225093.634  1225099.800  1226525.810
380  TIM3+F+R3     601381.248   195 1203152.495  1203158.790  1204599.513
381  TIM3+F+R4     597704.228   197 1195802.456  1195808.881  1197264.314
382  TIM3+F+R5     596887.833   199 1194173.666  1194180.223  1195650.366
383  TIM3+F+R6     596567.680   201 1193537.359  1193544.050  1195028.900
384  TIM3+F+R7     596478.867   203 1193363.734  1193370.559  1194870.116
385  TIM3+F+R8     596478.788   205 1193367.575  1193374.536  1194888.799
388  TIM3*H2       610641.714   380 1222043.428  1222067.641  1224863.257
389  TIM3*H3       590083.361   569 1181304.723  1181359.834  1185527.045
390  TIM3*H4       582722.677   758 1166961.353  1167060.710  1172586.169
391  TIM3*H5       578488.228   947 1158870.456  1159028.068  1165897.766
392  TIM3*H6       576029.157   1136 1154330.314  1154560.901  1162760.117
393  TIM3*H7       573505.706   1325 1149661.411  1149980.450  1159493.708
394  TIM3*H8       572189.016   1514 1147406.032  1147829.812  1158640.822
395  TIM3*H9       571187.771   1703 1145781.542  1146327.219  1158418.826
WARNING: ABNORMAL_TERMINATION_IN_LNSRCH
396  TIM3*H10      570015.154   1892 1143814.308  1144499.970  1157854.086
397  TVMe          678675.531   189 1357729.062  1357734.973  1359131.556
398  TVMe+I        640309.820   190 1280999.639  1281005.613  1282409.553
399  TVMe+G4       604568.086   190 1209516.171  1209522.145  1210926.086
400  TVMe+I+G4     602633.626   191 1205649.253  1205655.290  1207066.588
401  TVMe+R2       614171.942   191 1228725.884  1228731.921  1230143.219
402  TVMe+R3       604696.839   193 1209779.679  1209785.844  1211211.855
403  TVMe+R4       602352.906   195 1205095.813  1205102.107  1206542.830
404  TVMe+R5       601611.901   197 1203617.803  1203624.228  1205079.661
405  TVMe+R6       601357.752   199 1203113.504  1203120.060  1204590.203
406  TVMe+R7       601277.323   201 1202956.646  1202963.336  1204448.187
407  TVMe+R8       601277.206   203 1202960.412  1202967.237  1204466.795
410  TVMe*H2       612481.238   379 1225720.475  1225744.559  1228532.883
411  TVMe*H3       592090.409   569 1185318.818  1185373.929  1189541.140
WARNING: ABNORMAL_TERMINATION_IN_LNSRCH
412  TVMe*H4       583591.905   759 1168701.810  1168801.437  1174334.047
413  TVMe*H5       578782.624   949 1159463.247  1159621.553  1166505.398
414  TVMe*H6       575866.608   1139 1154011.216  1154243.084  1162463.281
WARNING: ABNORMAL_TERMINATION_IN_LNSRCH
415  TVMe*H7       573217.345   1329 1149092.690  1149413.775  1158954.669
WARNING: ABNORMAL_TERMINATION_IN_LNSRCH
WARNING: ABNORMAL_TERMINATION_IN_LNSRCH
416  TVMe*H8       571725.916   1519 1146489.831  1146916.611  1157761.725
WARNING: ABNORMAL_TERMINATION_IN_LNSRCH
WARNING: ABNORMAL_TERMINATION_IN_LNSRCH
WARNING: ABNORMAL_TERMINATION_IN_LNSRCH
WARNING: ABNORMAL_TERMINATION_IN_LNSRCH
WARNING: ABNORMAL_TERMINATION_IN_LNSRCH
WARNING: ABNORMAL_TERMINATION_IN_LNSRCH
WARNING: ABNORMAL_TERMINATION_IN_LNSRCH
WARNING: ABNORMAL_TERMINATION_IN_LNSRCH
WARNING: ABNORMAL_TERMINATION_IN_LNSRCH
WARNING: ABNORMAL_TERMINATION_IN_LNSRCH
WARNING: ABNORMAL_TERMINATION_IN_LNSRCH
WARNING: ABNORMAL_TERMINATION_IN_LNSRCH
WARNING: ABNORMAL_TERMINATION_IN_LNSRCH
WARNING: ABNORMAL_TERMINATION_IN_LNSRCH
417  TVMe*H9       570372.314   1709 1144162.629  1144712.467  1156844.436
WARNING: ABNORMAL_TERMINATION_IN_LNSRCH
WARNING: ABNORMAL_TERMINATION_IN_LNSRCH
WARNING: ABNORMAL_TERMINATION_IN_LNSRCH
WARNING: ABNORMAL_TERMINATION_IN_LNSRCH
418  TVMe*H10      568874.703   1899 1141547.405  1142238.612  1155639.127
419  TVM+F         684144.285   192 1368672.569  1368678.671  1370097.325
420  TVM+F+I       640228.083   193 1280842.167  1280848.332  1282274.343
421  TVM+F+G4      598356.853   193 1197099.706  1197105.872  1198531.882
422  TVM+F+I+G4    595927.804   194 1192243.608  1192249.837  1193683.204
423  TVM+F+R2      609983.009   194 1220354.017  1220360.247  1221793.614
424  TVM+F+R3      599344.303   196 1199080.607  1199086.967  1200535.045
425  TVM+F+R4      595993.971   198 1192383.941  1192390.432  1193853.220
426  TVM+F+R5      595165.546   200 1190731.092  1190737.716  1192215.213
427  TVM+F+R6      594911.121   202 1190226.241  1190232.998  1191725.203
428  TVM+F+R7      594849.884   204 1190107.768  1190114.660  1191621.570
429  TVM+F+R8      594849.611   206 1190111.223  1190118.252  1191639.866
432  TVM*H2        608188.950   382 1217141.900  1217166.372  1219976.570
433  TVM*H3        588538.566   572 1178221.132  1178276.839  1182465.716
434  TVM*H4        580811.228   762 1163146.455  1163246.897  1168800.953
435  TVM*H5        576810.955   952 1155525.910  1155685.259  1162590.322
436  TVM*H6        573726.869   1142 1149737.738  1149970.890  1158212.064
437  TVM*H7        572113.675   1332 1146891.351  1147213.974  1156775.592
438  TVM*H8        570277.191   1522 1143598.382  1144026.967  1154892.537
439  TVM*H9        569298.000   1712 1142020.000  1142571.925  1154724.069
WARNING: ABNORMAL_TERMINATION_IN_LNSRCH
440  TVM*H10       567446.497   1902 1138696.993  1139390.585  1152810.977
441  SYM           678505.757   190 1357391.515  1357397.489  1358801.429
442  SYM+I         639929.895   191 1280241.791  1280247.828  1281659.126
443  SYM+G4        603547.088   191 1207476.175  1207482.213  1208893.510
444  SYM+I+G4      601613.365   192 1203610.731  1203616.832  1205035.486
445  SYM+R2        613361.908   192 1227107.815  1227113.917  1228532.571
446  SYM+R3        603771.731   194 1207931.461  1207937.691  1209371.058
447  SYM+R4        601317.499   196 1203026.999  1203033.358  1204481.436
448  SYM+R5        600627.333   198 1201650.665  1201657.156  1203119.944
449  SYM+R6        600319.150   200 1201038.301  1201044.924  1202522.421
450  SYM+R7        600216.906   202 1200837.812  1200844.569  1202336.774
451  SYM+R8        600216.750   204 1200841.500  1200848.392  1202355.303
454  SYM*H2        611689.249   381 1224140.499  1224164.841  1226967.748
455  SYM*H3        591638.935   572 1184421.870  1184477.578  1188666.454
456  SYM*H4        583019.217   763 1167564.434  1167665.148  1173226.353
457  SYM*H5        578430.511   954 1158769.022  1158929.070  1165848.276
WARNING: ABNORMAL_TERMINATION_IN_LNSRCH
458  SYM*H6        575209.514   1145 1152709.027  1152943.469  1161205.616
459  SYM*H7        571790.888   1336 1146253.777  1146578.457  1156167.700
460  SYM*H8        570039.562   1527 1143133.125  1143564.730  1154464.383
WARNING: ABNORMAL_TERMINATION_IN_LNSRCH
461  SYM*H9        568732.691   1718 1140901.382  1141457.496  1153649.975
462  SYM*H10       567451.363   1909 1138720.727  1139419.900  1152886.655
463  GTR+F         684111.053   193 1368608.106  1368614.271  1370040.282
464  GTR+F+I       640113.929   194 1280615.857  1280622.087  1282055.454
465  GTR+F+G4      597683.830   194 1195755.660  1195761.890  1197195.257
466  GTR+F+I+G4    595456.334   195 1191302.668  1191308.962  1192749.685
467  GTR+F+R2      609775.926   195 1219941.853  1219948.147  1221388.870
468  GTR+F+R3      599003.185   197 1198400.370  1198406.795  1199862.229
469  GTR+F+R4      595515.505   199 1191429.010  1191435.567  1192905.710
470  GTR+F+R5      594761.800   201 1189925.600  1189932.291  1191417.141
471  GTR+F+R6      594423.662   203 1189253.324  1189260.148  1190759.706
472  GTR+F+R7      594359.477   205 1189128.955  1189135.916  1190650.178
473  GTR+F+R8      594359.330   207 1189132.659  1189139.757  1190668.724
476  GTR*H2        607814.784   384 1216397.569  1216422.302  1219247.080
477  GTR*H3        588243.308   575 1177636.615  1177692.922  1181903.461
478  GTR*H4        580583.512   766 1162699.025  1162800.558  1168383.205
479  GTR*H5        576656.168   957 1155226.336  1155387.434  1162327.852
480  GTR*H6        573329.184   1148 1148954.368  1149190.103  1157473.219
481  GTR*H7        570485.553   1339 1143649.107  1143975.336  1153585.292
482  GTR*H8        568735.292   1530 1140530.585  1140964.007  1151884.105
483  GTR*H9        567951.598   1721 1139345.196  1139903.410  1152116.051
Akaike Information Criterion:           TVM*H10
Corrected Akaike Information Criterion: TVM*H10
Bayesian Information Criterion:         GTR*H8
Best-fit model: GTR*H8 chosen according to BIC

All model information printed to MafftGhostBNNI.model.gz
CPU time for ModelFinder: 66564.876 seconds (18h:29m:24s)
Wall-clock time for ModelFinder: 66737.722 seconds (18h:32m:17s)
Generating 1000 samples for ultrafast bootstrap (seed: 295385)...

NOTE: 262 MB RAM (0 GB) is required!
Estimate model parameters (epsilon = 0.100)
(NC_003372[0.012738/0.232943/0.128971/0.555562/0.345677/0.412780/0.752618/0.372271]:0.351695,(((((((((((((NC_003970[0.012276/0.196461/0.116770/0.424288/0.335207/0.609194/0.543489/0.557641]:0.349416,NC_030060[0.004660/0.149689/0.098386/0.427915/0.284699/0.184337/0.494425/0.349489]:0.249200)[0.005556/0.028709/0.024633/0.076317/0.022012/0.169219/0.092820/0.085921]:0.063148,NC_027176[0.008850/0.134086/0.074725/0.399549/0.186502/0.543443/0.500879/0.367886]:0.276990)[0.000524/0.027631/0.024450/0.108499/0.063129/0.079098/0.021878/0.065353]:0.048820,(NC_010964[0.008260/0.158248/0.095026/0.424879/0.367969/0.750413/0.528620/0.374092]:0.338438,NC_013576[0.012457/0.265767/0.142354/0.560709/0.420309/0.502146/0.563700/0.573216]:0.380082)[0.000236/0.024282/0.005965/0.065260/0.002930/0.047825/0.031964/0.028985]:0.025931)[0.000002/0.011616/0.004715/0.048043/0.042051/0.119789/0.051900/0.031482]:0.038700,(NC_009964[0.001962/0.090922/0.060044/0.493748/0.212704/0.194029/0.507059/0.367764]:0.241029,NC_028541[0.000071/0.073666/0.049374/0.442878/0.250787/0.222964/0.561980/0.303072]:0.238099)[0.000002/0.045914/0.017214/0.198840/0.120039/0.006378/0.143522/0.254404]:0.098289)[0.001117/0.047715/0.034703/0.128439/0.118477/0.047294/0.081034/0.101531]:0.070039,(((NC_011328[0.010701/0.337993/0.203668/1.427561/0.448548/0.249868/0.637300/1.162826]:0.559808,NC_013580[0.004272/0.201771/0.102875/0.929697/0.461147/0.277668/0.995016/0.583035]:0.444435)[0.000003/0.018918/0.000002/0.088948/0.000002/0.000003/0.042553/0.000002]:0.018804,(NC_012765[0.002705/0.183594/0.078937/0.710838/0.324737/0.287612/0.621406/0.498047]:0.338485,NC_030758[0.005156/0.211594/0.085625/0.667598/0.309855/0.472565/0.706745/0.608058]:0.383399)[0.000240/0.015374/0.013070/0.077845/0.071380/0.012363/0.145381/0.082797]:0.052306)[0.000262/0.016567/0.012284/0.051565/0.076724/0.042037/0.000002/0.114154]:0.039200,((NC_013582[0.002108/0.183986/0.108405/1.072024/0.466544/0.225494/0.740419/0.557250]:0.419529,NC_042820[0.009819/0.207977/0.092699/0.778005/0.357486/0.429659/0.526378/0.812597]:0.401828)[0.001722/0.086591/0.028532/0.062489/0.136842/0.034240/0.027582/0.204835]:0.072854,((((NC_024633[0.000445/0.022933/0.026030/0.210568/0.092542/0.156516/0.230252/0.222448]:0.120217,NC_037196[0.000002/0.032419/0.026575/0.268257/0.126371/0.197976/0.239163/0.149212]:0.129997)[0.000739/0.061401/0.029848/0.231306/0.156039/0.063506/0.217450/0.277955]:0.129780,NC_025332[0.001255/0.107695/0.029192/0.419185/0.274486/0.215296/0.557213/0.317428]:0.240219)[0.000002/0.019082/0.016089/0.082758/0.046256/0.016651/0.000002/0.103481]:0.035540,NC_027256[0.001247/0.099668/0.069979/0.634078/0.260182/0.214924/0.523582/0.317677]:0.265167)[0.000262/0.031254/0.008629/0.113341/0.074430/0.019147/0.069973/0.141769]:0.057351,NC_039657[0.007013/0.200355/0.105150/1.146260/0.475585/0.453901/0.956714/0.443068]:0.473506)[0.000003/0.080494/0.019904/0.190477/0.074758/0.006265/0.100953/0.108015]:0.072609)[0.000251/0.012324/0.000002/0.058311/0.039407/0.003062/0.003108/0.069362]:0.023229)[0.000002/0.004495/0.000002/0.007410/0.000002/0.033670/0.091548/0.039044]:0.022022)[0.000003/0.000003/0.000002/0.064172/0.015017/0.041321/0.006757/0.000002]:0.015910,(NC_036275[0.000651/0.119863/0.052327/0.590866/0.271409/0.372806/0.750561/0.360745]:0.314904,NC_036279[0.003157/0.104229/0.043556/0.510326/0.264862/0.408073/0.506528/0.332667]:0.271675)[0.000261/0.026911/0.008534/0.063145/0.127872/0.017186/0.061557/0.043632]:0.043637)[0.000252/0.007029/0.000330/0.053481/0.014627/0.007363/0.054888/0.101124]:0.029887,((NC_028607[0.004769/0.211374/0.077176/0.762322/0.488495/0.482552/0.688225/0.423116]:0.392254,NC_042828[0.013665/0.417297/0.227577/1.054234/0.533537/0.448866/0.932164/0.899069]:0.565801)[0.000002/0.000002/0.007156/0.000003/0.041002/0.000003/0.052673/0.048657]:0.018687,NC_037200[0.001922/0.222096/0.067023/0.636567/0.383964/0.550648/0.698932/0.340670]:0.362728)[0.000002/0.004568/0.000002/0.000003/0.053307/0.038005/0.000002/0.003496]:0.012423)[0.000003/0.004685/0.000002/0.020989/0.000002/0.000003/0.056542/0.016316]:0.012318,((((NC_018349[0.001661/0.084399/0.037750/0.428517/0.212934/0.176329/0.558816/0.332934]:0.229167,NC_028612[0.000753/0.110435/0.039448/0.408543/0.329099/0.346054/0.646092/0.245545]:0.265746)[0.001430/0.032614/0.009652/0.082998/0.037532/0.000003/0.066850/0.068893]:0.037496,NC_036270[0.001993/0.133373/0.029159/0.346257/0.352657/0.636660/0.596090/0.182518]:0.284838)[0.000577/0.040605/0.004141/0.110405/0.097254/0.257716/0.035705/0.050183]:0.074573,(((((NC_023246[0.004229/0.144366/0.082517/0.409103/0.350751/0.226080/0.648718/0.484447]:0.293776,NC_028603[0.003176/0.369646/0.191326/4.293166/0.577847/0.304142/1.961906/0.773974]:1.059398)[0.000003/0.027270/0.004995/0.149124/0.050666/0.005859/0.025449/0.000002]:0.032921,NC_027580[0.001953/0.214448/0.097749/0.774464/0.392180/0.231605/0.723316/0.538927]:0.371830)[0.000003/0.000002/0.001395/0.165694/0.025683/0.000002/0.000002/0.046641]:0.029928,NC_030778[0.002579/0.134100/0.053178/0.413938/0.315553/0.506197/0.485579/0.274008]:0.273141)[0.000002/0.010682/0.004338/0.201992/0.060119/0.003164/0.199767/0.149188]:0.078657,(NC_042614[0.002498/0.097548/0.056645/0.592583/0.408097/0.330931/0.688941/0.371835]:0.318635,NC_042922[0.003365/0.139811/0.055162/0.547933/0.289176/0.396578/0.570574/0.422628]:0.303153)[0.000003/0.016587/0.006760/0.042466/0.093760/0.016649/0.000002/0.019933]:0.024520)[0.000002/0.010640/0.001719/0.053846/0.000758/0.000003/0.048675/0.062185]:0.022229,(NC_038115[0.002589/0.128098/0.046587/0.568351/0.273273/0.247653/0.552908/0.323317]:0.267847,NC_039689[0.001421/0.108384/0.040614/0.411533/0.258541/0.428872/0.505212/0.187073]:0.242706)[0.000002/0.028937/0.001639/0.038149/0.077623/0.391608/0.117131/0.012044]:0.083392)[0.000002/0.010396/0.004373/0.039966/0.061756/0.006212/0.043328/0.010396]:0.022054)[0.000002/0.000002/0.000003/0.032948/0.016012/0.000002/0.041079/0.017838]:0.013486,(((NC_018352[0.003292/0.076579/0.039474/0.411441/0.310538/0.363495/0.642837/0.294032]:0.267711,NC_028601[0.001506/0.132337/0.022960/0.474751/0.263883/0.162799/0.600162/0.321035]:0.247429)[0.000003/0.003382/0.000002/0.028643/0.029622/0.000003/0.000003/0.021399]:0.010382,((NC_028605[0.001073/0.081521/0.029837/0.348903/0.310573/0.252282/0.494475/0.182628]:0.212662,NC_028606[0.003044/0.093750/0.032113/0.435151/0.317775/0.280735/0.591192/0.212006]:0.245721)[0.000003/0.005372/0.000947/0.046850/0.026451/0.112941/0.069612/0.012873]:0.034381,(NC_028609[0.004659/0.176769/0.076150/0.673371/0.488390/0.317960/0.629932/0.336189]:0.337928,NC_028613[0.001775/0.100628/0.052256/0.390579/0.330177/0.358293/0.593293/0.249537]:0.259567)[0.000002/0.016638/0.000002/0.033095/0.014077/0.000003/0.013469/0.038479]:0.014470)[0.000003/0.006706/0.001416/0.000002/0.003773/0.152040/0.024438/0.000074]:0.023556)[0.000003/0.007448/0.000758/0.051264/0.034541/0.000002/0.036673/0.000002]:0.016336,(NC_028611[0.002991/0.184175/0.069179/0.551363/0.325226/0.401759/0.557364/0.357754]:0.306226,NC_036273[0.003781/0.187470/0.065565/0.555392/0.506339/0.581051/0.664500/0.225902]:0.348750)[0.000002/0.016019/0.004432/0.048192/0.037628/0.084101/0.000002/0.008278]:0.024832)[0.000014/0.020831/0.002431/0.010186/0.048627/0.261808/0.073262/0.024739]:0.055237)[0.000262/0.012274/0.000003/0.037469/0.045496/0.000002/0.085218/0.000002]:0.022591)[0.000002/0.000003/0.000002/0.031074/0.012263/0.419865/0.016816/0.024035]:0.063008,(((NC_011320[0.003030/0.192710/0.093558/0.660134/0.438233/0.474727/0.785300/0.438395]:0.385761,NC_036278[0.018772/0.304299/0.165161/0.529018/0.453267/0.629113/0.701252/0.337912]:0.392349)[0.000982/0.027800/0.000002/0.000002/0.038868/0.019394/0.000002/0.007334]:0.011798,(((NC_011322[0.000789/0.187365/0.051021/0.345199/0.291628/0.202238/0.309564/0.207729]:0.199441,NC_036265[0.002855/0.271784/0.097677/0.440797/0.372524/0.253814/0.574274/0.282373]:0.287012)[0.000221/0.010239/0.004663/0.054229/0.062488/0.037094/0.074984/0.007963]:0.031485,NC_012144[0.004337/0.184178/0.059582/0.412635/0.272533/0.270782/0.553817/0.244153]:0.250252)[0.000002/0.029020/0.009277/0.017281/0.075875/0.011215/0.106138/0.013422]:0.032779,((((NC_011329[0.000601/0.035710/0.017358/0.185629/0.098026/0.139675/0.241194/0.082100]:0.100037,NC_016469[0.001283/0.061658/0.010844/0.166637/0.119438/0.141088/0.318562/0.118606]:0.117264)[0.000187/0.006308/0.001550/0.053402/0.024469/0.008091/0.063122/0.030737]:0.023483,(NC_030592[0.000673/0.047317/0.025065/0.240054/0.141986/0.235285/0.320767/0.192739]:0.150486,NC_036261[0.001440/0.114424/0.027655/0.387560/0.173199/0.202208/0.363635/0.157916]:0.178505)[0.000002/0.021819/0.004896/0.012667/0.062055/0.018121/0.042939/0.013889]:0.022049)[0.000002/0.025368/0.003078/0.061871/0.022424/0.062524/0.061342/0.012212]:0.031103,((NC_012139[0.000547/0.065481/0.012373/0.244491/0.101293/0.159824/0.321266/0.104910]:0.126273,NC_036271[0.001811/0.088214/0.031735/0.317003/0.232930/0.242347/0.410540/0.190705]:0.189411)[0.000002/0.000003/0.008271/0.020832/0.041657/0.018906/0.037634/0.016505]:0.017976,(NC_013249[0.002395/0.159720/0.045163/0.385503/0.243628/0.297603/0.492244/0.248115]:0.234296,NC_030593[0.000430/0.100593/0.031276/0.338998/0.230184/0.290640/0.468458/0.183899]:0.205560)[0.000002/0.008349/0.002075/0.028839/0.027313/0.000003/0.000003/0.037290]:0.012984)[0.000002/0.013744/0.001172/0.013953/0.018809/0.001714/0.036588/0.016373]:0.012794)[0.000002/0.010461/0.005398/0.026238/0.021781/0.019712/0.061933/0.006710]:0.019029,(NC_035714[0.001855/0.126207/0.069478/0.461469/0.311666/0.303009/0.584171/0.398990]:0.282106,NC_037749[0.004502/0.165493/0.056594/0.502026/0.283010/0.349309/0.616830/0.344744]:0.290314)[0.000415/0.006054/0.002259/0.016791/0.027237/0.102810/0.000003/0.024454]:0.022503)[0.001247/0.067939/0.016896/0.105436/0.112988/0.024004/0.050768/0.073265]:0.056568)[0.000001/0.055376/0.014575/0.065772/0.057877/0.125052/0.135919/0.035754]:0.061291)[0.000767/0.044879/0.020307/0.089305/0.082120/0.006541/0.092358/0.063518]:0.049974,((NC_018353[0.008723/0.329014/0.111865/1.086815/0.682751/0.404069/0.852822/0.568716]:0.505597,NC_042198[0.013789/0.451407/0.256790/0.868214/0.652820/0.550015/0.868085/0.747309]:0.551054)[0.000203/0.000003/0.007689/0.004649/0.000003/0.040205/0.002390/0.051081]:0.013278,(NC_036678[0.005607/0.145359/0.093691/0.682312/0.302841/0.490119/0.454433/0.383705]:0.319758,NC_038197[0.006167/0.195781/0.098060/0.456733/0.477878/0.544186/0.676109/0.310892]:0.345726)[0.002336/0.148873/0.029164/0.157668/0.212658/0.030431/0.240150/0.152208]:0.121686)[0.000002/0.008210/0.003010/0.152697/0.031978/0.000003/0.023435/0.007477]:0.028351)[0.000003/0.001230/0.000003/0.054910/0.026776/0.066291/0.011897/0.008985]:0.021262)[0.000002/0.037192/0.006252/0.080978/0.049612/0.000002/0.072636/0.031839]:0.034814,(((NC_011324[0.002379/0.135566/0.050135/0.510286/0.346437/0.336514/0.563159/0.246876]:0.273919,NC_033340[0.002223/0.158033/0.039561/0.368863/0.260869/0.298657/0.510974/0.226138]:0.233165)[0.000274/0.047988/0.009649/0.087249/0.144312/0.000003/0.031201/0.062199]:0.047859,NC_036267[0.002524/0.117079/0.041383/0.493405/0.368972/0.326513/0.684335/0.256416]:0.286328)[0.000002/0.024179/0.005991/0.094517/0.002011/0.062430/0.050120/0.033565]:0.034102,((((NC_013254[0.001436/0.183786/0.078702/0.686840/0.414435/0.414029/0.721227/0.491323]:0.373972,NC_036277[0.009882/0.288872/0.179715/0.718862/0.486260/0.547284/0.802391/0.613819]:0.455886)[0.000822/0.025059/0.011251/0.217181/0.101500/0.087290/0.150918/0.094196]:0.086027,(NC_036269[0.001205/0.106235/0.039303/0.324060/0.215399/0.305013/0.485626/0.269742]:0.218323,(NC_036274[0.002416/0.187883/0.043613/0.436354/0.270912/0.260218/0.493007/0.172070]:0.233309,NC_036276[0.001841/0.088317/0.032431/0.447765/0.197413/0.260938/0.452188/0.233253]:0.214268)[0.000002/0.007772/0.007790/0.000003/0.086313/0.090822/0.065287/0.009944]:0.033492)[0.000001/0.029674/0.006608/0.155296/0.101290/0.021889/0.045138/0.017335]:0.047154)[0.000002/0.037975/0.005255/0.000002/0.018739/0.000003/0.065092/0.042926]:0.021249,(NC_041172[0.012135/0.247948/0.132255/0.458857/0.330364/0.379118/0.476887/0.393360]:0.303865,NC_042417[0.006361/0.205362/0.112917/0.342546/0.384437/0.260763/0.499556/0.331553]:0.267937)[0.003315/0.199751/0.069824/0.220017/0.229299/0.160879/0.283472/0.208589]:0.171893)[0.000003/0.014209/0.001129/0.049609/0.040109/0.000002/0.054377/0.000002]:0.019930,(NC_024271[0.003361/0.147350/0.054463/0.532266/0.351911/0.280594/0.505530/0.237961]:0.264180,NC_036266[0.006383/0.289541/0.083555/0.615743/0.489914/0.310759/0.673904/0.326327]:0.349516)[0.000003/0.037661/0.000002/0.018554/0.054870/0.041943/0.058179/0.010787]:0.027750)[0.000002/0.001425/0.000002/0.009082/0.005639/0.046313/0.016967/0.000002]:0.009929)[0.000003/0.002733/0.000805/0.035537/0.013824/0.031500/0.049788/0.003929]:0.017265)[0.000002/0.028138/0.005815/0.095099/0.083222/0.000003/0.095750/0.018999]:0.040878,(((NC_018354[0.002510/0.108136/0.058777/0.298100/0.230498/0.365014/0.467890/0.206383]:0.217164,NC_027577[0.009869/0.161290/0.102935/0.463468/0.334130/0.385148/0.569190/0.380509]:0.300817)[0.001056/0.042230/0.018544/0.151472/0.048045/0.069223/0.041402/0.077494]:0.056183,((NC_022680[0.010001/0.125464/0.086222/0.406886/0.220442/0.270716/0.481507/0.366953]:0.246024,NC_025945[0.002766/0.155023/0.078677/0.422951/0.218737/0.368257/0.521382/0.258887]:0.253335)[0.000003/0.045933/0.014924/0.000003/0.028061/0.025196/0.048208/0.036681]:0.024876,(NC_034293[0.002656/0.122727/0.099380/0.380045/0.210944/0.341700/0.519209/0.364249]:0.255114,NC_041669[0.010919/0.210580/0.154865/0.446421/0.415629/0.407069/0.716329/0.405221]:0.345879)[0.000269/0.022319/0.007095/0.023983/0.051296/0.036385/0.000002/0.002714]:0.018008)[0.000927/0.059633/0.037778/0.166587/0.095870/0.061133/0.121160/0.095370]:0.079807)[0.000205/0.035176/0.005493/0.004764/0.029099/0.000002/0.048315/0.015752]:0.017351,(NC_030764[0.008552/0.320846/0.135063/0.736807/0.445327/0.408688/0.731837/0.369860]:0.394622,NC_036291[0.010712/0.386070/0.204359/0.827377/0.454505/0.375033/0.939135/0.662080]:0.482409)[0.000716/0.009005/0.017673/0.051100/0.068279/0.049575/0.037186/0.047562]:0.035137)[0.001420/0.075773/0.035808/0.166325/0.117855/0.114179/0.216727/0.065597]:0.099210)[0.000463/0.007369/0.001963/0.017706/0.001847/0.000003/0.034869/0.000003]:0.008028,((NC_011326[0.000760/0.092045/0.045881/0.461548/0.226792/0.351512/0.546574/0.275124]:0.250030,(NC_018350[0.001989/0.128117/0.053127/0.470224/0.334298/0.303454/0.529151/0.297943]:0.264788,NC_028203[0.004165/0.190384/0.066154/0.572000/0.419931/0.272750/0.590874/0.398646]:0.314363)[0.000002/0.000992/0.005396/0.029843/0.000003/0.008370/0.075320/0.007656]:0.015948)[0.000263/0.032017/0.000003/0.049926/0.081023/0.052311/0.105945/0.022292]:0.042972,(((NC_025243[0.003339/0.107327/0.074695/0.519396/0.316904/0.291994/0.576416/0.323831]:0.276738,(NC_029515[0.003385/0.137809/0.099941/0.758535/0.419327/0.320148/0.722238/0.500044]:0.370178,NC_038089[0.001960/0.099235/0.060999/0.541218/0.325783/0.336343/0.763535/0.417363]:0.318305)[0.000003/0.015696/0.006839/0.019093/0.028570/0.000003/0.000003/0.014665]:0.010609)[0.000003/0.006433/0.001932/0.103717/0.004419/0.277299/0.072606/0.172806]:0.079902,NC_038090[0.001182/0.116367/0.039522/0.422165/0.276577/0.339444/0.586068/0.174868]:0.244524)[0.000002/0.010211/0.002762/0.023605/0.000003/0.000002/0.000003/0.040214]:0.009600,(NC_036104[0.003095/0.152249/0.053493/0.543556/0.353780/0.308257/0.601266/0.281228]:0.287115,NC_043883[0.001838/0.117743/0.026731/0.417723/0.353738/0.274593/0.566510/0.214829]:0.246713)[0.000002/0.015880/0.000002/0.075299/0.021705/0.059919/0.017421/0.022736]:0.026621)[0.000002/0.010730/0.002539/0.055547/0.023830/0.020511/0.046765/0.008208]:0.021017)[0.000003/0.000002/0.000516/0.017986/0.009845/0.011383/0.021434/0.004312]:0.008185)[0.000258/0.023314/0.004559/0.052660/0.065938/0.006729/0.039519/0.004607]:0.024698,(NC_027114[0.000939/0.106946/0.044706/0.316316/0.189099/0.290504/0.444025/0.179359]:0.196487,NC_036108[0.002122/0.119987/0.063385/0.409249/0.296237/0.250519/0.452547/0.292282]:0.235791)[0.002530/0.096337/0.023916/0.166131/0.142582/0.131242/0.107482/0.101765]:0.096498)[0.000512/0.006396/0.000431/0.000002/0.078718/0.000003/0.000003/0.021417]:0.013435,NC_035677[0.001598/0.133810/0.064603/0.528722/0.288194/0.399029/0.889480/0.287516]:0.324119);
Site proportion and rates:  (0.202030,0.082356) (0.122018,8.180534) (0.122297,8.161934) (0.154399,6.469009) (0.157345,6.344710) (0.100539,9.928182) (0.078109,12.781587) (0.063263,15.783492)
Partition Noname
score: -675115.827754  old_score: -610689.700224
ERROR: ratefree.cpp:539: double RateFree::optimizeWithEM(): Assertion `score > old_score-0.1' failed.
ERROR: STACK TRACE FOR DEBUGGING:
ERROR: 
ERROR: *** IQ-TREE CRASHES WITH SIGNAL ABORTED
ERROR: *** For bug report please send to developers:
ERROR: ***    Log file: MafftGhostBNNI.log
ERROR: ***    Alignment files (if possible)
