IQ-TREE multicore version 1.6.10 for Linux 64-bit built Feb 19 2019
Developed by Bui Quang Minh, Nguyen Lam Tung, Olga Chernomor,
Heiko Schmidt, Dominik Schrempf, Michael Woodhams.

Host:    hpc-crick (AVX, 251 GB RAM)
Command: iqtree -s TransSM.fasta -pre TransGhostBaseFreqLinked -m MFP*H4 -bb 1000
Seed:    684060 (Using SPRNG - Scalable Parallel Random Number Generator)
Time:    Thu Sep 10 17:11:21 2020
Kernel:  AVX - 1 threads (40 CPU cores detected)

HINT: Use -nt option to specify number of threads because your CPU has 40 cores!
HINT: -nt AUTO will automatically determine the best number of threads to use.

Reading alignment file TransSM.fasta ... Fasta format detected
Alignment most likely contains DNA/RNA sequences
Alignment has 94 sequences with 11913 columns, 8960 distinct patterns
8118 parsimony-informative, 928 singleton sites, 2867 constant sites
           Gap/Ambiguity  Composition  p-value
   1  NC_003372    6.72%    failed      0.18%
   2  NC_003970    6.91%    failed      0.00%
   3  NC_009964    6.49%    failed      0.00%
   4  NC_010964    6.78%    failed      0.00%
   5  NC_011320    6.34%    passed     12.50%
   6  NC_011322    6.33%    failed      0.00%
   7  NC_011324    6.98%    failed      0.00%
   8  NC_011326    6.60%    passed     92.84%
   9  NC_011328    6.46%    failed      0.00%
  10  NC_011329    5.91%    failed      0.00%
  11  NC_012139    5.82%    failed      0.00%
  12  NC_012144    5.73%    failed      0.00%
  13  NC_012765    6.28%    failed      0.00%
  14  NC_013249    6.24%    failed      0.29%
  15  NC_013254    7.08%    failed      0.00%
  16  NC_013576    7.43%    failed      0.00%
  17  NC_013580    6.43%    failed      0.00%
  18  NC_013582    7.03%    failed      0.00%
  19  NC_016469    5.76%    failed      0.00%
  20  NC_018349    6.65%    failed      1.72%
  21  NC_018350    6.84%    failed      4.49%
  22  NC_018352    6.66%    passed     42.42%
  23  NC_018353    8.34%    failed      0.00%
  24  NC_018354    6.49%    failed      0.00%
  25  NC_022680    6.35%    passed     18.55%
  26  NC_023246    6.56%    failed      0.00%
  27  NC_024271    6.78%    failed      0.00%
  28  NC_024633    6.66%    failed      0.00%
  29  NC_025243    6.75%    failed      0.00%
  30  NC_025332    6.74%    failed      0.00%
  31  NC_025945    6.48%    failed      0.00%
  32  NC_027114    6.66%    failed      0.00%
  33  NC_027176    6.61%    failed      0.00%
  34  NC_027256    7.19%    failed      0.00%
  35  NC_027577    6.61%    failed      0.69%
  36  NC_027580    6.72%    failed      0.00%
  37  NC_028203    6.70%    failed      0.02%
  38  NC_028541    6.78%    failed      0.00%
  39  NC_028601    7.18%    passed     16.52%
  40  NC_028603    8.09%    failed      0.00%
  41  NC_028605    7.44%    failed      0.00%
  42  NC_028606    7.65%    failed      0.00%
  43  NC_028607    7.87%    passed     62.63%
  44  NC_028609    7.14%    passed     37.49%
  45  NC_028611    6.77%    failed      0.00%
  46  NC_028612    7.67%    passed     32.81%
  47  NC_028613    7.78%    failed      0.15%
  48  NC_029515    6.58%    failed      0.00%
  49  NC_030060    6.68%    passed     82.21%
  50  NC_030592    5.59%    failed      0.00%
  51  NC_030593    5.69%    failed      0.00%
  52  NC_030758    6.46%    failed      0.00%
  53  NC_030764    6.61%    passed      8.30%
  54  NC_030778    6.58%    failed      0.00%
  55  NC_033340    6.62%    failed      0.00%
  56  NC_034293    6.35%    failed      0.00%
  57  NC_035677    7.16%    passed     17.41%
  58  NC_035714    6.09%    failed      1.62%
  59  NC_036104    6.71%    failed      0.15%
  60  NC_036108    6.66%    failed      0.76%
  61  NC_036261    7.31%    failed      0.00%
  62  NC_036265    7.32%    failed      0.00%
  63  NC_036266    7.65%    failed      0.00%
  64  NC_036267    7.47%    failed      0.02%
  65  NC_036269    7.61%    failed      0.00%
  66  NC_036270    7.77%    failed      0.00%
  67  NC_036271    7.11%    failed      0.00%
  68  NC_036273    7.42%    failed      0.00%
  69  NC_036274    7.67%    failed      0.00%
  70  NC_036275    7.34%    failed      0.00%
  71  NC_036276    7.62%    failed      0.00%
  72  NC_036277    8.30%    failed      0.00%
  73  NC_036278    7.26%    failed      0.00%
  74  NC_036279    6.96%    passed     20.86%
  75  NC_036291    7.71%    failed      0.00%
  76  NC_036678    7.19%    failed      0.00%
  77  NC_037196    6.61%    failed      0.00%
  78  NC_037200    7.19%    failed      0.00%
  79  NC_037749    6.22%    passed     29.39%
  80  NC_038089    6.46%    failed      0.00%
  81  NC_038090    6.46%    failed      0.00%
  82  NC_038115    6.48%    passed     80.20%
  83  NC_038197    7.77%    failed      0.00%
  84  NC_039657    6.60%    failed      0.00%
  85  NC_039689    7.35%    failed      0.00%
  86  NC_041172    7.28%    failed      0.00%
  87  NC_041669    6.51%    passed     49.66%
  88  NC_042198    7.50%    passed     38.97%
  89  NC_042417    7.25%    failed      0.00%
  90  NC_042614    6.35%    failed      0.00%
  91  NC_042820    7.39%    failed      0.01%
  92  NC_042828    6.96%    failed      0.00%
  93  NC_042922    6.56%    passed     18.74%
  94  NC_043883    6.64%    failed      0.00%
****  TOTAL        6.88%  77 sequences failed composition chi2 test (p-value<5%; df=3)


Create initial parsimony tree by phylogenetic likelihood library (PLL)... 0.210 seconds
NOTE: ModelFinder requires 307 MB RAM!
ModelFinder will test 484 DNA models (sample size: 11913) ...
 No. Model         -LnL         df  AIC          AICc         BIC
  1  JC            708486.002   185 1417342.004  1417347.873  1418708.301
  2  JC+I          667527.223   186 1335426.446  1335432.379  1336800.128
  3  JC+G4         630345.578   186 1261063.157  1261069.089  1262436.838
  4  JC+I+G4       628576.366   187 1257526.731  1257532.728  1258907.798
  5  JC+R2         639331.461   187 1279036.922  1279042.919  1280417.989
  6  JC+R3         630164.178   189 1260706.356  1260712.482  1262102.193
  7  JC+R4         628033.945   191 1256449.890  1256456.147  1257860.498
  8  JC+R5         627415.922   193 1255217.844  1255224.234  1256643.224
  9  JC+R6         627317.287   195 1255024.573  1255031.097  1256464.724
 10  JC+R7         627298.822   197 1254991.644  1254998.303  1256446.565
 11  JC+R8         627297.526   199 1254993.053  1254999.849  1256462.744
 14  JC*H2         638308.992   371 1277359.983  1277383.900  1280099.961
 15  JC*H3         628605.161   557 1258324.321  1258379.065  1262437.981
 16  JC*H4         626106.217   743 1253698.434  1253797.421  1259185.776
 17  JC*H5         625252.602   929 1252363.203  1252520.532  1259224.227
 23  F81+F         695991.730   188 1392359.461  1392365.522  1393747.913
 24  F81+F+I       651916.474   189 1304210.948  1304217.075  1305606.786
 25  F81+F+G4      609576.065   189 1219530.131  1219536.257  1220925.969
 26  F81+F+I+G4    607478.894   190 1215337.788  1215343.980  1216741.011
 27  F81+F+R2      619982.238   190 1240344.475  1240350.667  1241747.699
 28  F81+F+R3      609992.040   192 1220368.080  1220374.403  1221786.074
 29  F81+F+R4      607173.580   194 1214735.161  1214741.617  1216167.925
 30  F81+F+R5      606437.206   196 1213266.411  1213273.003  1214713.947
 31  F81+F+R6      606312.992   198 1213021.983  1213028.710  1214484.289
 32  F81+F+R7      606289.309   200 1212978.617  1212985.482  1214455.694
 33  F81+F+R8      606288.192   202 1212980.385  1212987.388  1214472.233
 36  F81*H2        618987.289   374 1238722.578  1238746.889  1241484.713
 37  F81*H3        608517.665   560 1218155.330  1218210.679  1222291.146
 38  F81*H4        605380.459   746 1212252.919  1212352.733  1217762.416
 39  F81*H5        604427.811   932 1210719.621  1210878.010  1217602.800
 40  F81*H6        603443.180   1118 1209122.360  1209354.163  1217379.221
 41  F81*H7        602853.540   1304 1208315.080  1208635.918  1217945.623
 45  K2P           708181.454   186 1416734.908  1416740.840  1418108.589
 46  K2P+I         667232.856   187 1334839.712  1334845.709  1336220.780
 47  K2P+G4        629937.992   187 1260249.983  1260255.980  1261631.050
 48  K2P+I+G4      628122.202   188 1256620.404  1256626.465  1258008.856
 49  K2P+R2        639014.077   188 1278404.154  1278410.215  1279792.606
 50  K2P+R3        629788.130   190 1259956.260  1259962.452  1261359.484
 51  K2P+R4        627606.134   192 1255596.268  1255602.592  1257014.262
 52  K2P+R5        626973.451   194 1254334.902  1254341.359  1255767.667
 53  K2P+R6        626868.353   196 1254128.707  1254135.298  1255576.242
 54  K2P+R7        626846.576   198 1254089.153  1254095.880  1255551.459
 55  K2P+R8        626846.416   200 1254092.831  1254099.696  1255569.908
 58  K80*H2        637195.369   373 1275136.737  1275160.916  1277891.486
 59  K80*H3        612708.544   560 1226537.089  1226592.438  1230672.905
 60  K80*H4        604977.457   747 1211448.914  1211549.005  1216965.797
 61  K80*H5        601458.695   934 1204785.390  1204944.488  1211683.340
 62  K80*H6        597078.908   1121 1196399.816  1196632.929  1204678.833
 63  K80*H7        595692.440   1308 1194000.879  1194323.809  1203660.964
 64  K80*H8        594580.146   1495 1192150.293  1192579.691  1203191.444
 65  K80*H9        593784.921   1682 1190933.841  1191487.274  1203356.060
 67  HKY+F         692645.421   189 1385668.842  1385674.969  1387064.680
 68  HKY+F+I       647477.894   190 1295335.789  1295341.981  1296739.012
 69  HKY+F+G4      601608.678   190 1203597.357  1203603.549  1205000.580
 70  HKY+F+I+G4    599372.782   191 1199127.565  1199133.822  1200538.173
 71  HKY+F+R2      613815.382   191 1228012.764  1228019.022  1229423.373
 72  HKY+F+R3      603025.567   193 1206437.134  1206443.524  1207862.514
 73  HKY+F+R4      599384.260   195 1199158.520  1199165.044  1200598.670
 74  HKY+F+R5      598547.599   197 1197489.199  1197495.858  1198944.120
 75  HKY+F+R6      598296.438   199 1196990.876  1196997.672  1198460.568
 76  HKY+F+R7      598216.809   201 1196835.617  1196842.551  1198320.080
 77  HKY+F+R8      598216.013   203 1196838.027  1196845.100  1198337.260
 80  HKY*H2        612813.943   376 1226379.886  1226404.461  1229156.791
 81  HKY*H3        591421.764   563 1183969.528  1184025.486  1188127.501
 82  HKY*H4        584152.745   750 1169805.491  1169906.414  1175344.530
 83  HKY*H5        581396.261   937 1164666.522  1164826.687  1171586.628
 84  HKY*H6        577097.852   1124 1156443.705  1156678.132  1164744.878
 85  HKY*H7        575507.453   1311 1153636.906  1153961.410  1163319.147
 86  HKY*H8        573868.181   1498 1150732.361  1151163.608  1161795.669
 87  HKY*H9        573046.558   1685 1149463.115  1150018.686  1161907.490
 89  TNe           707946.015   187 1416266.029  1416272.026  1417647.096
 90  TNe+I         666814.146   188 1334004.292  1334010.354  1335392.745
 91  TNe+G4        628892.236   188 1258160.471  1258166.533  1259548.924
 92  TNe+I+G4      627031.622   189 1254441.245  1254447.371  1255837.083
 93  TNe+R2        638273.442   189 1276924.884  1276931.010  1278320.722
 94  TNe+R3        628825.999   191 1258033.998  1258040.256  1259444.607
 95  TNe+R4        626555.288   193 1253496.577  1253502.967  1254921.956
 96  TNe+R5        625914.131   195 1252218.262  1252224.785  1253658.412
 97  TNe+R6        625782.834   197 1251959.669  1251966.328  1253414.590
 98  TNe+R7        625753.567   199 1251905.134  1251911.930  1253374.826
 99  TNe+R8        625753.332   201 1251908.664  1251915.598  1253393.126
102  TNe*H2        636382.906   375 1273515.813  1273540.256  1276285.332
103  TNe*H3        612391.673   563 1225909.345  1225965.303  1230067.317
104  TNe*H4        604705.012   751 1210912.024  1211013.225  1216458.449
105  TNe*H5        599613.021   939 1201104.042  1201264.921  1208038.919
106  TNe*H6        596938.813   1127 1196131.626  1196367.371  1204454.955
107  TNe*H7        595582.142   1315 1193794.285  1194120.894  1203506.067
108  TNe*H8        594484.324   1503 1191974.648  1192408.986  1203074.882
109  TNe*H9        593626.783   1691 1190635.565  1191195.427  1203124.252
111  TN+F          692577.605   190 1385535.211  1385541.402  1386938.434
112  TN+F+I        647347.878   191 1295077.756  1295084.014  1296488.365
113  TN+F+G4       601062.249   191 1202506.498  1202512.756  1203917.107
114  TN+F+I+G4     598998.823   192 1198381.646  1198387.969  1199799.640
115  TN+F+R2       613656.365   192 1227696.730  1227703.054  1229114.724
116  TN+F+R3       602678.475   194 1205744.950  1205751.407  1207177.715
117  TN+F+R4       599011.661   196 1198415.322  1198421.913  1199862.857
118  TN+F+R5       598183.738   198 1196763.477  1196770.204  1198225.783
119  TN+F+R6       597879.788   200 1196159.575  1196166.440  1197636.653
120  TN+F+R7       597806.879   202 1196017.758  1196024.761  1197509.606
121  TN+F+R8       597806.596   204 1196021.191  1196028.335  1197527.810
124  TN*H2         612493.128   378 1225742.255  1225767.097  1228533.931
125  TN*H3         591210.670   566 1183553.341  1183609.911  1187733.469
126  TN*H4         583932.388   754 1169372.776  1169474.814  1174941.357
127  TN*H5         579423.188   942 1160730.376  1160892.328  1167687.409
128  TN*H6         577042.067   1130 1156344.134  1156581.201  1164689.620
129  TN*H7         575475.226   1318 1153586.452  1153914.646  1163320.390
130  TN*H8         573842.389   1506 1150696.777  1151132.976  1161819.168
131  TN*H9         573029.635   1694 1149447.269  1150009.283  1161958.112
133  K3P           691545.329   187 1383464.658  1383470.655  1384845.725
134  K3P+I         649674.373   188 1299724.745  1299730.807  1301113.198
135  K3P+G4        610200.489   188 1220776.977  1220783.039  1222165.430
136  K3P+I+G4      608197.959   189 1216773.918  1216780.044  1218169.756
137  K3P+R2        620142.486   189 1240662.972  1240669.099  1242058.810
138  K3P+R3        610292.149   191 1220966.298  1220972.555  1222376.907
139  K3P+R4        607770.575   193 1215927.150  1215933.540  1217352.530
140  K3P+R5        607083.361   195 1214556.722  1214563.246  1215996.872
141  K3P+R6        606911.553   197 1214217.105  1214223.765  1215672.026
142  K3P+R7        606831.761   199 1214061.522  1214068.318  1215531.214
143  K3P+R8        606831.674   201 1214065.348  1214072.282  1215549.810
146  K81*H2        617753.715   375 1236257.430  1236281.873  1239026.949
147  K81*H3        595567.641   563 1192261.282  1192317.239  1196419.254
WARNING: ABNORMAL_TERMINATION_IN_LNSRCH
WARNING: ABNORMAL_TERMINATION_IN_LNSRCH
WARNING: ABNORMAL_TERMINATION_IN_LNSRCH
WARNING: ABNORMAL_TERMINATION_IN_LNSRCH
148  K81*H4        587179.842   751 1175861.684  1175962.885  1181408.108
WARNING: ABNORMAL_TERMINATION_IN_LNSRCH
WARNING: ABNORMAL_TERMINATION_IN_LNSRCH
WARNING: ABNORMAL_TERMINATION_IN_LNSRCH
WARNING: ABNORMAL_TERMINATION_IN_LNSRCH
149  K81*H5        582152.960   939 1166183.920  1166344.799  1173118.797
WARNING: ABNORMAL_TERMINATION_IN_LNSRCH
WARNING: ABNORMAL_TERMINATION_IN_LNSRCH
WARNING: ABNORMAL_TERMINATION_IN_LNSRCH
WARNING: ABNORMAL_TERMINATION_IN_LNSRCH
WARNING: ABNORMAL_TERMINATION_IN_LNSRCH
150  K81*H6        579295.733   1127 1160845.466  1161081.212  1169168.796
WARNING: ABNORMAL_TERMINATION_IN_LNSRCH
WARNING: ABNORMAL_TERMINATION_IN_LNSRCH
WARNING: ABNORMAL_TERMINATION_IN_LNSRCH
WARNING: ABNORMAL_TERMINATION_IN_LNSRCH
WARNING: ABNORMAL_TERMINATION_IN_LNSRCH
WARNING: ABNORMAL_TERMINATION_IN_LNSRCH
WARNING: ABNORMAL_TERMINATION_IN_LNSRCH
WARNING: ABNORMAL_TERMINATION_IN_LNSRCH
WARNING: ABNORMAL_TERMINATION_IN_LNSRCH
WARNING: ABNORMAL_TERMINATION_IN_LNSRCH
WARNING: ABNORMAL_TERMINATION_IN_LNSRCH
WARNING: ABNORMAL_TERMINATION_IN_LNSRCH
151  K81*H7        576965.118   1315 1156560.237  1156886.846  1166272.019
WARNING: ABNORMAL_TERMINATION_IN_LNSRCH
WARNING: ABNORMAL_TERMINATION_IN_LNSRCH
WARNING: ABNORMAL_TERMINATION_IN_LNSRCH
WARNING: ABNORMAL_TERMINATION_IN_LNSRCH
152  K81*H8        575407.282   1503 1153820.564  1154254.901  1164920.798
WARNING: ABNORMAL_TERMINATION_IN_LNSRCH
WARNING: ABNORMAL_TERMINATION_IN_LNSRCH
WARNING: ABNORMAL_TERMINATION_IN_LNSRCH
WARNING: ABNORMAL_TERMINATION_IN_LNSRCH
153  K81*H9        573929.904   1691 1151241.808  1151801.669  1163730.494
WARNING: ABNORMAL_TERMINATION_IN_LNSRCH
WARNING: ABNORMAL_TERMINATION_IN_LNSRCH
WARNING: ABNORMAL_TERMINATION_IN_LNSRCH
WARNING: ABNORMAL_TERMINATION_IN_LNSRCH
WARNING: ABNORMAL_TERMINATION_IN_LNSRCH
WARNING: ABNORMAL_TERMINATION_IN_LNSRCH
WARNING: ABNORMAL_TERMINATION_IN_LNSRCH
WARNING: ABNORMAL_TERMINATION_IN_LNSRCH
WARNING: ABNORMAL_TERMINATION_IN_LNSRCH
154  K81*H10       572966.646   1879 1149691.292  1150395.472  1163568.431
155  K3Pu+F        687908.127   190 1376196.254  1376202.446  1377599.477
156  K3Pu+F+I      643823.390   191 1288028.780  1288035.037  1289439.388
157  K3Pu+F+G4     599495.170   191 1199372.339  1199378.597  1200782.948
158  K3Pu+F+I+G4   597210.491   192 1194804.982  1194811.305  1196222.976
159  K3Pu+F+R2     611233.630   192 1222851.260  1222857.584  1224269.254
160  K3Pu+F+R3     600542.600   194 1201473.200  1201479.657  1202905.965
161  K3Pu+F+R4     597188.655   196 1194769.311  1194775.902  1196216.846
162  K3Pu+F+R5     596355.576   198 1193107.153  1193113.880  1194569.459
163  K3Pu+F+R6     596136.276   200 1192672.552  1192679.416  1194149.629
164  K3Pu+F+R7     596084.073   202 1192572.146  1192579.149  1194063.994
165  K3Pu+F+R8     596083.986   204 1192575.972  1192583.115  1194082.590
168  K81u*H2       610211.570   378 1221179.141  1221203.982  1223970.816
169  K81u*H3       589939.132   566 1181010.263  1181066.833  1185190.391
170  K81u*H4       583408.799   754 1168325.597  1168427.635  1173894.178
171  K81u*H5       578131.434   942 1158146.869  1158308.821  1165103.902
172  K81u*H6       575428.298   1130 1153116.596  1153353.664  1161462.082
WARNING: ABNORMAL_TERMINATION_IN_LNSRCH
WARNING: ABNORMAL_TERMINATION_IN_LNSRCH
173  K81u*H7       573250.994   1318 1149137.988  1149466.182  1158871.927
174  K81u*H8       571516.715   1506 1146045.430  1146481.629  1157167.821
WARNING: ABNORMAL_TERMINATION_IN_LNSRCH
175  K81u*H9       570526.845   1694 1144441.689  1145003.703  1156952.532
WARNING: ABNORMAL_TERMINATION_IN_LNSRCH
WARNING: ABNORMAL_TERMINATION_IN_LNSRCH
WARNING: ABNORMAL_TERMINATION_IN_LNSRCH
WARNING: ABNORMAL_TERMINATION_IN_LNSRCH
WARNING: ABNORMAL_TERMINATION_IN_LNSRCH
WARNING: ABNORMAL_TERMINATION_IN_LNSRCH
WARNING: ABNORMAL_TERMINATION_IN_LNSRCH
WARNING: ABNORMAL_TERMINATION_IN_LNSRCH
176  K81u*H10      568967.168   1882 1141698.336  1142404.977  1155597.632
177  TPM2+F        686628.109   190 1373636.218  1373642.410  1375039.441
178  TPM2+F+I      643684.710   191 1287751.420  1287757.678  1289162.029
179  TPM2+F+G4     600970.045   191 1202322.089  1202328.347  1203732.698
180  TPM2+F+I+G4   598661.761   192 1197707.522  1197713.846  1199125.516
181  TPM2+F+R2     612165.189   192 1224714.377  1224720.701  1226132.371
182  TPM2+F+R3     601897.758   194 1204183.517  1204189.973  1205616.281
183  TPM2+F+R4     598584.466   196 1197560.932  1197567.523  1199008.467
184  TPM2+F+R5     597792.263   198 1195980.526  1195987.254  1197442.833
185  TPM2+F+R6     597567.132   200 1195534.264  1195541.129  1197011.342
186  TPM2+F+R7     597511.723   202 1195427.446  1195434.450  1196919.294
187  TPM2+F+R8     597511.456   204 1195430.911  1195438.055  1196937.530
190  TPM2*H2       610655.004   378 1222066.007  1222090.849  1224857.683
191  TPM2*H3       590304.508   566 1181741.016  1181797.586  1185921.144
192  TPM2*H4       582986.472   754 1167480.944  1167582.982  1173049.525
193  TPM2*H5       578734.827   942 1159353.653  1159515.605  1166310.686
194  TPM2*H6       576251.204   1130 1154762.408  1154999.476  1163107.894
195  TPM2*H7       574473.726   1318 1151583.451  1151911.645  1161317.389
WARNING: ABNORMAL_TERMINATION_IN_LNSRCH
WARNING: ABNORMAL_TERMINATION_IN_LNSRCH
196  TPM2*H8       572705.314   1506 1148422.627  1148858.826  1159545.018
WARNING: ABNORMAL_TERMINATION_IN_LNSRCH
WARNING: ABNORMAL_TERMINATION_IN_LNSRCH
WARNING: ABNORMAL_TERMINATION_IN_LNSRCH
197  TPM2*H9       571409.833   1694 1146207.667  1146769.681  1158718.510
WARNING: ABNORMAL_TERMINATION_IN_LNSRCH
WARNING: ABNORMAL_TERMINATION_IN_LNSRCH
198  TPM2*H10      570698.928   1882 1145161.856  1145868.497  1159061.152
199  TPM2u+F       686628.107   190 1373636.214  1373642.405  1375039.437
200  TPM2u+F+I     643684.744   191 1287751.488  1287757.746  1289162.097
201  TPM2u+F+G4    600970.044   191 1202322.089  1202328.346  1203732.697
202  TPM2u+F+I+G4  598661.759   192 1197707.518  1197713.842  1199125.513
203  TPM2u+F+R2    612165.188   192 1224714.377  1224720.700  1226132.371
204  TPM2u+F+R3    601897.785   194 1204183.570  1204190.026  1205616.334
205  TPM2u+F+R4    598584.437   196 1197560.874  1197567.466  1199008.410
206  TPM2u+F+R5    597792.064   198 1195980.129  1195986.856  1197442.435
207  TPM2u+F+R6    597566.854   200 1195533.708  1195540.573  1197010.785
208  TPM2u+F+R7    597511.028   202 1195426.056  1195433.060  1196917.904
209  TPM2u+F+R8    597510.846   204 1195429.693  1195436.836  1196936.311
212  TPM2u*H2      610655.009   378 1222066.018  1222090.859  1224857.693
213  TPM2u*H3      590304.511   566 1181741.021  1181797.591  1185921.150
214  TPM2u*H4      582986.434   754 1167480.868  1167582.906  1173049.449
215  TPM2u*H5      578734.671   942 1159353.342  1159515.294  1166310.375
216  TPM2u*H6      576251.135   1130 1154762.269  1154999.337  1163107.755
217  TPM2u*H7      574474.088   1318 1151584.176  1151912.370  1161318.114
218  TPM2u*H8      572705.359   1506 1148422.718  1148858.917  1159545.108
WARNING: ABNORMAL_TERMINATION_IN_LNSRCH
219  TPM2u*H9      571409.768   1694 1146207.536  1146769.550  1158718.379
WARNING: ABNORMAL_TERMINATION_IN_LNSRCH
220  TPM2u*H10     570698.194   1882 1145160.388  1145867.030  1159059.684
221  TPM3+F        691764.030   190 1383908.060  1383914.252  1385311.283
222  TPM3+F+I      646848.306   191 1294078.613  1294084.870  1295489.222
223  TPM3+F+G4     601453.568   191 1203289.135  1203295.393  1204699.744
224  TPM3+F+I+G4   599158.545   192 1198701.090  1198707.413  1200119.084
225  TPM3+F+R2     613481.955   192 1227347.911  1227354.234  1228765.905
226  TPM3+F+R3     602703.088   194 1205794.177  1205800.634  1207226.942
227  TPM3+F+R4     599177.770   196 1198747.540  1198754.132  1200195.076
228  TPM3+F+R5     598324.799   198 1197045.598  1197052.326  1198507.905
229  TPM3+F+R6     598088.302   200 1196576.605  1196583.469  1198053.682
230  TPM3+F+R7     598015.494   202 1196434.988  1196441.992  1197926.836
231  TPM3+F+R8     598015.450   204 1196438.900  1196446.044  1197945.519
234  TPM3*H2       611965.341   378 1224686.681  1224711.523  1227478.357
235  TPM3*H3       591007.123   566 1183146.245  1183202.815  1187326.374
236  TPM3*H4       583835.863   754 1169179.726  1169281.764  1174748.307
237  TPM3*H5       579275.957   942 1160435.914  1160597.866  1167392.947
238  TPM3*H6       576766.264   1130 1155792.528  1156029.595  1164138.013
239  TPM3*H7       575083.738   1318 1152803.475  1153131.669  1162537.413
240  TPM3*H8       573470.206   1506 1149952.412  1150388.610  1161074.802
WARNING: ABNORMAL_TERMINATION_IN_LNSRCH
WARNING: ABNORMAL_TERMINATION_IN_LNSRCH
WARNING: ABNORMAL_TERMINATION_IN_LNSRCH
241  TPM3*H9       572205.969   1694 1147799.937  1148361.951  1160310.780
242  TPM3*H10      571519.614   1882 1146803.229  1147509.870  1160702.524
243  TPM3u+F       691764.043   190 1383908.086  1383914.277  1385311.309
244  TPM3u+F+I     646848.307   191 1294078.613  1294084.871  1295489.222
245  TPM3u+F+G4    601453.567   191 1203289.134  1203295.391  1204699.742
246  TPM3u+F+I+G4  599158.564   192 1198701.127  1198707.451  1200119.121
247  TPM3u+F+R2    613481.953   192 1227347.906  1227354.230  1228765.900
248  TPM3u+F+R3    602703.085   194 1205794.169  1205800.626  1207226.934
249  TPM3u+F+R4    599177.805   196 1198747.609  1198754.200  1200195.145
250  TPM3u+F+R5    598324.543   198 1197045.085  1197051.813  1198507.392
251  TPM3u+F+R6    598087.972   200 1196575.944  1196582.808  1198053.021
252  TPM3u+F+R7    598015.176   202 1196434.352  1196441.355  1197926.200
253  TPM3u+F+R8    598015.108   204 1196438.216  1196445.360  1197944.835
256  TPM3u*H2      611965.337   378 1224686.673  1224711.515  1227478.349
257  TPM3u*H3      591007.120   566 1183146.240  1183202.810  1187326.368
258  TPM3u*H4      583835.786   754 1169179.571  1169281.609  1174748.152
259  TPM3u*H5      579275.947   942 1160435.895  1160597.847  1167392.928
260  TPM3u*H6      576766.279   1130 1155792.558  1156029.625  1164138.043
261  TPM3u*H7      575083.614   1318 1152803.227  1153131.421  1162537.165
262  TPM3u*H8      573470.096   1506 1149952.193  1150388.392  1161074.583
263  TPM3u*H9      572205.841   1694 1147799.682  1148361.696  1160310.525
264  TPM3u*H10     571519.733   1882 1146803.466  1147510.107  1160702.762
265  TIMe          691309.134   188 1382994.268  1383000.330  1384382.721
266  TIMe+I        649251.065   189 1298880.130  1298886.257  1300275.968
267  TIMe+G4       609094.304   189 1218566.608  1218572.735  1219962.446
268  TIMe+I+G4     607053.239   190 1214486.479  1214492.670  1215889.702
269  TIMe+R2       619353.477   190 1239086.954  1239093.146  1240490.177
270  TIMe+R3       609266.265   192 1218916.530  1218922.854  1220334.524
271  TIMe+R4       606665.650   194 1213719.300  1213725.757  1215152.065
272  TIMe+R5       605981.890   196 1212355.780  1212362.371  1213803.315
273  TIMe+R6       605770.286   198 1211936.572  1211943.300  1213398.879
274  TIMe+R7       605678.336   200 1211756.672  1211763.537  1213233.749
275  TIMe+R8       605678.182   202 1211760.363  1211767.367  1213252.211
278  TIMe*H2       616932.183   377 1234618.366  1234643.075  1237402.656
279  TIMe*H3       595156.054   566 1191444.108  1191500.678  1195624.236
280  TIMe*H4       586478.768   755 1174467.536  1174569.854  1180043.502
WARNING: ABNORMAL_TERMINATION_IN_LNSRCH
281  TIMe*H5       581803.586   944 1165495.172  1165657.842  1172466.976
WARNING: ABNORMAL_TERMINATION_IN_LNSRCH
282  TIMe*H6       579058.538   1133 1160383.076  1160621.469  1168750.718
283  TIMe*H7       576721.527   1322 1156087.053  1156417.366  1165850.533
WARNING: ABNORMAL_TERMINATION_IN_LNSRCH
WARNING: ABNORMAL_TERMINATION_IN_LNSRCH
WARNING: ABNORMAL_TERMINATION_IN_LNSRCH
284  TIMe*H8       575121.685   1511 1153265.370  1153704.680  1164424.687
WARNING: ABNORMAL_TERMINATION_IN_LNSRCH
285  TIMe*H9       573673.651   1700 1150747.302  1151313.635  1163302.457
WARNING: ABNORMAL_TERMINATION_IN_LNSRCH
WARNING: ABNORMAL_TERMINATION_IN_LNSRCH
286  TIMe*H10      571515.759   1889 1146809.518  1147521.921  1160760.511
287  TIM+F         687833.628   191 1376049.256  1376055.513  1377459.864
288  TIM+F+I       643676.288   192 1287736.576  1287742.900  1289154.570
289  TIM+F+G4      598917.730   192 1198219.460  1198225.783  1199637.454
290  TIM+F+I+G4    596760.571   193 1193907.143  1193913.533  1195332.522
291  TIM+F+R2      611018.163   193 1222422.326  1222428.716  1223847.705
292  TIM+F+R3      600169.987   195 1200729.975  1200736.499  1202170.125
293  TIM+F+R4      596757.002   197 1193908.004  1193914.663  1195362.925
294  TIM+F+R5      595958.828   199 1192315.655  1192322.451  1193785.347
295  TIM+F+R6      595677.707   201 1191757.413  1191764.347  1193241.876
296  TIM+F+R7      595624.181   203 1191654.363  1191661.437  1193153.596
297  TIM+F+R8      595624.026   205 1191658.051  1191665.265  1193172.055
300  TIM*H2        609836.518   380 1220433.036  1220458.145  1223239.482
301  TIM*H3        589697.891   569 1180533.781  1180590.967  1184736.065
302  TIM*H4        582947.543   758 1167411.085  1167514.245  1173009.207
303  TIM*H5        577972.586   947 1157839.172  1158002.921  1164833.132
304  TIM*H6        575385.859   1136 1153043.718  1153283.442  1161433.516
305  TIM*H7        573194.537   1325 1149039.073  1149370.980  1158824.709
306  TIM*H8        571431.773   1514 1145891.545  1146332.728  1157073.019
WARNING: ABNORMAL_TERMINATION_IN_LNSRCH
307  TIM*H9        569480.705   1703 1142367.409  1142935.910  1154944.721
308  TIM*H10       568334.560   1892 1140453.121  1141168.002  1154426.270
309  TIM2e         690582.483   188 1381540.966  1381547.027  1382929.418
310  TIM2e+I       653092.479   189 1306562.957  1306569.083  1307958.795
311  TIM2e+G4      618008.841   189 1236395.683  1236401.809  1237791.521
312  TIM2e+I+G4    616245.112   190 1232870.225  1232876.416  1234273.448
313  TIM2e+R2      626760.284   190 1253900.567  1253906.759  1255303.790
314  TIM2e+R3      617940.185   192 1236264.369  1236270.693  1237682.363
315  TIM2e+R4      615815.253   194 1232018.506  1232024.962  1233451.270
316  TIM2e+R5      615132.909   196 1230657.818  1230664.409  1232105.354
317  TIM2e+R6      614970.906   198 1230337.811  1230344.538  1231800.117
318  TIM2e+R7      614884.355   200 1230168.710  1230175.574  1231645.787
319  TIM2e+R8      614884.247   202 1230172.493  1230179.497  1231664.341
322  TIM2e*H2      625013.060   377 1250780.120  1250804.829  1253564.411
323  TIM2e*H3      603344.059   566 1207820.119  1207876.689  1212000.247
324  TIM2e*H4      596317.306   755 1194144.613  1194246.930  1199720.579
325  TIM2e*H5      591190.959   944 1184269.918  1184432.587  1191241.722
326  TIM2e*H6      588491.510   1133 1179249.020  1179487.413  1187616.662
327  TIM2e*H7      585779.919   1322 1174203.838  1174534.151  1183967.318
WARNING: ABNORMAL_TERMINATION_IN_LNSRCH
328  TIM2e*H8      583887.203   1511 1170796.406  1171235.716  1181955.723
WARNING: ABNORMAL_TERMINATION_IN_LNSRCH
329  TIM2e*H9      582605.168   1700 1168610.337  1169176.670  1181165.492
330  TIM2e*H10     582191.122   1889 1168160.244  1168872.648  1182111.238
331  TIM2+F        686614.410   191 1373610.819  1373617.077  1375021.428
332  TIM2+F+I      643614.378   192 1287612.756  1287619.080  1289030.750
333  TIM2+F+G4     600343.605   192 1201071.210  1201077.534  1202489.204
334  TIM2+F+I+G4   598203.772   193 1196793.543  1196799.933  1198218.922
335  TIM2+F+R2     611990.826   193 1224367.653  1224374.042  1225793.032
336  TIM2+F+R3     601552.304   195 1203494.608  1203501.132  1204934.758
337  TIM2+F+R4     598166.395   197 1196726.791  1196733.450  1198181.712
338  TIM2+F+R5     597387.177   199 1195172.353  1195179.149  1196642.045
339  TIM2+F+R6     597096.240   201 1194594.481  1194601.415  1196078.943
340  TIM2+F+R7     597028.602   203 1194463.205  1194470.278  1195962.438
341  TIM2+F+R8     597028.435   205 1194466.869  1194474.084  1195980.873
344  TIM2*H2       610347.841   380 1221455.682  1221480.791  1224262.129
345  TIM2*H3       590068.027   569 1181274.053  1181331.239  1185476.337
346  TIM2*H4       583002.742   758 1167521.484  1167624.643  1173119.606
347  TIM2*H5       578626.895   947 1159147.790  1159311.539  1166141.750
348  TIM2*H6       576197.619   1136 1154667.239  1154906.963  1163057.037
WARNING: ABNORMAL_TERMINATION_IN_LNSRCH
WARNING: ABNORMAL_TERMINATION_IN_LNSRCH
349  TIM2*H7       573297.160   1325 1149244.320  1149576.227  1159029.956
WARNING: ABNORMAL_TERMINATION_IN_LNSRCH
350  TIM2*H8       571623.996   1514 1146275.993  1146717.176  1157457.466
351  TIM2*H9       570524.953   1703 1144455.907  1145024.407  1157033.218
WARNING: ABNORMAL_TERMINATION_IN_LNSRCH
352  TIM2*H10      569609.738   1892 1143003.476  1143718.357  1156976.625
353  TIM3e         700312.361   188 1401000.721  1401006.782  1402389.174
354  TIM3e+I       660116.655   189 1320611.311  1320617.437  1322007.149
355  TIM3e+G4      620596.005   189 1241570.010  1241576.137  1242965.848
356  TIM3e+I+G4    618637.038   190 1237654.076  1237660.268  1239057.299
357  TIM3e+R2      631142.848   190 1262665.696  1262671.888  1264068.919
358  TIM3e+R3      621015.513   192 1242415.025  1242421.349  1243833.019
359  TIM3e+R4      618378.212   194 1237144.425  1237150.881  1238577.189
360  TIM3e+R5      617695.652   196 1235783.304  1235789.895  1237230.839
361  TIM3e+R6      617414.383   198 1235224.766  1235231.493  1236687.072
362  TIM3e+R7      617337.461   200 1235074.922  1235081.787  1236551.999
363  TIM3e+R8      617337.445   202 1235078.889  1235085.893  1236570.737
366  TIM3e*H2      629304.865   377 1259363.731  1259388.439  1262148.021
367  TIM3e*H3      606224.853   566 1213581.707  1213638.277  1217761.835
368  TIM3e*H4      598233.298   755 1197976.596  1198078.914  1203552.562
369  TIM3e*H5      592860.372   944 1187608.743  1187771.413  1194580.547
370  TIM3e*H6      589900.108   1133 1182066.216  1182304.610  1190433.858
371  TIM3e*H7      587775.054   1322 1178194.109  1178524.421  1187957.588
372  TIM3e*H8      585851.284   1511 1174724.568  1175163.878  1185883.886
373  TIM3e*H9      584733.044   1700 1172866.087  1173432.421  1185421.243
374  TIM3e*H10     583808.571   1889 1171395.143  1172107.546  1185346.136
375  TIM3+F        691677.750   191 1383737.500  1383743.757  1385148.108
376  TIM3+F+I      646696.235   192 1293776.471  1293782.794  1295194.465
377  TIM3+F+G4     600969.971   192 1202323.941  1202330.265  1203741.935
378  TIM3+F+I+G4   598827.491   193 1198040.982  1198047.372  1199466.361
379  TIM3+F+R2     613315.483   193 1227016.965  1227023.355  1228442.345
380  TIM3+F+R3     602428.428   195 1205246.857  1205253.380  1206687.007
381  TIM3+F+R4     598840.456   197 1198074.911  1198081.570  1199529.832
382  TIM3+F+R5     598022.033   199 1196442.066  1196448.861  1197911.757
383  TIM3+F+R6     597737.516   201 1195877.031  1195883.965  1197361.494
384  TIM3+F+R7     597666.492   203 1195738.984  1195746.057  1197238.217
385  TIM3+F+R8     597666.383   205 1195742.765  1195749.979  1197256.769
388  TIM3*H2       611606.470   380 1223972.941  1223998.050  1226779.387
389  TIM3*H3       590769.572   569 1182677.145  1182734.331  1186879.429
390  TIM3*H4       583560.796   758 1168637.592  1168740.752  1174235.715
391  TIM3*H5       579131.132   947 1160156.264  1160320.014  1167150.225
392  TIM3*H6       576686.746   1136 1155645.493  1155885.217  1164035.291
393  TIM3*H7       574284.727   1325 1151219.454  1151551.361  1161005.090
394  TIM3*H8       573002.128   1514 1149032.257  1149473.440  1160213.731
395  TIM3*H9       571910.339   1703 1147226.679  1147795.179  1159803.990
396  TIM3*H10      570824.029   1892 1145432.057  1146146.938  1159405.206
397  TVMe          680129.186   189 1360636.373  1360642.499  1362032.210
398  TVMe+I        642419.759   190 1285219.518  1285225.710  1286622.742
399  TVMe+G4       605730.191   190 1211840.382  1211846.574  1213243.606
400  TVMe+I+G4     603854.486   191 1208090.972  1208097.229  1209501.580
401  TVMe+R2       615175.617   191 1230733.233  1230739.491  1232143.842
402  TVMe+R3       605879.881   193 1212145.762  1212152.152  1213571.142
403  TVMe+R4       603524.988   195 1207439.977  1207446.501  1208880.127
404  TVMe+R5       602794.914   197 1205983.828  1205990.487  1207438.749
405  TVMe+R6       602555.784   199 1205509.569  1205516.364  1206979.260
406  TVMe+R7       602465.902   201 1205333.804  1205340.738  1206818.267
407  TVMe+R8       602465.794   203 1205337.589  1205344.662  1206836.822
410  TVMe*H2       613431.439   379 1227620.879  1227645.854  1230419.940
411  TVMe*H3       592936.089   569 1187010.177  1187067.363  1191212.462
412  TVMe*H4       584883.080   759 1171284.160  1171387.601  1176889.668
413  TVMe*H5       579663.974   949 1161225.947  1161390.419  1168234.678
414  TVMe*H6       576762.710   1139 1155803.420  1156044.478  1164215.374
415  TVMe*H7       574200.361   1329 1151058.722  1151392.761  1160873.899
WARNING: ABNORMAL_TERMINATION_IN_LNSRCH
WARNING: ABNORMAL_TERMINATION_IN_LNSRCH
WARNING: ABNORMAL_TERMINATION_IN_LNSRCH
WARNING: ABNORMAL_TERMINATION_IN_LNSRCH
416  TVMe*H8       572653.466   1519 1148344.932  1148789.247  1159563.333
WARNING: ABNORMAL_TERMINATION_IN_LNSRCH
WARNING: ABNORMAL_TERMINATION_IN_LNSRCH
WARNING: ABNORMAL_TERMINATION_IN_LNSRCH
WARNING: ABNORMAL_TERMINATION_IN_LNSRCH
WARNING: ABNORMAL_TERMINATION_IN_LNSRCH
WARNING: ABNORMAL_TERMINATION_IN_LNSRCH
WARNING: ABNORMAL_TERMINATION_IN_LNSRCH
WARNING: ABNORMAL_TERMINATION_IN_LNSRCH
WARNING: ABNORMAL_TERMINATION_IN_LNSRCH
WARNING: ABNORMAL_TERMINATION_IN_LNSRCH
417  TVMe*H9       571097.148   1709 1145612.295  1146185.144  1158233.919
WARNING: ABNORMAL_TERMINATION_IN_LNSRCH
WARNING: ABNORMAL_TERMINATION_IN_LNSRCH
WARNING: ABNORMAL_TERMINATION_IN_LNSRCH
WARNING: ABNORMAL_TERMINATION_IN_LNSRCH
WARNING: ABNORMAL_TERMINATION_IN_LNSRCH
WARNING: ABNORMAL_TERMINATION_IN_LNSRCH
WARNING: ABNORMAL_TERMINATION_IN_LNSRCH
418  TVMe*H10      569963.318   1899 1143724.636  1144445.319  1157749.483
419  TVM+F         685275.094   192 1370934.188  1370940.512  1372352.182
420  TVM+F+I       642475.366   193 1285336.732  1285343.122  1286762.111
421  TVM+F+G4      599415.431   193 1199216.861  1199223.251  1200642.241
422  TVM+F+I+G4    597134.379   194 1194656.758  1194663.215  1196089.523
423  TVM+F+R2      610870.984   194 1222129.969  1222136.426  1223562.734
424  TVM+F+R3      600384.496   196 1201160.992  1201167.583  1202608.527
425  TVM+F+R4      597092.180   198 1194580.359  1194587.087  1196042.666
426  TVM+F+R5      596275.957   200 1192951.913  1192958.778  1194428.990
427  TVM+F+R6      596049.563   202 1192503.127  1192510.130  1193994.975
428  TVM+F+R7      595999.807   204 1192407.613  1192414.757  1193914.232
429  TVM+F+R8      595999.697   206 1192411.394  1192418.680  1193932.784
432  TVM*H2        609084.625   382 1218933.250  1218958.628  1221754.467
433  TVM*H3        589193.428   572 1179530.856  1179588.661  1183755.296
434  TVM*H4        581640.251   762 1164804.502  1164908.790  1170432.166
WARNING: ABNORMAL_TERMINATION_IN_LNSRCH
435  TVM*H5        577467.820   952 1156839.640  1157005.197  1163870.527
436  TVM*H6        574415.437   1142 1151114.873  1151357.270  1159548.983
437  TVM*H7        572759.656   1332 1148183.311  1148518.955  1158020.645
438  TVM*H8        570913.543   1522 1144871.085  1145317.285  1156111.642
WARNING: ABNORMAL_TERMINATION_IN_LNSRCH
WARNING: ABNORMAL_TERMINATION_IN_LNSRCH
439  TVM*H9        569190.266   1712 1141804.533  1142379.563  1154448.313
440  TVM*H10       567962.346   1902 1139728.692  1140451.870  1153775.695
441  SYM           679986.003   190 1360352.007  1360358.199  1361755.230
442  SYM+I         642087.744   191 1284557.489  1284563.746  1285968.097
443  SYM+G4        604713.383   191 1209808.765  1209815.023  1211219.374
444  SYM+I+G4      602814.706   192 1206013.413  1206019.736  1207431.407
445  SYM+R2        614404.488   192 1229192.977  1229199.300  1230610.971
446  SYM+R3        604963.867   194 1210315.734  1210322.191  1211748.499
447  SYM+R4        602489.359   196 1205370.718  1205377.310  1206818.254
448  SYM+R5        601807.504   198 1204011.008  1204017.735  1205473.314
449  SYM+R6        601496.371   200 1203392.742  1203399.607  1204869.820
450  SYM+R7        601400.829   202 1203205.658  1203212.661  1204697.505
451  SYM+R8        601400.822   204 1203209.644  1203216.788  1204716.263
454  SYM*H2        612677.867   381 1226117.735  1226142.978  1228931.567
455  SYM*H3        592539.732   572 1186223.465  1186281.270  1190447.905
456  SYM*H4        583973.067   763 1169472.134  1169576.706  1175107.184
457  SYM*H5        579330.426   954 1160568.853  1160735.137  1167614.510
458  SYM*H6        576101.513   1145 1154493.026  1154736.765  1162949.293
459  SYM*H7        572765.536   1336 1148203.073  1148540.863  1158069.948
460  SYM*H8        570966.173   1527 1144986.347  1145435.698  1156263.831
461  SYM*H9        569474.714   1718 1142385.427  1142964.835  1155073.520
462  SYM*H10       568753.499   1909 1141324.999  1142054.018  1155423.700
463  GTR+F         685251.876   193 1370889.751  1370896.141  1372315.131
464  GTR+F+I       642389.877   194 1285167.755  1285174.211  1286600.519
465  GTR+F+G4      598826.156   194 1198040.313  1198046.769  1199473.078
466  GTR+F+I+G4    596691.520   195 1193773.039  1193779.563  1195213.189
467  GTR+F+R2      610688.834   195 1221767.668  1221774.192  1223207.818
468  GTR+F+R3      600053.624   197 1200501.247  1200507.906  1201956.168
469  GTR+F+R4      596676.166   199 1193750.332  1193757.128  1195220.024
470  GTR+F+R5      595886.422   201 1192174.844  1192181.778  1193659.306
471  GTR+F+R6      595596.075   203 1191598.150  1191605.224  1193097.384
472  GTR+F+R7      595539.033   205 1191488.067  1191495.281  1193002.071
473  GTR+F+R8      595538.874   207 1191491.747  1191499.104  1193020.522
476  GTR*H2        608738.299   384 1218244.599  1218270.248  1221080.587
477  GTR*H3        588943.922   575 1179037.845  1179096.273  1183284.441
478  GTR*H4        581430.236   766 1164392.471  1164497.894  1170049.676
479  GTR*H5        577329.102   957 1156572.204  1156739.581  1163640.018
480  GTR*H6        573548.313   1148 1149392.626  1149637.712  1157871.049
481  GTR*H7        571237.027   1339 1145152.054  1145491.459  1155041.086
482  GTR*H8        569485.573   1530 1142031.146  1142482.395  1153330.786
483  GTR*H9        568448.593   1721 1140339.186  1140920.790  1153049.434
484  GTR*H10       567613.879   1912 1139051.757  1139783.289  1153172.615
Akaike Information Criterion:           GTR*H10
Corrected Akaike Information Criterion: GTR*H10
Bayesian Information Criterion:         GTR*H9
Best-fit model: GTR*H9 chosen according to BIC

All model information printed to TransGhostBaseFreqLinked.model.gz
CPU time for ModelFinder: 74138.692 seconds (20h:35m:38s)
Wall-clock time for ModelFinder: 74317.062 seconds (20h:38m:37s)
Generating 1000 samples for ultrafast bootstrap (seed: 684060)...

NOTE: 280 MB RAM (0 GB) is required!
Estimate model parameters (epsilon = 0.100)
(NC_003372[0.013188/0.155514/0.132793/0.434356/0.253747/0.360903/0.466050/0.610666/0.845329]:0.363616,((((((((((((NC_003970[0.012092/0.116457/0.142735/0.406196/0.235159/0.490627/0.347623/0.510626/0.486582]:0.305344,NC_030060[0.004261/0.074421/0.107192/0.308676/0.229338/0.343586/0.283967/0.579043/0.469334]:0.266646)[0.004784/0.042589/0.025300/0.124710/0.019165/0.108226/0.046229/0.071627/0.094529]:0.059684,NC_027176[0.008830/0.070819/0.102894/0.453312/0.170330/0.361789/0.184522/0.517872/0.493618]:0.262665)[0.000003/0.017465/0.015232/0.072991/0.037481/0.075401/0.079641/0.109104/0.045653]:0.050330,(NC_010964[0.008854/0.085324/0.111865/0.466854/0.261626/0.370886/0.359166/0.563486/0.473822]:0.300209,NC_013576[0.011320/0.192494/0.137106/0.435563/0.267977/0.587970/0.462493/0.639393/0.582213]:0.368503)[0.000003/0.007771/0.007677/0.046290/0.021421/0.038973/0.000002/0.101236/0.009915]:0.025921)[0.000002/0.013271/0.042213/0.021071/0.076155/0.103888/0.133408/0.147633/0.091907]:0.069950,(NC_036678[0.004835/0.109173/0.095437/0.416422/0.211564/0.424051/0.291631/0.845291/0.500501]:0.322101,NC_038197[0.005671/0.088838/0.117725/0.494746/0.320978/0.377170/0.473343/0.663025/0.688113]:0.358845)[0.001732/0.083645/0.034880/0.000003/0.138291/0.162061/0.255960/0.125279/0.208926]:0.112308)[0.000002/0.000003/0.003766/0.000002/0.015026/0.029594/0.034094/0.088517/0.019608]:0.021179,((NC_011320[0.002824/0.126587/0.104727/0.526588/0.269023/0.466310/0.404403/0.842271/0.778498]:0.391248,NC_036278[0.019174/0.212515/0.158830/0.538177/0.338011/0.402920/0.498375/0.573780/0.662389]:0.378241)[0.001063/0.013808/0.000003/0.000002/0.000003/0.014252/0.054110/0.000002/0.000003]:0.009249,(((NC_011322[0.001099/0.092901/0.049350/0.198570/0.188573/0.220812/0.235903/0.452580/0.287469]:0.191918,NC_036265[0.002897/0.145305/0.095100/0.244160/0.264405/0.305950/0.443220/0.563751/0.565373]:0.292240)[0.000001/0.021784/0.005016/0.059217/0.014975/0.005954/0.108107/0.018520/0.075008]:0.034287,NC_012144[0.004071/0.110670/0.059168/0.315052/0.200794/0.245766/0.278927/0.493154/0.561127]:0.252081)[0.000217/0.008560/0.010845/0.000002/0.032082/0.021951/0.049387/0.000002/0.108540]:0.025732,((((NC_011329[0.000674/0.017534/0.020493/0.133825/0.070874/0.091950/0.097740/0.202604/0.246620]:0.098035,NC_016469[0.001299/0.037201/0.010429/0.142447/0.073808/0.134191/0.090679/0.206976/0.326673]:0.113745)[0.000250/0.002946/0.000003/0.009071/0.019370/0.030267/0.021158/0.049314/0.051757]:0.020460,(NC_030592[0.000869/0.038606/0.022941/0.250595/0.088639/0.203369/0.108080/0.290102/0.325377]:0.147620,NC_036261[0.001252/0.058625/0.027184/0.197675/0.133344/0.177350/0.199282/0.421524/0.372517]:0.176528)[0.000002/0.015961/0.005832/0.015969/0.013798/0.013183/0.034484/0.014137/0.054748]:0.018679)[0.000003/0.005811/0.001620/0.059608/0.034626/0.011361/0.039838/0.063765/0.070230]:0.031874,(NC_012139[0.000524/0.020155/0.025213/0.172208/0.098610/0.116196/0.124200/0.295180/0.346912]:0.133244,(NC_013249[0.002443/0.094363/0.042113/0.308320/0.159262/0.268124/0.241720/0.486528/0.484574]:0.231939,NC_030593[0.000227/0.057519/0.031332/0.289339/0.138006/0.201342/0.217503/0.405907/0.483359]:0.202726)[0.000002/0.008400/0.004951/0.000002/0.006073/0.027391/0.037719/0.033365/0.000002]:0.013101)[0.000002/0.004382/0.002158/0.000002/0.004657/0.029062/0.002892/0.005863/0.028745]:0.008640)[0.000002/0.013076/0.000003/0.011152/0.006170/0.017983/0.007363/0.037197/0.064379]:0.017480,((NC_035714[0.002045/0.071897/0.073302/0.274641/0.208145/0.420508/0.247973/0.496308/0.567437]:0.262473,NC_037749[0.004842/0.080426/0.060438/0.379959/0.209556/0.346090/0.255665/0.628047/0.609973]:0.286111)[0.000030/0.006694/0.006399/0.095648/0.006100/0.033523/0.049517/0.003112/0.000003]:0.022336,NC_036271[0.001739/0.051302/0.037760/0.230477/0.114328/0.219376/0.238973/0.379516/0.414486]:0.187551)[0.000002/0.001112/0.000003/0.057538/0.003665/0.010036/0.000002/0.027162/0.031743]:0.014585)[0.000954/0.040796/0.015770/0.023783/0.069341/0.081478/0.151764/0.118134/0.092193]:0.066024)[0.000002/0.036369/0.014020/0.077543/0.028348/0.044053/0.067682/0.066693/0.087757]:0.046941)[0.000626/0.018705/0.023206/0.049719/0.063187/0.065140/0.145101/0.100220/0.112922]:0.064314)[0.000003/0.001091/0.000003/0.070019/0.000002/0.010686/0.002587/0.055963/0.041885]:0.020249,((((((((NC_009964[0.001452/0.031929/0.077540/0.207029/0.198001/0.402330/0.170969/0.699694/0.502166]:0.254568,NC_028541[0.000008/0.021505/0.070296/0.225489/0.195257/0.322077/0.201596/0.639867/0.561893]:0.248665)[0.000003/0.032154/0.068698/0.041691/0.112516/0.278871/0.183086/0.514129/0.146409]:0.153062,NC_042820[0.009094/0.201925/0.117844/0.453807/0.330240/1.163656/0.509927/1.377136/0.564327]:0.525328)[0.000002/0.000002/0.004277/0.000003/0.020886/0.000003/0.064890/0.006391/0.000003]:0.010717,(((NC_011328[0.010590/0.214387/0.236038/0.274283/0.399886/1.113904/0.470249/2.448224/0.634290]:0.644650,(NC_013582[0.002840/0.168002/0.139741/0.221952/0.363747/0.819215/0.419587/1.618694/0.625706]:0.486609,NC_028603[0.002959/0.181889/0.226557/0.279807/0.528890/0.706091/0.486993/3.725466/3.667327]:1.089553)[0.000003/0.004677/0.013078/0.034658/0.025455/0.036099/0.075061/0.000003/0.054716]:0.027083)[0.000002/0.000002/0.007734/0.012799/0.003143/0.000003/0.012231/0.050859/0.009417]:0.010688,(((NC_024633[0.000485/0.006035/0.042018/0.159876/0.061953/0.230029/0.072720/0.304182/0.208433]:0.120637,NC_037196[0.000002/0.005668/0.035384/0.197565/0.086206/0.173381/0.083175/0.359485/0.244909]:0.131753)[0.000557/0.041634/0.031657/0.057640/0.085431/0.311342/0.153501/0.367498/0.207564]:0.139647,NC_025332[0.001080/0.051127/0.026820/0.231541/0.185287/0.319601/0.268436/0.568785/0.535389]:0.243118)[0.000003/0.006628/0.019078/0.019400/0.018591/0.083615/0.056835/0.124643/0.000002]:0.036533,NC_027256[0.001333/0.050004/0.088736/0.217697/0.178256/0.356194/0.214298/0.962369/0.496286]:0.285019)[0.000258/0.056719/0.031668/0.020802/0.109576/0.208666/0.204492/0.313593/0.109846]:0.117291)[0.000002/0.000003/0.000003/0.010953/0.012310/0.055863/0.069443/0.138496/0.040779]:0.036428,((NC_012765[0.001885/0.062555/0.106703/0.278880/0.314885/0.587884/0.271423/1.143899/0.559785]:0.369766,NC_013580[0.003597/0.090041/0.131161/0.243296/0.372561/0.606605/0.322629/1.372821/0.761696]:0.433823)[0.000002/0.001312/0.005907/0.033253/0.000002/0.005450/0.044912/0.000002/0.048078]:0.015435,NC_030758[0.004593/0.072752/0.115226/0.480483/0.277824/0.666860/0.376607/0.995656/0.709731]:0.411081)[0.000159/0.018833/0.025884/0.041660/0.053190/0.109977/0.078220/0.098271/0.050895]:0.053010)[0.000003/0.000002/0.002740/0.030868/0.000002/0.000003/0.038071/0.028399/0.030092]:0.014464)[0.000002/0.000002/0.000003/0.044073/0.001869/0.034219/0.000795/0.000002/0.072143]:0.017012,(NC_036275[0.000005/0.052292/0.074553/0.357553/0.210317/0.403767/0.204724/0.813644/0.763718]:0.320064,NC_036279[0.003466/0.035083/0.051752/0.416338/0.143589/0.402076/0.258318/0.714899/0.539314]:0.284982)[0.000261/0.007453/0.012159/0.041952/0.041626/0.069487/0.114120/0.054254/0.012366]:0.039298)[0.000003/0.003214/0.000002/0.000003/0.005877/0.034884/0.043314/0.033790/0.019360]:0.015605,((((NC_023246[0.003805/0.073895/0.092562/0.208288/0.288095/0.474658/0.275772/0.977055/0.610932]:0.333896,NC_030778[0.004429/0.038884/0.049170/0.580414/0.176351/0.307538/0.224352/0.461430/0.510197]:0.261418)[0.001163/0.036076/0.015663/0.014254/0.017080/0.053369/0.119621/0.162913/0.087062]:0.056356,NC_027580[0.002371/0.080425/0.110801/0.236482/0.372831/0.550740/0.303783/1.225190/0.657078]:0.393300)[0.000002/0.001163/0.006831/0.000003/0.016513/0.075900/0.042008/0.164131/0.079426]:0.042886,NC_042614[0.002038/0.041305/0.074949/0.381213/0.244784/0.456266/0.327838/0.719934/0.622694]:0.319002)[0.000002/0.005257/0.000003/0.000002/0.004600/0.010963/0.009726/0.065717/0.112050]:0.023147,NC_042922[0.002225/0.074089/0.066836/0.459359/0.247211/0.514061/0.295593/0.694679/0.584976]:0.326559)[0.000001/0.007564/0.010371/0.000003/0.027861/0.002391/0.118502/0.131821/0.030258]:0.036530)[0.000002/0.000002/0.000003/0.284779/0.004135/0.109923/0.000002/0.000003/0.045915]:0.049418,(NC_018353[0.009067/0.180731/0.138211/0.326017/0.422336/0.649110/0.649019/1.356919/0.871649]:0.511451,NC_028607[0.004334/0.109326/0.095735/0.333982/0.256003/0.464998/0.510234/0.959066/0.728654]:0.384704)[0.000251/0.007837/0.000002/0.010929/0.027950/0.000002/0.054449/0.000002/0.000003]:0.011270)[0.000002/0.000003/0.000002/0.209321/0.000003/0.077530/0.000002/0.005077/0.105525]:0.044163,((((NC_018349[0.001509/0.048217/0.047116/0.338851/0.100508/0.366361/0.157339/0.574164/0.555087]:0.243239,NC_028612[0.000586/0.040273/0.047618/0.167126/0.221313/0.283663/0.305791/0.420649/0.688216]:0.241693)[0.001434/0.010693/0.014037/0.173990/0.023193/0.052810/0.036164/0.100460/0.071744]:0.053836,NC_036270[0.001929/0.060638/0.030863/0.306681/0.194708/0.234860/0.244611/0.388542/0.617896]:0.231192)[0.000490/0.022663/0.007125/0.000002/0.030682/0.055515/0.131203/0.079238/0.012511]:0.037714,(NC_038115[0.002418/0.057861/0.056808/0.290210/0.158972/0.365613/0.262643/0.747086/0.598570]:0.282242,NC_039689[0.001378/0.056624/0.042793/0.322296/0.163873/0.227591/0.223842/0.451923/0.491461]:0.220198)[0.000252/0.018816/0.004382/0.112006/0.037219/0.010489/0.101618/0.047749/0.131826]:0.051595)[0.000002/0.000694/0.000101/0.002894/0.009323/0.014953/0.032116/0.050870/0.066622]:0.019731,(((NC_018352[0.003458/0.040639/0.040951/0.426211/0.129227/0.287584/0.265031/0.493375/0.704038]:0.265613,NC_028613[0.002363/0.067802/0.049515/0.334643/0.155282/0.250615/0.364986/0.503141/0.601971]:0.258924)[0.000002/0.002813/0.005363/0.000003/0.012832/0.045906/0.000003/0.004571/0.000002]:0.007944,(NC_028605[0.001041/0.038846/0.039583/0.243013/0.118624/0.211553/0.282372/0.443218/0.507316]:0.209507,NC_028606[0.002619/0.049559/0.034197/0.287537/0.148311/0.221253/0.281415/0.554114/0.609258]:0.243140)[0.000003/0.005879/0.003366/0.101870/0.008434/0.025235/0.044012/0.000002/0.031985]:0.024532)[0.000002/0.000002/0.000002/0.022777/0.013516/0.010308/0.000762/0.072556/0.061753]:0.020186,(NC_028601[0.001111/0.059634/0.026594/0.315711/0.176445/0.355278/0.210301/0.532652/0.553107]:0.247870,(NC_028609[0.003787/0.104975/0.086397/0.333993/0.263506/0.402439/0.376514/0.803356/0.606246]:0.331246,NC_028611[0.003046/0.082590/0.085296/0.405730/0.228506/0.334394/0.330951/0.648753/0.473831]:0.288122)[0.000220/0.011196/0.001320/0.000003/0.000003/0.028289/0.090551/0.001753/0.000002]:0.014815)[0.000002/0.001615/0.000003/0.000002/0.012357/0.014435/0.024006/0.073877/0.069810]:0.021790)[0.000002/0.014707/0.003199/0.067069/0.021181/0.011298/0.089038/0.041318/0.061663]:0.034386)[0.000002/0.000002/0.001054/0.000003/0.001548/0.009359/0.038538/0.033682/0.058318]:0.015834)[0.000002/0.003246/0.000002/0.027972/0.000003/0.011451/0.023772/0.059208/0.006873]:0.014725,(NC_036273[0.002377/0.138765/0.070074/0.415438/0.262731/0.280677/0.474157/0.621135/0.700907]:0.329585,NC_037200[0.001801/0.117422/0.055302/0.259788/0.274910/0.380257/0.415449/0.643488/0.647977]:0.310710)[0.000003/0.000003/0.000003/0.027884/0.011099/0.011597/0.060328/0.015739/0.084121]:0.023420)[0.000003/0.000535/0.000003/0.000003/0.010134/0.009923/0.006834/0.000002/0.025254]:0.005854)[0.000001/0.015362/0.006968/0.000003/0.038558/0.029360/0.077917/0.077394/0.052773]:0.033148,((NC_011324[0.001760/0.072449/0.048955/0.345859/0.234831/0.247261/0.333704/0.573663/0.530679]:0.265462,NC_033340[0.001969/0.067931/0.047031/0.300644/0.194053/0.241294/0.249114/0.442642/0.486848]:0.225725)[0.000256/0.024026/0.010876/0.000003/0.071907/0.085522/0.159032/0.158810/0.062644]:0.063675,((NC_024271[0.002984/0.077958/0.051935/0.249388/0.214554/0.268020/0.367695/0.639695/0.563137]:0.270596,NC_036267[0.002289/0.068782/0.050524/0.317429/0.209102/0.268587/0.264531/0.661613/0.659832]:0.278077)[0.000242/0.000002/0.000002/0.074440/0.005648/0.032587/0.038657/0.003899/0.015541]:0.019002,(NC_041172[0.011243/0.155501/0.142978/0.383313/0.241217/0.392312/0.340599/0.579022/0.507357]:0.305949,NC_042417[0.006223/0.133890/0.113370/0.279806/0.223901/0.357344/0.386052/0.508556/0.498288]:0.278603)[0.003487/0.106979/0.065730/0.134168/0.188112/0.201722/0.301548/0.220066/0.235712]:0.161947)[0.000003/0.000220/0.000003/0.000002/0.001599/0.000002/0.000003/0.037251/0.000003]:0.004343)[0.000002/0.007316/0.000003/0.054414/0.006761/0.010247/0.038965/0.051544/0.142583]:0.034648)[0.000003/0.003005/0.000002/0.032687/0.016551/0.017572/0.000002/0.000003/0.029399]:0.011025,(((NC_013254[0.001930/0.093724/0.075300/0.396006/0.335479/0.529901/0.394568/0.893796/0.787966]:0.389852,NC_036277[0.009043/0.175280/0.205532/0.586544/0.402539/0.646397/0.496912/0.913910/0.807211]:0.471485)[0.000520/0.025419/0.010804/0.000002/0.027421/0.070366/0.036472/0.161508/0.135970]:0.052054,NC_039657[0.006711/0.088481/0.139547/0.446396/0.405333/0.574301/0.302182/1.197275/0.954417]:0.457183)[0.000002/0.002585/0.002631/0.101711/0.004296/0.038456/0.024411/0.077852/0.001052]:0.028111,(NC_036269[0.001106/0.054718/0.043093/0.278527/0.135782/0.334920/0.207473/0.450072/0.437030]:0.215858,(NC_036274[0.001794/0.088513/0.043433/0.270253/0.222662/0.178706/0.236459/0.577404/0.469399]:0.232069,NC_036276[0.001546/0.041409/0.040567/0.258151/0.153423/0.291031/0.141451/0.573183/0.459895]:0.217851)[0.000003/0.001166/0.007768/0.131375/0.013376/0.014517/0.086775/0.000002/0.118311]:0.041477)[0.000001/0.010639/0.006838/0.064921/0.028923/0.010595/0.100926/0.121603/0.038088]:0.042504)[0.000003/0.018335/0.009593/0.000002/0.052865/0.051512/0.096187/0.070001/0.122729]:0.046803)[0.000002/0.029901/0.008970/0.000002/0.013971/0.026277/0.114812/0.109526/0.095399]:0.044318,((((NC_011326[0.000747/0.041862/0.052143/0.363865/0.139851/0.304663/0.202908/0.580800/0.515978]:0.244757,NC_018350[0.001686/0.056996/0.058010/0.307164/0.198685/0.312822/0.297324/0.566389/0.559593]:0.262074)[0.000262/0.001578/0.005818/0.012283/0.004253/0.006864/0.014266/0.000002/0.067535]:0.012540,NC_028203[0.031219/0.119393/0.106991/0.381296/0.281576/0.462537/0.529694/0.801091/0.749524]:0.384813)[0.000002/0.007343/0.000002/0.000002/0.016930/0.022882/0.046221/0.038437/0.089706]:0.024614,(NC_036104[0.002604/0.067324/0.056995/0.354072/0.170875/0.303279/0.256036/0.645566/0.582651]:0.271045,NC_036266[0.005058/0.172392/0.071097/0.369971/0.322294/0.356100/0.393929/0.754923/0.567769]:0.334837)[0.000269/0.021800/0.001778/0.000002/0.024499/0.027321/0.079936/0.018209/0.077311]:0.027903)[0.000002/0.003184/0.000002/0.044098/0.016302/0.000003/0.028848/0.061663/0.044687]:0.022088,(((NC_025243[0.003647/0.052553/0.096349/0.289904/0.188554/0.370238/0.245522/0.688182/0.575931]:0.278987,(NC_029515[0.003666/0.066449/0.126197/0.304568/0.232448/0.545005/0.394869/1.167859/0.675823]:0.390765,NC_038089[0.001640/0.049571/0.096398/0.320221/0.178536/0.455205/0.193758/0.775540/0.779739]:0.316734)[0.000002/0.001251/0.011378/0.024149/0.035682/0.006096/0.019958/0.012208/0.000003]:0.012303)[0.000003/0.000002/0.000271/0.291982/0.003503/0.168139/0.009871/0.168572/0.059173]:0.077946,NC_043883[0.001770/0.038577/0.027332/0.312148/0.215468/0.222704/0.345712/0.537653/0.588001]:0.254374)[0.000002/0.000003/0.001275/0.000002/0.000002/0.032480/0.043305/0.000002/0.000003]:0.008564,NC_038090[0.001075/0.060379/0.043171/0.353498/0.146295/0.238350/0.284659/0.505147/0.641831]:0.252712)[0.000002/0.006643/0.004668/0.016815/0.027507/0.027221/0.013478/0.077096/0.060564]:0.025999)[0.000003/0.000002/0.001140/0.000003/0.000002/0.006348/0.008674/0.031409/0.029914]:0.008610)[0.000002/0.001077/0.000002/0.030924/0.015078/0.000002/0.019684/0.000002/0.000002]:0.007419,((NC_018354[0.002220/0.065961/0.054919/0.339274/0.148616/0.255536/0.174613/0.371894/0.479464]:0.210277,NC_027577[0.009958/0.097972/0.096188/0.387805/0.230795/0.420237/0.308687/0.616355/0.547872]:0.301763)[0.001514/0.019810/0.014422/0.076693/0.051113/0.078503/0.037819/0.205499/0.053574]:0.059883,((((NC_022680[0.009695/0.078092/0.088870/0.248258/0.230753/0.381102/0.221948/0.424334/0.500178]:0.242581,NC_041669[0.011777/0.179808/0.148875/0.430502/0.258539/0.400363/0.353633/0.493341/0.740017]:0.335206)[0.000175/0.007665/0.000927/0.065682/0.023896/0.022461/0.004851/0.089902/0.000002]:0.023951,NC_034293[0.003128/0.082971/0.113491/0.337413/0.161658/0.385559/0.232501/0.492865/0.524657]:0.259360)[0.000188/0.005140/0.010664/0.057836/0.022488/0.016278/0.009672/0.031591/0.014615]:0.018719,NC_025945[0.002447/0.109953/0.079765/0.392765/0.233072/0.265366/0.234328/0.509940/0.535740]:0.262597)[0.000930/0.048873/0.026160/0.000002/0.050377/0.101222/0.064860/0.141393/0.105054]:0.059875,(NC_030764[0.009702/0.213983/0.152614/0.426866/0.345175/0.411768/0.520585/0.853954/0.715178]:0.405536,NC_036291[0.010043/0.222685/0.194756/0.392790/0.504912/0.657438/0.368169/0.948494/0.947772]:0.471895)[0.001045/0.006689/0.013965/0.056496/0.027893/0.046299/0.027406/0.085825/0.024024]:0.032183)[0.000481/0.000002/0.018655/0.022731/0.019678/0.015936/0.089127/0.040844/0.014008]:0.024607)[0.000951/0.074610/0.036822/0.104012/0.079881/0.083397/0.132391/0.181430/0.227950]:0.102383)[0.000261/0.012744/0.006001/0.000002/0.002909/0.012384/0.051312/0.027355/0.001037]:0.012667,(NC_027114[0.001035/0.054749/0.047371/0.329893/0.137531/0.177246/0.196429/0.405112/0.466304]:0.201741,NC_036108[0.002320/0.076222/0.075146/0.247203/0.188568/0.329120/0.247792/0.476245/0.449325]:0.232438)[0.002360/0.057613/0.023609/0.106195/0.087558/0.115743/0.182781/0.256168/0.162459]:0.110498)[0.000003/0.000002/0.000003/0.000002/0.008822/0.016326/0.009193/0.017290/0.000003]:0.005738,NC_035677[0.001757/0.071970/0.067683/0.376373/0.202938/0.321849/0.360148/0.657613/0.975148]:0.337275)[0.000003/0.018579/0.000002/0.000003/0.001496/0.049183/0.000002/0.074171/0.000003]:0.015938,(NC_042198[0.012146/0.291888/0.263011/0.568950/0.394343/0.827295/0.585501/1.651343/0.882929]:0.608601,NC_042828[0.013332/0.188435/0.254529/0.630441/0.368207/0.891953/0.440798/1.232605/0.935093]:0.550599)[0.000003/0.000907/0.006100/0.035263/0.033383/0.000002/0.124005/0.000002/0.000003]:0.022185);
Site proportion and rates:  (0.176948,0.066306) (0.106081,3.800866) (0.113864,8.493268) (0.070437,14.176706) (0.129128,7.734230) (0.145392,6.867248) (0.159097,6.272980) (0.075307,13.257901) (0.023747,42.048443)
Partition Noname
score: -649299.598758  old_score: -609497.504910
ERROR: ratefree.cpp:539: double RateFree::optimizeWithEM(): Assertion `score > old_score-0.1' failed.
ERROR: STACK TRACE FOR DEBUGGING:
ERROR: 
ERROR: *** IQ-TREE CRASHES WITH SIGNAL ABORTED
ERROR: *** For bug report please send to developers:
ERROR: ***    Log file: TransGhostBaseFreqLinked.log
ERROR: ***    Alignment files (if possible)
