IQ-TREE multicore version 1.6.10 for Linux 64-bit built Feb 19 2019
Developed by Bui Quang Minh, Nguyen Lam Tung, Olga Chernomor,
Heiko Schmidt, Dominik Schrempf, Michael Woodhams.

Host:    hpc-crick (AVX, 251 GB RAM)
Command: iqtree -s TransSM.fasta -pre TransGhostBothLinkedBNNI -m MFP+H4 -bb 1000 -bnni
Seed:    522347 (Using SPRNG - Scalable Parallel Random Number Generator)
Time:    Fri Sep 11 04:39:00 2020
Kernel:  AVX - 1 threads (40 CPU cores detected)

HINT: Use -nt option to specify number of threads because your CPU has 40 cores!
HINT: -nt AUTO will automatically determine the best number of threads to use.

Reading alignment file TransSM.fasta ... Fasta format detected
Alignment most likely contains DNA/RNA sequences
Alignment has 94 sequences with 11913 columns, 8960 distinct patterns
8118 parsimony-informative, 928 singleton sites, 2867 constant sites
           Gap/Ambiguity  Composition  p-value
   1  NC_003372    6.72%    failed      0.18%
   2  NC_003970    6.91%    failed      0.00%
   3  NC_009964    6.49%    failed      0.00%
   4  NC_010964    6.78%    failed      0.00%
   5  NC_011320    6.34%    passed     12.50%
   6  NC_011322    6.33%    failed      0.00%
   7  NC_011324    6.98%    failed      0.00%
   8  NC_011326    6.60%    passed     92.84%
   9  NC_011328    6.46%    failed      0.00%
  10  NC_011329    5.91%    failed      0.00%
  11  NC_012139    5.82%    failed      0.00%
  12  NC_012144    5.73%    failed      0.00%
  13  NC_012765    6.28%    failed      0.00%
  14  NC_013249    6.24%    failed      0.29%
  15  NC_013254    7.08%    failed      0.00%
  16  NC_013576    7.43%    failed      0.00%
  17  NC_013580    6.43%    failed      0.00%
  18  NC_013582    7.03%    failed      0.00%
  19  NC_016469    5.76%    failed      0.00%
  20  NC_018349    6.65%    failed      1.72%
  21  NC_018350    6.84%    failed      4.49%
  22  NC_018352    6.66%    passed     42.42%
  23  NC_018353    8.34%    failed      0.00%
  24  NC_018354    6.49%    failed      0.00%
  25  NC_022680    6.35%    passed     18.55%
  26  NC_023246    6.56%    failed      0.00%
  27  NC_024271    6.78%    failed      0.00%
  28  NC_024633    6.66%    failed      0.00%
  29  NC_025243    6.75%    failed      0.00%
  30  NC_025332    6.74%    failed      0.00%
  31  NC_025945    6.48%    failed      0.00%
  32  NC_027114    6.66%    failed      0.00%
  33  NC_027176    6.61%    failed      0.00%
  34  NC_027256    7.19%    failed      0.00%
  35  NC_027577    6.61%    failed      0.69%
  36  NC_027580    6.72%    failed      0.00%
  37  NC_028203    6.70%    failed      0.02%
  38  NC_028541    6.78%    failed      0.00%
  39  NC_028601    7.18%    passed     16.52%
  40  NC_028603    8.09%    failed      0.00%
  41  NC_028605    7.44%    failed      0.00%
  42  NC_028606    7.65%    failed      0.00%
  43  NC_028607    7.87%    passed     62.63%
  44  NC_028609    7.14%    passed     37.49%
  45  NC_028611    6.77%    failed      0.00%
  46  NC_028612    7.67%    passed     32.81%
  47  NC_028613    7.78%    failed      0.15%
  48  NC_029515    6.58%    failed      0.00%
  49  NC_030060    6.68%    passed     82.21%
  50  NC_030592    5.59%    failed      0.00%
  51  NC_030593    5.69%    failed      0.00%
  52  NC_030758    6.46%    failed      0.00%
  53  NC_030764    6.61%    passed      8.30%
  54  NC_030778    6.58%    failed      0.00%
  55  NC_033340    6.62%    failed      0.00%
  56  NC_034293    6.35%    failed      0.00%
  57  NC_035677    7.16%    passed     17.41%
  58  NC_035714    6.09%    failed      1.62%
  59  NC_036104    6.71%    failed      0.15%
  60  NC_036108    6.66%    failed      0.76%
  61  NC_036261    7.31%    failed      0.00%
  62  NC_036265    7.32%    failed      0.00%
  63  NC_036266    7.65%    failed      0.00%
  64  NC_036267    7.47%    failed      0.02%
  65  NC_036269    7.61%    failed      0.00%
  66  NC_036270    7.77%    failed      0.00%
  67  NC_036271    7.11%    failed      0.00%
  68  NC_036273    7.42%    failed      0.00%
  69  NC_036274    7.67%    failed      0.00%
  70  NC_036275    7.34%    failed      0.00%
  71  NC_036276    7.62%    failed      0.00%
  72  NC_036277    8.30%    failed      0.00%
  73  NC_036278    7.26%    failed      0.00%
  74  NC_036279    6.96%    passed     20.86%
  75  NC_036291    7.71%    failed      0.00%
  76  NC_036678    7.19%    failed      0.00%
  77  NC_037196    6.61%    failed      0.00%
  78  NC_037200    7.19%    failed      0.00%
  79  NC_037749    6.22%    passed     29.39%
  80  NC_038089    6.46%    failed      0.00%
  81  NC_038090    6.46%    failed      0.00%
  82  NC_038115    6.48%    passed     80.20%
  83  NC_038197    7.77%    failed      0.00%
  84  NC_039657    6.60%    failed      0.00%
  85  NC_039689    7.35%    failed      0.00%
  86  NC_041172    7.28%    failed      0.00%
  87  NC_041669    6.51%    passed     49.66%
  88  NC_042198    7.50%    passed     38.97%
  89  NC_042417    7.25%    failed      0.00%
  90  NC_042614    6.35%    failed      0.00%
  91  NC_042820    7.39%    failed      0.01%
  92  NC_042828    6.96%    failed      0.00%
  93  NC_042922    6.56%    passed     18.74%
  94  NC_043883    6.64%    failed      0.00%
****  TOTAL        6.88%  77 sequences failed composition chi2 test (p-value<5%; df=3)


Create initial parsimony tree by phylogenetic likelihood library (PLL)... 0.250 seconds
NOTE: ModelFinder requires 307 MB RAM!
ModelFinder will test 484 DNA models (sample size: 11913) ...
 No. Model         -LnL         df  AIC          AICc         BIC
  1  JC            708540.513   185 1417451.026  1417456.895  1418817.323
  2  JC+I          667611.508   186 1335595.017  1335600.949  1336968.698
  3  JC+G4         630442.604   186 1261257.207  1261263.140  1262630.889
  4  JC+I+G4       628693.009   187 1257760.017  1257766.014  1259141.084
  5  JC+R2         639487.000   187 1279348.000  1279353.997  1280729.067
  6  JC+R3         630257.797   189 1260893.595  1260899.721  1262289.433
  7  JC+R4         628162.740   191 1256707.481  1256713.738  1258118.089
  8  JC+R5         627517.257   193 1255420.514  1255426.904  1256845.893
  9  JC+R6         627419.123   195 1255228.246  1255234.770  1256668.396
 10  JC+R7         627403.229   197 1255200.459  1255207.118  1256655.380
 11  JC+R8         627402.680   199 1255203.361  1255210.157  1256673.052
 14  JC+H2         638402.070   371 1277546.140  1277570.057  1280286.118
 15  JC+H3         628638.554   557 1258391.107  1258445.851  1262504.767
 16  JC+H4         626176.398   743 1253838.795  1253937.782  1259326.137
 17  JC+H5         625292.505   929 1252443.010  1252600.339  1259304.033
 18  JC+H6         624256.097   1115 1250742.194  1250972.692  1258976.899
 19  JC+H7         623729.981   1301 1250061.962  1250381.235  1259670.349
 23  F81+F         697155.016   188 1394686.031  1394692.093  1396074.484
 24  F81+F+I       653042.008   189 1306462.015  1306468.141  1307857.853
 25  F81+F+G4      610502.183   189 1221382.365  1221388.492  1222778.203
 26  F81+F+I+G4    608419.074   190 1217218.149  1217224.341  1218621.372
 27  F81+F+R2      621006.640   190 1242393.280  1242399.471  1243796.503
 28  F81+F+R3      610931.168   192 1222246.335  1222252.659  1223664.329
 29  F81+F+R4      608147.430   194 1216682.859  1216689.316  1218115.624
 30  F81+F+R5      607366.305   196 1215124.610  1215131.201  1216572.145
 31  F81+F+R6      607239.728   198 1214875.455  1214882.183  1216337.762
 32  F81+F+R7      607212.527   200 1214825.054  1214831.918  1216302.131
 33  F81+F+R8      607210.554   202 1214825.109  1214832.112  1216316.957
 36  F81+F+H2      619982.212   374 1240712.424  1240736.735  1243474.559
 37  F81+F+H3      609388.428   560 1219896.857  1219952.206  1224032.673
 38  F81+F+H4      606261.526   746 1214015.052  1214114.866  1219524.550
 39  F81+F+H5      605253.017   932 1212370.034  1212528.423  1219253.213
 40  F81+F+H6      604290.626   1118 1210817.252  1211049.056  1219074.113
 41  F81+F+H7      603387.972   1304 1209383.944  1209704.781  1219014.487
 42  F81+F+H8      603001.827   1490 1208983.654  1209409.981  1219987.878
 45  K2P           708203.364   186 1416778.728  1416784.661  1418152.410
 46  K2P+I         667280.436   187 1334934.871  1334940.868  1336315.938
 47  K2P+G4        629993.947   187 1260361.894  1260367.891  1261742.961
 48  K2P+I+G4      628194.282   188 1256764.564  1256770.626  1258153.017
 49  K2P+R2        639124.716   188 1278625.432  1278631.494  1280013.885
 50  K2P+R3        629838.622   190 1260057.244  1260063.436  1261460.467
 51  K2P+R4        627689.277   192 1255762.553  1255768.877  1257180.547
 52  K2P+R5        627025.428   194 1254438.857  1254445.313  1255871.621
 53  K2P+R6        626922.843   196 1254237.686  1254244.278  1255685.222
 54  K2P+R7        626905.175   198 1254206.349  1254213.077  1255668.656
 55  K2P+R8        626904.829   200 1254209.657  1254216.522  1255686.734
 58  K2P+H2        638043.891   372 1276831.783  1276855.830  1279579.146
 59  K2P+H3        628233.346   558 1257582.692  1257637.637  1261703.737
 60  K2P+H4        625725.180   744 1252938.360  1253037.622  1258433.086
 61  K2P+H5        624828.346   930 1251516.693  1251674.374  1258385.101
 62  K2P+H6        623815.004   1116 1249862.007  1250092.939  1258104.097
 63  K2P+H7        623291.317   1302 1249186.635  1249506.429  1258802.407
 67  HKY+F         693669.588   189 1387717.176  1387723.303  1389113.014
 68  HKY+F+I       648393.989   190 1297167.977  1297174.169  1298571.201
 69  HKY+F+G4      602120.541   190 1204621.082  1204627.274  1206024.305
 70  HKY+F+I+G4    599852.902   191 1200087.803  1200094.061  1201498.412
 71  HKY+F+R2      614475.635   191 1229333.271  1229339.528  1230743.879
 72  HKY+F+R3      603653.190   193 1207692.381  1207698.771  1209117.760
 73  HKY+F+R4      599926.793   195 1200243.587  1200250.111  1201683.737
 74  HKY+F+R5      599031.456   197 1198456.912  1198463.571  1199911.833
 75  HKY+F+R6      598802.399   199 1198002.797  1198009.593  1199472.489
 76  HKY+F+R7      598698.783   201 1197799.566  1197806.500  1199284.028
 77  HKY+F+R8      598692.631   203 1197791.263  1197798.336  1199290.496
 80  HKY+F+H2      613475.600   375 1227701.200  1227725.643  1230470.719
 81  HKY+F+H3      602285.068   561 1205692.136  1205747.688  1209835.337
 82  HKY+F+H4      598338.683   747 1198171.366  1198271.456  1203688.249
 83  HKY+F+H5      597121.686   933 1196109.372  1196268.116  1202999.937
 84  HKY+F+H6      596232.633   1119 1194703.267  1194935.506  1202967.513
 85  HKY+F+H7      595539.359   1305 1193688.718  1194010.078  1203326.647
 89  TNe           707948.666   187 1416271.331  1416277.328  1417652.398
 90  TNe+I         666834.260   188 1334044.520  1334050.581  1335432.972
 91  TNe+G4        628958.247   188 1258292.494  1258298.556  1259680.947
 92  TNe+I+G4      627083.878   189 1254545.756  1254551.883  1255941.594
 93  TNe+R2        638342.711   189 1277063.422  1277069.548  1278459.259
 94  TNe+R3        628851.044   191 1258084.089  1258090.346  1259494.697
 95  TNe+R4        626603.826   193 1253593.652  1253600.042  1255019.031
 96  TNe+R5        625942.091   195 1252274.181  1252280.705  1253714.332
 97  TNe+R6        625818.745   197 1252031.490  1252038.149  1253486.411
 98  TNe+R7        625791.827   199 1251981.654  1251988.450  1253451.346
 99  TNe+R8        625791.798   201 1251985.597  1251992.531  1253470.059
102  TNe+H2        637282.388   373 1275310.776  1275334.955  1278065.525
103  TNe+H3        627298.854   559 1255715.708  1255770.855  1259844.139
104  TNe+H4        624692.575   745 1250875.151  1250974.689  1256377.263
105  TNe+H5        623795.525   931 1249453.050  1249611.085  1256328.844
106  TNe+H6        622784.566   1117 1247803.132  1248034.499  1256052.607
107  TNe+H7        622270.943   1303 1247147.886  1247468.201  1256771.044
111  TN+F          693590.202   190 1387560.403  1387566.595  1388963.626
112  TN+F+I        648241.836   191 1296865.673  1296871.930  1298276.281
113  TN+F+G4       601512.198   191 1203406.397  1203412.654  1204817.006
114  TN+F+I+G4     599436.682   192 1199257.363  1199263.687  1200675.357
115  TN+F+R2       614269.482   192 1228922.965  1228929.288  1230340.959
116  TN+F+R3       603303.731   194 1206995.462  1207001.919  1208428.227
117  TN+F+R4       599496.179   196 1199384.359  1199390.950  1200831.894
118  TN+F+R5       598629.916   198 1197655.832  1197662.560  1199118.139
119  TN+F+R6       598348.507   200 1197097.014  1197103.879  1198574.091
120  TN+F+R7       598241.680   202 1196887.360  1196894.364  1198379.208
121  TN+F+R8       598240.653   204 1196889.305  1196896.449  1198395.924
124  TN+F+H2       613275.926   376 1227303.853  1227328.428  1230080.758
125  TN+F+H3       602018.247   562 1205160.493  1205216.248  1209311.080
126  TN+F+H4       597928.683   748 1197353.366  1197453.733  1202877.634
127  TN+F+H5       596770.112   934 1195408.225  1195567.323  1202306.175
128  TN+F+H6       595892.251   1120 1194024.501  1194257.177  1202296.133
129  TN+F+H7       595150.122   1306 1192912.244  1193234.126  1202557.558
133  K3P           691370.336   187 1383114.673  1383120.670  1384495.740
134  K3P+I         649518.145   188 1299412.290  1299418.351  1300800.742
135  K3P+G4        610146.226   188 1220668.452  1220674.513  1222056.905
136  K3P+I+G4      608149.393   189 1216676.786  1216682.913  1218072.624
137  K3P+R2        620072.572   189 1240523.143  1240529.269  1241918.981
138  K3P+R3        610199.453   191 1220780.907  1220787.164  1222191.515
139  K3P+R4        607724.534   193 1215835.069  1215841.458  1217260.448
140  K3P+R5        606998.905   195 1214387.810  1214394.334  1215827.960
141  K3P+R6        606843.720   197 1214081.440  1214088.100  1215536.361
142  K3P+R7        606760.673   199 1213919.346  1213926.142  1215389.038
143  K3P+R8        606760.453   201 1213922.906  1213929.840  1215407.368
146  K3P+H2        619037.236   373 1238820.473  1238844.652  1241575.221
147  K3P+H3        608689.491   559 1218496.982  1218552.129  1222625.413
148  K3P+H4        605844.439   745 1213178.879  1213278.417  1218680.991
149  K3P+H5        604882.450   931 1211626.900  1211784.935  1218502.694
150  K3P+H6        603924.236   1117 1210082.471  1210313.839  1218331.947
151  K3P+H7        603304.796   1303 1209215.593  1209535.908  1218838.750
155  K3Pu+F        688766.607   190 1377913.214  1377919.406  1379316.437
156  K3Pu+F+I      644596.953   191 1289575.905  1289582.163  1290986.514
157  K3Pu+F+G4     600050.309   191 1200482.618  1200488.876  1201893.227
158  K3Pu+F+I+G4   597686.866   192 1195757.732  1195764.056  1197175.726
159  K3Pu+F+R2     611788.259   192 1223960.518  1223966.842  1225378.512
160  K3Pu+F+R3     601062.114   194 1202512.228  1202518.685  1203944.993
161  K3Pu+F+R4     597704.202   196 1195800.404  1195806.995  1197247.939
162  K3Pu+F+R5     596820.656   198 1194037.313  1194044.040  1195499.619
163  K3Pu+F+R6     596607.917   200 1193615.834  1193622.699  1195092.911
164  K3Pu+F+R7     596549.888   202 1193503.777  1193510.780  1194995.625
165  K3Pu+F+R8     596549.567   204 1193507.135  1193514.278  1195013.753
168  K3Pu+F+H2     610820.441   376 1222392.883  1222417.458  1225169.787
169  K3Pu+F+H3     599721.698   562 1200567.397  1200623.151  1204717.983
170  K3Pu+F+H4     596127.164   748 1193750.328  1193850.695  1199274.596
171  K3Pu+F+H5     594848.006   934 1191564.012  1191723.110  1198461.962
172  K3Pu+F+H6     593897.591   1120 1190035.182  1190267.859  1198306.814
173  K3Pu+F+H7     593288.706   1306 1189189.411  1189511.293  1198834.725
177  TPM2+F        687577.759   190 1375535.517  1375541.709  1376938.740
178  TPM2+F+I      644539.886   191 1289461.772  1289468.030  1290872.381
179  TPM2+F+G4     601526.184   191 1203434.369  1203440.626  1204844.978
180  TPM2+F+I+G4   599172.252   192 1198728.504  1198734.827  1200146.498
181  TPM2+F+R2     612789.016   192 1225962.032  1225968.356  1227380.026
182  TPM2+F+R3     602471.131   194 1205330.262  1205336.719  1206763.027
183  TPM2+F+R4     599129.585   196 1198651.169  1198657.761  1200098.705
184  TPM2+F+R5     598294.542   198 1196985.084  1196991.812  1198447.391
185  TPM2+F+R6     598077.564   200 1196555.127  1196561.992  1198032.205
186  TPM2+F+R7     598014.390   202 1196432.781  1196439.784  1197924.628
187  TPM2+F+R8     598014.312   204 1196436.624  1196443.768  1197943.243
190  TPM2+F+H2     611825.347   376 1224402.693  1224427.269  1227179.598
191  TPM2+F+H3     601083.103   562 1203290.206  1203345.960  1207440.792
192  TPM2+F+H4     597546.560   748 1196589.121  1196689.488  1202113.389
193  TPM2+F+H5     596391.952   934 1194651.903  1194811.002  1201549.854
194  TPM2+F+H6     595472.197   1120 1193184.393  1193417.069  1201456.025
195  TPM2+F+H7     594839.025   1306 1192290.050  1192611.932  1201935.364
199  TPM2u+F       687577.697   190 1375535.395  1375541.586  1376938.618
200  TPM2u+F+I     644539.886   191 1289461.772  1289468.029  1290872.381
201  TPM2u+F+G4    601526.185   191 1203434.370  1203440.627  1204844.978
202  TPM2u+F+I+G4  599172.252   192 1198728.504  1198734.828  1200146.498
203  TPM2u+F+R2    612789.016   192 1225962.033  1225968.356  1227380.027
204  TPM2u+F+R3    602471.134   194 1205330.268  1205336.725  1206763.033
205  TPM2u+F+R4    599129.594   196 1198651.188  1198657.779  1200098.724
206  TPM2u+F+R5    598294.339   198 1196984.677  1196991.404  1198446.983
207  TPM2u+F+R6    598077.225   200 1196554.450  1196561.315  1198031.527
208  TPM2u+F+R7    598013.916   202 1196431.833  1196438.836  1197923.680
209  TPM2u+F+R8    598013.863   204 1196435.725  1196442.869  1197942.344
212  TPM2u+F+H2    611825.346   376 1224402.692  1224427.267  1227179.596
213  TPM2u+F+H3    601083.104   562 1203290.209  1203345.963  1207440.795
214  TPM2u+F+H4    597546.559   748 1196589.117  1196689.485  1202113.385
215  TPM2u+F+H5    596391.951   934 1194651.902  1194811.001  1201549.852
216  TPM2u+F+H6    595472.199   1120 1193184.397  1193417.073  1201456.029
217  TPM2u+F+H7    594839.026   1306 1192290.051  1192611.934  1201935.365
221  TPM3+F        692748.905   190 1385877.810  1385884.002  1387281.033
222  TPM3+F+I      647740.134   191 1295862.267  1295868.525  1297272.876
223  TPM3+F+G4     601986.674   191 1204355.348  1204361.606  1205765.957
224  TPM3+F+I+G4   599642.867   192 1199669.734  1199676.057  1201087.728
225  TPM3+F+R2     614132.174   192 1228648.347  1228654.671  1230066.341
226  TPM3+F+R3     603306.963   194 1207001.925  1207008.382  1208434.690
227  TPM3+F+R4     599728.060   196 1199848.120  1199854.711  1201295.656
228  TPM3+F+R5     598812.377   198 1198020.754  1198027.482  1199483.061
229  TPM3+F+R6     598591.457   200 1197582.914  1197589.779  1199059.991
230  TPM3+F+R7     598502.041   202 1197408.081  1197415.085  1198899.929
231  TPM3+F+R8     598501.988   204 1197411.976  1197419.120  1198918.595
234  TPM3+F+H2     613132.491   376 1227016.983  1227041.558  1229793.888
235  TPM3+F+H3     601906.735   562 1204937.469  1204993.224  1209088.056
236  TPM3+F+H4     598139.481   748 1197774.962  1197875.330  1203299.231
237  TPM3+F+H5     596895.940   934 1195659.879  1195818.978  1202557.829
238  TPM3+F+H6     595967.810   1120 1194175.620  1194408.296  1202447.252
239  TPM3+F+H7     595336.140   1306 1193284.280  1193606.162  1202929.594
243  TPM3u+F       692748.905   190 1385877.810  1385884.002  1387281.033
244  TPM3u+F+I     647740.177   191 1295862.354  1295868.611  1297272.963
245  TPM3u+F+G4    601986.638   191 1204355.276  1204361.534  1205765.885
246  TPM3u+F+I+G4  599642.865   192 1199669.730  1199676.054  1201087.724
247  TPM3u+F+R2    614132.169   192 1228648.339  1228654.662  1230066.333
248  TPM3u+F+R3    603306.967   194 1207001.935  1207008.392  1208434.700
249  TPM3u+F+R4    599728.069   196 1199848.139  1199854.730  1201295.674
250  TPM3u+F+R5    598812.092   198 1198020.183  1198026.911  1199482.490
251  TPM3u+F+R6    598591.212   200 1197582.424  1197589.289  1199059.501
252  TPM3u+F+R7    598501.482   202 1197406.964  1197413.968  1198898.812
253  TPM3u+F+R8    598501.465   204 1197410.931  1197418.075  1198917.549
256  TPM3u+F+H2    613132.491   376 1227016.982  1227041.557  1229793.887
257  TPM3u+F+H3    601906.733   562 1204937.466  1204993.221  1209088.053
258  TPM3u+F+H4    598139.479   748 1197774.958  1197875.325  1203299.226
259  TPM3u+F+H5    596895.937   934 1195659.874  1195818.972  1202557.824
260  TPM3u+F+H6    595967.811   1120 1194175.622  1194408.298  1202447.254
261  TPM3u+F+H7    595336.139   1306 1193284.278  1193606.161  1202929.592
265  TIMe          691116.595   188 1382609.190  1382615.252  1383997.643
266  TIMe+I        649071.335   189 1298520.670  1298526.796  1299916.507
267  TIMe+G4       609064.936   189 1218507.871  1218513.998  1219903.709
268  TIMe+I+G4     606994.341   190 1214368.682  1214374.874  1215771.906
269  TIMe+R2       619256.883   190 1238893.766  1238899.958  1240296.989
270  TIMe+R3       609169.027   192 1218722.054  1218728.377  1220140.048
271  TIMe+R4       606596.335   194 1213580.671  1213587.128  1215013.436
272  TIMe+R5       605880.284   196 1212152.567  1212159.159  1213600.103
273  TIMe+R6       605708.599   198 1211813.199  1211819.926  1213275.505
274  TIMe+R7       605594.310   200 1211588.619  1211595.484  1213065.696
275  TIMe+R8       605594.296   202 1211592.592  1211599.596  1213084.440
278  TIMe+H2       618244.991   374 1237237.983  1237262.293  1240000.117
279  TIMe+H3       607716.574   560 1216553.148  1216608.497  1220688.964
280  TIMe+H4       604759.880   746 1211011.760  1211111.574  1216521.258
281  TIMe+H5       603819.449   932 1209502.898  1209661.287  1216386.077
282  TIMe+H6       602817.907   1118 1207871.814  1208103.617  1216128.675
283  TIMe+H7       602248.924   1304 1207105.849  1207426.686  1216736.392
287  TIM+F         688680.145   191 1377742.291  1377748.548  1379152.900
288  TIM+F+I       644426.387   192 1289236.774  1289243.097  1290654.768
289  TIM+F+G4      599392.644   192 1199169.288  1199175.612  1200587.282
290  TIM+F+I+G4    597186.654   193 1194759.308  1194765.698  1196184.687
291  TIM+F+R2      611523.034   193 1223432.067  1223438.457  1224857.446
292  TIM+F+R3      600679.449   195 1201748.897  1201755.421  1203189.048
293  TIM+F+R4      597198.131   197 1194790.262  1194796.921  1196245.183
294  TIM+F+R5      596371.206   199 1193140.412  1193147.207  1194610.103
295  TIM+F+R6      596107.456   201 1192616.912  1192623.846  1194101.375
296  TIM+F+R7      596038.806   203 1192483.613  1192490.686  1193982.846
297  TIM+F+R8      596038.659   205 1192487.318  1192494.533  1194001.322
300  TIM+F+H2      610565.263   377 1221884.526  1221909.235  1224668.816
301  TIM+F+H3      599404.759   563 1199935.518  1199991.475  1204093.490
302  TIM+F+H4      595637.108   749 1192772.216  1192872.861  1198303.870
303  TIM+F+H5      594402.251   935 1190674.501  1190833.954  1197579.837
304  TIM+F+H6      593504.532   1121 1189251.065  1189484.178  1197530.082
305  TIM+F+H7      592810.379   1307 1188234.758  1188557.164  1197887.457
309  TIM2e         690613.289   188 1381602.579  1381608.640  1382991.031
310  TIM2e+I       653135.586   189 1306649.172  1306655.299  1308045.010
311  TIM2e+G4      618001.074   189 1236380.148  1236386.275  1237775.986
312  TIM2e+I+G4    616259.247   190 1232898.494  1232904.686  1234301.717
313  TIM2e+R2      626854.067   190 1254088.134  1254094.326  1255491.357
314  TIM2e+R3      617927.930   192 1236239.859  1236246.183  1237657.853
315  TIM2e+R4      615849.894   194 1232087.788  1232094.245  1233520.553
316  TIM2e+R5      615158.296   196 1230708.591  1230715.183  1232156.127
317  TIM2e+R6      615016.660   198 1230429.320  1230436.047  1231891.626
318  TIM2e+R7      614931.367   200 1230262.733  1230269.598  1231739.810
319  TIM2e+R8      614931.246   202 1230266.492  1230273.495  1231758.340
322  TIM2e+H2      625901.687   374 1252551.375  1252575.686  1255313.509
323  TIM2e+H3      616449.497   560 1234018.994  1234074.342  1238154.810
324  TIM2e+H4      614064.302   746 1229620.603  1229720.417  1235130.101
325  TIM2e+H5      613228.137   932 1228320.273  1228478.662  1235203.453
331  TIM2+F        687558.281   191 1375498.561  1375504.819  1376909.170
332  TIM2+F+I      644453.290   192 1289290.580  1289296.903  1290708.574
333  TIM2+F+G4     600804.271   192 1201992.543  1201998.866  1203410.537
334  TIM2+F+I+G4   598656.385   193 1197698.770  1197705.160  1199124.150
335  TIM2+F+R2     612580.200   193 1225546.400  1225552.790  1226971.780
336  TIM2+F+R3     602113.756   195 1204617.512  1204624.036  1206057.662
337  TIM2+F+R4     598636.192   197 1197666.385  1197673.044  1199121.306
338  TIM2+F+R5     597835.255   199 1196068.509  1196075.305  1197538.201
339  TIM2+F+R6     597557.728   201 1195517.456  1195524.390  1197001.918
340  TIM2+F+R7     597471.834   203 1195349.668  1195356.741  1196848.901
341  TIM2+F+R8     597471.686   205 1195353.371  1195360.586  1196867.375
344  TIM2+F+H2     611621.573   377 1223997.147  1224021.855  1226781.437
345  TIM2+F+H3     600815.341   563 1202756.682  1202812.640  1206914.654
346  TIM2+F+H4     597086.859   749 1195671.719  1195772.364  1201203.373
347  TIM2+F+H5     595976.953   935 1193823.907  1193983.360  1200729.242
348  TIM2+F+H6     595079.090   1121 1192400.181  1192633.294  1200679.198
349  TIM2+F+H7     594360.592   1307 1191335.185  1191657.591  1200987.884
353  TIM3e         700341.678   188 1401059.356  1401065.417  1402447.808
354  TIM3e+I       660183.903   189 1320745.806  1320751.932  1322141.644
355  TIM3e+G4      620772.122   189 1241922.243  1241928.370  1243318.081
356  TIM3e+I+G4    618788.344   190 1237956.688  1237962.880  1239359.911
357  TIM3e+R2      631288.983   190 1262957.966  1262964.157  1264361.189
358  TIM3e+R3      621166.525   192 1242717.051  1242723.374  1244135.045
359  TIM3e+R4      618513.458   194 1237414.916  1237421.373  1238847.681
360  TIM3e+R5      617841.440   196 1236074.879  1236081.471  1237522.415
361  TIM3e+R6      617563.038   198 1235522.076  1235528.804  1236984.383
362  TIM3e+R7      617489.691   200 1235379.383  1235386.248  1236856.460
363  TIM3e+R8      617489.669   202 1235383.338  1235390.342  1236875.186
366  TIM3e+H2      630328.002   374 1261404.003  1261428.314  1264166.137
367  TIM3e+H3      619768.831   560 1240657.663  1240713.012  1244793.479
368  TIM3e+H4      616833.740   746 1235159.480  1235259.294  1240668.978
369  TIM3e+H5      615971.236   932 1233806.471  1233964.861  1240689.651
375  TIM3+F        692648.623   191 1385679.245  1385685.503  1387089.854
376  TIM3+F+I      647563.235   192 1295510.470  1295516.793  1296928.464
377  TIM3+F+G4     601439.769   192 1203263.538  1203269.861  1204681.532
378  TIM3+F+I+G4   599273.936   193 1198933.872  1198940.262  1200359.251
379  TIM3+F+R2     613912.902   193 1228211.803  1228218.193  1229637.183
380  TIM3+F+R3     603020.517   195 1206431.033  1206437.557  1207871.184
381  TIM3+F+R4     599334.448   197 1199062.895  1199069.555  1200517.816
382  TIM3+F+R5     598467.882   199 1197333.765  1197340.561  1198803.456
383  TIM3+F+R6     598207.507   201 1196817.015  1196823.949  1198301.477
384  TIM3+F+R7     598110.120   203 1196626.240  1196633.313  1198125.473
385  TIM3+F+R8     598110.012   205 1196630.023  1196637.238  1198144.027
388  TIM3+F+H2     612920.015   377 1226594.030  1226618.738  1229378.320
389  TIM3+F+H3     601679.189   563 1204484.377  1204540.335  1208642.349
390  TIM3+F+H4     597766.037   749 1197030.074  1197130.719  1202561.728
391  TIM3+F+H5     596574.916   935 1195019.831  1195179.285  1201925.167
392  TIM3+F+H6     595662.849   1121 1193567.698  1193800.811  1201846.715
393  TIM3+F+H7     594961.161   1307 1192536.322  1192858.728  1202189.021
397  TVMe          680116.290   189 1360610.580  1360616.706  1362006.418
398  TVMe+I        642426.413   190 1285232.826  1285239.018  1286636.049
399  TVMe+G4       605797.191   190 1211974.381  1211980.573  1213377.604
400  TVMe+I+G4     603936.649   191 1208255.297  1208261.555  1209665.906
401  TVMe+R2       615276.996   191 1230935.992  1230942.250  1232346.601
402  TVMe+R3       605921.109   193 1212228.217  1212234.607  1213653.596
403  TVMe+R4       603600.973   195 1207591.946  1207598.470  1209032.096
404  TVMe+R5       602877.585   197 1206149.170  1206155.829  1207604.091
405  TVMe+R6       602645.596   199 1205689.191  1205695.987  1207158.883
406  TVMe+R7       602560.832   201 1205523.664  1205530.598  1207008.126
407  TVMe+R8       602560.715   203 1205527.429  1205534.503  1207026.662
410  TVMe+H2       614362.326   375 1229474.651  1229499.094  1232244.171
411  TVMe+H3       604516.166   561 1210154.332  1210209.883  1214297.533
412  TVMe+H4       601901.972   747 1205297.944  1205398.035  1210814.827
413  TVMe+H5       601002.112   933 1203870.223  1204028.967  1210760.788
414  TVMe+H6       599969.959   1119 1202177.918  1202410.158  1210442.165
415  TVMe+H7       599407.388   1305 1201424.777  1201746.136  1211062.705
419  TVM+F         686154.059   192 1372692.119  1372698.442  1374110.113
420  TVM+F+I       643269.246   193 1286924.493  1286930.883  1288349.872
421  TVM+F+G4      599962.475   193 1200310.949  1200317.339  1201736.328
422  TVM+F+I+G4    597611.643   194 1195611.285  1195617.742  1197044.050
423  TVM+F+R2      611441.586   194 1223271.172  1223277.629  1224703.937
424  TVM+F+R3      600902.899   196 1202197.798  1202204.389  1203645.333
425  TVM+F+R4      597602.393   198 1195600.787  1195607.514  1197063.093
426  TVM+F+R5      596741.232   200 1193882.464  1193889.329  1195359.541
427  TVM+F+R6      596523.534   202 1193451.068  1193458.071  1194942.916
428  TVM+F+R7      596466.415   204 1193340.831  1193347.975  1194847.450
429  TVM+F+R8      596466.077   206 1193344.155  1193351.440  1194865.544
432  TVM+F+H2      610487.083   378 1221730.165  1221755.007  1224521.841
433  TVM+F+H3      599556.608   564 1200241.217  1200297.378  1204406.574
434  TVM+F+H4      596033.804   750 1193567.607  1193668.530  1199106.646
435  TVM+F+H5      594771.372   936 1191414.744  1191574.553  1198327.465
436  TVM+F+H6      593837.517   1122 1189919.035  1190152.585  1198205.437
437  TVM+F+H7      593228.898   1308 1189073.796  1189396.726  1198733.880
441  SYM           679956.739   190 1360293.478  1360299.669  1361696.701
442  SYM+I         642071.644   191 1284525.288  1284531.545  1285935.896
443  SYM+G4        604783.425   191 1209948.849  1209955.107  1211359.458
444  SYM+I+G4      602891.331   192 1206166.662  1206172.986  1207584.657
445  SYM+R2        614484.405   192 1229352.809  1229359.133  1230770.803
446  SYM+R3        604986.371   194 1210360.741  1210367.198  1211793.506
447  SYM+R4        602550.486   196 1205492.972  1205499.563  1206940.508
448  SYM+R5        601865.583   198 1204127.167  1204133.894  1205589.473
449  SYM+R6        601580.383   200 1203560.766  1203567.631  1205037.843
450  SYM+R7        601480.488   202 1203364.975  1203371.979  1204856.823
451  SYM+R8        601480.303   204 1203368.605  1203375.749  1204875.224
454  SYM+H2        613611.117   376 1227974.235  1227998.810  1230751.140
455  SYM+H3        603627.923   562 1208379.846  1208435.600  1212530.432
456  SYM+H4        600901.913   748 1203299.825  1203400.193  1208824.093
457  SYM+H5        600032.084   934 1201932.168  1202091.266  1208830.118
463  GTR+F         686123.908   193 1372633.817  1372640.207  1374059.196
464  GTR+F+I       643165.583   194 1286719.165  1286725.622  1288151.930
465  GTR+F+G4      599281.278   194 1198950.557  1198957.013  1200383.322
466  GTR+F+I+G4    597113.961   195 1194617.921  1194624.445  1196058.071
467  GTR+F+R2      611217.828   195 1222825.655  1222832.179  1224265.805
468  GTR+F+R3      600561.865   197 1201517.731  1201524.390  1202972.652
469  GTR+F+R4      597110.141   199 1194618.282  1194625.078  1196087.973
470  GTR+F+R5      596299.651   201 1193001.303  1193008.237  1194485.765
471  GTR+F+R6      596025.902   203 1192457.803  1192464.877  1193957.036
472  GTR+F+R7      595951.445   205 1192312.889  1192320.104  1193826.893
473  GTR+F+R8      595951.286   207 1192316.573  1192323.929  1193845.347
476  GTR+F+H2      610270.875   379 1221299.750  1221324.726  1224098.812
477  GTR+F+H3      599280.692   565 1199691.385  1199747.750  1203864.127
478  GTR+F+H4      595558.596   751 1192619.192  1192720.393  1198165.616
479  GTR+F+H5      594340.387   937 1190554.774  1190714.939  1197474.880
480  GTR+F+H6      593455.498   1123 1189156.996  1189390.984  1197450.784
481  GTR+F+H7      592761.136   1309 1188140.272  1188463.726  1197807.742
Akaike Information Criterion:           GTR+F+H7
Corrected Akaike Information Criterion: GTR+F+H7
Bayesian Information Criterion:         GTR+F+R7
Best-fit model: GTR+F+R7 chosen according to BIC

All model information printed to TransGhostBothLinkedBNNI.model.gz
CPU time for ModelFinder: 19200.200 seconds (5h:20m:0s)
Wall-clock time for ModelFinder: 19287.355 seconds (5h:21m:27s)
Generating 1000 samples for ultrafast bootstrap (seed: 522347)...

NOTE: 225 MB RAM (0 GB) is required!
Estimate model parameters (epsilon = 0.100)
Initial LogL: -607359.675, Site proportion and rates:  (0.289,0.015) (0.122,0.197) (0.084,0.506) (0.087,0.816) (0.123,1.251) (0.158,1.845) (0.136,3.025)
relative_treelen: 0.368 4.904 12.583 20.317 31.141 45.907 75.289
1. Initial log-likelihood: -609226.311
WARN: at EM step 1 new_tree_lh -609248.609 worse than tree_lh -609226.311
WARN: at EM step 1 new_tree_lh -609301.921 worse than tree_lh -609248.609
WARN: at EM step 1 new_tree_lh -609322.133 worse than tree_lh -609284.215
WARN: at EM step 1 new_tree_lh -609332.099 worse than tree_lh -609317.511
WARN: at EM step 1 new_tree_lh -609349.623 worse than tree_lh -609323.519
WARN: at EM step 1 new_tree_lh -609376.446 worse than tree_lh -609349.623
WARN: at EM step 1 new_tree_lh -609398.219 worse than tree_lh -609373.772
WARN: at EM step 1 new_tree_lh -609430.514 worse than tree_lh -609398.219
WARN: at EM step 1 new_tree_lh -609457.155 worse than tree_lh -609410.772
WARN: at EM step 1 new_tree_lh -609506.834 worse than tree_lh -609457.155
WARN: at EM step 1 new_tree_lh -609509.448 worse than tree_lh -609506.834
WARN: at EM step 1 new_tree_lh -609536.209 worse than tree_lh -609500.190
WARN: at EM step 1 new_tree_lh -609587.394 worse than tree_lh -609536.209
WARN: at EM step 1 new_tree_lh -609609.380 worse than tree_lh -609564.810
WARN: at EM step 1 new_tree_lh -609669.127 worse than tree_lh -609609.380
WARN: at EM step 1 new_tree_lh -609671.977 worse than tree_lh -609669.127
WARN: at EM step 1 new_tree_lh -609670.577 worse than tree_lh -609656.907
WARN: at EM step 1 new_tree_lh -609706.415 worse than tree_lh -609670.577
WARN: at EM step 1 new_tree_lh -609749.824 worse than tree_lh -609706.415
WARN: at EM step 1 new_tree_lh -609805.556 worse than tree_lh -609736.622
WARN: at EM step 1 new_tree_lh -609816.953 worse than tree_lh -609805.556
WARN: at EM step 1 new_tree_lh -609860.479 worse than tree_lh -609816.953
WARN: at EM step 1 new_tree_lh -609901.925 worse than tree_lh -609860.479
WARN: at EM step 1 new_tree_lh -609867.850 worse than tree_lh -609852.153
WARN: at EM step 1 new_tree_lh -609869.685 worse than tree_lh -609867.850
WARN: at EM step 1 new_tree_lh -609894.295 worse than tree_lh -609869.685
WARN: at EM step 1 new_tree_lh -609900.204 worse than tree_lh -609894.295
WARN: at EM step 1 new_tree_lh -609920.434 worse than tree_lh -609897.300
WARN: at EM step 1 new_tree_lh -609951.800 worse than tree_lh -609918.814
WARN: at EM step 1 new_tree_lh -609974.541 worse than tree_lh -609951.800
WARN: at EM step 1 new_tree_lh -610002.752 worse than tree_lh -609964.510
WARN: at EM step 1 new_tree_lh -610034.963 worse than tree_lh -610002.752
WARN: at EM step 1 new_tree_lh -610021.363 worse than tree_lh -610009.306
WARN: at EM step 1 new_tree_lh -610038.596 worse than tree_lh -610021.363
WARN: at EM step 1 new_tree_lh -610034.976 worse than tree_lh -610015.451
WARN: at EM step 1 new_tree_lh -610058.305 worse than tree_lh -610034.976
WARN: at EM step 1 new_tree_lh -610037.583 worse than tree_lh -610033.749
WARN: at EM step 1 new_tree_lh -610077.720 worse than tree_lh -610037.583
WARN: at EM step 1 new_tree_lh -610008.227 worse than tree_lh -609966.866
WARN: at EM step 1 new_tree_lh -610040.572 worse than tree_lh -610000.080
WARN: at EM step 1 new_tree_lh -610117.428 worse than tree_lh -610040.572
WARN: at EM step 1 new_tree_lh -610126.498 worse than tree_lh -610110.452
WARN: at EM step 1 new_tree_lh -610172.662 worse than tree_lh -610119.430
WARN: at EM step 1 new_tree_lh -610217.089 worse than tree_lh -610172.662
WARN: at EM step 1 new_tree_lh -610235.278 worse than tree_lh -610207.638
WARN: at EM step 1 new_tree_lh -610230.246 worse than tree_lh -610221.204
WARN: at EM step 1 new_tree_lh -610244.981 worse than tree_lh -610217.916
WARN: at EM step 1 new_tree_lh -610266.550 worse than tree_lh -610244.981
WARN: at EM step 1 new_tree_lh -610228.553 worse than tree_lh -610219.142
WARN: at EM step 1 new_tree_lh -610236.033 worse than tree_lh -610206.190
WARN: at EM step 1 new_tree_lh -610252.678 worse than tree_lh -610228.859
WARN: at EM step 1 new_tree_lh -610282.181 worse than tree_lh -610252.678
WARN: at EM step 1 new_tree_lh -610298.285 worse than tree_lh -610246.342
WARN: at EM step 1 new_tree_lh -610352.863 worse than tree_lh -610297.258
WARN: at EM step 1 new_tree_lh -610392.167 worse than tree_lh -610352.863
WARN: at EM step 1 new_tree_lh -610428.809 worse than tree_lh -610383.034
WARN: at EM step 1 new_tree_lh -610430.419 worse than tree_lh -610418.861
WARN: at EM step 1 new_tree_lh -610473.723 worse than tree_lh -610417.878
WARN: at EM step 1 new_tree_lh -610506.294 worse than tree_lh -610451.361
WARN: at EM step 1 new_tree_lh -610530.065 worse than tree_lh -610483.057
WARN: at EM step 1 new_tree_lh -610554.491 worse than tree_lh -610530.065
WARN: at EM step 1 new_tree_lh -610524.024 worse than tree_lh -610520.981
WARN: at EM step 1 new_tree_lh -610526.181 worse than tree_lh -610524.024
WARN: at EM step 1 new_tree_lh -610524.450 worse than tree_lh -610516.746
WARN: at EM step 1 new_tree_lh -610489.162 worse than tree_lh -610485.319
WARN: at EM step 1 new_tree_lh -610452.425 worse than tree_lh -610412.349
WARN: at EM step 1 new_tree_lh -610465.940 worse than tree_lh -610435.197
WARN: at EM step 1 new_tree_lh -610405.344 worse than tree_lh -610399.954
WARN: at EM step 1 new_tree_lh -610409.811 worse than tree_lh -610394.103
WARN: at EM step 1 new_tree_lh -610458.735 worse than tree_lh -610409.811
WARN: at EM step 1 new_tree_lh -610486.787 worse than tree_lh -610444.822
WARN: at EM step 1 new_tree_lh -610531.620 worse than tree_lh -610486.787
WARN: at EM step 1 new_tree_lh -610548.860 worse than tree_lh -610527.653
WARN: at EM step 1 new_tree_lh -610565.315 worse than tree_lh -610541.763
WARN: at EM step 1 new_tree_lh -610601.455 worse than tree_lh -610558.346
WARN: at EM step 1 new_tree_lh -610651.794 worse than tree_lh -610601.455
WARN: at EM step 1 new_tree_lh -610634.012 worse than tree_lh -610623.008
WARN: at EM step 1 new_tree_lh -610644.817 worse than tree_lh -610593.948
WARN: at EM step 1 new_tree_lh -610663.661 worse than tree_lh -610623.688
WARN: at EM step 1 new_tree_lh -610486.395 worse than tree_lh -610483.649
ERROR: Numerical underflow (lh-derivative-mixlen). Run again with the safe likelihood kernel via `-safe` option
