IQ-TREE multicore version 1.6.10 for Linux 64-bit built Feb 19 2019
Developed by Bui Quang Minh, Nguyen Lam Tung, Olga Chernomor,
Heiko Schmidt, Dominik Schrempf, Michael Woodhams.

Host:    hpc-crick (AVX, 251 GB RAM)
Command: iqtree -s TransSM.fasta -pre TransGhostBaseFreqLinkedBNNI -m MFP*H4 -bb 1000 -bnni
Seed:    849863 (Using SPRNG - Scalable Parallel Random Number Generator)
Time:    Thu Sep 10 17:11:30 2020
Kernel:  AVX - 1 threads (40 CPU cores detected)

HINT: Use -nt option to specify number of threads because your CPU has 40 cores!
HINT: -nt AUTO will automatically determine the best number of threads to use.

Reading alignment file TransSM.fasta ... Fasta format detected
Alignment most likely contains DNA/RNA sequences
Alignment has 94 sequences with 11913 columns, 8960 distinct patterns
8118 parsimony-informative, 928 singleton sites, 2867 constant sites
           Gap/Ambiguity  Composition  p-value
   1  NC_003372    6.72%    failed      0.18%
   2  NC_003970    6.91%    failed      0.00%
   3  NC_009964    6.49%    failed      0.00%
   4  NC_010964    6.78%    failed      0.00%
   5  NC_011320    6.34%    passed     12.50%
   6  NC_011322    6.33%    failed      0.00%
   7  NC_011324    6.98%    failed      0.00%
   8  NC_011326    6.60%    passed     92.84%
   9  NC_011328    6.46%    failed      0.00%
  10  NC_011329    5.91%    failed      0.00%
  11  NC_012139    5.82%    failed      0.00%
  12  NC_012144    5.73%    failed      0.00%
  13  NC_012765    6.28%    failed      0.00%
  14  NC_013249    6.24%    failed      0.29%
  15  NC_013254    7.08%    failed      0.00%
  16  NC_013576    7.43%    failed      0.00%
  17  NC_013580    6.43%    failed      0.00%
  18  NC_013582    7.03%    failed      0.00%
  19  NC_016469    5.76%    failed      0.00%
  20  NC_018349    6.65%    failed      1.72%
  21  NC_018350    6.84%    failed      4.49%
  22  NC_018352    6.66%    passed     42.42%
  23  NC_018353    8.34%    failed      0.00%
  24  NC_018354    6.49%    failed      0.00%
  25  NC_022680    6.35%    passed     18.55%
  26  NC_023246    6.56%    failed      0.00%
  27  NC_024271    6.78%    failed      0.00%
  28  NC_024633    6.66%    failed      0.00%
  29  NC_025243    6.75%    failed      0.00%
  30  NC_025332    6.74%    failed      0.00%
  31  NC_025945    6.48%    failed      0.00%
  32  NC_027114    6.66%    failed      0.00%
  33  NC_027176    6.61%    failed      0.00%
  34  NC_027256    7.19%    failed      0.00%
  35  NC_027577    6.61%    failed      0.69%
  36  NC_027580    6.72%    failed      0.00%
  37  NC_028203    6.70%    failed      0.02%
  38  NC_028541    6.78%    failed      0.00%
  39  NC_028601    7.18%    passed     16.52%
  40  NC_028603    8.09%    failed      0.00%
  41  NC_028605    7.44%    failed      0.00%
  42  NC_028606    7.65%    failed      0.00%
  43  NC_028607    7.87%    passed     62.63%
  44  NC_028609    7.14%    passed     37.49%
  45  NC_028611    6.77%    failed      0.00%
  46  NC_028612    7.67%    passed     32.81%
  47  NC_028613    7.78%    failed      0.15%
  48  NC_029515    6.58%    failed      0.00%
  49  NC_030060    6.68%    passed     82.21%
  50  NC_030592    5.59%    failed      0.00%
  51  NC_030593    5.69%    failed      0.00%
  52  NC_030758    6.46%    failed      0.00%
  53  NC_030764    6.61%    passed      8.30%
  54  NC_030778    6.58%    failed      0.00%
  55  NC_033340    6.62%    failed      0.00%
  56  NC_034293    6.35%    failed      0.00%
  57  NC_035677    7.16%    passed     17.41%
  58  NC_035714    6.09%    failed      1.62%
  59  NC_036104    6.71%    failed      0.15%
  60  NC_036108    6.66%    failed      0.76%
  61  NC_036261    7.31%    failed      0.00%
  62  NC_036265    7.32%    failed      0.00%
  63  NC_036266    7.65%    failed      0.00%
  64  NC_036267    7.47%    failed      0.02%
  65  NC_036269    7.61%    failed      0.00%
  66  NC_036270    7.77%    failed      0.00%
  67  NC_036271    7.11%    failed      0.00%
  68  NC_036273    7.42%    failed      0.00%
  69  NC_036274    7.67%    failed      0.00%
  70  NC_036275    7.34%    failed      0.00%
  71  NC_036276    7.62%    failed      0.00%
  72  NC_036277    8.30%    failed      0.00%
  73  NC_036278    7.26%    failed      0.00%
  74  NC_036279    6.96%    passed     20.86%
  75  NC_036291    7.71%    failed      0.00%
  76  NC_036678    7.19%    failed      0.00%
  77  NC_037196    6.61%    failed      0.00%
  78  NC_037200    7.19%    failed      0.00%
  79  NC_037749    6.22%    passed     29.39%
  80  NC_038089    6.46%    failed      0.00%
  81  NC_038090    6.46%    failed      0.00%
  82  NC_038115    6.48%    passed     80.20%
  83  NC_038197    7.77%    failed      0.00%
  84  NC_039657    6.60%    failed      0.00%
  85  NC_039689    7.35%    failed      0.00%
  86  NC_041172    7.28%    failed      0.00%
  87  NC_041669    6.51%    passed     49.66%
  88  NC_042198    7.50%    passed     38.97%
  89  NC_042417    7.25%    failed      0.00%
  90  NC_042614    6.35%    failed      0.00%
  91  NC_042820    7.39%    failed      0.01%
  92  NC_042828    6.96%    failed      0.00%
  93  NC_042922    6.56%    passed     18.74%
  94  NC_043883    6.64%    failed      0.00%
****  TOTAL        6.88%  77 sequences failed composition chi2 test (p-value<5%; df=3)


Create initial parsimony tree by phylogenetic likelihood library (PLL)... 0.141 seconds
NOTE: ModelFinder requires 307 MB RAM!
ModelFinder will test 484 DNA models (sample size: 11913) ...
 No. Model         -LnL         df  AIC          AICc         BIC
  1  JC            708204.532   185 1416779.064  1416784.932  1418145.360
  2  JC+I          667305.495   186 1334982.991  1334988.923  1336356.673
  3  JC+G4         630069.386   186 1260510.772  1260516.704  1261884.453
  4  JC+I+G4       628291.535   187 1256957.069  1256963.066  1258338.137
  5  JC+R2         639130.875   187 1278635.750  1278641.746  1280016.817
  6  JC+R3         629887.601   189 1260153.202  1260159.328  1261549.040
  7  JC+R4         627776.783   191 1255935.567  1255941.824  1257346.176
  8  JC+R5         627136.005   193 1254658.010  1254664.400  1256083.389
  9  JC+R6         627037.372   195 1254464.743  1254471.267  1255904.894
 10  JC+R7         627020.115   197 1254434.231  1254440.890  1255889.152
 11  JC+R8         627018.817   199 1254435.633  1254442.429  1255905.325
 14  JC*H2         638067.114   371 1276876.229  1276900.145  1279616.207
 15  JC*H3         628310.639   557 1257735.279  1257790.022  1261848.939
 16  JC*H4         625820.176   743 1253126.351  1253225.338  1258613.693
 17  JC*H5         624939.914   929 1251737.827  1251895.156  1258598.850
 18  JC*H6         623926.318   1115 1250082.636  1250313.134  1258317.341
 19  JC*H7         623432.090   1301 1249466.180  1249785.453  1259074.566
 23  F81+F         696596.286   188 1393568.572  1393574.634  1394957.025
 24  F81+F+I       652563.164   189 1305504.329  1305510.455  1306900.166
 25  F81+F+G4      610090.620   189 1220559.239  1220565.366  1221955.077
 26  F81+F+I+G4    607987.943   190 1216355.887  1216362.078  1217759.110
 27  F81+F+R2      620566.188   190 1241512.377  1241518.569  1242915.600
 28  F81+F+R3      610503.049   192 1221390.098  1221396.421  1222808.092
 29  F81+F+R4      607715.111   194 1215818.221  1215824.678  1217250.986
 30  F81+F+R5      606937.790   196 1214267.580  1214274.171  1215715.115
 31  F81+F+R6      606815.369   198 1214026.737  1214033.465  1215489.044
 32  F81+F+R7      606793.138   200 1213986.275  1213993.140  1215463.352
 33  F81+F+R8      606790.007   202 1213984.014  1213991.017  1215475.862
 36  F81*H2        619541.378   374 1239830.756  1239855.067  1242592.890
 37  F81*H3        608997.438   560 1219114.876  1219170.225  1223250.692
 38  F81*H4        605826.280   746 1213144.560  1213244.374  1218654.057
 39  F81*H5        604844.714   932 1211553.427  1211711.816  1218436.606
 40  F81*H6        603835.764   1118 1209907.528  1210139.331  1218164.389
 41  F81*H7        603087.125   1304 1208782.251  1209103.088  1218412.794
 45  K2P           707869.978   186 1416111.955  1416117.888  1417485.637
 46  K2P+I         666976.106   187 1334326.212  1334332.209  1335707.279
 47  K2P+G4        629615.220   187 1259604.441  1259610.438  1260985.508
 48  K2P+I+G4      627786.846   188 1255949.692  1255955.753  1257338.144
 49  K2P+R2        638768.117   188 1277912.235  1277918.296  1279300.687
 50  K2P+R3        629464.099   190 1259308.198  1259314.390  1260711.422
 51  K2P+R4        627298.351   192 1254980.702  1254987.026  1256398.696
 52  K2P+R5        626639.670   194 1253667.340  1253673.796  1255100.104
 53  K2P+R6        626535.020   196 1253462.039  1253468.630  1254909.575
 54  K2P+R7        626514.831   198 1253425.662  1253432.389  1254887.968
 55  K2P+R8        626514.164   200 1253428.327  1253435.192  1254905.404
 58  K80*H2        636951.629   373 1274649.258  1274673.437  1277404.007
 59  K80*H3        612474.492   560 1226068.984  1226124.333  1230204.800
 60  K80*H4        604661.458   747 1210816.916  1210917.007  1216333.799
 61  K80*H5        601139.036   934 1204146.072  1204305.170  1211044.022
 62  K80*H6        596712.923   1121 1195667.846  1195900.959  1203946.863
 63  K80*H7        595324.671   1308 1193265.341  1193588.271  1202925.426
 64  K80*H8        594225.511   1495 1191441.023  1191870.421  1202482.174
 65  K80*H9        593364.522   1682 1190093.044  1190646.477  1202515.263
 67  HKY+F         693139.783   189 1386657.567  1386663.693  1388053.404
 68  HKY+F+I       647957.879   190 1296295.758  1296301.950  1297698.981
 69  HKY+F+G4      601722.830   190 1203825.661  1203831.853  1205228.884
 70  HKY+F+I+G4    599448.121   191 1199278.241  1199284.499  1200688.850
 71  HKY+F+R2      614071.564   191 1228525.128  1228531.386  1229935.737
 72  HKY+F+R3      603248.838   193 1206883.676  1206890.065  1208309.055
 73  HKY+F+R4      599525.574   195 1199441.149  1199447.673  1200881.299
 74  HKY+F+R5      598633.354   197 1197660.707  1197667.367  1199115.628
 75  HKY+F+R6      598403.938   199 1197205.875  1197212.671  1198675.567
 76  HKY+F+R7      598307.239   201 1197016.478  1197023.412  1198500.941
 77  HKY+F+R8      598297.604   203 1197001.208  1197008.281  1198500.441
 78  HKY+F+R9      598291.598   205 1196993.195  1197000.410  1198507.199
 80  HKY*H2        613059.754   376 1226871.508  1226896.084  1229648.413
 81  HKY*H3        591685.397   563 1184496.794  1184552.752  1188654.766
 82  HKY*H4        584272.721   750 1170045.442  1170146.365  1175584.481
 83  HKY*H5        581451.506   937 1164777.011  1164937.176  1171697.117
 84  HKY*H6        577084.312   1124 1156416.624  1156651.051  1164717.797
 85  HKY*H7        575448.555   1311 1153519.109  1153843.613  1163201.350
 86  HKY*H8        573840.316   1498 1150676.632  1151107.879  1161739.940
 87  HKY*H9        573022.850   1685 1149415.699  1149971.270  1161860.074
 89  TNe           707619.389   187 1415612.779  1415618.776  1416993.846
 90  TNe+I         666535.850   188 1333447.700  1333453.761  1334836.152
 91  TNe+G4        628567.911   188 1257511.821  1257517.883  1258900.274
 92  TNe+I+G4      626677.657   189 1253733.315  1253739.441  1255129.153
 93  TNe+R2        637991.855   189 1276361.711  1276367.837  1277757.549
 94  TNe+R3        628486.493   191 1257354.987  1257361.244  1258765.595
 95  TNe+R4        626222.197   193 1252830.394  1252836.784  1254255.774
 96  TNe+R5        625565.058   195 1251520.116  1251526.640  1252960.267
 97  TNe+R6        625431.052   197 1251256.104  1251262.763  1252711.025
 98  TNe+R7        625407.012   199 1251212.024  1251218.820  1252681.716
 99  TNe+R8        625406.683   201 1251215.366  1251222.300  1252699.829
102  TNe*H2        636100.654   375 1272951.308  1272975.751  1275720.828
103  TNe*H3        612131.715   563 1225389.430  1225445.387  1229547.402
104  TNe*H4        604366.991   751 1210235.982  1210337.183  1215782.406
105  TNe*H5        600851.765   939 1203581.529  1203742.408  1210516.406
106  TNe*H6        596559.224   1127 1195372.448  1195608.194  1203695.778
107  TNe*H7        595190.953   1315 1193011.905  1193338.515  1202723.687
WARNING: ABNORMAL_TERMINATION_IN_LNSRCH
108  TNe*H8        594107.959   1503 1191221.918  1191656.256  1202322.153
WARNING: ABNORMAL_TERMINATION_IN_LNSRCH
109  TNe*H9        593202.088   1691 1189786.176  1190346.038  1202274.863
110  TNe*H10       592121.079   1879 1188000.159  1188704.339  1201877.298
111  TN+F          693064.270   190 1386508.539  1386514.731  1387911.762
112  TN+F+I        647814.215   191 1296010.431  1296016.688  1297421.039
113  TN+F+G4       601132.205   191 1202646.409  1202652.667  1204057.018
114  TN+F+I+G4     599040.922   192 1198465.844  1198472.167  1199883.838
115  TN+F+R2       613881.744   192 1228147.489  1228153.812  1229565.483
116  TN+F+R3       602888.370   194 1206164.740  1206171.196  1207597.504
117  TN+F+R4       599109.445   196 1198610.890  1198617.482  1200058.426
118  TN+F+R5       598249.279   198 1196894.559  1196901.286  1198356.865
119  TN+F+R6       597955.094   200 1196310.187  1196317.052  1197787.264
120  TN+F+R7       597862.452   202 1196128.905  1196135.908  1197620.752
121  TN+F+R8       597848.664   204 1196105.329  1196112.473  1197611.947
122  TN+F+R9       597848.470   206 1196108.939  1196116.225  1197630.329
124  TN*H2         612703.300   378 1226162.599  1226187.441  1228954.275
125  TN*H3         591451.847   566 1184035.695  1184092.265  1188215.823
126  TN*H4         584030.476   754 1169568.952  1169670.990  1175137.533
127  TN*H5         579474.964   942 1160833.928  1160995.880  1167790.961
128  TN*H6         577033.890   1130 1156327.781  1156564.848  1164673.266
129  TN*H7         575414.409   1318 1153464.818  1153793.011  1163198.756
130  TN*H8         573810.809   1506 1150633.618  1151069.817  1161756.008
131  TN*H9         572997.837   1694 1149383.674  1149945.688  1161894.517
133  K3P           691003.694   187 1382381.389  1382387.386  1383762.456
134  K3P+I         649178.036   188 1298732.073  1298738.134  1300120.525
135  K3P+G4        609689.043   188 1219754.085  1219760.147  1221142.538
136  K3P+I+G4      607676.478   189 1215730.955  1215737.082  1217126.793
137  K3P+R2        619660.428   189 1239698.855  1239704.981  1241094.693
138  K3P+R3        609764.918   191 1219911.835  1219918.093  1221322.444
139  K3P+R4        607266.436   193 1214918.871  1214925.261  1216344.251
140  K3P+R5        606544.824   195 1213479.649  1213486.173  1214919.799
141  K3P+R6        606374.828   197 1213143.655  1213150.314  1214598.576
142  K3P+R7        606302.345   199 1213002.691  1213009.487  1214472.382
143  K3P+R8        606300.621   201 1213003.243  1213010.177  1214487.705
146  K81*H2        617222.989   375 1235195.978  1235220.421  1237965.497
147  K81*H3        595033.623   563 1191193.245  1191249.203  1195351.218
WARNING: ABNORMAL_TERMINATION_IN_LNSRCH
WARNING: ABNORMAL_TERMINATION_IN_LNSRCH
148  K81*H4        586501.906   751 1174505.811  1174607.012  1180052.236
WARNING: ABNORMAL_TERMINATION_IN_LNSRCH
WARNING: ABNORMAL_TERMINATION_IN_LNSRCH
WARNING: ABNORMAL_TERMINATION_IN_LNSRCH
WARNING: ABNORMAL_TERMINATION_IN_LNSRCH
149  K81*H5        581651.163   939 1165180.326  1165341.205  1172115.203
WARNING: ABNORMAL_TERMINATION_IN_LNSRCH
WARNING: ABNORMAL_TERMINATION_IN_LNSRCH
WARNING: ABNORMAL_TERMINATION_IN_LNSRCH
WARNING: ABNORMAL_TERMINATION_IN_LNSRCH
WARNING: ABNORMAL_TERMINATION_IN_LNSRCH
WARNING: ABNORMAL_TERMINATION_IN_LNSRCH
150  K81*H6        578702.110   1127 1159658.221  1159893.966  1167981.550
WARNING: ABNORMAL_TERMINATION_IN_LNSRCH
WARNING: ABNORMAL_TERMINATION_IN_LNSRCH
WARNING: ABNORMAL_TERMINATION_IN_LNSRCH
WARNING: ABNORMAL_TERMINATION_IN_LNSRCH
WARNING: ABNORMAL_TERMINATION_IN_LNSRCH
WARNING: ABNORMAL_TERMINATION_IN_LNSRCH
WARNING: ABNORMAL_TERMINATION_IN_LNSRCH
WARNING: ABNORMAL_TERMINATION_IN_LNSRCH
WARNING: ABNORMAL_TERMINATION_IN_LNSRCH
WARNING: ABNORMAL_TERMINATION_IN_LNSRCH
WARNING: ABNORMAL_TERMINATION_IN_LNSRCH
WARNING: ABNORMAL_TERMINATION_IN_LNSRCH
WARNING: ABNORMAL_TERMINATION_IN_LNSRCH
WARNING: ABNORMAL_TERMINATION_IN_LNSRCH
151  K81*H7        576446.878   1315 1155523.756  1155850.365  1165235.538
WARNING: ABNORMAL_TERMINATION_IN_LNSRCH
WARNING: ABNORMAL_TERMINATION_IN_LNSRCH
WARNING: ABNORMAL_TERMINATION_IN_LNSRCH
WARNING: ABNORMAL_TERMINATION_IN_LNSRCH
WARNING: ABNORMAL_TERMINATION_IN_LNSRCH
WARNING: ABNORMAL_TERMINATION_IN_LNSRCH
WARNING: ABNORMAL_TERMINATION_IN_LNSRCH
WARNING: ABNORMAL_TERMINATION_IN_LNSRCH
WARNING: ABNORMAL_TERMINATION_IN_LNSRCH
152  K81*H8        574910.751   1503 1152827.502  1153261.840  1163927.737
WARNING: ABNORMAL_TERMINATION_IN_LNSRCH
WARNING: ABNORMAL_TERMINATION_IN_LNSRCH
WARNING: ABNORMAL_TERMINATION_IN_LNSRCH
153  K81*H9        573414.725   1691 1150211.451  1150771.312  1162700.138
WARNING: ABNORMAL_TERMINATION_IN_LNSRCH
WARNING: ABNORMAL_TERMINATION_IN_LNSRCH
WARNING: ABNORMAL_TERMINATION_IN_LNSRCH
154  K81*H10       572410.046   1879 1148578.092  1149282.272  1162455.231
155  K3Pu+F        688197.609   190 1376775.218  1376781.409  1378178.441
156  K3Pu+F+I      644118.014   191 1288618.029  1288624.286  1290028.637
157  K3Pu+F+G4     599600.958   191 1199583.915  1199590.173  1200994.524
158  K3Pu+F+I+G4   597231.422   192 1194846.845  1194853.168  1196264.839
159  K3Pu+F+R2     611363.708   192 1223111.416  1223117.740  1224529.410
160  K3Pu+F+R3     600618.183   194 1201624.367  1201630.824  1203057.132
161  K3Pu+F+R4     597254.419   196 1194900.837  1194907.429  1196348.373
162  K3Pu+F+R5     596381.195   198 1193158.391  1193165.118  1194620.697
163  K3Pu+F+R6     596168.295   200 1192736.591  1192743.455  1194213.668
164  K3Pu+F+R7     596116.768   202 1192637.537  1192644.540  1194129.385
165  K3Pu+F+R8     596100.784   204 1192609.568  1192616.711  1194116.186
166  K3Pu+F+R9     596100.588   206 1192613.176  1192620.462  1194134.566
168  K81u*H2       610310.211   378 1221376.423  1221401.265  1224168.099
169  K81u*H3       590098.964   566 1181329.928  1181386.498  1185510.056
170  K81u*H4       583296.749   754 1168101.499  1168203.537  1173670.079
171  K81u*H5       578111.892   942 1158107.784  1158269.736  1165064.817
WARNING: ABNORMAL_TERMINATION_IN_LNSRCH
172  K81u*H6       575363.614   1130 1152987.228  1153224.296  1161332.714
WARNING: ABNORMAL_TERMINATION_IN_LNSRCH
WARNING: ABNORMAL_TERMINATION_IN_LNSRCH
WARNING: ABNORMAL_TERMINATION_IN_LNSRCH
WARNING: ABNORMAL_TERMINATION_IN_LNSRCH
173  K81u*H7       573231.063   1318 1149098.126  1149426.320  1158832.064
WARNING: ABNORMAL_TERMINATION_IN_LNSRCH
WARNING: ABNORMAL_TERMINATION_IN_LNSRCH
WARNING: ABNORMAL_TERMINATION_IN_LNSRCH
174  K81u*H8       571454.112   1506 1145920.225  1146356.424  1157042.616
WARNING: ABNORMAL_TERMINATION_IN_LNSRCH
175  K81u*H9       570303.881   1694 1143995.761  1144557.775  1156506.604
WARNING: ABNORMAL_TERMINATION_IN_LNSRCH
WARNING: ABNORMAL_TERMINATION_IN_LNSRCH
WARNING: ABNORMAL_TERMINATION_IN_LNSRCH
WARNING: ABNORMAL_TERMINATION_IN_LNSRCH
WARNING: ABNORMAL_TERMINATION_IN_LNSRCH
WARNING: ABNORMAL_TERMINATION_IN_LNSRCH
WARNING: ABNORMAL_TERMINATION_IN_LNSRCH
WARNING: ABNORMAL_TERMINATION_IN_LNSRCH
WARNING: ABNORMAL_TERMINATION_IN_LNSRCH
176  K81u*H10      568554.526   1882 1140873.051  1141579.693  1154772.347
177  TPM2+F        687106.187   190 1374592.374  1374598.566  1375995.597
178  TPM2+F+I      644140.897   191 1288663.795  1288670.052  1290074.404
179  TPM2+F+G4     601138.034   191 1202658.068  1202664.325  1204068.676
180  TPM2+F+I+G4   598759.184   192 1197902.368  1197908.692  1199320.362
181  TPM2+F+R2     612432.274   192 1225248.549  1225254.873  1226666.543
182  TPM2+F+R3     602069.647   194 1204527.295  1204533.751  1205960.059
183  TPM2+F+R4     598736.764   196 1197865.527  1197872.119  1199313.063
184  TPM2+F+R5     597895.546   198 1196187.092  1196193.819  1197649.398
185  TPM2+F+R6     597683.526   200 1195767.051  1195773.916  1197244.128
186  TPM2+F+R7     597620.972   202 1195645.944  1195652.948  1197137.792
187  TPM2+F+R8     597605.311   204 1195618.621  1195625.765  1197125.240
188  TPM2+F+R9     597605.177   206 1195622.354  1195629.639  1197143.743
190  TPM2*H2       610882.345   378 1222520.689  1222545.531  1225312.365
191  TPM2*H3       590541.024   566 1182214.047  1182270.618  1186394.176
192  TPM2*H4       583065.227   754 1167638.455  1167740.493  1173207.035
193  TPM2*H5       578748.594   942 1159381.189  1159543.140  1166338.222
194  TPM2*H6       576190.803   1130 1154641.606  1154878.673  1162987.092
195  TPM2*H7       574418.904   1318 1151473.807  1151802.001  1161207.745
196  TPM2*H8       572603.354   1506 1148218.707  1148654.906  1159341.098
WARNING: ABNORMAL_TERMINATION_IN_LNSRCH
197  TPM2*H9       571043.777   1694 1145475.553  1146037.567  1157986.396
WARNING: ABNORMAL_TERMINATION_IN_LNSRCH
WARNING: ABNORMAL_TERMINATION_IN_LNSRCH
WARNING: ABNORMAL_TERMINATION_IN_LNSRCH
WARNING: ABNORMAL_TERMINATION_IN_LNSRCH
WARNING: ABNORMAL_TERMINATION_IN_LNSRCH
WARNING: ABNORMAL_TERMINATION_IN_LNSRCH
WARNING: ABNORMAL_TERMINATION_IN_LNSRCH
WARNING: ABNORMAL_TERMINATION_IN_LNSRCH
WARNING: ABNORMAL_TERMINATION_IN_LNSRCH
198  TPM2*H10      570087.049   1882 1143938.097  1144644.739  1157837.393
199  TPM2u+F       687106.184   190 1374592.368  1374598.560  1375995.591
200  TPM2u+F+I     644140.896   191 1288663.792  1288670.049  1290074.400
201  TPM2u+F+G4    601138.035   191 1202658.069  1202664.327  1204068.678
202  TPM2u+F+I+G4  598759.173   192 1197902.345  1197908.669  1199320.339
203  TPM2u+F+R2    612432.274   192 1225248.547  1225254.871  1226666.541
204  TPM2u+F+R3    602069.667   194 1204527.334  1204533.791  1205960.099
205  TPM2u+F+R4    598736.763   196 1197865.527  1197872.118  1199313.062
206  TPM2u+F+R5    597895.512   198 1196187.023  1196193.751  1197649.330
207  TPM2u+F+R6    597683.079   200 1195766.159  1195773.024  1197243.236
208  TPM2u+F+R7    597620.495   202 1195644.989  1195651.993  1197136.837
209  TPM2u+F+R8    597605.187   204 1195618.374  1195625.518  1197124.993
210  TPM2u+F+R9    597605.092   206 1195622.185  1195629.470  1197143.574
212  TPM2u*H2      610882.344   378 1222520.688  1222545.530  1225312.364
213  TPM2u*H3      590541.016   566 1182214.033  1182270.603  1186394.161
214  TPM2u*H4      583065.225   754 1167638.450  1167740.488  1173207.031
215  TPM2u*H5      578748.518   942 1159381.036  1159542.987  1166338.069
216  TPM2u*H6      576190.690   1130 1154641.379  1154878.447  1162986.865
217  TPM2u*H7      574417.890   1318 1151471.780  1151799.974  1161205.718
218  TPM2u*H8      572601.267   1506 1148214.534  1148650.732  1159336.924
WARNING: ABNORMAL_TERMINATION_IN_LNSRCH
219  TPM2u*H9      571043.676   1694 1145475.352  1146037.366  1157986.195
WARNING: ABNORMAL_TERMINATION_IN_LNSRCH
WARNING: ABNORMAL_TERMINATION_IN_LNSRCH
220  TPM2u*H10     570087.062   1882 1143938.125  1144644.766  1157837.420
221  TPM3+F        692197.799   190 1384775.597  1384781.789  1386178.821
222  TPM3+F+I      647283.108   191 1294948.217  1294954.474  1296358.825
223  TPM3+F+G4     601579.808   191 1203541.617  1203547.874  1204952.225
224  TPM3+F+I+G4   599235.018   192 1198854.035  1198860.359  1200272.029
225  TPM3+F+R2     613717.824   192 1227819.648  1227825.971  1229237.642
226  TPM3+F+R3     602894.808   194 1206177.617  1206184.073  1207610.382
227  TPM3+F+R4     599316.744   196 1199025.489  1199032.080  1200473.024
228  TPM3+F+R5     598409.088   198 1197214.177  1197220.904  1198676.483
229  TPM3+F+R6     598185.880   200 1196771.761  1196778.626  1198248.838
230  TPM3+F+R7     598101.186   202 1196606.373  1196613.377  1198098.221
231  TPM3+F+R8     598086.744   204 1196581.489  1196588.633  1198088.107
232  TPM3+F+R9     598086.715   206 1196585.431  1196592.716  1198106.820
234  TPM3*H2       612186.065   378 1225128.129  1225152.971  1227919.805
235  TPM3*H3       591256.686   566 1183645.373  1183701.943  1187825.501
236  TPM3*H4       583922.875   754 1169353.749  1169455.787  1174922.330
237  TPM3*H5       579295.791   942 1160475.582  1160637.534  1167432.615
238  TPM3*H6       576708.101   1130 1155676.202  1155913.269  1164021.687
WARNING: ABNORMAL_TERMINATION_IN_LNSRCH
239  TPM3*H7       575066.645   1318 1152769.291  1153097.484  1162503.229
240  TPM3*H8       573425.137   1506 1149862.274  1150298.473  1160984.665
WARNING: ABNORMAL_TERMINATION_IN_LNSRCH
WARNING: ABNORMAL_TERMINATION_IN_LNSRCH
WARNING: ABNORMAL_TERMINATION_IN_LNSRCH
WARNING: ABNORMAL_TERMINATION_IN_LNSRCH
241  TPM3*H9       571929.629   1694 1147247.257  1147809.271  1159758.100
242  TPM3*H10      571081.950   1882 1145927.900  1146634.541  1159827.195
243  TPM3u+F       692197.803   190 1384775.606  1384781.797  1386178.829
244  TPM3u+F+I     647283.071   191 1294948.142  1294954.400  1296358.751
245  TPM3u+F+G4    601579.801   191 1203541.602  1203547.859  1204952.211
246  TPM3u+F+I+G4  599235.018   192 1198854.036  1198860.359  1200272.030
247  TPM3u+F+R2    613717.826   192 1227819.653  1227825.976  1229237.647
248  TPM3u+F+R3    602894.822   194 1206177.644  1206184.100  1207610.408
249  TPM3u+F+R4    599316.742   196 1199025.485  1199032.076  1200473.020
250  TPM3u+F+R5    598408.870   198 1197213.739  1197220.466  1198676.045
251  TPM3u+F+R6    598185.695   200 1196771.390  1196778.255  1198248.467
252  TPM3u+F+R7    598100.484   202 1196604.967  1196611.971  1198096.815
253  TPM3u+F+R8    598086.350   204 1196580.699  1196587.843  1198087.318
254  TPM3u+F+R9    598086.222   206 1196584.445  1196591.730  1198105.834
256  TPM3u*H2      612186.064   378 1225128.127  1225152.969  1227919.803
257  TPM3u*H3      591256.673   566 1183645.347  1183701.917  1187825.475
258  TPM3u*H4      583922.802   754 1169353.604  1169455.642  1174922.185
259  TPM3u*H5      579295.793   942 1160475.585  1160637.537  1167432.618
260  TPM3u*H6      576708.015   1130 1155676.031  1155913.098  1164021.517
261  TPM3u*H7      575065.789   1318 1152767.579  1153095.772  1162501.517
262  TPM3u*H8      573425.037   1506 1149862.073  1150298.272  1160984.464
263  TPM3u*H9      572147.921   1694 1147683.842  1148245.857  1160194.686
WARNING: ABNORMAL_TERMINATION_IN_LNSRCH
264  TPM3u*H10     571081.831   1882 1145927.662  1146634.304  1159826.958
265  TIMe          690754.390   188 1381884.779  1381890.841  1383273.232
266  TIMe+I        648737.605   189 1297853.211  1297859.337  1299249.048
267  TIMe+G4       608589.777   189 1217557.554  1217563.681  1218953.392
268  TIMe+I+G4     606522.882   190 1213425.763  1213431.955  1214828.986
269  TIMe+R2       618844.252   190 1238068.505  1238074.696  1239471.728
270  TIMe+R3       608736.723   192 1217857.446  1217863.770  1219275.440
271  TIMe+R4       606145.544   194 1212679.088  1212685.544  1214111.853
272  TIMe+R5       605438.824   196 1211269.647  1211276.239  1212717.183
273  TIMe+R6       605234.866   198 1210865.732  1210872.459  1212328.038
274  TIMe+R7       605146.429   200 1210692.857  1210699.722  1212169.934
275  TIMe+R8       605142.448   202 1210688.897  1210695.900  1212180.745
278  TIMe*H2       616369.488   377 1233492.977  1233517.685  1236277.267
279  TIMe*H3       594588.081   566 1190308.163  1190364.733  1194488.291
WARNING: ABNORMAL_TERMINATION_IN_LNSRCH
280  TIMe*H4       585792.746   755 1173095.493  1173197.811  1178671.459
281  TIMe*H5       581279.698   944 1164447.396  1164610.065  1171419.199
282  TIMe*H6       578457.153   1133 1159180.305  1159418.699  1167547.947
WARNING: ABNORMAL_TERMINATION_IN_LNSRCH
WARNING: ABNORMAL_TERMINATION_IN_LNSRCH
283  TIMe*H7       576189.722   1322 1155023.443  1155353.756  1164786.923
WARNING: ABNORMAL_TERMINATION_IN_LNSRCH
WARNING: ABNORMAL_TERMINATION_IN_LNSRCH
284  TIMe*H8       572917.453   1511 1148856.906  1149296.216  1160016.224
WARNING: ABNORMAL_TERMINATION_IN_LNSRCH
WARNING: Log-likelihood of TIMe*H9 worse than TIMe*H8
285  TIMe*H9       573122.102   1700 1149644.205  1150210.539  1162199.360
287  TIM+F         688115.292   191 1376612.585  1376618.842  1378023.193
288  TIM+F+I       643957.067   192 1288298.134  1288304.458  1289716.128
289  TIM+F+G4      598959.461   192 1198302.923  1198309.246  1199720.917
290  TIM+F+I+G4    596746.583   193 1193879.166  1193885.556  1195304.545
291  TIM+F+R2      611114.189   193 1222614.378  1222620.768  1224039.758
292  TIM+F+R3      600232.655   195 1200855.311  1200861.835  1202295.461
293  TIM+F+R4      596774.422   197 1193942.845  1193949.504  1195397.766
294  TIM+F+R5      595954.307   199 1192306.614  1192313.410  1193776.305
295  TIM+F+R6      595679.840   201 1191761.679  1191768.613  1193246.142
296  TIM+F+R7      595624.401   203 1191654.802  1191661.875  1193154.035
297  TIM+F+R8      595616.502   205 1191643.005  1191650.219  1193157.009
300  TIM*H2        609888.983   380 1220537.967  1220563.076  1223344.413
301  TIM*H3        589830.627   569 1180799.254  1180856.440  1185001.539
302  TIM*H4        582784.384   758 1167084.767  1167187.927  1172682.890
303  TIM*H5        577947.744   947 1157789.489  1157953.238  1164783.449
304  TIM*H6        575308.355   1136 1152888.711  1153128.435  1161278.509
305  TIM*H7        573165.412   1325 1148980.825  1149312.732  1158766.460
WARNING: ABNORMAL_TERMINATION_IN_LNSRCH
306  TIM*H8        570334.734   1514 1143697.468  1144138.651  1154878.942
WARNING: ABNORMAL_TERMINATION_IN_LNSRCH
307  TIM*H9        569225.299   1703 1141856.598  1142425.099  1154433.910
WARNING: ABNORMAL_TERMINATION_IN_LNSRCH
308  TIM*H10       568489.474   1892 1140762.948  1141477.830  1154736.098
309  TIM2e         690357.850   188 1381091.701  1381097.762  1382480.153
310  TIM2e+I       652894.478   189 1306166.956  1306173.083  1307562.794
311  TIM2e+G4      617698.854   189 1235775.707  1235781.834  1237171.545
312  TIM2e+I+G4    615906.250   190 1232192.499  1232198.691  1233595.723
313  TIM2e+R2      626557.944   190 1253495.887  1253502.079  1254899.111
314  TIM2e+R3      617634.508   192 1235653.015  1235659.339  1237071.009
315  TIM2e+R4      615519.728   194 1231427.455  1231433.912  1232860.220
316  TIM2e+R5      614818.410   196 1230028.821  1230035.412  1231476.356
317  TIM2e+R6      614651.490   198 1229698.980  1229705.707  1231161.286
318  TIM2e+R7      614576.651   200 1229553.303  1229560.168  1231030.380
319  TIM2e+R8      614565.027   202 1229534.054  1229541.057  1231025.902
320  TIM2e+R9      614564.677   204 1229537.354  1229544.498  1231043.972
322  TIM2e*H2      624809.432   377 1250372.865  1250397.573  1253157.155
323  TIM2e*H3      603101.351   566 1207334.702  1207391.273  1211514.831
324  TIM2e*H4      595862.643   755 1193235.287  1193337.604  1198811.253
325  TIM2e*H5      590865.822   944 1183619.644  1183782.314  1190591.448
326  TIM2e*H6      588055.331   1133 1178376.662  1178615.055  1186744.304
327  TIM2e*H7      585254.810   1322 1173153.620  1173483.933  1182917.100
WARNING: ABNORMAL_TERMINATION_IN_LNSRCH
328  TIM2e*H8      583316.088   1511 1169654.175  1170093.485  1180813.493
329  TIM2e*H9      582070.066   1700 1167540.133  1168106.466  1180095.288
330  TIM2e*H10     580899.499   1889 1165576.998  1166289.402  1179527.991
331  TIM2+F        687088.695   191 1374559.389  1374565.647  1375969.998
332  TIM2+F+I      644060.649   192 1288505.299  1288511.622  1289923.293
333  TIM2+F+G4     600432.325   192 1201248.650  1201254.974  1202666.644
334  TIM2+F+I+G4   598259.654   193 1196905.308  1196911.698  1198330.688
335  TIM2+F+R2     612229.278   193 1224844.555  1224850.945  1226269.935
336  TIM2+F+R3     601720.245   195 1203830.489  1203837.013  1205270.640
337  TIM2+F+R4     598263.503   197 1196921.007  1196927.666  1198375.928
338  TIM2+F+R5     597455.247   199 1195308.494  1195315.290  1196778.186
339  TIM2+F+R6     597175.079   201 1194752.159  1194759.093  1196236.621
340  TIM2+F+R7     597097.086   203 1194600.172  1194607.246  1196099.405
341  TIM2+F+R8     597083.285   205 1194576.569  1194583.784  1196090.573
342  TIM2+F+R9     597083.107   207 1194580.214  1194587.570  1196108.988
344  TIM2*H2       610534.720   380 1221829.440  1221854.549  1224635.886
345  TIM2*H3       590278.390   569 1181694.781  1181751.967  1185897.065
346  TIM2*H4       583072.006   758 1167660.011  1167763.171  1173258.134
347  TIM2*H5       578633.091   947 1159160.181  1159323.931  1166154.141
348  TIM2*H6       576142.684   1136 1154557.368  1154797.092  1162947.166
349  TIM2*H7       573299.632   1325 1149249.264  1149581.171  1159034.899
350  TIM2*H8       571891.946   1514 1146811.892  1147253.075  1157993.366
351  TIM2*H9       570426.952   1703 1144259.904  1144828.404  1156837.215
352  TIM2*H10      569801.982   1892 1143387.964  1144102.845  1157361.113
353  TIM3e         699957.699   188 1400291.398  1400297.459  1401679.850
354  TIM3e+I       659827.713   189 1320033.425  1320039.552  1321429.263
355  TIM3e+G4      620312.146   189 1241002.292  1241008.419  1242398.130
356  TIM3e+I+G4    618354.315   190 1237088.630  1237094.822  1238491.853
357  TIM3e+R2      630908.871   190 1262197.743  1262203.934  1263600.966
358  TIM3e+R3      620716.667   192 1241817.335  1241823.658  1243235.329
359  TIM3e+R4      618092.595   194 1236573.189  1236579.646  1238005.954
360  TIM3e+R5      617414.633   196 1235221.265  1235227.857  1236668.801
361  TIM3e+R6      617109.381   198 1234614.763  1234621.490  1236077.069
362  TIM3e+R7      617051.581   200 1234503.162  1234510.026  1235980.239
363  TIM3e+R8      617031.632   202 1234467.265  1234474.268  1235959.113
364  TIM3e+R9      617031.490   204 1234470.980  1234478.124  1235977.599
366  TIM3e*H2      629058.429   377 1258870.857  1258895.566  1261655.148
367  TIM3e*H3      605894.932   566 1212921.864  1212978.434  1217101.992
368  TIM3e*H4      597777.514   755 1197065.027  1197167.345  1202640.994
369  TIM3e*H5      592466.098   944 1186820.196  1186982.865  1193791.999
370  TIM3e*H6      589422.417   1133 1181110.835  1181349.228  1189478.477
371  TIM3e*H7      587285.860   1322 1177215.720  1177546.033  1186979.200
372  TIM3e*H8      585363.253   1511 1173748.505  1174187.815  1184907.823
373  TIM3e*H9      584239.415   1700 1171878.831  1172445.164  1184433.986
374  TIM3e*H10     583303.946   1889 1170385.892  1171098.296  1184336.885
375  TIM3+F        692101.616   191 1384585.231  1384591.489  1385995.840
376  TIM3+F+I      647115.144   192 1294614.288  1294620.612  1296032.282
377  TIM3+F+G4     601049.343   192 1202482.686  1202489.009  1203900.680
378  TIM3+F+I+G4   598872.747   193 1198131.494  1198137.884  1199556.873
379  TIM3+F+R2     613516.706   193 1227419.412  1227425.801  1228844.791
380  TIM3+F+R3     602605.334   195 1205600.668  1205607.192  1207040.818
381  TIM3+F+R4     598938.846   197 1198271.692  1198278.351  1199726.613
382  TIM3+F+R5     598081.545   199 1196561.090  1196567.886  1198030.781
383  TIM3+F+R6     597809.667   201 1196021.333  1196028.267  1197505.796
384  TIM3+F+R7     597723.466   203 1195852.933  1195860.006  1197352.166
385  TIM3+F+R8     597716.902   205 1195843.804  1195851.018  1197357.808
388  TIM3*H2       611787.917   380 1224335.835  1224360.944  1227142.281
389  TIM3*H3       590988.243   569 1183114.485  1183171.671  1187316.770
390  TIM3*H4       583627.223   758 1168770.446  1168873.606  1174368.568
391  TIM3*H5       579153.922   947 1160201.844  1160365.594  1167195.804
392  TIM3*H6       576645.843   1136 1155563.685  1155803.409  1163953.483
393  TIM3*H7       574333.040   1325 1151316.079  1151647.986  1161101.715
394  TIM3*H8       573049.695   1514 1149127.389  1149568.572  1160308.863
395  TIM3*H9       571913.170   1703 1147232.340  1147800.840  1159809.651
396  TIM3*H10      570435.492   1892 1144654.984  1145369.866  1158628.134
397  TVMe          679791.183   189 1359960.365  1359966.492  1361356.203
398  TVMe+I        642107.555   190 1284595.110  1284601.302  1285998.334
399  TVMe+G4       605376.338   190 1211132.676  1211138.868  1212535.899
400  TVMe+I+G4     603488.133   191 1207358.266  1207364.524  1208768.875
401  TVMe+R2       614903.000   191 1230188.000  1230194.257  1231598.608
402  TVMe+R3       605513.408   193 1211412.816  1211419.206  1212838.195
403  TVMe+R4       603172.449   195 1206734.899  1206741.423  1208175.049
404  TVMe+R5       602448.460   197 1205290.920  1205297.579  1206745.841
405  TVMe+R6       602213.318   199 1204824.637  1204831.432  1206294.328
406  TVMe+R7       602125.107   201 1204652.215  1204659.149  1206136.677
407  TVMe+R8       602110.189   203 1204626.379  1204633.452  1206125.612
408  TVMe+R9       602110.138   205 1204630.276  1204637.491  1206144.280
410  TVMe*H2       613143.908   379 1227045.815  1227070.791  1229844.877
411  TVMe*H3       592497.893   569 1186133.786  1186190.972  1190336.070
412  TVMe*H4       584260.639   759 1170039.278  1170142.719  1175644.786
WARNING: ABNORMAL_TERMINATION_IN_LNSRCH
413  TVMe*H5       579230.953   949 1160359.906  1160524.378  1167368.637
414  TVMe*H6       576211.845   1139 1154701.691  1154942.749  1163113.645
415  TVMe*H7       573602.451   1329 1149862.903  1150196.942  1159678.080
WARNING: ABNORMAL_TERMINATION_IN_LNSRCH
WARNING: ABNORMAL_TERMINATION_IN_LNSRCH
WARNING: ABNORMAL_TERMINATION_IN_LNSRCH
WARNING: ABNORMAL_TERMINATION_IN_LNSRCH
416  TVMe*H8       571948.566   1519 1146935.131  1147379.446  1158153.532
WARNING: ABNORMAL_TERMINATION_IN_LNSRCH
WARNING: ABNORMAL_TERMINATION_IN_LNSRCH
WARNING: ABNORMAL_TERMINATION_IN_LNSRCH
WARNING: ABNORMAL_TERMINATION_IN_LNSRCH
WARNING: ABNORMAL_TERMINATION_IN_LNSRCH
WARNING: ABNORMAL_TERMINATION_IN_LNSRCH
WARNING: ABNORMAL_TERMINATION_IN_LNSRCH
WARNING: ABNORMAL_TERMINATION_IN_LNSRCH
417  TVMe*H9       570722.205   1709 1144862.410  1145435.260  1157484.034
WARNING: ABNORMAL_TERMINATION_IN_LNSRCH
WARNING: ABNORMAL_TERMINATION_IN_LNSRCH
WARNING: ABNORMAL_TERMINATION_IN_LNSRCH
WARNING: ABNORMAL_TERMINATION_IN_LNSRCH
WARNING: ABNORMAL_TERMINATION_IN_LNSRCH
WARNING: ABNORMAL_TERMINATION_IN_LNSRCH
418  TVMe*H10      569580.199   1899 1142958.398  1143679.081  1156983.245
419  TVM+F         685640.708   192 1371665.417  1371671.740  1373083.411
420  TVM+F+I       642825.207   193 1286036.415  1286042.805  1287461.794
421  TVM+F+G4      599520.110   193 1199426.219  1199432.609  1200851.599
422  TVM+F+I+G4    597157.127   194 1194702.254  1194708.711  1196135.019
423  TVM+F+R2      611041.076   194 1222470.151  1222476.608  1223902.916
424  TVM+F+R3      600466.405   196 1201324.809  1201331.400  1202772.345
425  TVM+F+R4      597160.500   198 1194717.000  1194723.727  1196179.306
426  TVM+F+R5      596304.126   200 1193008.251  1193015.116  1194485.328
427  TVM+F+R6      596086.638   202 1192577.276  1192584.280  1194069.124
428  TVM+F+R7      596034.181   204 1192476.363  1192483.507  1193982.981
429  TVM+F+R8      596020.114   206 1192452.227  1192459.513  1193973.617
430  TVM+F+R9      596019.949   208 1192455.898  1192463.327  1193992.058
432  TVM*H2        609253.657   382 1219271.314  1219296.692  1222092.531
433  TVM*H3        589375.032   572 1179894.064  1179951.870  1184118.505
WARNING: ABNORMAL_TERMINATION_IN_LNSRCH
434  TVM*H4        581657.259   762 1164838.517  1164942.805  1170466.181
435  TVM*H5        577430.562   952 1156765.125  1156930.682  1163796.012
436  TVM*H6        574256.663   1142 1150797.325  1151039.722  1159231.435
437  TVM*H7        572829.517   1332 1148323.035  1148658.678  1158160.368
438  TVM*H8        570625.314   1522 1144294.628  1144740.827  1155535.184
WARNING: ABNORMAL_TERMINATION_IN_LNSRCH
439  TVM*H9        569601.726   1712 1142627.452  1143202.482  1155271.232
440  TVM*H10       567607.139   1902 1139018.277  1139741.455  1153065.281
441  SYM           679635.830   190 1359651.659  1359657.851  1361054.883
442  SYM+I         641758.977   191 1283899.954  1283906.211  1285310.562
443  SYM+G4        604347.309   191 1209076.617  1209082.875  1210487.226
444  SYM+I+G4      602454.788   192 1205293.576  1205299.899  1206711.570
445  SYM+R2        614112.257   192 1228608.513  1228614.837  1230026.507
446  SYM+R3        604586.645   194 1209561.290  1209567.747  1210994.055
447  SYM+R4        602133.023   196 1204658.047  1204664.638  1206105.582
448  SYM+R5        601449.096   198 1203294.191  1203300.919  1204756.498
449  SYM+R6        601151.738   200 1202703.477  1202710.342  1204180.554
450  SYM+R7        601054.126   202 1202512.251  1202519.255  1204004.099
451  SYM+R8        601036.177   204 1202480.354  1202487.498  1203986.973
452  SYM+R9        601036.120   206 1202484.240  1202491.525  1204005.629
454  SYM*H2        612366.206   381 1225494.411  1225519.655  1228308.243
455  SYM*H3        592072.645   572 1185289.291  1185347.096  1189513.731
456  SYM*H4        583391.828   763 1168309.655  1168414.227  1173944.705
457  SYM*H5        578755.180   954 1159418.361  1159584.645  1166464.019
458  SYM*H6        575552.077   1145 1153394.154  1153637.893  1161850.420
459  SYM*H7        572106.273   1336 1146884.546  1147222.335  1156751.421
460  SYM*H8        571706.925   1527 1146467.849  1146917.200  1157745.333
463  GTR+F         685613.002   193 1371612.004  1371618.394  1373037.383
464  GTR+F+I       642728.476   194 1285844.952  1285851.409  1287277.717
465  GTR+F+G4      598859.842   194 1198107.684  1198114.141  1199540.449
466  GTR+F+I+G4    596674.859   195 1193739.717  1193746.241  1195179.867
467  GTR+F+R2      610825.611   195 1222041.221  1222047.745  1223481.372
468  GTR+F+R3      600124.357   197 1200642.714  1200649.373  1202097.635
469  GTR+F+R4      596694.182   199 1193786.364  1193793.160  1195256.056
470  GTR+F+R5      595883.694   201 1192169.387  1192176.321  1193653.850
471  GTR+F+R6      595602.067   203 1191610.133  1191617.207  1193109.367
472  GTR+F+R7      595539.134   205 1191488.268  1191495.483  1193002.272
473  GTR+F+R8      595529.232   207 1191472.465  1191479.821  1193001.239
474  GTR+F+R9      595529.150   209 1191476.301  1191483.802  1193019.847
476  GTR*H2        608864.356   384 1218496.711  1218522.360  1221332.699
477  GTR*H3        589096.442   575 1179342.884  1179401.312  1183589.480
478  GTR*H4        581426.937   766 1164385.875  1164491.298  1170043.080
479  GTR*H5        576059.171   957 1154032.342  1154199.719  1161100.156
480  GTR*H6        573764.036   1148 1149824.071  1150069.157  1158302.494
481  GTR*H7        571230.104   1339 1145138.207  1145477.611  1155027.238
482  GTR*H8        570574.114   1530 1144208.228  1144659.477  1155507.868
Akaike Information Criterion:           TVM*H10
Corrected Akaike Information Criterion: TVM*H10
Bayesian Information Criterion:         TVM*H10
Best-fit model: TVM*H10 chosen according to BIC

All model information printed to TransGhostBaseFreqLinkedBNNI.model.gz
CPU time for ModelFinder: 67634.176 seconds (18h:47m:14s)
Wall-clock time for ModelFinder: 67920.224 seconds (18h:52m:0s)
Generating 1000 samples for ultrafast bootstrap (seed: 849863)...

NOTE: 307 MB RAM (0 GB) is required!
Estimate model parameters (epsilon = 0.100)
(NC_003372[0.012301/0.106137/0.138805/0.837296/0.707861/0.207156/0.355079/0.354008/0.791391/0.682850]:0.419288,(((((((((((((((((NC_003970[0.011709/0.080256/0.159416/0.859885/0.555365/0.164279/0.581462/0.334083/0.381007/0.670998]:0.379846,NC_030060[0.004321/0.054775/0.106164/0.199675/0.393206/0.146842/0.355554/0.293583/0.423106/0.642280]:0.261951)[0.003809/0.046441/0.039174/0.265214/0.080988/0.018925/0.109564/0.045702/0.051374/0.084704]:0.074589,NC_027176[0.008309/0.045201/0.108744/0.761776/0.387232/0.101955/0.421562/0.219792/0.363190/0.648849]:0.306661)[0.000002/0.023822/0.018435/0.157099/0.162018/0.021484/0.075580/0.051738/0.019752/0.122793]:0.065272,(NC_010964[0.008602/0.057971/0.110491/1.595965/0.536719/0.174655/0.411672/0.281562/0.415956/0.665830]:0.425942,NC_013576[0.010938/0.147036/0.145845/0.768452/0.775686/0.205271/0.570335/0.365689/0.425459/0.756425]:0.417113)[0.000003/0.001299/0.011498/0.052828/0.019109/0.009051/0.025907/0.042679/0.000003/0.056604]:0.021898)[0.000003/0.003088/0.007501/0.000002/0.042214/0.017794/0.025250/0.024745/0.014133/0.042432]:0.017716,(NC_009964[0.001570/0.021896/0.080261/0.210268/0.340874/0.093511/0.405529/0.244645/0.494689/0.891677]:0.278492,NC_028541[0.000001/0.011831/0.086343/0.225527/0.359687/0.080673/0.305105/0.219838/0.681145/0.617035]:0.258719)[0.000003/0.007270/0.036418/0.000002/0.109362/0.030611/0.299370/0.079610/0.112237/0.485537]:0.116042)[0.000949/0.025053/0.036797/0.042529/0.117251/0.040518/0.124449/0.080427/0.000003/0.103491]:0.057147,(((NC_011328[0.011607/0.123681/0.256218/0.236539/0.551329/0.281349/1.291634/0.609522/0.584481/1.936308]:0.588267,NC_013582[0.003010/0.085885/0.151892/0.242360/0.561851/0.233974/0.864641/0.514542/0.814256/1.511520]:0.498393)[0.000002/0.000003/0.025185/0.006166/0.017411/0.000037/0.000002/0.000002/0.005670/0.000003]:0.005448,NC_042820[0.008800/0.122295/0.106044/0.463566/0.702042/0.225408/1.112095/0.391017/0.440253/1.281281]:0.485280)[0.000002/0.015821/0.028414/0.000002/0.000003/0.021973/0.091049/0.074090/0.013583/0.077744]:0.032268,((NC_012765[0.001951/0.037938/0.119169/0.265697/0.483841/0.150306/0.671920/0.394724/0.493136/0.986335]:0.360502,NC_013580[0.003210/0.054502/0.158776/0.218478/0.540423/0.148633/0.680423/0.503736/1.126633/1.180874]:0.461569)[0.000114/0.003919/0.007359/0.051871/0.018158/0.009886/0.053802/0.011347/0.080888/0.000003]:0.023735,NC_030758[0.004585/0.031189/0.137224/0.505575/0.535956/0.171810/0.700757/0.395031/0.703601/0.942544]:0.412827)[0.000003/0.012473/0.025133/0.013943/0.079984/0.030048/0.132429/0.045362/0.000002/0.219322]:0.055870)[0.000002/0.000002/0.012882/0.000002/0.025213/0.000002/0.022276/0.043310/0.000002/0.049050]:0.015274)[0.000003/0.000002/0.000002/0.017373/0.033093/0.002889/0.000003/0.008990/0.000219/0.027579]:0.009015,(NC_036275[0.000003/0.031082/0.095201/0.406147/0.429750/0.082878/0.397997/0.299822/0.814677/0.837998]:0.339555,NC_036279[0.003555/0.021375/0.063272/0.463562/0.580199/0.069986/0.410990/0.202698/0.480256/0.773052]:0.306895)[0.000267/0.006673/0.012597/0.015673/0.141750/0.027918/0.051210/0.030495/0.019094/0.059825]:0.036550)[0.000001/0.002399/0.007288/0.000002/0.034470/0.007033/0.062498/0.041801/0.004821/0.015275]:0.017559,(((NC_018353[0.007888/0.111349/0.152688/0.417841/0.943128/0.277294/0.729461/0.538124/0.961967/0.921704]:0.506144,NC_028607[0.004378/0.067722/0.121689/0.379458/0.681432/0.126622/0.484119/0.376258/0.536416/0.942691]:0.372078)[0.000255/0.005897/0.001326/0.093806/0.032940/0.000003/0.000003/0.084368/0.099318/0.000002]:0.031792,NC_037200[0.001722/0.063115/0.060958/0.710461/0.736973/0.177257/0.390919/0.380069/0.617661/0.658304]:0.379744)[0.000003/0.000003/0.006162/0.109769/0.000003/0.003912/0.000003/0.000002/0.000003/0.000002]:0.011986,((((NC_023246[0.004437/0.055895/0.124074/0.209148/0.409221/0.176891/0.572818/0.318841/0.630228/1.118210]:0.361976,NC_028603[0.003315/0.114034/0.258869/0.277736/0.751016/0.267950/0.793995/0.774171/2.903568/1.451320]:0.759597)[0.000002/0.001998/0.008328/0.010361/0.056580/0.016395/0.000003/0.099237/0.317949/0.000002]:0.051086,NC_027580[0.002288/0.053157/0.131189/0.222253/0.398315/0.182174/0.642010/0.456383/1.109337/1.079408]:0.427651)[0.000003/0.000562/0.013380/0.000002/0.009511/0.003141/0.079223/0.053029/0.400635/0.143850]:0.070333,NC_042614[0.002251/0.029849/0.095398/0.388725/0.516188/0.130021/0.427729/0.318633/0.713338/0.744229]:0.336636)[0.000003/0.000002/0.000003/0.000002/0.023408/0.000002/0.076554/0.011430/0.139015/0.054227]:0.030465,NC_042922[0.002364/0.046512/0.076089/0.511321/0.501091/0.142242/0.467000/0.314310/0.483507/0.800740]:0.334518)[0.000002/0.000003/0.018591/0.000002/0.046976/0.011448/0.023144/0.041562/0.043881/0.101527]:0.028714)[0.000002/0.000003/0.000003/0.016667/0.030007/0.003548/0.000003/0.004530/0.003146/0.004237]:0.006215)[0.000002/0.000003/0.000002/0.004287/0.000002/0.000003/0.086276/0.000902/0.002748/0.033591]:0.012782,((((NC_018349[0.001160/0.032895/0.061735/0.158126/0.397703/0.049768/0.397906/0.167036/0.437851/0.676070]:0.238025,NC_028612[0.000003/0.022429/0.055275/0.432879/0.442165/0.096563/0.237578/0.290339/0.749173/0.454850]:0.278126)[0.001283/0.007106/0.014696/0.000002/0.071082/0.021050/0.077550/0.019281/0.054364/0.092609]:0.035902,NC_036270[0.001656/0.048163/0.038795/0.962722/0.611680/0.071956/0.196307/0.273635/0.696005/0.322536]:0.322345)[0.000262/0.017812/0.008230/0.216172/0.242310/0.008529/0.057084/0.068164/0.000002/0.052642]:0.067121,((NC_030778[0.004639/0.018853/0.079224/0.416141/0.381846/0.120473/0.404571/0.250741/0.887747/0.711565]:0.327580,NC_038115[0.001484/0.030524/0.072510/0.544733/0.416267/0.060526/0.260653/0.250876/0.717730/0.497913]:0.285322)[0.000003/0.010270/0.009732/0.000002/0.033975/0.014834/0.090697/0.050577/0.046963/0.082666]:0.033972,NC_039689[0.001361/0.027994/0.056440/0.872554/0.496219/0.087773/0.174027/0.271952/0.559278/0.442633]:0.299023)[0.000264/0.011793/0.004844/0.160025/0.084499/0.010337/0.027321/0.050271/0.060728/0.053611]:0.046369)[0.000003/0.000002/0.002063/0.000937/0.054084/0.002909/0.008024/0.013644/0.021158/0.037217]:0.014004,((((NC_018352[0.003246/0.022486/0.064579/0.430169/0.483216/0.079647/0.323038/0.182167/0.771539/0.539367]:0.289945,NC_028601[0.000696/0.038231/0.034168/0.187473/0.364771/0.055204/0.351859/0.273070/0.566516/0.569498]:0.244149)[0.000003/0.001763/0.002028/0.000002/0.082718/0.007136/0.022415/0.020532/0.066752/0.001121]:0.020447,(NC_028611[0.002788/0.056595/0.096785/0.739474/0.539443/0.142532/0.337765/0.327270/0.453060/0.635103]:0.333081,NC_028613[0.002727/0.035418/0.059953/0.600740/0.541044/0.104160/0.274224/0.239046/0.650068/0.475965]:0.298334)[0.000003/0.003750/0.005006/0.000002/0.045121/0.002144/0.011010/0.021917/0.000003/0.000002]:0.008896)[0.000002/0.000002/0.000003/0.000002/0.000002/0.000666/0.007795/0.000002/0.017563/0.014426]:0.004046,(NC_028605[0.000629/0.024485/0.049660/0.437539/0.643015/0.060974/0.185088/0.172809/0.576386/0.420916]:0.257150,NC_028606[0.001965/0.034187/0.046857/0.318939/0.547551/0.066900/0.212163/0.223993/0.671552/0.458903]:0.258301)[0.000002/0.002625/0.005227/0.517045/0.088701/0.003008/0.004196/0.017859/0.033746/0.068485]:0.074089)[0.000003/0.000003/0.002250/0.000003/0.032758/0.002931/0.005836/0.004666/0.022117/0.044961]:0.011553,(NC_028609[0.003154/0.070593/0.090718/0.228470/0.481138/0.167311/0.359682/0.365538/0.674738/0.672608]:0.311395,NC_036273[0.001425/0.075183/0.087663/0.679666/0.625080/0.134700/0.250860/0.370623/0.851430/0.416899]:0.349353)[0.000002/0.008736/0.006000/0.330600/0.180831/0.002621/0.006402/0.038174/0.017489/0.000003]:0.059086)[0.000135/0.013959/0.005697/0.212467/0.087212/0.003532/0.010802/0.041341/0.000003/0.028958]:0.040410)[0.000002/0.000002/0.001084/0.133925/0.039312/0.000002/0.000002/0.010031/0.032163/0.014138]:0.023066)[0.000002/0.001362/0.001304/0.000002/0.007771/0.000003/0.025136/0.033879/0.000002/0.019380]:0.008884,((NC_011320[0.002322/0.078193/0.123968/0.322946/0.606082/0.173756/0.449155/0.392449/0.822204/0.809562]:0.378064,NC_036278[0.018345/0.146160/0.194679/2.233484/0.793485/0.246087/0.354874/0.463111/0.594414/0.525516]:0.557015)[0.000903/0.009869/0.000002/0.000003/0.000003/0.000003/0.018682/0.000002/0.000002/0.027037]:0.005651,(((NC_011322[0.001062/0.072428/0.053275/0.210640/0.467362/0.114679/0.188530/0.237359/0.271389/0.374777]:0.199150,NC_036265[0.001663/0.103070/0.097793/0.300287/0.501566/0.208026/0.278191/0.389647/0.557515/0.480009]:0.291776)[0.000003/0.006637/0.013106/0.020256/0.156707/0.024207/0.009894/0.023659/0.070332/0.002268]:0.032707,NC_012144[0.002942/0.070865/0.076365/0.360368/0.521333/0.104038/0.231724/0.270563/0.577866/0.475229]:0.269129)[0.000661/0.008196/0.008032/0.000002/0.061222/0.019700/0.019150/0.057872/0.120763/0.000003]:0.029560,(((NC_011329[0.000811/0.005164/0.029782/0.109354/0.198178/0.048630/0.092734/0.098342/0.330290/0.198629]:0.111191,(NC_016469[0.001416/0.009239/0.019554/0.163789/0.234196/0.043968/0.110276/0.099930/0.417229/0.225326]:0.132492,NC_030592[0.000863/0.024256/0.043155/0.292129/0.294050/0.066371/0.216519/0.115540/0.423758/0.284549]:0.176119)[0.000003/0.002458/0.000811/0.033329/0.009464/0.006282/0.030842/0.012296/0.011268/0.025445]:0.013220)[0.000003/0.005121/0.002161/0.052606/0.130257/0.015287/0.033305/0.037048/0.094584/0.020194]:0.039057,((NC_012139[0.000455/0.013036/0.032923/0.174354/0.313628/0.032792/0.101769/0.145947/0.349392/0.276296]:0.144059,(NC_013249[0.002233/0.047422/0.060650/0.410051/0.420165/0.128142/0.286698/0.243557/0.521656/0.436972]:0.255755,NC_036271[0.001591/0.036809/0.046681/0.378595/0.380251/0.075624/0.176683/0.150777/0.443072/0.423425]:0.211351)[0.000003/0.001293/0.002877/0.000002/0.027229/0.001683/0.022879/0.005387/0.027577/0.000003]:0.008893)[0.000002/0.000002/0.000996/0.036338/0.064196/0.007601/0.015255/0.012439/0.012746/0.013136]:0.016271,(NC_030593[0.000198/0.036880/0.042884/0.192685/0.384221/0.082337/0.206677/0.200029/0.464812/0.446171]:0.205689,(NC_035714[0.002358/0.038218/0.077853/0.310831/0.384788/0.146429/0.461425/0.303153/0.564381/0.499311]:0.278875,NC_037749[0.004138/0.045195/0.078737/0.419596/0.420841/0.117838/0.372475/0.304404/0.613457/0.551134]:0.292782)[0.000171/0.000787/0.005655/0.165457/0.084311/0.010544/0.011143/0.001469/0.020533/0.032176]:0.033225)[0.000003/0.005485/0.003128/0.168480/0.011731/0.013635/0.038580/0.015603/0.000003/0.060874]:0.031752)[0.000003/0.003405/0.000003/0.006140/0.023094/0.001045/0.015131/0.011725/0.000003/0.036438]:0.009699)[0.000002/0.000002/0.000069/0.017132/0.003850/0.008735/0.034759/0.009955/0.007020/0.020122]:0.010164,NC_036261[0.000817/0.035552/0.045219/0.208460/0.496622/0.086097/0.133113/0.195220/0.523645/0.317036]:0.204178)[0.000556/0.027596/0.019871/0.037162/0.128352/0.048119/0.039441/0.103796/0.067654/0.117944]:0.059049)[0.000003/0.015314/0.007462/1.266387/0.121250/0.031241/0.034937/0.058741/0.033354/0.095935]:0.166462)[0.000003/0.016206/0.027523/0.263501/0.175261/0.045254/0.055304/0.081420/0.055729/0.093963]:0.081416)[0.000013/0.010378/0.002986/0.001141/0.077867/0.019293/0.015834/0.055975/0.001902/0.034692]:0.022008,((NC_011324[0.001198/0.047488/0.060375/0.328908/0.538388/0.098183/0.243155/0.310968/0.523946/0.504478]:0.265709,NC_033340[0.001963/0.041443/0.053531/0.365452/0.477122/0.111569/0.224430/0.229040/0.467459/0.439227]:0.241124)[0.000002/0.018818/0.013840/0.000002/0.254803/0.031651/0.068330/0.096889/0.000002/0.128716]:0.061305,((NC_036678[0.003795/0.061946/0.102090/0.636801/0.333297/0.201309/0.380680/0.281989/0.434991/0.731718]:0.316862,NC_038197[0.005190/0.056612/0.136359/0.358337/0.923554/0.184752/0.340985/0.423765/0.635627/0.438306]:0.350349)[0.001581/0.064503/0.055590/0.000003/0.441890/0.070261/0.120290/0.177293/0.131109/0.151876]:0.121440,(NC_041172[0.010035/0.129683/0.156131/1.691608/0.594990/0.139114/0.333843/0.363800/0.546930/0.466254]:0.443239,NC_042417[0.006147/0.070504/0.121752/0.441844/0.657188/0.180167/0.320518/0.310297/0.443695/0.465063]:0.301717)[0.002864/0.075855/0.076360/0.152158/0.232614/0.121452/0.153492/0.213900/0.134294/0.154079]:0.131707)[0.000002/0.003221/0.006757/0.000003/0.062079/0.013664/0.020304/0.010051/0.010002/0.010955]:0.013704)[0.000002/0.000003/0.001208/1.336537/0.050282/0.000002/0.000002/0.054280/0.150441/0.042723]:0.163548)[0.000002/0.001688/0.000003/0.003204/0.012993/0.006782/0.026710/0.012327/0.000002/0.012676]:0.007639,((((NC_013254[0.001894/0.055387/0.100437/0.482799/0.573382/0.163743/0.522199/0.424084/0.911772/0.930498]:0.416620,NC_036277[0.009002/0.099261/0.225622/0.565541/0.654257/0.285882/0.615262/0.542170/0.930558/0.871682]:0.479924)[0.000533/0.021658/0.011280/0.037616/0.078574/0.033348/0.049285/0.095160/0.055598/0.112472]:0.049552,((((NC_024633[0.000538/0.000001/0.062790/0.169399/0.176519/0.031818/0.272038/0.069256/0.278794/0.294115]:0.135527,NC_037196[0.000002/0.001724/0.035792/0.237209/0.200503/0.045967/0.142888/0.093440/0.320862/0.451840]:0.153023)[0.000653/0.017363/0.046521/0.033828/0.246445/0.059852/0.403321/0.150684/0.109961/0.612850]:0.168148,NC_027256[0.001386/0.024428/0.119367/0.192019/0.375018/0.103826/0.384094/0.231148/0.584425/1.052988]:0.306870)[0.000002/0.004641/0.018581/0.013685/0.000003/0.000003/0.060402/0.022809/0.000002/0.047438]:0.016757,NC_025332[0.000938/0.034748/0.038710/0.222208/0.402248/0.098090/0.310354/0.270371/0.574031/0.675520]:0.262722)[0.000224/0.002059/0.025380/0.026404/0.116816/0.040290/0.200122/0.058826/0.005647/0.267632]:0.074340,NC_039657[0.006795/0.043791/0.153649/0.468009/0.545573/0.190583/0.512450/0.514401/1.353322/0.926913]:0.471548)[0.000002/0.000003/0.016499/0.000002/0.000003/0.000003/0.018285/0.001336/0.030590/0.071338]:0.013806)[0.000002/0.000003/0.000966/0.000003/0.000003/0.000002/0.156264/0.000003/0.011616/0.135932]:0.030479,NC_036269[0.001009/0.029868/0.059721/1.429437/0.592037/0.100461/0.292801/0.214502/0.480379/0.488255]:0.368847)[0.000002/0.000002/0.000002/0.000002/0.009008/0.000002/0.000003/0.000003/0.010026/0.000002]:0.001905,(NC_036274[0.001847/0.061409/0.058911/0.487224/0.467010/0.085310/0.170580/0.331838/0.570671/0.374354]:0.260915,NC_036276[0.001209/0.022353/0.066246/0.074880/0.365816/0.056682/0.237781/0.221539/0.539867/0.534969]:0.212134)[0.000002/0.004177/0.011594/1.237976/0.217444/0.018138/0.007943/0.028002/0.214432/0.009640]:0.174935)[0.000002/0.012414/0.013487/0.002100/0.109253/0.032517/0.049254/0.117915/0.007704/0.104652]:0.044930)[0.000003/0.001902/0.000002/0.085210/0.002778/0.000002/0.006801/0.004651/0.002935/0.022804]:0.012709,(NC_024271[0.002506/0.049987/0.056907/0.688307/0.620934/0.098002/0.210188/0.306342/0.644123/0.567461]:0.324476,NC_036267[0.002119/0.046435/0.066635/0.032301/0.524895/0.086701/0.262331/0.307467/0.725360/0.564541]:0.261878)[0.000001/0.004472/0.000003/0.798010/0.121427/0.008149/0.026492/0.015062/0.056977/0.011762]:0.104235)[0.000001/0.011896/0.004316/0.000002/0.112192/0.016768/0.010458/0.055790/0.012235/0.026288]:0.024995,((NC_018354[0.001439/0.046814/0.064448/0.536137/0.361345/0.094227/0.209938/0.180735/0.695531/0.412457]:0.260307,NC_027577[0.010017/0.059441/0.123101/0.515007/0.469411/0.153417/0.407949/0.288119/0.660823/0.632396]:0.331968)[0.001578/0.014232/0.005883/0.168550/0.026166/0.035988/0.097469/0.083328/0.006486/0.103664]:0.054334,((((NC_022680[0.009661/0.046813/0.092118/0.244014/0.377674/0.155780/0.402800/0.224398/0.750568/0.416737]:0.272056,NC_041669[0.010996/0.140604/0.169006/0.601548/0.576433/0.208299/0.378179/0.299157/0.865651/0.565761]:0.381564)[0.000188/0.006137/0.011737/0.080119/0.000003/0.002219/0.016619/0.048409/0.000003/0.074881]:0.024031,NC_034293[0.002576/0.056232/0.135349/0.456722/0.479695/0.115755/0.370001/0.231674/0.684503/0.461489]:0.299400)[0.000217/0.004626/0.011012/0.087895/0.000002/0.003014/0.023111/0.035800/0.059046/0.016666]:0.024139,NC_025945[0.001128/0.065600/0.079714/0.606965/0.377066/0.145795/0.291000/0.276612/0.842724/0.419859]:0.310646)[0.000714/0.038243/0.027920/0.127025/0.103547/0.041284/0.092138/0.082442/0.004056/0.149198]:0.066657,(NC_030764[0.008656/0.149439/0.173231/0.354608/0.776721/0.250339/0.361768/0.489909/0.838942/0.675232]:0.407885,NC_036291[0.009479/0.149296/0.198699/0.457320/0.506954/0.320586/0.701597/0.650237/1.220016/0.885106]:0.509929)[0.000992/0.003133/0.010548/0.034077/0.009566/0.022097/0.039475/0.020458/0.000003/0.082982]:0.022333)[0.000611/0.000002/0.020191/0.000002/0.079126/0.016836/0.008181/0.031589/0.000002/0.000003]:0.015654)[0.000445/0.060025/0.035007/0.164326/0.196472/0.076888/0.069080/0.138291/0.016362/0.131062]:0.088796)[0.000003/0.008252/0.001332/0.000002/0.018075/0.001818/0.002408/0.004403/0.007461/0.019445]:0.006320,((((NC_025243[0.003893/0.033535/0.112863/0.324083/0.390845/0.120528/0.367487/0.240095/0.717120/0.769001]:0.307945,(NC_029515[0.003954/0.031406/0.154201/0.283816/0.488256/0.163990/0.576705/0.343412/0.829736/0.933866]:0.380934,NC_038089[0.001553/0.026908/0.104576/0.383816/0.422967/0.116239/0.450348/0.194299/1.431024/0.795718]:0.392745)[0.000003/0.000003/0.014787/0.000003/0.000002/0.019948/0.000002/0.043789/0.000002/0.111886]:0.019042)[0.000003/0.000003/0.013804/0.000003/0.023812/0.005849/0.233286/0.017837/0.078654/0.166880]:0.054013,NC_043883[0.001630/0.023023/0.032880/1.020623/0.639328/0.088793/0.207195/0.294249/0.720527/0.384555]:0.341280)[0.000002/0.000002/0.000659/0.000003/0.003610/0.006634/0.037887/0.002656/0.000002/0.035407]:0.008686,NC_038090[0.001135/0.039388/0.050427/1.037251/0.578801/0.080359/0.208893/0.226924/0.680252/0.495258]:0.339869)[0.000002/0.000003/0.003204/0.000002/0.004217/0.000567/0.000003/0.025745/0.013340/0.066359]:0.011344,(NC_027114[0.000970/0.034897/0.051280/0.739779/0.412359/0.087752/0.166876/0.161255/0.678112/0.298317]:0.263160,NC_036108[0.002076/0.048639/0.080693/0.000002/0.374235/0.130015/0.307714/0.250022/0.608813/0.461591]:0.226380)[0.002129/0.038680/0.034766/0.716092/0.298983/0.067637/0.074220/0.135990/0.000002/0.237076]:0.160557)[0.000003/0.001449/0.001714/0.000003/0.052761/0.008324/0.015857/0.023425/0.018841/0.000003]:0.012238)[0.000002/0.000002/0.001660/0.152427/0.041832/0.000631/0.004322/0.000002/0.000003/0.001270]:0.020215,((NC_011326[0.000904/0.028618/0.076158/0.453515/0.386153/0.076249/0.254734/0.179526/0.818207/0.598375]:0.287244,NC_018350[0.001480/0.042221/0.069925/0.384418/0.499775/0.105656/0.308571/0.263952/0.808619/0.472504]:0.295712)[0.000295/0.000003/0.006269/0.005771/0.000002/0.009664/0.019206/0.020599/0.000002/0.045033]:0.010684,NC_028203[0.031446/0.077007/0.118430/0.633954/0.645790/0.192357/0.438447/0.430229/0.873461/0.667925]:0.410905)[0.000003/0.003777/0.002295/0.126498/0.055692/0.006319/0.020276/0.046216/0.036243/0.060381]:0.035770)[0.000002/0.000003/0.005543/0.000002/0.010621/0.000002/0.000003/0.013380/0.008814/0.000002]:0.003837,(NC_036104[0.002909/0.038549/0.065073/0.496440/0.540709/0.077348/0.282871/0.268068/0.621835/0.597476]:0.299128,NC_036266[0.003983/0.131639/0.094353/0.624974/0.618895/0.179002/0.298863/0.408724/0.620632/0.621414]:0.360248)[0.000002/0.015684/0.001041/0.198726/0.058928/0.023272/0.025655/0.033253/0.097735/0.059402]:0.051370)[0.000066/0.009422/0.001787/0.000002/0.038180/0.013486/0.008913/0.011606/0.006139/0.057538]:0.014714,NC_035677[0.001815/0.043090/0.082920/0.683761/0.551319/0.137907/0.285557/0.303916/1.096383/0.579601]:0.376627)[0.000003/0.000002/0.000002/0.000002/0.000003/0.000003/0.047805/0.030917/0.011343/0.000002]:0.009008,(NC_042198[0.012240/0.200187/0.289719/0.567262/0.866209/0.331886/0.839014/0.544434/0.660488/1.196990]:0.550843,NC_042828[0.012782/0.137824/0.303097/0.356206/0.466846/0.286456/0.844203/0.488642/0.911852/1.392947]:0.520086)[0.000002/0.011192/0.006065/0.022682/0.153276/0.000002/0.000002/0.050277/0.018398/0.000002]:0.026190);
Site proportion and rates:  (0.153365,0.063155) (0.116714,2.111274) (0.105893,8.331298) (0.026467,37.708731) (0.101909,9.797346) (0.146181,6.827304) (0.125083,7.981532) (0.125635,7.945279) (0.074273,13.444321) (0.024480,40.793014)
Partition Noname
score: -637536.750669  old_score: -609917.553135
ERROR: ratefree.cpp:539: double RateFree::optimizeWithEM(): Assertion `score > old_score-0.1' failed.
ERROR: STACK TRACE FOR DEBUGGING:
ERROR: 
ERROR: *** IQ-TREE CRASHES WITH SIGNAL ABORTED
ERROR: *** For bug report please send to developers:
ERROR: ***    Log file: TransGhostBaseFreqLinkedBNNI.log
ERROR: ***    Alignment files (if possible)
