IQ-TREE multicore version 1.6.10 for Linux 64-bit built Feb 19 2019
Developed by Bui Quang Minh, Nguyen Lam Tung, Olga Chernomor,
Heiko Schmidt, Dominik Schrempf, Michael Woodhams.

Host:    hpc-crick (AVX, 251 GB RAM)
Command: iqtree -s TransSM.fasta -pre TransGhostBNNI -m MFP+FO*H4 -bb 1000 -bnni
Seed:    675546 (Using SPRNG - Scalable Parallel Random Number Generator)
Time:    Wed Sep  9 16:15:22 2020
Kernel:  AVX - 1 threads (40 CPU cores detected)

HINT: Use -nt option to specify number of threads because your CPU has 40 cores!
HINT: -nt AUTO will automatically determine the best number of threads to use.

Reading alignment file TransSM.fasta ... Fasta format detected
Alignment most likely contains DNA/RNA sequences
Alignment has 94 sequences with 11913 columns, 8960 distinct patterns
8118 parsimony-informative, 928 singleton sites, 2867 constant sites
           Gap/Ambiguity  Composition  p-value
   1  NC_003372    6.72%    failed      0.18%
   2  NC_003970    6.91%    failed      0.00%
   3  NC_009964    6.49%    failed      0.00%
   4  NC_010964    6.78%    failed      0.00%
   5  NC_011320    6.34%    passed     12.50%
   6  NC_011322    6.33%    failed      0.00%
   7  NC_011324    6.98%    failed      0.00%
   8  NC_011326    6.60%    passed     92.84%
   9  NC_011328    6.46%    failed      0.00%
  10  NC_011329    5.91%    failed      0.00%
  11  NC_012139    5.82%    failed      0.00%
  12  NC_012144    5.73%    failed      0.00%
  13  NC_012765    6.28%    failed      0.00%
  14  NC_013249    6.24%    failed      0.29%
  15  NC_013254    7.08%    failed      0.00%
  16  NC_013576    7.43%    failed      0.00%
  17  NC_013580    6.43%    failed      0.00%
  18  NC_013582    7.03%    failed      0.00%
  19  NC_016469    5.76%    failed      0.00%
  20  NC_018349    6.65%    failed      1.72%
  21  NC_018350    6.84%    failed      4.49%
  22  NC_018352    6.66%    passed     42.42%
  23  NC_018353    8.34%    failed      0.00%
  24  NC_018354    6.49%    failed      0.00%
  25  NC_022680    6.35%    passed     18.55%
  26  NC_023246    6.56%    failed      0.00%
  27  NC_024271    6.78%    failed      0.00%
  28  NC_024633    6.66%    failed      0.00%
  29  NC_025243    6.75%    failed      0.00%
  30  NC_025332    6.74%    failed      0.00%
  31  NC_025945    6.48%    failed      0.00%
  32  NC_027114    6.66%    failed      0.00%
  33  NC_027176    6.61%    failed      0.00%
  34  NC_027256    7.19%    failed      0.00%
  35  NC_027577    6.61%    failed      0.69%
  36  NC_027580    6.72%    failed      0.00%
  37  NC_028203    6.70%    failed      0.02%
  38  NC_028541    6.78%    failed      0.00%
  39  NC_028601    7.18%    passed     16.52%
  40  NC_028603    8.09%    failed      0.00%
  41  NC_028605    7.44%    failed      0.00%
  42  NC_028606    7.65%    failed      0.00%
  43  NC_028607    7.87%    passed     62.63%
  44  NC_028609    7.14%    passed     37.49%
  45  NC_028611    6.77%    failed      0.00%
  46  NC_028612    7.67%    passed     32.81%
  47  NC_028613    7.78%    failed      0.15%
  48  NC_029515    6.58%    failed      0.00%
  49  NC_030060    6.68%    passed     82.21%
  50  NC_030592    5.59%    failed      0.00%
  51  NC_030593    5.69%    failed      0.00%
  52  NC_030758    6.46%    failed      0.00%
  53  NC_030764    6.61%    passed      8.30%
  54  NC_030778    6.58%    failed      0.00%
  55  NC_033340    6.62%    failed      0.00%
  56  NC_034293    6.35%    failed      0.00%
  57  NC_035677    7.16%    passed     17.41%
  58  NC_035714    6.09%    failed      1.62%
  59  NC_036104    6.71%    failed      0.15%
  60  NC_036108    6.66%    failed      0.76%
  61  NC_036261    7.31%    failed      0.00%
  62  NC_036265    7.32%    failed      0.00%
  63  NC_036266    7.65%    failed      0.00%
  64  NC_036267    7.47%    failed      0.02%
  65  NC_036269    7.61%    failed      0.00%
  66  NC_036270    7.77%    failed      0.00%
  67  NC_036271    7.11%    failed      0.00%
  68  NC_036273    7.42%    failed      0.00%
  69  NC_036274    7.67%    failed      0.00%
  70  NC_036275    7.34%    failed      0.00%
  71  NC_036276    7.62%    failed      0.00%
  72  NC_036277    8.30%    failed      0.00%
  73  NC_036278    7.26%    failed      0.00%
  74  NC_036279    6.96%    passed     20.86%
  75  NC_036291    7.71%    failed      0.00%
  76  NC_036678    7.19%    failed      0.00%
  77  NC_037196    6.61%    failed      0.00%
  78  NC_037200    7.19%    failed      0.00%
  79  NC_037749    6.22%    passed     29.39%
  80  NC_038089    6.46%    failed      0.00%
  81  NC_038090    6.46%    failed      0.00%
  82  NC_038115    6.48%    passed     80.20%
  83  NC_038197    7.77%    failed      0.00%
  84  NC_039657    6.60%    failed      0.00%
  85  NC_039689    7.35%    failed      0.00%
  86  NC_041172    7.28%    failed      0.00%
  87  NC_041669    6.51%    passed     49.66%
  88  NC_042198    7.50%    passed     38.97%
  89  NC_042417    7.25%    failed      0.00%
  90  NC_042614    6.35%    failed      0.00%
  91  NC_042820    7.39%    failed      0.01%
  92  NC_042828    6.96%    failed      0.00%
  93  NC_042922    6.56%    passed     18.74%
  94  NC_043883    6.64%    failed      0.00%
****  TOTAL        6.88%  77 sequences failed composition chi2 test (p-value<5%; df=3)


Create initial parsimony tree by phylogenetic likelihood library (PLL)... 0.194 seconds
NOTE: ModelFinder requires 307 MB RAM!
ModelFinder will test 484 DNA models (sample size: 11913) ...
 No. Model         -LnL         df  AIC          AICc         BIC
  1  JC            707978.122   185 1416326.244  1416332.112  1417692.540
  2  JC+I          667106.200   186 1334584.400  1334590.332  1335958.081
  3  JC+G4         629811.864   186 1259995.728  1260001.661  1261369.410
  4  JC+I+G4       628041.422   187 1256456.844  1256462.841  1257837.911
  5  JC+R2         638823.054   187 1278020.107  1278026.104  1279401.174
  6  JC+R3         629631.207   189 1259640.415  1259646.541  1261036.252
  7  JC+R4         627515.210   191 1255412.420  1255418.677  1256823.029
  8  JC+R5         626879.386   193 1254144.773  1254151.163  1255570.152
  9  JC+R6         626770.473   195 1253930.945  1253937.469  1255371.095
 10  JC+R7         626753.825   197 1253901.650  1253908.309  1255356.570
 11  JC+R8         626753.761   199 1253905.521  1253912.317  1255375.213
 14  JC*H2         637791.483   371 1276324.967  1276348.884  1279064.945
 15  JC*H3         628073.524   557 1257261.049  1257315.792  1261374.708
 16  JC*H4         625571.378   743 1252628.756  1252727.742  1258116.097
 17  JC*H5         624700.885   929 1251259.770  1251417.099  1258120.793
 23  F81+F         696153.177   188 1392682.353  1392688.414  1394070.806
 24  F81+F+I       652171.844   189 1304721.687  1304727.814  1306117.525
 25  F81+F+G4      609692.659   189 1219763.318  1219769.444  1221159.155
 26  F81+F+I+G4    607587.772   190 1215555.544  1215561.736  1216958.768
 27  F81+F+R2      620099.910   190 1240579.821  1240586.012  1241983.044
 28  F81+F+R3      610102.760   192 1220589.519  1220595.843  1222007.513
 29  F81+F+R4      607299.796   194 1214987.591  1214994.048  1216420.356
 30  F81+F+R5      606541.634   196 1213475.269  1213481.860  1214922.804
 31  F81+F+R6      606403.911   198 1213203.821  1213210.549  1214666.128
 32  F81+F+R7      606378.466   200 1213156.932  1213163.796  1214634.009
 33  F81+F+R8      606378.358   202 1213160.716  1213167.720  1214652.564
 36  F81*H2        619092.904   374 1238933.808  1238958.119  1241695.942
 37  F81*H3        608611.562   560 1218343.124  1218398.473  1222478.940
 38  F81*H4        605414.470   746 1212320.940  1212420.754  1217830.438
 39  F81*H5        604451.552   932 1210767.105  1210925.494  1217650.284
 40  F81*H6        603426.685   1118 1209089.371  1209321.174  1217346.232
 41  F81*H7        602683.357   1304 1207974.713  1208295.550  1217605.256
 45  K2P           707634.847   186 1415641.694  1415647.626  1417015.376
 46  K2P+I         666770.183   187 1333914.367  1333920.363  1335295.434
 47  K2P+G4        629353.957   187 1259081.914  1259087.911  1260462.981
 48  K2P+I+G4      627535.208   188 1255446.416  1255452.478  1256834.869
 49  K2P+R2        638458.622   188 1277293.244  1277299.306  1278681.697
 50  K2P+R3        629204.915   190 1258789.829  1258796.021  1260193.052
 51  K2P+R4        627034.888   192 1254453.777  1254460.101  1255871.771
 52  K2P+R5        626381.401   194 1253150.802  1253157.259  1254583.567
 53  K2P+R6        626267.473   196 1252926.945  1252933.536  1254374.481
 54  K2P+R7        626249.263   198 1252894.527  1252901.254  1254356.833
 55  K2P+R8        626249.186   200 1252898.371  1252905.236  1254375.448
 58  K80*H2        636693.704   373 1274133.408  1274157.587  1276888.157
 59  K80*H3        612136.698   560 1225393.397  1225448.746  1229529.213
 60  K80*H4        604304.942   747 1210103.884  1210203.975  1215620.767
 61  K80*H5        600786.342   934 1203440.684  1203599.782  1210338.634
 62  K80*H6        596327.500   1121 1194897.000  1195130.113  1203176.017
 63  K80*H7        594921.783   1308 1192459.565  1192782.495  1202119.649
 64  K80*H8        593834.011   1495 1190658.023  1191087.421  1201699.174
 65  K80*H9        593223.992   1682 1189811.985  1190365.417  1202234.203
 67  HKY+F         692660.503   189 1385699.007  1385705.133  1387094.845
 68  HKY+F+I       647533.861   190 1295447.722  1295453.914  1296850.945
 69  HKY+F+G4      601324.859   190 1203029.717  1203035.909  1204432.941
 70  HKY+F+I+G4    599056.969   191 1198495.937  1198502.195  1199906.546
 71  HKY+F+R2      613587.633   191 1227557.267  1227563.524  1228967.876
 72  HKY+F+R3      602817.234   193 1206020.467  1206026.857  1207445.847
 73  HKY+F+R4      599116.358   195 1198622.716  1198629.240  1200062.866
 74  HKY+F+R5      598240.905   197 1196875.809  1196882.469  1198330.730
 75  HKY+F+R6      597984.359   199 1196366.717  1196373.513  1197836.409
 76  HKY+F+R7      597894.175   201 1196190.350  1196197.284  1197674.812
 77  HKY+F+R8      597892.765   203 1196191.531  1196198.604  1197690.764
 80  HKY*H2        612601.609   376 1225955.218  1225979.793  1228732.123
 81  HKY*H3        591287.173   563 1183700.345  1183756.303  1187858.317
 82  HKY*H4        583901.992   750 1169303.984  1169404.907  1174843.024
 83  HKY*H5        581071.119   937 1164016.239  1164176.404  1170936.345
 84  HKY*H6        576687.811   1124 1155623.622  1155858.049  1163924.795
 85  HKY*H7        575043.609   1311 1152709.218  1153033.722  1162391.459
 86  HKY*H8        573257.042   1498 1149510.084  1149941.331  1160573.392
 87  HKY*H9        572387.818   1685 1148145.636  1148701.206  1160590.010
 89  TNe           707382.567   187 1415139.133  1415145.130  1416520.200
 90  TNe+I         666326.965   188 1333029.930  1333035.992  1334418.383
 91  TNe+G4        628302.157   188 1256980.315  1256986.376  1258368.767
 92  TNe+I+G4      626431.767   189 1253241.534  1253247.660  1254637.372
 93  TNe+R2        637679.226   189 1275736.452  1275742.578  1277132.290
 94  TNe+R3        628217.057   191 1256816.114  1256822.372  1258226.723
 95  TNe+R4        625960.319   193 1252306.638  1252313.027  1253732.017
 96  TNe+R5        625305.105   195 1251000.209  1251006.733  1252440.359
 97  TNe+R6        625168.342   197 1250730.684  1250737.344  1252185.605
 98  TNe+R7        625144.210   199 1250686.421  1250693.217  1252156.112
 99  TNe+R8        625143.963   201 1250689.925  1250696.859  1252174.388
102  TNe*H2        635834.370   375 1272418.739  1272443.182  1275188.259
103  TNe*H3        611792.950   563 1224711.900  1224767.858  1228869.872
104  TNe*H4        604010.070   751 1209522.141  1209623.342  1215068.565
105  TNe*H5        598918.982   939 1199715.963  1199876.842  1206650.840
106  TNe*H6        596170.905   1127 1194595.809  1194831.555  1202919.139
107  TNe*H7        594784.848   1315 1192199.697  1192526.306  1201911.479
108  TNe*H8        593716.369   1503 1190438.739  1190873.077  1201538.973
109  TNe*H9        592789.182   1691 1188960.364  1189520.225  1201449.051
110  TNe*H10       591736.923   1879 1187231.845  1187936.025  1201108.985
111  TN+F          692585.836   190 1385551.673  1385557.864  1386954.896
112  TN+F+I        647391.799   191 1295165.598  1295171.856  1296576.207
113  TN+F+G4       600740.455   191 1201862.910  1201869.168  1203273.519
114  TN+F+I+G4     598651.395   192 1197686.789  1197693.113  1199104.783
115  TN+F+R2       613401.692   192 1227187.383  1227193.707  1228605.377
116  TN+F+R3       602469.629   194 1205327.257  1205333.714  1206760.022
117  TN+F+R4       598707.908   196 1197807.815  1197814.406  1199255.351
118  TN+F+R5       597862.578   198 1196121.155  1196127.882  1197583.461
119  TN+F+R6       597548.822   200 1195497.645  1195504.510  1196974.722
120  TN+F+R7       597458.481   202 1195320.961  1195327.965  1196812.809
121  TN+F+R8       597457.519   204 1195323.038  1195330.182  1196829.657
124  TN*H2         612249.358   378 1225254.716  1225279.557  1228046.391
125  TN*H3         591046.680   566 1183225.360  1183281.930  1187405.488
126  TN*H4         583669.093   754 1168846.186  1168948.224  1174414.767
127  TN*H5         579089.918   942 1160063.837  1160225.788  1167020.870
128  TN*H6         576632.262   1130 1155524.523  1155761.591  1163870.009
129  TN*H7         575009.293   1318 1152654.585  1152982.779  1162388.524
130  TN*H8         573224.629   1506 1149461.257  1149897.456  1160583.648
WARNING: ABNORMAL_TERMINATION_IN_LNSRCH
131  TN*H9         572460.147   1694 1148308.294  1148870.308  1160819.137
133  K3P           690783.107   187 1381940.213  1381946.210  1383321.280
134  K3P+I         648991.900   188 1298359.799  1298365.861  1299748.252
135  K3P+G4        609470.153   188 1219316.305  1219322.367  1220704.758
136  K3P+I+G4      607479.351   189 1215336.702  1215342.829  1216732.540
137  K3P+R2        619389.888   189 1239157.776  1239163.902  1240553.614
138  K3P+R3        609544.221   191 1219470.442  1219476.699  1220881.050
139  K3P+R4        607057.251   193 1214500.501  1214506.891  1215925.881
140  K3P+R5        606343.592   195 1213077.184  1213083.708  1214517.334
141  K3P+R6        606171.647   197 1212737.295  1212743.954  1214192.215
142  K3P+R7        606097.861   199 1212593.723  1212600.519  1214063.414
143  K3P+R8        606097.692   201 1212597.384  1212604.318  1214081.846
146  K81*H2        616976.628   375 1234703.257  1234727.700  1237472.776
147  K81*H3        594772.629   563 1190671.258  1190727.215  1194829.230
WARNING: ABNORMAL_TERMINATION_IN_LNSRCH
WARNING: ABNORMAL_TERMINATION_IN_LNSRCH
WARNING: ABNORMAL_TERMINATION_IN_LNSRCH
WARNING: ABNORMAL_TERMINATION_IN_LNSRCH
148  K81*H4        586281.387   751 1174064.775  1174165.976  1179611.199
WARNING: ABNORMAL_TERMINATION_IN_LNSRCH
WARNING: ABNORMAL_TERMINATION_IN_LNSRCH
WARNING: ABNORMAL_TERMINATION_IN_LNSRCH
WARNING: ABNORMAL_TERMINATION_IN_LNSRCH
149  K81*H5        581361.656   939 1164601.312  1164762.191  1171536.189
WARNING: ABNORMAL_TERMINATION_IN_LNSRCH
150  K81*H6        578439.969   1127 1159133.938  1159369.684  1167457.268
WARNING: ABNORMAL_TERMINATION_IN_LNSRCH
151  K81*H7        576665.621   1315 1155961.241  1156287.851  1165673.023
WARNING: ABNORMAL_TERMINATION_IN_LNSRCH
WARNING: ABNORMAL_TERMINATION_IN_LNSRCH
152  K81*H8        575152.161   1503 1153310.322  1153744.660  1164410.557
WARNING: ABNORMAL_TERMINATION_IN_LNSRCH
WARNING: ABNORMAL_TERMINATION_IN_LNSRCH
WARNING: ABNORMAL_TERMINATION_IN_LNSRCH
WARNING: ABNORMAL_TERMINATION_IN_LNSRCH
WARNING: ABNORMAL_TERMINATION_IN_LNSRCH
WARNING: ABNORMAL_TERMINATION_IN_LNSRCH
153  K81*H9        573137.529   1691 1149657.057  1150216.919  1162145.744
WARNING: ABNORMAL_TERMINATION_IN_LNSRCH
WARNING: ABNORMAL_TERMINATION_IN_LNSRCH
WARNING: ABNORMAL_TERMINATION_IN_LNSRCH
WARNING: ABNORMAL_TERMINATION_IN_LNSRCH
WARNING: ABNORMAL_TERMINATION_IN_LNSRCH
WARNING: ABNORMAL_TERMINATION_IN_LNSRCH
WARNING: ABNORMAL_TERMINATION_IN_LNSRCH
WARNING: ABNORMAL_TERMINATION_IN_LNSRCH
WARNING: ABNORMAL_TERMINATION_IN_LNSRCH
WARNING: ABNORMAL_TERMINATION_IN_LNSRCH
WARNING: ABNORMAL_TERMINATION_IN_LNSRCH
WARNING: ABNORMAL_TERMINATION_IN_LNSRCH
WARNING: ABNORMAL_TERMINATION_IN_LNSRCH
WARNING: ABNORMAL_TERMINATION_IN_LNSRCH
WARNING: ABNORMAL_TERMINATION_IN_LNSRCH
WARNING: ABNORMAL_TERMINATION_IN_LNSRCH
WARNING: ABNORMAL_TERMINATION_IN_LNSRCH
WARNING: ABNORMAL_TERMINATION_IN_LNSRCH
WARNING: ABNORMAL_TERMINATION_IN_LNSRCH
WARNING: ABNORMAL_TERMINATION_IN_LNSRCH
WARNING: ABNORMAL_TERMINATION_IN_LNSRCH
WARNING: ABNORMAL_TERMINATION_IN_LNSRCH
WARNING: ABNORMAL_TERMINATION_IN_LNSRCH
154  K81*H10       572175.255   1879 1148108.509  1148812.689  1161985.649
155  K3Pu+F        687769.402   190 1375918.805  1375924.997  1377322.028
156  K3Pu+F+I      643739.110   191 1287860.220  1287866.478  1289270.829
157  K3Pu+F+G4     599218.469   191 1198818.938  1198825.196  1200229.547
158  K3Pu+F+I+G4   596864.498   192 1194112.996  1194119.319  1195530.990
159  K3Pu+F+R2     610910.268   192 1222204.536  1222210.859  1223622.530
160  K3Pu+F+R3     600240.620   194 1200869.240  1200875.697  1202302.005
161  K3Pu+F+R4     596873.185   196 1194138.370  1194144.961  1195585.906
162  K3Pu+F+R5     596013.639   198 1192423.279  1192430.006  1193885.585
163  K3Pu+F+R6     595791.008   200 1191982.017  1191988.881  1193459.094
164  K3Pu+F+R7     595736.116   202 1191876.233  1191883.236  1193368.080
165  K3Pu+F+R8     595735.790   204 1191879.581  1191886.725  1193386.200
168  K81u*H2       609880.575   378 1220517.151  1220541.992  1223308.826
169  K81u*H3       589740.880   566 1180613.759  1180670.329  1184793.888
170  K81u*H4       583001.265   754 1167510.530  1167612.568  1173079.111
171  K81u*H5       577752.616   942 1157389.233  1157551.185  1164346.266
WARNING: ABNORMAL_TERMINATION_IN_LNSRCH
WARNING: ABNORMAL_TERMINATION_IN_LNSRCH
172  K81u*H6       575006.920   1130 1152273.840  1152510.907  1160619.325
173  K81u*H7       572851.052   1318 1148338.103  1148666.297  1158072.041
174  K81u*H8       571119.101   1506 1145250.201  1145686.400  1156372.592
WARNING: ABNORMAL_TERMINATION_IN_LNSRCH
WARNING: ABNORMAL_TERMINATION_IN_LNSRCH
WARNING: ABNORMAL_TERMINATION_IN_LNSRCH
WARNING: ABNORMAL_TERMINATION_IN_LNSRCH
WARNING: ABNORMAL_TERMINATION_IN_LNSRCH
175  K81u*H9       569717.099   1694 1142822.198  1143384.213  1155333.041
WARNING: ABNORMAL_TERMINATION_IN_LNSRCH
WARNING: ABNORMAL_TERMINATION_IN_LNSRCH
WARNING: ABNORMAL_TERMINATION_IN_LNSRCH
WARNING: ABNORMAL_TERMINATION_IN_LNSRCH
WARNING: ABNORMAL_TERMINATION_IN_LNSRCH
WARNING: ABNORMAL_TERMINATION_IN_LNSRCH
WARNING: ABNORMAL_TERMINATION_IN_LNSRCH
WARNING: ABNORMAL_TERMINATION_IN_LNSRCH
WARNING: ABNORMAL_TERMINATION_IN_LNSRCH
WARNING: ABNORMAL_TERMINATION_IN_LNSRCH
WARNING: ABNORMAL_TERMINATION_IN_LNSRCH
WARNING: ABNORMAL_TERMINATION_IN_LNSRCH
WARNING: ABNORMAL_TERMINATION_IN_LNSRCH
WARNING: ABNORMAL_TERMINATION_IN_LNSRCH
WARNING: ABNORMAL_TERMINATION_IN_LNSRCH
WARNING: ABNORMAL_TERMINATION_IN_LNSRCH
176  K81u*H10      568285.054   1882 1140334.109  1141040.750  1154233.404
177  TPM2+F        686579.000   190 1373538.000  1373544.192  1374941.223
178  TPM2+F+I      643681.934   191 1287745.867  1287752.125  1289156.476
179  TPM2+F+G4     600727.241   191 1201836.482  1201842.740  1203247.091
180  TPM2+F+I+G4   598356.056   192 1197096.112  1197102.436  1198514.106
181  TPM2+F+R2     611930.831   192 1224245.662  1224251.986  1225663.656
182  TPM2+F+R3     601658.362   194 1203704.725  1203711.182  1205137.490
183  TPM2+F+R4     598316.920   196 1197025.841  1197032.432  1198473.377
184  TPM2+F+R5     597489.469   198 1195374.937  1195381.665  1196837.244
185  TPM2+F+R6     597267.057   200 1194934.115  1194940.980  1196411.192
186  TPM2+F+R7     597203.128   202 1194810.256  1194817.260  1196302.104
187  TPM2+F+R8     597203.052   204 1194814.104  1194821.248  1196320.723
190  TPM2*H2       610392.999   378 1221541.999  1221566.840  1224333.674
191  TPM2*H3       590144.576   566 1181421.151  1181477.721  1185601.279
192  TPM2*H4       582686.237   754 1166880.474  1166982.512  1172449.055
193  TPM2*H5       578377.575   942 1158639.151  1158801.103  1165596.184
194  TPM2*H6       575834.261   1130 1153928.522  1154165.590  1162274.008
WARNING: ABNORMAL_TERMINATION_IN_LNSRCH
WARNING: ABNORMAL_TERMINATION_IN_LNSRCH
WARNING: ABNORMAL_TERMINATION_IN_LNSRCH
195  TPM2*H7       574084.848   1318 1150805.696  1151133.890  1160539.634
WARNING: ABNORMAL_TERMINATION_IN_LNSRCH
WARNING: ABNORMAL_TERMINATION_IN_LNSRCH
WARNING: ABNORMAL_TERMINATION_IN_LNSRCH
196  TPM2*H8       572029.876   1506 1147071.753  1147507.952  1158194.144
WARNING: ABNORMAL_TERMINATION_IN_LNSRCH
WARNING: ABNORMAL_TERMINATION_IN_LNSRCH
197  TPM2*H9       570700.863   1694 1144789.727  1145351.741  1157300.570
WARNING: ABNORMAL_TERMINATION_IN_LNSRCH
198  TPM2*H10      569742.912   1882 1143249.824  1143956.465  1157149.119
199  TPM2u+F       686578.968   190 1373537.937  1373544.129  1374941.160
200  TPM2u+F+I     643681.932   191 1287745.865  1287752.122  1289156.474
201  TPM2u+F+G4    600727.242   191 1201836.484  1201842.741  1203247.092
202  TPM2u+F+I+G4  598356.042   192 1197096.084  1197102.408  1198514.078
203  TPM2u+F+R2    611930.831   192 1224245.662  1224251.986  1225663.656
204  TPM2u+F+R3    601658.345   194 1203704.690  1203711.147  1205137.455
205  TPM2u+F+R4    598316.971   196 1197025.941  1197032.533  1198473.477
206  TPM2u+F+R5    597489.198   198 1195374.396  1195381.123  1196836.702
207  TPM2u+F+R6    597266.757   200 1194933.514  1194940.379  1196410.591
208  TPM2u+F+R7    597202.906   202 1194809.811  1194816.815  1196301.659
209  TPM2u+F+R8    597202.623   204 1194813.246  1194820.390  1196319.865
212  TPM2u*H2      610392.999   378 1221541.998  1221566.840  1224333.674
213  TPM2u*H3      590144.575   566 1181421.151  1181477.721  1185601.279
214  TPM2u*H4      582686.025   754 1166880.049  1166982.087  1172448.630
215  TPM2u*H5      578377.528   942 1158639.056  1158801.008  1165596.089
216  TPM2u*H6      575833.217   1130 1153926.434  1154163.501  1162271.920
WARNING: ABNORMAL_TERMINATION_IN_LNSRCH
WARNING: ABNORMAL_TERMINATION_IN_LNSRCH
217  TPM2u*H7      574082.445   1318 1150800.891  1151129.084  1160534.829
218  TPM2u*H8      572029.393   1506 1147070.786  1147506.985  1158193.176
219  TPM2u*H9      570700.791   1694 1144789.583  1145351.597  1157300.426
WARNING: ABNORMAL_TERMINATION_IN_LNSRCH
WARNING: ABNORMAL_TERMINATION_IN_LNSRCH
220  TPM2u*H10     569742.845   1882 1143249.691  1143956.332  1157148.986
221  TPM3+F        691738.805   190 1383857.610  1383863.802  1385260.833
222  TPM3+F+I      646873.709   191 1294129.419  1294135.676  1295540.027
223  TPM3+F+G4     601179.795   191 1202741.590  1202747.847  1204152.199
224  TPM3+F+I+G4   598845.634   192 1198075.267  1198081.591  1199493.261
225  TPM3+F+R2     613236.502   192 1226857.005  1226863.328  1228274.999
226  TPM3+F+R3     602468.157   194 1205324.315  1205330.771  1206757.079
227  TPM3+F+R4     598908.603   196 1198209.207  1198215.798  1199656.743
228  TPM3+F+R5     598015.870   198 1196427.740  1196434.467  1197890.046
229  TPM3+F+R6     597772.872   200 1195945.745  1195952.610  1197422.822
230  TPM3+F+R7     597693.741   202 1195791.483  1195798.487  1197283.331
231  TPM3+F+R8     597693.685   204 1195795.369  1195802.513  1197301.988
234  TPM3*H2       611720.160   378 1224196.320  1224221.162  1226987.996
235  TPM3*H3       590867.697   566 1182867.394  1182923.964  1187047.522
236  TPM3*H4       583570.171   754 1168648.341  1168750.379  1174216.922
237  TPM3*H5       578917.783   942 1159719.566  1159881.518  1166676.599
238  TPM3*H6       576344.381   1130 1154948.761  1155185.829  1163294.247
WARNING: ABNORMAL_TERMINATION_IN_LNSRCH
239  TPM3*H7       574721.639   1318 1152079.277  1152407.471  1161813.216
240  TPM3*H8       572822.842   1506 1148657.684  1149093.883  1159780.075
241  TPM3*H9       571554.457   1694 1146496.913  1147058.927  1159007.756
242  TPM3*H10      570716.712   1882 1145197.425  1145904.066  1159096.720
243  TPM3u+F       691738.809   190 1383857.617  1383863.809  1385260.841
244  TPM3u+F+I     646873.674   191 1294129.348  1294135.606  1295539.957
245  TPM3u+F+G4    601179.788   191 1202741.577  1202747.834  1204152.185
246  TPM3u+F+I+G4  598845.639   192 1198075.278  1198081.602  1199493.272
247  TPM3u+F+R2    613236.501   192 1226857.002  1226863.325  1228274.996
248  TPM3u+F+R3    602468.154   194 1205324.309  1205330.766  1206757.074
249  TPM3u+F+R4    598908.592   196 1198209.184  1198215.776  1199656.720
250  TPM3u+F+R5    598015.484   198 1196426.967  1196433.695  1197889.274
251  TPM3u+F+R6    597772.691   200 1195945.382  1195952.247  1197422.459
252  TPM3u+F+R7    597693.221   202 1195790.442  1195797.446  1197282.290
253  TPM3u+F+R8    597693.206   204 1195794.411  1195801.555  1197301.030
256  TPM3u*H2      611720.160   378 1224196.320  1224221.162  1226987.996
257  TPM3u*H3      590867.688   566 1182867.376  1182923.946  1187047.504
258  TPM3u*H4      583570.098   754 1168648.197  1168750.235  1174216.777
259  TPM3u*H5      578917.776   942 1159719.551  1159881.503  1166676.584
260  TPM3u*H6      576344.372   1130 1154948.743  1155185.811  1163294.229
261  TPM3u*H7      574719.773   1318 1152075.546  1152403.740  1161809.484
262  TPM3u*H8      572822.188   1506 1148656.375  1149092.574  1159778.766
263  TPM3u*H9      571554.412   1694 1146496.824  1147058.838  1159007.667
264  TPM3u*H10     570716.708   1882 1145197.416  1145904.058  1159096.712
265  TIMe          690531.658   188 1381439.315  1381445.377  1382827.768
266  TIMe+I        648548.480   189 1297474.960  1297481.086  1298870.798
267  TIMe+G4       608371.690   189 1217121.380  1217127.506  1218517.217
268  TIMe+I+G4     606325.505   190 1213031.011  1213037.202  1214434.234
269  TIMe+R2       618570.110   190 1237520.220  1237526.412  1238923.443
270  TIMe+R3       608504.421   192 1217392.842  1217399.166  1218810.836
271  TIMe+R4       605932.656   194 1212253.312  1212259.769  1213686.077
272  TIMe+R5       605236.553   196 1210865.106  1210871.698  1212312.642
273  TIMe+R6       605034.558   198 1210465.117  1210471.844  1211927.423
274  TIMe+R7       604937.386   200 1210274.771  1210281.636  1211751.849
275  TIMe+R8       604937.350   202 1210278.701  1210285.705  1211770.549
278  TIMe*H2       616110.501   377 1232975.003  1232999.711  1235759.293
279  TIMe*H3       594333.639   566 1189799.278  1189855.848  1193979.406
WARNING: ABNORMAL_TERMINATION_IN_LNSRCH
280  TIMe*H4       585567.619   755 1172645.238  1172747.556  1178221.204
WARNING: ABNORMAL_TERMINATION_IN_LNSRCH
281  TIMe*H5       580990.380   944 1163868.761  1164031.430  1170840.565
WARNING: ABNORMAL_TERMINATION_IN_LNSRCH
282  TIMe*H6       578187.440   1133 1158640.880  1158879.273  1167008.522
WARNING: ABNORMAL_TERMINATION_IN_LNSRCH
283  TIMe*H7       576424.017   1322 1155492.035  1155822.347  1165255.514
WARNING: ABNORMAL_TERMINATION_IN_LNSRCH
WARNING: ABNORMAL_TERMINATION_IN_LNSRCH
WARNING: ABNORMAL_TERMINATION_IN_LNSRCH
WARNING: ABNORMAL_TERMINATION_IN_LNSRCH
284  TIMe*H8       572733.747   1511 1148489.495  1148928.805  1159648.812
WARNING: ABNORMAL_TERMINATION_IN_LNSRCH
WARNING: ABNORMAL_TERMINATION_IN_LNSRCH
WARNING: Log-likelihood of TIMe*H9 worse than TIMe*H8
285  TIMe*H9       572847.499   1700 1149094.999  1149661.332  1161650.154
287  TIM+F         687687.787   191 1375757.575  1375763.832  1377168.183
288  TIM+F+I       643579.027   192 1287542.053  1287548.377  1288960.047
289  TIM+F+G4      598590.519   192 1197565.038  1197571.361  1198983.032
290  TIM+F+I+G4    596382.304   193 1193150.609  1193156.998  1194575.988
291  TIM+F+R2      610659.603   193 1221705.207  1221711.597  1223130.586
292  TIM+F+R3      599866.086   195 1200122.172  1200128.696  1201562.322
293  TIM+F+R4      596400.412   197 1193194.825  1193201.484  1194649.746
294  TIM+F+R5      595591.001   199 1191580.002  1191586.798  1193049.694
295  TIM+F+R6      595313.781   201 1191029.562  1191036.496  1192514.024
296  TIM+F+R7      595248.683   203 1190903.367  1190910.440  1192402.600
297  TIM+F+R8      595248.529   205 1190907.058  1190914.272  1192421.062
300  TIM*H2        609463.869   380 1219687.737  1219712.846  1222494.184
301  TIM*H3        589468.315   569 1180074.631  1180131.817  1184276.915
302  TIM*H4        582493.449   758 1166502.897  1166606.057  1172101.019
303  TIM*H5        577588.588   947 1157071.176  1157234.925  1164065.136
304  TIM*H6        574944.473   1136 1152160.946  1152400.670  1160550.744
305  TIM*H7        572802.995   1325 1148255.989  1148587.896  1158041.625
306  TIM*H8        570010.250   1514 1143048.500  1143489.683  1154229.974
307  TIM*H9        569422.179   1703 1142250.358  1142818.859  1154827.670
309  TIM2e         690033.950   188 1380443.900  1380449.962  1381832.353
310  TIM2e+I       652617.797   189 1305613.594  1305619.721  1307009.432
311  TIM2e+G4      617417.181   189 1235212.362  1235218.488  1236608.200
312  TIM2e+I+G4    615624.405   190 1231628.810  1231635.002  1233032.033
313  TIM2e+R2      626211.926   190 1252803.852  1252810.044  1254207.075
314  TIM2e+R3      617360.840   192 1235105.680  1235112.004  1236523.674
315  TIM2e+R4      615220.949   194 1230829.899  1230836.355  1232262.664
316  TIM2e+R5      614539.669   196 1229471.338  1229477.930  1230918.874
317  TIM2e+R6      614376.254   198 1229148.509  1229155.236  1230610.815
318  TIM2e+R7      614299.054   200 1228998.109  1229004.973  1230475.186
319  TIM2e+R8      614298.886   202 1229001.771  1229008.775  1230493.619
322  TIM2e*H2      624498.060   377 1249750.119  1249774.828  1252534.410
323  TIM2e*H3      602777.802   566 1206687.603  1206744.173  1210867.732
324  TIM2e*H4      595536.835   755 1192583.670  1192685.988  1198159.636
325  TIM2e*H5      590481.927   944 1182851.854  1183014.524  1189823.658
326  TIM2e*H6      587691.780   1133 1177649.560  1177887.953  1186017.202
WARNING: ABNORMAL_TERMINATION_IN_LNSRCH
WARNING: ABNORMAL_TERMINATION_IN_LNSRCH
327  TIM2e*H7      584963.463   1322 1172570.926  1172901.238  1182334.405
328  TIM2e*H8      583376.756   1511 1169775.513  1170214.823  1180934.830
WARNING: ABNORMAL_TERMINATION_IN_LNSRCH
WARNING: ABNORMAL_TERMINATION_IN_LNSRCH
329  TIM2e*H9      581674.701   1700 1166749.403  1167315.737  1179304.558
330  TIM2e*H10     580593.779   1889 1164965.559  1165677.962  1178916.552
331  TIM2+F        686562.148   191 1373506.297  1373512.554  1374916.905
332  TIM2+F+I      643602.841   192 1287589.683  1287596.006  1289007.677
333  TIM2+F+G4     600037.378   192 1200458.757  1200465.080  1201876.751
334  TIM2+F+I+G4   597856.849   193 1196099.698  1196106.088  1197525.077
335  TIM2+F+R2     611728.475   193 1223842.951  1223849.341  1225268.330
336  TIM2+F+R3     601312.216   195 1203014.431  1203020.955  1204454.581
337  TIM2+F+R4     597852.788   197 1196099.576  1196106.235  1197554.497
338  TIM2+F+R5     597058.277   199 1194514.553  1194521.349  1195984.245
339  TIM2+F+R6     596766.681   201 1193935.363  1193942.297  1195419.825
340  TIM2+F+R7     596684.935   203 1193775.870  1193782.944  1195275.103
341  TIM2+F+R8     596684.664   205 1193779.327  1193786.542  1195293.331
344  TIM2*H2       610051.213   380 1220862.426  1220887.536  1223668.873
345  TIM2*H3       589872.658   569 1180883.316  1180940.501  1185085.600
346  TIM2*H4       582696.927   758 1166909.854  1167013.014  1172507.976
347  TIM2*H5       578264.064   947 1158422.128  1158585.877  1165416.088
348  TIM2*H6       575788.656   1136 1153849.313  1154089.037  1162239.111
349  TIM2*H7       572936.767   1325 1148523.533  1148855.441  1158309.169
WARNING: ABNORMAL_TERMINATION_IN_LNSRCH
350  TIM2*H8       571533.173   1514 1146094.346  1146535.529  1157275.820
351  TIM2*H9       569839.996   1703 1143085.992  1143654.492  1155663.303
352  TIM2*H10      568948.507   1892 1141681.013  1142395.895  1155654.163
353  TIM3e         699721.408   188 1399818.816  1399824.877  1401207.268
354  TIM3e+I       659626.033   189 1319630.066  1319636.193  1321025.904
355  TIM3e+G4      620082.805   189 1240543.610  1240549.737  1241939.448
356  TIM3e+I+G4    618131.572   190 1236643.144  1236649.335  1238046.367
357  TIM3e+R2      630628.606   190 1261637.212  1261643.404  1263040.435
358  TIM3e+R3      620489.005   192 1241362.009  1241368.333  1242780.003
359  TIM3e+R4      617860.653   194 1236109.305  1236115.762  1237542.070
360  TIM3e+R5      617195.744   196 1234783.488  1234790.079  1236231.023
361  TIM3e+R6      616891.604   198 1234179.209  1234185.936  1235641.515
362  TIM3e+R7      616824.803   200 1234049.605  1234056.470  1235526.682
363  TIM3e+R8      616824.779   202 1234053.558  1234060.562  1235545.406
366  TIM3e*H2      628820.974   377 1258395.949  1258420.657  1261180.239
367  TIM3e*H3      605612.885   566 1212357.770  1212414.340  1216537.898
368  TIM3e*H4      597506.229   755 1196522.459  1196624.777  1202098.425
369  TIM3e*H5      592141.739   944 1186171.477  1186334.147  1193143.281
370  TIM3e*H6      589100.954   1133 1180467.907  1180706.301  1188835.549
371  TIM3e*H7      586997.242   1322 1176638.484  1176968.797  1186401.964
372  TIM3e*H8      585058.941   1511 1173139.881  1173579.191  1184299.199
WARNING: ABNORMAL_TERMINATION_IN_LNSRCH
373  TIM3e*H9      583956.860   1700 1171313.721  1171880.054  1183868.876
374  TIM3e*H10     583057.914   1889 1169893.827  1170606.231  1183844.821
375  TIM3+F        691643.814   191 1383669.627  1383675.885  1385080.236
376  TIM3+F+I      646707.461   192 1293798.921  1293805.245  1295216.915
377  TIM3+F+G4     600660.430   192 1201704.860  1201711.184  1203122.854
378  TIM3+F+I+G4   598485.974   193 1197357.949  1197364.339  1198783.328
379  TIM3+F+R2     613038.144   193 1226462.288  1226468.678  1227887.668
380  TIM3+F+R3     602194.568   195 1204779.137  1204785.660  1206219.287
381  TIM3+F+R4     598538.883   197 1197471.767  1197478.426  1198926.688
382  TIM3+F+R5     597696.434   199 1195790.868  1195797.664  1197260.560
383  TIM3+F+R6     597407.324   201 1195216.648  1195223.582  1196701.111
384  TIM3+F+R7     597322.986   203 1195051.972  1195059.045  1196551.205
385  TIM3+F+R8     597322.834   205 1195055.668  1195062.883  1196569.672
388  TIM3*H2       611327.420   380 1223414.841  1223439.950  1226221.287
389  TIM3*H3       590601.907   569 1182341.814  1182399.000  1186544.099
390  TIM3*H4       583285.096   758 1168086.192  1168189.352  1173684.314
391  TIM3*H5       578780.012   947 1159454.023  1159617.773  1166447.983
392  TIM3*H6       576279.469   1136 1154830.938  1155070.661  1163220.735
393  TIM3*H7       573977.275   1325 1150604.549  1150936.456  1160390.185
394  TIM3*H8       572676.026   1514 1148380.051  1148821.234  1159561.525
WARNING: ABNORMAL_TERMINATION_IN_LNSRCH
WARNING: ABNORMAL_TERMINATION_IN_LNSRCH
WARNING: ABNORMAL_TERMINATION_IN_LNSRCH
395  TIM3*H9       571308.016   1703 1146022.032  1146590.533  1158599.344
396  TIM3*H10      570100.817   1892 1143985.633  1144700.515  1157958.782
397  TVMe          679493.467   189 1359364.935  1359371.061  1360760.773
398  TVMe+I        641862.909   190 1284105.818  1284112.010  1285509.042
399  TVMe+G4       605161.940   190 1210703.879  1210710.071  1212107.103
400  TVMe+I+G4     603269.422   191 1206920.843  1206927.101  1208331.452
401  TVMe+R2       614610.539   191 1229603.077  1229609.335  1231013.686
402  TVMe+R3       605300.192   193 1210986.383  1210992.773  1212411.762
403  TVMe+R4       602940.589   195 1206271.178  1206277.702  1207711.328
404  TVMe+R5       602227.213   197 1204848.426  1204855.085  1206303.347
405  TVMe+R6       601994.803   199 1204387.605  1204394.401  1205857.297
406  TVMe+R7       601908.872   201 1204219.745  1204226.679  1205704.207
407  TVMe+R8       601908.672   203 1204223.344  1204230.418  1205722.578
410  TVMe*H2       612876.314   379 1226510.627  1226535.603  1229309.688
411  TVMe*H3       592223.615   569 1185585.230  1185642.416  1189787.514
412  TVMe*H4       584051.807   759 1169621.615  1169725.056  1175227.122
413  TVMe*H5       578938.519   949 1159775.038  1159939.510  1166783.769
414  TVMe*H6       575968.850   1139 1154215.700  1154456.758  1162627.654
WARNING: ABNORMAL_TERMINATION_IN_LNSRCH
WARNING: ABNORMAL_TERMINATION_IN_LNSRCH
WARNING: ABNORMAL_TERMINATION_IN_LNSRCH
415  TVMe*H7       573394.482   1329 1149446.964  1149781.003  1159262.141
416  TVMe*H8       571808.064   1519 1146654.127  1147098.442  1157872.528
WARNING: ABNORMAL_TERMINATION_IN_LNSRCH
417  TVMe*H9       570607.341   1709 1144632.682  1145205.531  1157254.306
WARNING: ABNORMAL_TERMINATION_IN_LNSRCH
WARNING: ABNORMAL_TERMINATION_IN_LNSRCH
WARNING: ABNORMAL_TERMINATION_IN_LNSRCH
WARNING: ABNORMAL_TERMINATION_IN_LNSRCH
WARNING: ABNORMAL_TERMINATION_IN_LNSRCH
WARNING: ABNORMAL_TERMINATION_IN_LNSRCH
WARNING: ABNORMAL_TERMINATION_IN_LNSRCH
WARNING: ABNORMAL_TERMINATION_IN_LNSRCH
WARNING: ABNORMAL_TERMINATION_IN_LNSRCH
WARNING: ABNORMAL_TERMINATION_IN_LNSRCH
WARNING: ABNORMAL_TERMINATION_IN_LNSRCH
418  TVMe*H10      569305.951   1899 1142409.903  1143130.586  1156434.750
419  TVM+F         685153.165   192 1370690.329  1370696.653  1372108.323
420  TVM+F+I       642402.926   193 1285191.852  1285198.242  1286617.231
421  TVM+F+G4      599139.500   193 1198664.999  1198671.389  1200090.379
422  TVM+F+I+G4    596786.368   194 1193960.736  1193967.193  1195393.501
423  TVM+F+R2      610570.075   194 1221528.150  1221534.607  1222960.915
424  TVM+F+R3      600085.477   196 1200562.954  1200569.545  1202010.489
425  TVM+F+R4      596775.423   198 1193946.847  1193953.574  1195409.153
426  TVM+F+R5      595933.561   200 1192267.122  1192273.987  1193744.199
427  TVM+F+R6      595707.685   202 1191819.370  1191826.373  1193311.218
428  TVM+F+R7      595652.852   204 1191713.705  1191720.849  1193220.323
429  TVM+F+R8      595652.667   206 1191717.334  1191724.620  1193238.723
432  TVM*H2        608769.774   382 1218303.549  1218328.927  1221124.766
433  TVM*H3        589012.816   572 1179169.632  1179227.437  1183394.072
434  TVM*H4        581302.784   762 1164129.568  1164233.856  1169757.232
435  TVM*H5        577064.454   952 1156032.908  1156198.465  1163063.795
436  TVM*H6        573939.797   1142 1150163.595  1150405.991  1158597.705
437  TVM*H7        572484.156   1332 1147632.312  1147967.956  1157469.646
WARNING: ABNORMAL_TERMINATION_IN_LNSRCH
438  TVM*H8        570934.373   1522 1144912.746  1145358.946  1156153.303
WARNING: ABNORMAL_TERMINATION_IN_LNSRCH
439  TVM*H9        569488.084   1712 1142400.168  1142975.199  1155043.948
WARNING: ABNORMAL_TERMINATION_IN_LNSRCH
WARNING: ABNORMAL_TERMINATION_IN_LNSRCH
WARNING: ABNORMAL_TERMINATION_IN_LNSRCH
WARNING: ABNORMAL_TERMINATION_IN_LNSRCH
440  TVM*H10       567263.127   1902 1138330.254  1139053.432  1152377.257
441  SYM           679336.667   190 1359053.335  1359059.526  1360456.558
442  SYM+I         641511.292   191 1283404.585  1283410.842  1284815.193
443  SYM+G4        604129.840   191 1208641.681  1208647.938  1210052.289
444  SYM+I+G4      602232.675   192 1204849.350  1204855.674  1206267.344
445  SYM+R2        613811.089   192 1228006.178  1228012.501  1229424.172
446  SYM+R3        604360.234   194 1209108.467  1209114.924  1210541.232
447  SYM+R4        601897.188   196 1204186.377  1204192.968  1205633.912
448  SYM+R5        601220.772   198 1202837.543  1202844.271  1204299.850
449  SYM+R6        600931.813   200 1202263.627  1202270.492  1203740.704
450  SYM+R7        600830.892   202 1202065.783  1202072.787  1203557.631
451  SYM+R8        600830.773   204 1202069.547  1202076.690  1203576.165
454  SYM*H2        612092.418   381 1224946.836  1224972.079  1227760.667
455  SYM*H3        591804.087   572 1184752.174  1184809.979  1188976.614
456  SYM*H4        583159.698   763 1167845.396  1167949.967  1173480.445
457  SYM*H5        578468.467   954 1158844.933  1159011.217  1165890.591
458  SYM*H6        575288.165   1145 1152866.330  1153110.069  1161322.596
459  SYM*H7        571887.126   1336 1146446.252  1146784.042  1156313.127
460  SYM*H8        570265.413   1527 1143584.826  1144034.177  1154862.309
461  SYM*H9        568605.724   1718 1140647.449  1141226.857  1153335.541
462  SYM*H10       567447.236   1909 1138712.472  1139441.491  1152811.173
463  GTR+F         685126.741   193 1370639.482  1370645.872  1372064.861
464  GTR+F+I       642307.641   194 1285003.283  1285009.740  1286436.048
465  GTR+F+G4      598494.922   194 1197377.844  1197384.301  1198810.609
466  GTR+F+I+G4    596309.022   195 1193008.043  1193014.567  1194448.194
467  GTR+F+R2      610354.744   195 1221099.488  1221106.012  1222539.638
468  GTR+F+R3      599752.012   197 1199898.024  1199904.683  1201352.945
469  GTR+F+R4      596319.104   199 1193036.207  1193043.003  1194505.899
470  GTR+F+R5      595518.437   201 1191438.873  1191445.807  1192923.336
471  GTR+F+R6      595232.657   203 1190871.313  1190878.387  1192370.547
472  GTR+F+R7      595163.609   205 1190737.219  1190744.433  1192251.223
473  GTR+F+R8      595163.342   207 1190740.683  1190748.040  1192269.458
476  GTR*H2        608391.106   384 1217550.213  1217575.862  1220386.201
477  GTR*H3        588728.759   575 1178607.519  1178665.947  1182854.116
478  GTR*H4        581079.932   766 1163691.863  1163797.286  1169349.069
479  GTR*H5        575703.290   957 1153320.579  1153487.956  1160388.393
480  GTR*H6        573388.473   1148 1149072.947  1149318.033  1157551.369
481  GTR*H7        570879.346   1339 1144436.692  1144776.096  1154325.723
482  GTR*H8        569718.409   1530 1142496.817  1142948.066  1153796.457
483  GTR*H9        567808.999   1721 1139059.997  1139641.601  1151770.246
484  GTR*H10       566685.306   1912 1137194.611  1137926.143  1151315.469
Akaike Information Criterion:           GTR*H10
Corrected Akaike Information Criterion: GTR*H10
Bayesian Information Criterion:         GTR*H10
Best-fit model: GTR*H10 chosen according to BIC

All model information printed to TransGhostBNNI.model.gz
CPU time for ModelFinder: 47319.996 seconds (13h:8m:39s)
Wall-clock time for ModelFinder: 47419.927 seconds (13h:10m:19s)
Generating 1000 samples for ultrafast bootstrap (seed: 675546)...

NOTE: 307 MB RAM (0 GB) is required!
Estimate model parameters (epsilon = 0.100)
(NC_003372[0.012710/0.151490/0.146840/0.911988/0.215956/0.468716/0.344733/0.673068/0.919917/0.602315]:0.444773,((((((((((((((((NC_003970[0.012013/0.174455/0.095701/0.980275/0.222146/0.352903/0.518674/0.481297/0.584811/0.447801]:0.387008,NC_030060[0.004234/0.118765/0.071389/0.147725/0.204524/0.231241/0.347444/0.341393/0.766950/0.411693]:0.264536)[0.004082/0.035887/0.049175/0.357783/0.023299/0.039645/0.096434/0.094542/0.052605/0.110822]:0.086428,NC_027176[0.008570/0.117696/0.056880/0.827051/0.142334/0.162672/0.410204/0.403222/0.667756/0.406909]:0.320329)[0.000002/0.019595/0.019052/0.160074/0.036797/0.078127/0.063077/0.058834/0.000003/0.151825]:0.058739,(NC_010964[0.009055/0.118221/0.072812/1.912620/0.211824/0.338506/0.411637/0.487995/0.541923/0.426873]:0.453146,NC_013576[0.010984/0.149883/0.163459/0.822463/0.276305/0.391664/0.584127/0.532497/0.643504/0.599697]:0.417458)[0.000003/0.010767/0.003847/0.052100/0.015315/0.000002/0.035280/0.041979/0.000003/0.107092]:0.026639)[0.000001/0.007336/0.002141/0.000003/0.020668/0.032024/0.040793/0.042204/0.051688/0.002057]:0.019892,(NC_009964[0.001871/0.102159/0.029899/0.220465/0.157477/0.128303/0.405165/0.359372/2.167024/0.456694]:0.402843,NC_028541[0.000003/0.095218/0.018266/0.237761/0.143293/0.144627/0.324277/0.385387/2.205321/0.405346]:0.395950)[0.000003/0.040914/0.011262/0.000003/0.042443/0.084379/0.263587/0.051367/0.476498/0.200401]:0.117085)[0.000962/0.035214/0.022644/0.036966/0.059347/0.108637/0.098264/0.093404/0.000002/0.112677]:0.056812,(((NC_011328[0.011494/0.285396/0.172160/0.244102/0.368248/0.501743/1.113806/0.494928/1.944666/1.588003]:0.672455,NC_028603[0.003559/0.273470/0.157102/0.290567/0.442667/0.453459/0.749805/0.895070/9.999998/3.297271]:1.656297)[0.000002/0.027152/0.004998/0.000003/0.011382/0.032152/0.032276/0.038707/1.194661/0.000002]:0.134134,(NC_013582[0.002710/0.195738/0.094706/0.236986/0.233898/0.356965/0.641500/0.521226/3.749473/1.199937]:0.723314,NC_042820[0.009263/0.109663/0.123726/0.474736/0.199611/0.378349/0.868708/0.440060/1.144520/0.938488]:0.468712)[0.001074/0.022616/0.037125/0.000002/0.116097/0.069561/0.210400/0.020073/0.000003/0.000002]:0.047695)[0.000003/0.018521/0.002051/0.011267/0.009757/0.030198/0.039538/0.018384/0.000002/0.000002]:0.012973,((NC_012765[0.001950/0.138088/0.050722/0.288413/0.274549/0.221359/0.628319/0.433152/2.227745/0.716197]:0.498049,NC_013580[0.003488/0.184609/0.070676/0.233560/0.327124/0.271311/0.647315/0.471148/4.081238/0.927061]:0.721753)[0.000136/0.008083/0.003233/0.048223/0.000002/0.041430/0.021289/0.032568/0.000003/0.000002]:0.015497,NC_030758[0.004605/0.163651/0.059259/0.543059/0.243532/0.309223/0.622443/0.549568/1.750684/0.665747]:0.491177)[0.000002/0.035081/0.015156/0.015346/0.025937/0.062538/0.112152/0.039791/0.345681/0.108091]:0.075978)[0.000002/0.014413/0.000003/0.002785/0.000003/0.032513/0.000003/0.032583/0.000002/0.028263]:0.011057)[0.000003/0.002094/0.000002/0.013542/0.006364/0.011108/0.004245/0.036369/0.000002/0.074993]:0.014872,(NC_036275[0.000256/0.109917/0.041173/0.447462/0.166572/0.150042/0.394464/0.552250/1.747057/0.592631]:0.420182,NC_036279[0.003625/0.074003/0.020970/0.503503/0.136478/0.190498/0.400086/0.415872/0.931731/0.509898]:0.318666)[0.000259/0.011789/0.006692/0.004157/0.030525/0.084689/0.061516/0.061520/0.000003/0.050725]:0.031187)[0.000002/0.009901/0.000002/0.000002/0.021490/0.041449/0.057002/0.025169/0.062516/0.089268]:0.030680,(((NC_018353[0.008669/0.164451/0.148498/0.458634/0.383310/0.518550/0.661273/0.669762/1.198930/1.188678]:0.540075,NC_028607[0.004350/0.134945/0.090215/0.395761/0.221432/0.412985/0.451470/0.626988/0.751416/0.842281]:0.393184)[0.000248/0.001119/0.003134/0.078386/0.017058/0.024696/0.000002/0.000002/0.252460/0.000003]:0.037711,NC_037200[0.001756/0.067043/0.089614/0.730163/0.257578/0.323057/0.389807/0.607132/0.786732/0.607371]:0.386025)[0.000002/0.006980/0.003578/0.139202/0.000002/0.013838/0.000002/0.046825/0.000003/0.009893]:0.022033,((((NC_023246[0.003687/0.141506/0.062525/0.166455/0.233749/0.263306/0.484328/0.366675/9.444669/0.644573]:1.181147,NC_030778[0.004393/0.079163/0.025057/0.654973/0.146488/0.182612/0.278220/0.405526/0.170845/0.382623]:0.232990)[0.001150/0.007616/0.027607/0.062178/0.017093/0.092029/0.065437/0.072952/0.984285/0.089392]:0.141974,NC_027580[0.002290/0.160440/0.066633/0.228051/0.297194/0.299727/0.587265/0.422598/4.816063/0.781277]:0.766154)[0.000002/0.019643/0.001488/0.000002/0.009220/0.035531/0.084851/0.074802/0.673491/0.134352]:0.103338,NC_042614[0.002258/0.107335/0.035491/0.404653/0.177323/0.256568/0.418647/0.526316/1.892934/0.564566]:0.438609)[0.000002/0.000003/0.003898/0.000002/0.005360/0.004844/0.055150/0.012753/0.200366/0.053327]:0.033571,NC_042922[0.002342/0.089320/0.056036/0.528609/0.212136/0.250155/0.448696/0.504364/0.763683/0.556859]:0.341220)[0.000228/0.014610/0.005172/0.000002/0.023103/0.039997/0.015465/0.050473/0.053799/0.098832]:0.030168)[0.000003/0.000003/0.003681/0.018473/0.000003/0.045587/0.005844/0.000003/0.000003/0.022062]:0.009566)[0.000003/0.000002/0.000900/0.004971/0.000002/0.000002/0.077837/0.034384/0.014516/0.024153]:0.015677,((((NC_018349[0.001941/0.074276/0.038932/0.164401/0.075988/0.106623/0.380235/0.406294/0.934419/0.476240]:0.265935,NC_028612[0.000474/0.059267/0.028861/0.452737/0.172234/0.214268/0.259987/0.562105/0.759563/0.435269]:0.294476)[0.001416/0.017083/0.009501/0.000003/0.025832/0.047406/0.054267/0.038838/0.000003/0.090532]:0.028488,NC_036270[0.001706/0.040086/0.053084/1.022085/0.160115/0.165874/0.233331/0.573191/0.633018/0.366061]:0.324855)[0.000405/0.009791/0.017932/0.157752/0.029226/0.088630/0.045480/0.059988/0.000003/0.087445]:0.049665,(NC_038115[0.002084/0.082852/0.049645/0.167188/0.133691/0.201231/0.354137/0.453521/0.961936/0.585526]:0.299181,NC_039689[0.001316/0.058003/0.047545/0.684181/0.133027/0.183041/0.198159/0.487174/0.494641/0.381376]:0.266846)[0.000480/0.007617/0.014379/0.554551/0.031275/0.084906/0.028643/0.085666/0.110543/0.066188]:0.098425)[0.000002/0.002090/0.000825/0.075656/0.003023/0.020069/0.011693/0.070334/0.005218/0.050121]:0.023903,((((NC_018352[0.003362/0.072516/0.032255/0.473215/0.097787/0.171823/0.325667/0.510062/0.971994/0.414122]:0.307280,NC_028601[0.001068/0.041252/0.043066/0.166049/0.150198/0.151546/0.350713/0.423905/0.672324/0.496639]:0.249676)[0.000003/0.003478/0.000002/0.000003/0.014666/0.037215/0.013207/0.031702/0.104591/0.014464]:0.021933,(NC_028609[0.003473/0.103743/0.094344/0.605157/0.220593/0.312900/0.393805/0.538912/0.824504/0.661791]:0.375922,NC_028611[0.002716/0.101136/0.063573/0.857749/0.215319/0.284173/0.337396/0.382281/0.754152/0.602695]:0.360119)[0.000244/0.001115/0.008109/0.000002/0.017809/0.081394/0.016261/0.045804/0.000002/0.048196]:0.021894)[0.000002/0.000003/0.000002/0.000002/0.000002/0.000003/0.011104/0.017929/0.036323/0.000002]:0.006537,(NC_028606[0.002319/0.046890/0.037563/0.422609/0.117472/0.200859/0.230602/0.479579/0.723730/0.455938]:0.271756,NC_036273[0.002011/0.101099/0.100973/0.671179/0.191085/0.358434/0.265620/0.608339/0.578306/0.645506]:0.352255)[0.000256/0.005272/0.002304/0.512990/0.013397/0.036952/0.000002/0.095065/0.000003/0.067762]:0.073400)[0.000003/0.000002/0.006110/0.000002/0.004261/0.000003/0.000002/0.025539/0.000002/0.000003]:0.003593,(NC_028605[0.000663/0.059079/0.023181/0.699222/0.107537/0.178673/0.199652/0.466936/0.633971/0.423507]:0.279242,NC_028613[0.002118/0.072424/0.052081/0.312364/0.136809/0.256590/0.270046/0.538492/0.653585/0.461923]:0.275643)[0.000255/0.000003/0.001439/0.327904/0.005562/0.035946/0.025096/0.038201/0.000002/0.000777]:0.043519)[0.000141/0.007975/0.007553/0.235664/0.023552/0.049600/0.014162/0.087014/0.020861/0.062169]:0.050869)[0.000003/0.001130/0.002495/0.145185/0.000003/0.031064/0.007747/0.019526/0.108837/0.037301]:0.035329)[0.000003/0.001485/0.000002/0.000002/0.013678/0.014109/0.006606/0.029805/0.000003/0.037466]:0.010316,((NC_011320[0.002766/0.140503/0.096836/0.400427/0.241072/0.334103/0.447271/0.557239/1.413733/0.715551]:0.434950,NC_036278[0.019098/0.197118/0.166115/2.269216/0.349044/0.461708/0.371557/0.660387/0.550003/0.538856]:0.558310)[0.000917/0.000003/0.013490/0.000003/0.000002/0.021257/0.019457/0.018354/0.048710/0.000002]:0.012219,(((NC_011322[0.001284/0.051708/0.080005/0.237506/0.171567/0.188694/0.215555/0.335902/0.408960/0.364428]:0.205561,NC_036265[0.002514/0.107206/0.120705/0.296247/0.259217/0.373252/0.287038/0.547046/0.552088/0.472647]:0.301796)[0.000003/0.011362/0.007091/0.034352/0.017146/0.066582/0.010986/0.057893/0.000002/0.060595]:0.026601,NC_012144[0.003904/0.080523/0.081883/0.418555/0.183993/0.236090/0.238421/0.423310/0.790435/0.402943]:0.286006)[0.000247/0.012869/0.009941/0.000002/0.022723/0.046127/0.028994/0.118157/0.000931/0.037090]:0.027708,(((NC_011329[0.000710/0.034591/0.010381/0.117022/0.055542/0.077337/0.111061/0.198660/0.257135/0.189953]:0.105239,NC_016469[0.001303/0.018817/0.022306/0.174135/0.062349/0.070605/0.137801/0.270321/0.351553/0.166862]:0.127605)[0.000252/0.000002/0.002063/0.022273/0.021485/0.007376/0.028443/0.045377/0.054867/0.059369]:0.024151,(NC_030592[0.000809/0.036794/0.031680/0.309521/0.064949/0.081315/0.212245/0.288637/0.376892/0.245923]:0.164876,NC_036261[0.000991/0.040771/0.046455/0.238955/0.115820/0.140280/0.161895/0.321436/0.415816/0.414209]:0.189663)[0.000002/0.011848/0.005472/0.000003/0.012559/0.037426/0.014628/0.044944/0.030429/0.000003]:0.015731)[0.000002/0.005167/0.005020/0.069221/0.032081/0.024235/0.015683/0.084240/0.021318/0.065248]:0.032222,(((NC_012139[0.000523/0.030425/0.012856/0.194626/0.080982/0.060774/0.118856/0.262660/0.363078/0.246539]:0.137132,NC_036271[0.001610/0.048165/0.040743/0.380784/0.085500/0.142411/0.204292/0.336575/0.538851/0.335653]:0.211459)[0.000002/0.007199/0.003281/0.012801/0.013347/0.023847/0.012939/0.060110/0.000003/0.016158]:0.014969,(NC_030593[0.000223/0.042691/0.040225/0.242450/0.115919/0.136540/0.198389/0.353031/0.664581/0.320759]:0.211481,NC_037749[0.004561/0.084778/0.059944/0.555787/0.179901/0.188999/0.360193/0.473807/0.946386/0.510960]:0.336532)[0.000003/0.006145/0.008269/0.133527/0.015702/0.042686/0.044089/0.039519/0.000003/0.057467]:0.034741)[0.000002/0.000003/0.003032/0.000003/0.007255/0.017419/0.015328/0.019953/0.010587/0.023522]:0.009710,(NC_013249[0.002504/0.063778/0.065364/0.263264/0.146941/0.155158/0.288313/0.389909/0.673413/0.395652]:0.244429,NC_035714[0.002320/0.091284/0.045880/0.481153/0.173598/0.210968/0.453494/0.514786/0.725347/0.444553]:0.314338)[0.000003/0.008123/0.008807/0.173426/0.000003/0.053512/0.018103/0.028159/0.000003/0.043027]:0.033317)[0.000002/0.001036/0.000003/0.003068/0.002599/0.000002/0.015533/0.003602/0.000002/0.015895]:0.004174)[0.000825/0.017991/0.036803/0.000002/0.071596/0.135648/0.068041/0.121408/0.165485/0.107655]:0.072545)[0.000003/0.005842/0.031204/1.327653/0.022402/0.080660/0.038144/0.145020/0.045592/0.080441]:0.177696)[0.000617/0.028193/0.016408/0.226418/0.050556/0.122233/0.064529/0.140660/0.054456/0.172910]:0.087698)[0.000211/0.007804/0.013744/0.000003/0.035781/0.085213/0.031352/0.043614/0.038596/0.085307]:0.034162,(((NC_013254[0.001962/0.110383/0.072787/0.551601/0.277836/0.330484/0.488429/0.554920/2.293419/0.787230]:0.546905,NC_036277[0.009277/0.254481/0.152105/0.629194/0.353079/0.471988/0.579774/0.770076/0.829818/0.707633]:0.475743)[0.000509/0.007711/0.028732/0.000002/0.038890/0.043284/0.054656/0.120636/0.389777/0.167099]:0.085130,((((NC_024633[0.000482/0.072879/0.005904/0.174659/0.045578/0.035053/0.255215/0.174091/0.389698/0.199015]:0.135257,NC_037196[0.000003/0.044910/0.004631/0.241769/0.062643/0.084846/0.167850/0.178894/0.561600/0.272027]:0.161917)[0.000585/0.059718/0.033771/0.035555/0.078222/0.091402/0.380952/0.215817/0.221777/0.264198]:0.138200,NC_025332[0.001048/0.042307/0.041349/0.226589/0.139535/0.201680/0.269939/0.421586/1.349629/0.386996]:0.308066)[0.000001/0.023945/0.007774/0.013439/0.026028/0.071144/0.096498/0.000003/0.000002/0.078186]:0.031702,NC_027256[0.001278/0.133714/0.041629/0.198911/0.153652/0.165275/0.405079/0.339425/2.667875/0.585556]:0.469239)[0.000257/0.016651/0.007949/0.028228/0.022701/0.074007/0.158576/0.082890/0.062324/0.208013]:0.066160,NC_039657[0.006631/0.180275/0.072260/0.486606/0.328047/0.265560/0.487366/0.659516/4.054148/0.916991]:0.745740)[0.000003/0.021327/0.002515/0.000002/0.002540/0.000002/0.032879/0.008201/0.215306/0.000002]:0.028278)[0.000002/0.005136/0.000003/0.000003/0.000002/0.000003/0.121804/0.000002/0.189777/0.033008]:0.034974,(NC_036269[0.001126/0.056708/0.036528/0.675883/0.121206/0.141738/0.339778/0.402171/0.523721/0.379659]:0.267852,(NC_036274[0.001623/0.067426/0.070030/0.231555/0.197564/0.158742/0.178317/0.420402/0.500331/0.570591]:0.239658,NC_036276[0.001461/0.068589/0.036083/0.317744/0.114758/0.109367/0.282001/0.365498/0.626887/0.465740]:0.238813)[0.000002/0.008645/0.000002/0.000002/0.016295/0.034537/0.012165/0.162199/0.000002/0.000003]:0.023385)[0.000002/0.007995/0.005133/1.327350/0.016897/0.064965/0.000003/0.099411/0.000002/0.051641]:0.157340)[0.000003/0.013100/0.019602/0.000002/0.060785/0.096803/0.066477/0.076269/0.132957/0.171626]:0.063762)[0.000003/0.000003/0.000618/0.078925/0.004690/0.000003/0.002267/0.027769/0.004635/0.006181]:0.012509,(((NC_011324[0.001605/0.065932/0.057507/0.376460/0.193468/0.218849/0.261558/0.476991/0.731373/0.518140]:0.290188,NC_033340[0.001981/0.055469/0.049118/0.354330/0.153447/0.192565/0.253920/0.445427/0.545731/0.424869]:0.247686)[0.000233/0.011047/0.019411/0.000002/0.058739/0.094808/0.078001/0.096877/0.000002/0.166882]:0.052600,((NC_036678[0.004582/0.112685/0.084849/0.576541/0.199190/0.314041/0.408002/0.372164/0.839296/0.720190]:0.363154,NC_038197[0.005709/0.153747/0.078173/0.388986/0.244590/0.366823/0.359972/0.766533/0.630035/0.576094]:0.357066)[0.001841/0.059758/0.070830/0.000002/0.115514/0.178484/0.150831/0.224841/0.000002/0.233350]:0.103545,(NC_041172[0.010897/0.151721/0.134646/1.924726/0.232176/0.300438/0.357279/0.538543/0.537821/0.510724]:0.469897,NC_042417[0.006170/0.119734/0.111735/0.337863/0.219284/0.301682/0.358025/0.467948/0.565792/0.472735]:0.296097)[0.002912/0.082781/0.077139/0.066513/0.171050/0.246001/0.160092/0.206778/0.199895/0.165565]:0.137873)[0.000002/0.004630/0.000002/0.000003/0.026360/0.031337/0.017968/0.047354/0.000002/0.076678]:0.020434)[0.000002/0.001392/0.003125/0.063519/0.020433/0.035310/0.012524/0.032237/0.000002/0.000003]:0.016855,(NC_024271[0.002790/0.061796/0.063504/0.284891/0.193951/0.290551/0.237771/0.536797/0.651383/0.592767]:0.291620,NC_036267[0.002277/0.064951/0.059567/0.444485/0.167870/0.167649/0.277030/0.654924/0.693097/0.562095]:0.309394)[0.000191/0.002250/0.000002/0.000002/0.003072/0.031478/0.040437/0.000002/0.025709/0.037957]:0.014110)[0.000002/0.000002/0.005586/1.305856/0.002693/0.017075/0.007884/0.112394/0.000002/0.056559]:0.150805)[0.000002/0.003652/0.022350/0.000002/0.020665/0.072082/0.024582/0.090793/0.000002/0.118402]:0.035253,((NC_018354[0.002028/0.068894/0.057239/0.550635/0.127138/0.137390/0.241973/0.385184/0.614992/0.319839]:0.250531,NC_027577[0.009964/0.121840/0.084962/0.545655/0.210005/0.252833/0.408483/0.490293/0.695844/0.490293]:0.331017)[0.001554/0.009199/0.022411/0.178739/0.048484/0.044657/0.085711/0.037144/0.046657/0.149921]:0.062448,((((NC_022680[0.009444/0.098613/0.069672/0.296573/0.219312/0.187737/0.401811/0.362671/0.886565/0.372867]:0.290527,NC_041669[0.011301/0.174903/0.172806/0.617067/0.212954/0.331047/0.377758/0.658181/0.869627/0.414087]:0.383973)[0.000173/0.012320/0.006093/0.000002/0.026596/0.000003/0.023487/0.000003/0.085274/0.063900]:0.021785,NC_034293[0.002833/0.144990/0.074193/0.471014/0.157798/0.195340/0.395644/0.451267/0.591832/0.409186]:0.289410)[0.000001/0.016074/0.004285/0.121934/0.009945/0.000003/0.023672/0.025496/0.054056/0.042340]:0.029780,NC_025945[0.002142/0.087135/0.100361/0.658428/0.197336/0.195833/0.265616/0.405518/0.914196/0.411706]:0.323827)[0.000943/0.023789/0.038091/0.156495/0.052480/0.080361/0.089401/0.124434/0.000003/0.110200]:0.067620,(NC_030764[0.008741/0.192241/0.191846/0.378647/0.318001/0.426738/0.400484/0.631496/0.920273/0.777873]:0.424634,NC_036291[0.009702/0.216367/0.204493/0.471204/0.421939/0.338478/0.696941/0.676103/3.333706/0.828894]:0.719783)[0.000710/0.013569/0.000002/0.031364/0.023344/0.055873/0.036504/0.014547/0.250877/0.000002]:0.042679)[0.000684/0.020963/0.005629/0.000002/0.018405/0.060880/0.017430/0.023799/0.000002/0.072109]:0.021990)[0.000777/0.037215/0.063177/0.181196/0.081120/0.140112/0.064593/0.206420/0.189621/0.198845]:0.116308)[0.000416/0.001785/0.004853/0.000002/0.003844/0.009151/0.005839/0.013492/0.017343/0.007252]:0.006398,((((NC_025243[0.003793/0.123735/0.043890/0.327110/0.147953/0.206154/0.373233/0.423156/1.725899/0.499266]:0.387419,(NC_029515[0.004047/0.171037/0.058573/0.303489/0.188314/0.342128/0.559877/0.470413/3.677940/0.771531]:0.654735,NC_038089[0.001724/0.129882/0.042615/0.408013/0.143640/0.141517/0.435264/0.483618/4.433997/0.564304]:0.678457)[0.000002/0.016583/0.000698/0.000003/0.023392/0.049464/0.000002/0.003132/0.231434/0.003380]:0.032809)[0.000003/0.016843/0.000002/0.000003/0.006944/0.014330/0.188948/0.025400/0.156976/0.114725]:0.052417,NC_043883[0.001755/0.031222/0.028453/1.137087/0.163835/0.287279/0.209478/0.550110/0.511617/0.514064]:0.343490)[0.000003/0.000474/0.000003/0.000003/0.000003/0.020632/0.044136/0.000002/0.000003/0.002400]:0.006766,NC_038090[0.001145/0.053248/0.051886/1.154195/0.118335/0.190645/0.221945/0.557763/0.662939/0.455846]:0.346795)[0.000002/0.002194/0.002143/0.000002/0.018477/0.008094/0.000931/0.019542/0.134836/0.039523]:0.022574,(NC_027114[0.001048/0.061758/0.048004/0.760876/0.103111/0.132557/0.190051/0.368717/0.613429/0.343656]:0.262321,NC_036108[0.002476/0.083084/0.070910/0.000003/0.160565/0.240506/0.313686/0.372450/0.620866/0.418273]:0.228282)[0.002739/0.029794/0.052672/0.784841/0.086789/0.139305/0.091565/0.200407/0.045323/0.263724]:0.169716)[0.000002/0.002816/0.005815/0.002197/0.009663/0.022997/0.017218/0.028930/0.068193/0.059843]:0.021768)[0.000002/0.001972/0.001267/0.149077/0.001993/0.005060/0.000853/0.006998/0.000002/0.000002]:0.016723,((NC_011326[0.000939/0.086331/0.034125/0.426376/0.106076/0.170602/0.270793/0.369082/1.260864/0.477781]:0.320297,NC_018350[0.001681/0.075655/0.047712/0.413933/0.165234/0.212217/0.312366/0.488470/0.841337/0.512214]:0.307082)[0.000256/0.007225/0.000002/0.000003/0.010811/0.000002/0.012394/0.044903/0.050458/0.000003]:0.012606,NC_028203[0.030816/0.126007/0.093203/0.827746/0.246493/0.442202/0.430211/0.688463/0.960465/0.645743]:0.449135)[0.000003/0.000002/0.008900/0.210211/0.023979/0.037597/0.014722/0.104936/0.000003/0.092576]:0.049293)[0.000003/0.003339/0.000003/0.000002/0.000002/0.011262/0.000002/0.023110/0.000002/0.030418]:0.006814,(NC_036104[0.002922/0.070501/0.056063/0.655822/0.141684/0.215108/0.268423/0.528783/0.592090/0.586773]:0.311817,NC_036266[0.005126/0.090738/0.133503/0.787374/0.283301/0.300097/0.341873/0.575873/0.760467/0.668423]:0.394678)[0.000253/0.002151/0.020438/0.132183/0.028731/0.063360/0.025729/0.025253/0.102889/0.033301]:0.043429)[0.000258/0.003017/0.009365/0.000003/0.009504/0.024782/0.016960/0.029706/0.000002/0.037158]:0.013075,NC_035677[0.001708/0.092693/0.067152/0.766168/0.172626/0.271337/0.292316/0.640817/1.718132/0.535077]:0.455803)[0.000003/0.000287/0.000002/0.000003/0.000002/0.028962/0.049234/0.000003/0.000002/0.034813]:0.011331,(NC_042198[0.012097/0.314255/0.263258/0.612686/0.368824/0.506378/0.787494/0.880879/0.819836/1.326259]:0.589196,NC_042828[0.013190/0.329367/0.177152/0.369025/0.342143/0.385831/0.826218/0.713892/3.421554/0.917052]:0.749543)[0.000002/0.002015/0.001170/0.020508/0.039993/0.061208/0.016371/0.000003/0.000002/0.000003]:0.014127);
Site proportion and rates:  (0.171380,0.056539) (0.102401,4.179018) (0.102749,5.875098) (0.028753,34.712995) (0.124385,8.026256) (0.114883,8.693986) (0.163255,6.113850) (0.142135,7.027257) (0.031928,31.267114) (0.018132,55.045633)
Partition Noname
score: -654426.751783  old_score: -609475.438944
ERROR: ratefree.cpp:539: double RateFree::optimizeWithEM(): Assertion `score > old_score-0.1' failed.
ERROR: STACK TRACE FOR DEBUGGING:
ERROR: 
ERROR: *** IQ-TREE CRASHES WITH SIGNAL ABORTED
ERROR: *** For bug report please send to developers:
ERROR: ***    Log file: TransGhostBNNI.log
ERROR: ***    Alignment files (if possible)
