IQ-TREE multicore version 1.6.10 for Linux 64-bit built Feb 19 2019
Developed by Bui Quang Minh, Nguyen Lam Tung, Olga Chernomor,
Heiko Schmidt, Dominik Schrempf, Michael Woodhams.

Host:    hpc-crick (AVX, 251 GB RAM)
Command: iqtree -s TransSM.fasta -pre TransGhostRateLinkedBNNI -m MFP+FO+H4 -bb 1000 -bnni
Seed:    141264 (Using SPRNG - Scalable Parallel Random Number Generator)
Time:    Fri Sep 11 04:34:19 2020
Kernel:  AVX - 1 threads (40 CPU cores detected)

HINT: Use -nt option to specify number of threads because your CPU has 40 cores!
HINT: -nt AUTO will automatically determine the best number of threads to use.

Reading alignment file TransSM.fasta ... Fasta format detected
Alignment most likely contains DNA/RNA sequences
Alignment has 94 sequences with 11913 columns, 8960 distinct patterns
8118 parsimony-informative, 928 singleton sites, 2867 constant sites
           Gap/Ambiguity  Composition  p-value
   1  NC_003372    6.72%    failed      0.18%
   2  NC_003970    6.91%    failed      0.00%
   3  NC_009964    6.49%    failed      0.00%
   4  NC_010964    6.78%    failed      0.00%
   5  NC_011320    6.34%    passed     12.50%
   6  NC_011322    6.33%    failed      0.00%
   7  NC_011324    6.98%    failed      0.00%
   8  NC_011326    6.60%    passed     92.84%
   9  NC_011328    6.46%    failed      0.00%
  10  NC_011329    5.91%    failed      0.00%
  11  NC_012139    5.82%    failed      0.00%
  12  NC_012144    5.73%    failed      0.00%
  13  NC_012765    6.28%    failed      0.00%
  14  NC_013249    6.24%    failed      0.29%
  15  NC_013254    7.08%    failed      0.00%
  16  NC_013576    7.43%    failed      0.00%
  17  NC_013580    6.43%    failed      0.00%
  18  NC_013582    7.03%    failed      0.00%
  19  NC_016469    5.76%    failed      0.00%
  20  NC_018349    6.65%    failed      1.72%
  21  NC_018350    6.84%    failed      4.49%
  22  NC_018352    6.66%    passed     42.42%
  23  NC_018353    8.34%    failed      0.00%
  24  NC_018354    6.49%    failed      0.00%
  25  NC_022680    6.35%    passed     18.55%
  26  NC_023246    6.56%    failed      0.00%
  27  NC_024271    6.78%    failed      0.00%
  28  NC_024633    6.66%    failed      0.00%
  29  NC_025243    6.75%    failed      0.00%
  30  NC_025332    6.74%    failed      0.00%
  31  NC_025945    6.48%    failed      0.00%
  32  NC_027114    6.66%    failed      0.00%
  33  NC_027176    6.61%    failed      0.00%
  34  NC_027256    7.19%    failed      0.00%
  35  NC_027577    6.61%    failed      0.69%
  36  NC_027580    6.72%    failed      0.00%
  37  NC_028203    6.70%    failed      0.02%
  38  NC_028541    6.78%    failed      0.00%
  39  NC_028601    7.18%    passed     16.52%
  40  NC_028603    8.09%    failed      0.00%
  41  NC_028605    7.44%    failed      0.00%
  42  NC_028606    7.65%    failed      0.00%
  43  NC_028607    7.87%    passed     62.63%
  44  NC_028609    7.14%    passed     37.49%
  45  NC_028611    6.77%    failed      0.00%
  46  NC_028612    7.67%    passed     32.81%
  47  NC_028613    7.78%    failed      0.15%
  48  NC_029515    6.58%    failed      0.00%
  49  NC_030060    6.68%    passed     82.21%
  50  NC_030592    5.59%    failed      0.00%
  51  NC_030593    5.69%    failed      0.00%
  52  NC_030758    6.46%    failed      0.00%
  53  NC_030764    6.61%    passed      8.30%
  54  NC_030778    6.58%    failed      0.00%
  55  NC_033340    6.62%    failed      0.00%
  56  NC_034293    6.35%    failed      0.00%
  57  NC_035677    7.16%    passed     17.41%
  58  NC_035714    6.09%    failed      1.62%
  59  NC_036104    6.71%    failed      0.15%
  60  NC_036108    6.66%    failed      0.76%
  61  NC_036261    7.31%    failed      0.00%
  62  NC_036265    7.32%    failed      0.00%
  63  NC_036266    7.65%    failed      0.00%
  64  NC_036267    7.47%    failed      0.02%
  65  NC_036269    7.61%    failed      0.00%
  66  NC_036270    7.77%    failed      0.00%
  67  NC_036271    7.11%    failed      0.00%
  68  NC_036273    7.42%    failed      0.00%
  69  NC_036274    7.67%    failed      0.00%
  70  NC_036275    7.34%    failed      0.00%
  71  NC_036276    7.62%    failed      0.00%
  72  NC_036277    8.30%    failed      0.00%
  73  NC_036278    7.26%    failed      0.00%
  74  NC_036279    6.96%    passed     20.86%
  75  NC_036291    7.71%    failed      0.00%
  76  NC_036678    7.19%    failed      0.00%
  77  NC_037196    6.61%    failed      0.00%
  78  NC_037200    7.19%    failed      0.00%
  79  NC_037749    6.22%    passed     29.39%
  80  NC_038089    6.46%    failed      0.00%
  81  NC_038090    6.46%    failed      0.00%
  82  NC_038115    6.48%    passed     80.20%
  83  NC_038197    7.77%    failed      0.00%
  84  NC_039657    6.60%    failed      0.00%
  85  NC_039689    7.35%    failed      0.00%
  86  NC_041172    7.28%    failed      0.00%
  87  NC_041669    6.51%    passed     49.66%
  88  NC_042198    7.50%    passed     38.97%
  89  NC_042417    7.25%    failed      0.00%
  90  NC_042614    6.35%    failed      0.00%
  91  NC_042820    7.39%    failed      0.01%
  92  NC_042828    6.96%    failed      0.00%
  93  NC_042922    6.56%    passed     18.74%
  94  NC_043883    6.64%    failed      0.00%
****  TOTAL        6.88%  77 sequences failed composition chi2 test (p-value<5%; df=3)

NOTE: Restoring information from model checkpoint file TransGhostRateLinkedBNNI.model.gz

CHECKPOINT: Initial tree restored
NOTE: ModelFinder requires 307 MB RAM!
ModelFinder will test 484 DNA models (sample size: 11913) ...
 No. Model         -LnL         df  AIC          AICc         BIC
  1  JC            708500.581   185 1417371.162  1417377.030  1418737.458
  2  JC+I          667563.790   186 1335499.580  1335505.512  1336873.262
  3  JC+G4         630234.632   186 1260841.263  1260847.196  1262214.945
  4  JC+I+G4       628478.928   187 1257331.856  1257337.853  1258712.923
  5  JC+R2         639225.426   187 1278824.852  1278830.848  1280205.919
  6  JC+R3         630075.929   189 1260529.858  1260535.984  1261925.696
  7  JC+R4         627943.474   191 1256268.947  1256275.205  1257679.556
  8  JC+R5         627313.782   193 1255013.564  1255019.954  1256438.944
  9  JC+R6         627203.838   195 1254797.676  1254804.199  1256237.826
 10  JC+R7         627185.810   197 1254765.620  1254772.279  1256220.541
 11  JC+R8         627185.591   199 1254769.182  1254775.978  1256238.874
 14  JC+H2         638176.629   371 1277095.259  1277119.176  1279835.237
 15  JC+H3         628479.510   557 1258073.020  1258127.764  1262186.680
 16  JC+H4         625988.083   743 1253462.167  1253561.154  1258949.508
 17  JC+H5         625100.755   929 1252059.509  1252216.838  1258920.533
 18  JC+H6         624042.415   1115 1250314.831  1250545.328  1258549.536
 19  JC+H7         623551.664   1301 1249705.328  1250024.601  1259313.715
 23  F81+F         696678.401   188 1393732.802  1393738.864  1395121.255
 24  F81+F+I       652630.727   189 1305639.454  1305645.580  1307035.292
 25  F81+F+G4      610120.070   189 1220618.140  1220624.267  1222013.978
 26  F81+F+I+G4    608038.505   190 1216457.009  1216463.201  1217860.232
 27  F81+F+R2      620506.305   190 1241392.611  1241398.803  1242795.834
 28  F81+F+R3      610547.202   192 1221478.403  1221484.727  1222896.397
 29  F81+F+R4      607736.936   194 1215861.872  1215868.329  1217294.637
 30  F81+F+R5      606974.729   196 1214341.458  1214348.050  1215788.994
 31  F81+F+R6      606836.659   198 1214069.318  1214076.046  1215531.625
 32  F81+F+R7      606810.716   200 1214021.431  1214028.296  1215498.509
 33  F81+F+R8      606810.644   202 1214025.288  1214032.291  1215517.136
 36  F81+F+H2      619486.544   374 1239721.088  1239745.399  1242483.222
 37  F81+F+H3      609028.949   560 1219177.898  1219233.247  1223313.714
 38  F81+F+H4      605833.204   746 1213158.409  1213258.223  1218667.906
 39  F81+F+H5      604879.627   932 1211623.254  1211781.643  1218506.434
 40  F81+F+H6      603823.467   1118 1209882.933  1210114.737  1218139.794
 41  F81+F+H7      603222.096   1304 1209052.191  1209373.028  1218682.734
 45  K2P           708138.127   186 1416648.255  1416654.187  1418021.937
 46  K2P+I         667209.846   187 1334793.692  1334799.689  1336174.759
 47  K2P+G4        629760.530   187 1259895.060  1259901.056  1261276.127
 48  K2P+I+G4      627959.386   188 1256294.771  1256300.833  1257683.224
 49  K2P+R2        638844.434   188 1278064.867  1278070.928  1279453.319
 50  K2P+R3        629633.578   190 1259647.156  1259653.348  1261050.380
 51  K2P+R4        627449.309   192 1255282.619  1255288.942  1256700.613
 52  K2P+R5        626801.369   194 1253990.738  1253997.195  1255423.503
 53  K2P+R6        626685.118   196 1253762.237  1253768.828  1255209.772
 54  K2P+R7        626666.849   198 1253729.698  1253736.426  1255192.005
 55  K2P+R8        626666.792   200 1253733.585  1253740.449  1255210.662
 58  K2P+H2        637799.947   372 1276343.894  1276367.941  1279091.257
 59  K2P+H3        628053.335   558 1257222.670  1257277.615  1261343.716
 60  K2P+H4        625519.116   744 1252526.232  1252625.494  1258020.959
 61  K2P+H5        624620.708   930 1251101.415  1251259.097  1257969.824
 62  K2P+H6        623579.072   1116 1249390.144  1249621.076  1257632.234
 63  K2P+H7        623090.282   1302 1248784.563  1249104.357  1258400.335
 67  HKY+F         693144.836   189 1386667.671  1386673.798  1388063.509
 68  HKY+F+I       647946.969   190 1296273.939  1296280.131  1297677.162
 69  HKY+F+G4      601726.092   190 1203832.184  1203838.376  1205235.407
 70  HKY+F+I+G4    599454.604   191 1199291.209  1199297.466  1200701.817
 71  HKY+F+R2      613948.841   191 1228279.683  1228285.940  1229690.291
 72  HKY+F+R3      603249.722   193 1206885.444  1206891.834  1208310.823
 73  HKY+F+R4      599507.069   195 1199404.137  1199410.661  1200844.287
 74  HKY+F+R5      598625.595   197 1197645.189  1197651.849  1199100.110
 75  HKY+F+R6      598363.954   199 1197125.908  1197132.703  1198595.599
 76  HKY+F+R7      598277.364   201 1196956.728  1196963.662  1198441.191
 77  HKY+F+R8      598277.116   203 1196960.232  1196967.306  1198459.466
 80  HKY+F+H2      612972.402   375 1226694.805  1226719.248  1229464.324
 81  HKY+F+H3      601894.529   561 1204911.057  1204966.608  1209054.258
 82  HKY+F+H4      597960.799   747 1197415.597  1197515.688  1202932.480
 83  HKY+F+H5      596732.347   933 1195330.694  1195489.438  1202221.259
 84  HKY+F+H6      595769.424   1119 1193776.848  1194009.088  1202041.095
 85  HKY+F+H7      595009.566   1305 1192629.132  1192950.491  1202267.060
 89  TNe           707882.608   187 1416139.215  1416145.212  1417520.282
 90  TNe+I         666761.756   188 1333899.512  1333905.574  1335287.965
 91  TNe+G4        628708.415   188 1257792.830  1257798.891  1259181.282
 92  TNe+I+G4      626846.892   189 1254071.784  1254077.910  1255467.621
 93  TNe+R2        638058.528   189 1276495.056  1276501.182  1277890.894
 94  TNe+R3        628636.135   191 1257654.270  1257660.528  1259064.879
 95  TNe+R4        626370.804   193 1253127.608  1253133.998  1254552.988
 96  TNe+R5        625708.680   195 1251807.360  1251813.884  1253247.510
 97  TNe+R6        625578.506   197 1251551.013  1251557.672  1253005.934
 98  TNe+R7        625551.446   199 1251500.892  1251507.688  1252970.584
 99  TNe+R8        625551.364   201 1251504.728  1251511.662  1252989.191
102  TNe+H2        637036.876   373 1274819.752  1274843.932  1277574.501
103  TNe+H3        627100.396   559 1255318.792  1255373.939  1259447.223
104  TNe+H4        624484.617   745 1250459.233  1250558.771  1255961.345
105  TNe+H5        623568.746   931 1248999.492  1249157.527  1255875.286
106  TNe+H6        622526.642   1117 1247287.285  1247518.652  1255536.760
107  TNe+H7        622058.199   1303 1246722.397  1247042.712  1256345.554
111  TN+F          693065.138   190 1386510.276  1386516.468  1387913.499
112  TN+F+I        647795.297   191 1295972.595  1295978.852  1297383.203
113  TN+F+G4       601111.221   191 1202604.442  1202610.700  1204015.051
114  TN+F+I+G4     599035.359   192 1198454.718  1198461.041  1199872.712
115  TN+F+R2       613741.971   192 1227867.942  1227874.266  1229285.936
116  TN+F+R3       602890.978   194 1206169.956  1206176.413  1207602.721
117  TN+F+R4       599070.014   196 1198532.028  1198538.619  1199979.563
118  TN+F+R5       598233.339   198 1196862.678  1196869.405  1198324.984
119  TN+F+R6       597911.558   200 1196223.115  1196229.980  1197700.192
120  TN+F+R7       597819.849   202 1196043.699  1196050.702  1197535.547
121  TN+F+R8       597819.588   204 1196047.175  1196054.319  1197553.794
124  TN+F+H2       612767.819   376 1226287.638  1226312.214  1229064.543
125  TN+F+H3       601640.044   562 1204404.088  1204459.842  1208554.675
126  TN+F+H4       597547.645   748 1196591.290  1196691.658  1202115.559
127  TN+F+H5       596351.621   934 1194571.242  1194730.341  1201469.192
128  TN+F+H6       595432.368   1120 1193104.737  1193337.413  1201376.368
129  TN+F+H7       594618.851   1306 1191849.703  1192171.585  1201495.016
133  K3P           691229.583   187 1382833.166  1382839.163  1384214.233
134  K3P+I         649365.753   188 1299107.506  1299113.568  1300495.959
135  K3P+G4        609825.109   188 1220026.218  1220032.280  1221414.671
136  K3P+I+G4      607862.597   189 1216103.195  1216109.321  1217499.033
137  K3P+R2        619712.394   189 1239802.788  1239808.914  1241198.626
138  K3P+R3        609907.650   191 1220197.301  1220203.558  1221607.909
139  K3P+R4        607427.267   193 1215240.534  1215246.924  1216665.913
140  K3P+R5        606717.372   195 1213824.743  1213831.267  1215264.893
141  K3P+R6        606538.450   197 1213470.899  1213477.558  1214925.820
142  K3P+R7        606468.268   199 1213334.535  1213341.331  1214804.227
143  K3P+R8        606468.233   201 1213338.466  1213345.400  1214822.929
146  K3P+H2        618721.430   373 1238188.860  1238213.040  1240943.609
147  K3P+H3        608445.968   559 1218009.936  1218065.082  1222138.366
148  K3P+H4        605620.481   745 1212730.962  1212830.500  1218233.074
149  K3P+H5        604648.262   931 1211158.524  1211316.559  1218034.318
150  K3P+H6        603622.501   1117 1209479.001  1209710.369  1217728.477
151  K3P+H7        603089.838   1303 1208785.675  1209105.990  1218408.833
155  K3Pu+F        688232.759   190 1376845.518  1376851.710  1378248.742
156  K3Pu+F+I      644129.861   191 1288641.722  1288647.980  1290052.331
157  K3Pu+F+G4     599607.428   191 1199596.856  1199603.113  1201007.464
158  K3Pu+F+I+G4   597251.554   192 1194887.109  1194893.432  1196305.103
159  K3Pu+F+R2     611254.982   192 1222893.964  1222900.287  1224311.958
160  K3Pu+F+R3     600628.649   194 1201645.299  1201651.756  1203078.064
161  K3Pu+F+R4     597244.267   196 1194880.534  1194887.126  1196328.070
162  K3Pu+F+R5     596380.576   198 1193157.152  1193163.879  1194619.458
163  K3Pu+F+R6     596165.696   200 1192731.391  1192738.256  1194208.468
164  K3Pu+F+R7     596106.440   202 1192616.880  1192623.884  1194108.728
165  K3Pu+F+R8     596106.200   204 1192620.401  1192627.545  1194127.019
168  K3Pu+F+H2     610296.821   376 1221345.641  1221370.217  1224122.546
169  K3Pu+F+H3     599302.582   562 1199729.164  1199784.919  1203879.751
170  K3Pu+F+H4     595721.135   748 1192938.270  1193038.638  1198462.538
171  K3Pu+F+H5     594358.948   934 1190585.896  1190744.994  1197483.846
172  K3Pu+F+H6     593421.560   1120 1189083.119  1189315.795  1197354.751
173  K3Pu+F+H7     592671.082   1306 1187954.163  1188276.046  1197599.477
177  TPM2+F        687059.020   190 1374498.040  1374504.231  1375901.263
178  TPM2+F+I      644093.770   191 1288569.539  1288575.797  1289980.148
179  TPM2+F+G4     601136.221   191 1202654.442  1202660.700  1204065.051
180  TPM2+F+I+G4   598763.611   192 1197911.222  1197917.545  1199329.216
181  TPM2+F+R2     612298.677   192 1224981.354  1224987.678  1226399.348
182  TPM2+F+R3     602065.272   194 1204518.544  1204525.001  1205951.309
183  TPM2+F+R4     598707.694   196 1197807.389  1197813.980  1199254.924
184  TPM2+F+R5     597880.452   198 1196156.905  1196163.632  1197619.211
185  TPM2+F+R6     597655.981   200 1195711.963  1195718.828  1197189.040
186  TPM2+F+R7     597589.389   202 1195582.779  1195589.782  1197074.627
187  TPM2+F+R8     597589.250   204 1195586.499  1195593.643  1197093.118
190  TPM2+F+H2     611335.630   376 1223423.261  1223447.836  1226200.166
191  TPM2+F+H3     600690.777   562 1202505.554  1202561.309  1206656.141
192  TPM2+F+H4     597169.273   748 1195834.547  1195934.914  1201358.815
193  TPM2+F+H5     595891.454   934 1193650.908  1193810.006  1200548.858
194  TPM2+F+H6     594981.332   1120 1192202.665  1192435.341  1200474.296
195  TPM2+F+H7     594223.829   1306 1191059.658  1191381.541  1200704.972
199  TPM2u+F       687058.946   190 1374497.891  1374504.083  1375901.114
200  TPM2u+F+I     644093.810   191 1288569.620  1288575.877  1289980.229
201  TPM2u+F+G4    601136.222   191 1202654.444  1202660.701  1204065.052
202  TPM2u+F+I+G4  598763.590   192 1197911.180  1197917.503  1199329.174
203  TPM2u+F+R2    612298.678   192 1224981.357  1224987.680  1226399.351
204  TPM2u+F+R3    602065.256   194 1204518.511  1204524.968  1205951.276
205  TPM2u+F+R4    598707.706   196 1197807.412  1197814.003  1199254.948
206  TPM2u+F+R5    597880.500   198 1196156.999  1196163.727  1197619.306
207  TPM2u+F+R6    597655.858   200 1195711.716  1195718.581  1197188.793
208  TPM2u+F+R7    597588.645   202 1195581.289  1195588.293  1197073.137
209  TPM2u+F+R8    597588.563   204 1195585.127  1195592.270  1197091.745
212  TPM2u+F+H2    611335.628   376 1223423.255  1223447.831  1226200.160
213  TPM2u+F+H3    600690.777   562 1202505.553  1202561.308  1206656.140
214  TPM2u+F+H4    597169.273   748 1195834.546  1195934.914  1201358.815
215  TPM2u+F+H5    595891.453   934 1193650.906  1193810.004  1200548.856
216  TPM2u+F+H6    594981.333   1120 1192202.667  1192435.343  1200474.298
217  TPM2u+F+H7    594223.828   1306 1191059.657  1191381.539  1200704.970
221  TPM3+F        692215.837   190 1384811.674  1384817.865  1386214.897
222  TPM3+F+I      647277.588   191 1294937.176  1294943.433  1296347.784
223  TPM3+F+G4     601575.086   191 1203532.172  1203538.430  1204942.781
224  TPM3+F+I+G4   599231.512   192 1198847.024  1198853.348  1200265.018
225  TPM3+F+R2     613592.210   192 1227568.420  1227574.744  1228986.414
226  TPM3+F+R3     602883.753   194 1206155.505  1206161.962  1207588.270
227  TPM3+F+R4     599289.542   196 1198971.083  1198977.675  1200418.619
228  TPM3+F+R5     598392.361   198 1197180.722  1197187.450  1198643.029
229  TPM3+F+R6     598149.516   200 1196699.032  1196705.897  1198176.110
230  TPM3+F+R7     598070.816   202 1196545.632  1196552.636  1198037.480
231  TPM3+F+R8     598070.739   204 1196549.478  1196556.622  1198056.096
234  TPM3+F+H2     612617.831   376 1225987.662  1226012.237  1228764.567
235  TPM3+F+H3     601486.822   562 1204097.644  1204153.398  1208248.230
236  TPM3+F+H4     597742.646   748 1196981.292  1197081.659  1202505.560
237  TPM3+F+H5     596472.457   934 1194812.915  1194972.013  1201710.865
238  TPM3+F+H6     595495.458   1120 1193230.915  1193463.591  1201502.547
239  TPM3+F+H7     594754.929   1306 1192121.858  1192443.740  1201767.171
243  TPM3u+F       692215.840   190 1384811.679  1384817.871  1386214.903
244  TPM3u+F+I     647277.622   191 1294937.244  1294943.501  1296347.853
245  TPM3u+F+G4    601575.064   191 1203532.128  1203538.385  1204942.736
246  TPM3u+F+I+G4  599231.515   192 1198847.031  1198853.355  1200265.025
247  TPM3u+F+R2    613592.208   192 1227568.417  1227574.741  1228986.411
248  TPM3u+F+R3    602883.745   194 1206155.490  1206161.947  1207588.255
249  TPM3u+F+R4    599289.583   196 1198971.167  1198977.758  1200418.702
250  TPM3u+F+R5    598392.365   198 1197180.731  1197187.458  1198643.037
251  TPM3u+F+R6    598149.374   200 1196698.747  1196705.612  1198175.824
252  TPM3u+F+R7    598070.260   202 1196544.520  1196551.524  1198036.368
253  TPM3u+F+R8    598070.246   204 1196548.493  1196555.636  1198055.111
256  TPM3u+F+H2    612617.831   376 1225987.662  1226012.237  1228764.567
257  TPM3u+F+H3    601486.828   562 1204097.655  1204153.410  1208248.242
258  TPM3u+F+H4    597742.644   748 1196981.288  1197081.656  1202505.557
259  TPM3u+F+H5    596472.460   934 1194812.920  1194972.018  1201710.870
260  TPM3u+F+H6    595495.459   1120 1193230.918  1193463.594  1201502.550
261  TPM3u+F+H7    594754.926   1306 1192121.853  1192443.735  1201767.166
265  TIMe          690974.412   188 1382324.824  1382330.886  1383713.277
266  TIMe+I        648916.010   189 1298210.020  1298216.147  1299605.858
267  TIMe+G4       608724.953   189 1217827.907  1217834.033  1219223.745
268  TIMe+I+G4     606695.394   190 1213770.788  1213776.980  1215174.011
269  TIMe+R2       618889.526   190 1238159.052  1238165.244  1239562.275
270  TIMe+R3       608865.870   192 1218115.740  1218122.064  1219533.734
271  TIMe+R4       606296.044   194 1212980.088  1212986.545  1214412.853
272  TIMe+R5       605586.566   196 1211565.132  1211571.723  1213012.667
273  TIMe+R6       605391.507   198 1211179.014  1211185.742  1212641.321
274  TIMe+R7       605291.732   200 1210983.464  1210990.329  1212460.541
275  TIMe+R8       605291.596   202 1210987.192  1210994.195  1212479.039
278  TIMe+H2       617923.333   374 1236594.666  1236618.977  1239356.800
279  TIMe+H3       607445.872   560 1216011.743  1216067.092  1220147.559
280  TIMe+H4       604526.570   746 1210545.140  1210644.954  1216054.637
281  TIMe+H5       603566.319   932 1208996.638  1209155.027  1215879.817
282  TIMe+H6       602530.319   1118 1207296.638  1207528.442  1215553.499
283  TIMe+H7       602013.009   1304 1206634.018  1206954.855  1216264.561
287  TIM+F         688145.344   191 1376672.688  1376678.945  1378083.296
288  TIM+F+I       643959.302   192 1288302.605  1288308.928  1289720.599
289  TIM+F+G4      598957.857   192 1198299.713  1198306.037  1199717.707
290  TIM+F+I+G4    596745.575   193 1193877.150  1193883.540  1195302.529
291  TIM+F+R2      610985.753   193 1222357.505  1222363.895  1223782.885
292  TIM+F+R3      600262.974   195 1200915.948  1200922.472  1202356.098
293  TIM+F+R4      596745.099   197 1193884.198  1193890.857  1195339.119
294  TIM+F+R5      595948.341   199 1192294.683  1192301.479  1193764.375
295  TIM+F+R6      595669.130   201 1191740.260  1191747.194  1193224.723
296  TIM+F+R7      595601.191   203 1191608.382  1191615.456  1193107.615
297  TIM+F+R8      595601.081   205 1191612.161  1191619.376  1193126.165
300  TIM+F+H2      610039.038   377 1220832.076  1220856.784  1223616.366
301  TIM+F+H3      598996.735   563 1199119.469  1199175.427  1203277.441
302  TIM+F+H4      595230.928   749 1191959.855  1192060.500  1197491.509
303  TIM+F+H5      593905.177   935 1189680.354  1189839.808  1196585.690
304  TIM+F+H6      593037.189   1121 1188316.379  1188549.492  1196595.396
309  TIM2e         690508.483   188 1381392.965  1381399.027  1382781.418
310  TIM2e+I       653027.457   189 1306432.915  1306439.041  1307828.752
311  TIM2e+G4      617765.376   189 1235908.752  1235914.878  1237304.590
312  TIM2e+I+G4    616003.935   190 1232387.869  1232394.061  1233791.092
313  TIM2e+R2      626580.447   190 1253540.893  1253547.085  1254944.116
314  TIM2e+R3      617727.705   192 1235839.410  1235845.734  1237257.404
315  TIM2e+R4      615592.280   194 1231572.559  1231579.016  1233005.324
316  TIM2e+R5      614909.890   196 1230211.781  1230218.372  1231659.316
317  TIM2e+R6      614755.442   198 1229906.885  1229913.612  1231369.191
318  TIM2e+R7      614682.773   200 1229765.546  1229772.411  1231242.623
319  TIM2e+R8      614682.651   202 1229769.303  1229776.306  1231261.150
322  TIM2e+H2      625648.921   374 1252045.842  1252070.153  1254807.976
323  TIM2e+H3      616278.281   560 1233676.563  1233731.911  1237812.378
324  TIM2e+H4      613860.456   746 1229212.911  1229312.725  1234722.409
325  TIM2e+H5      613019.053   932 1227902.107  1228060.496  1234785.286
331  TIM2+F        687039.627   191 1374461.254  1374467.512  1375871.863
332  TIM2+F+I      644007.090   192 1288398.181  1288404.504  1289816.175
333  TIM2+F+G4     600418.710   192 1201221.419  1201227.743  1202639.413
334  TIM2+F+I+G4   598239.858   193 1196865.715  1196872.105  1198291.095
335  TIM2+F+R2     612078.031   193 1224542.061  1224548.451  1225967.441
336  TIM2+F+R3     601721.034   195 1203832.067  1203838.591  1205272.218
337  TIM2+F+R4     598216.684   197 1196827.367  1196834.026  1198282.288
338  TIM2+F+R5     597433.432   199 1195264.864  1195271.660  1196734.556
339  TIM2+F+R6     597132.410   201 1194666.821  1194673.755  1196151.283
340  TIM2+F+R7     597052.158   203 1194510.316  1194517.389  1196009.549
341  TIM2+F+R8     597051.990   205 1194513.980  1194521.195  1196027.984
344  TIM2+F+H2     611126.955   377 1223007.910  1223032.618  1225792.200
345  TIM2+F+H3     600426.615   563 1201979.231  1202035.188  1206137.203
346  TIM2+F+H4     596712.518   749 1194923.036  1195023.681  1200454.690
347  TIM2+F+H5     595461.954   935 1192793.909  1192953.362  1199699.244
348  TIM2+F+H6     594599.036   1121 1191440.072  1191673.185  1199719.089
353  TIM3e         700231.264   188 1400838.529  1400844.590  1402226.981
354  TIM3e+I       660067.934   189 1320513.868  1320519.995  1321909.706
355  TIM3e+G4      620459.566   189 1241297.131  1241303.257  1242692.969
356  TIM3e+I+G4    618496.811   190 1237373.622  1237379.813  1238776.845
357  TIM3e+R2      630998.169   190 1262376.339  1262382.531  1263779.562
358  TIM3e+R3      620887.027   192 1242158.055  1242164.379  1243576.049
359  TIM3e+R4      618239.078   194 1236866.155  1236872.612  1238298.920
360  TIM3e+R5      617562.118   196 1235516.237  1235522.828  1236963.772
361  TIM3e+R6      617282.285   198 1234960.570  1234967.297  1236422.876
362  TIM3e+R7      617203.253   200 1234806.507  1234813.372  1236283.584
363  TIM3e+R8      617203.243   202 1234810.486  1234817.489  1236302.334
366  TIM3e+H2      630059.573   374 1260867.146  1260891.457  1263629.280
367  TIM3e+H3      619525.592   560 1240171.184  1240226.533  1244307.000
368  TIM3e+H4      616587.092   746 1234666.183  1234765.997  1240175.681
369  TIM3e+H5      615712.552   932 1233289.105  1233447.494  1240172.284
370  TIM3e+H6      614646.287   1118 1231528.574  1231760.377  1239785.435
371  TIM3e+H7      614137.588   1304 1230883.176  1231204.013  1240513.719
375  TIM3+F        692114.489   191 1384610.977  1384617.235  1386021.586
376  TIM3+F+I      647100.648   192 1294585.296  1294591.620  1296003.290
377  TIM3+F+G4     601026.026   192 1202436.052  1202442.376  1203854.046
378  TIM3+F+I+G4   598859.918   193 1198105.835  1198112.225  1199531.215
379  TIM3+F+R2     613376.449   193 1227138.899  1227145.289  1228564.278
380  TIM3+F+R3     602613.975   195 1205617.951  1205624.475  1207058.101
381  TIM3+F+R4     598894.268   197 1198182.537  1198189.196  1199637.458
382  TIM3+F+R5     598057.544   199 1196513.089  1196519.884  1197982.780
383  TIM3+F+R6     597771.001   201 1195944.003  1195950.937  1197428.465
384  TIM3+F+R7     597683.048   203 1195772.096  1195779.169  1197271.329
385  TIM3+F+R8     597682.904   205 1195775.808  1195783.023  1197289.812
388  TIM3+F+H2     612406.462   377 1225566.924  1225591.633  1228351.215
389  TIM3+F+H3     601271.470   563 1203668.941  1203724.898  1207826.913
390  TIM3+F+H4     597368.511   749 1196235.022  1196335.667  1201766.676
391  TIM3+F+H5     596121.219   935 1194112.437  1194271.891  1201017.773
392  TIM3+F+H6     595193.846   1121 1192629.691  1192862.804  1200908.708
393  TIM3+F+H7     594424.721   1307 1191463.441  1191785.847  1201116.140
397  TVMe          679965.232   189 1360308.464  1360314.591  1361704.302
398  TVMe+I        642265.765   190 1284911.530  1284917.722  1286314.754
399  TVMe+G4       605519.776   190 1211419.553  1211425.745  1212822.776
400  TVMe+I+G4     603658.700   191 1207699.400  1207705.658  1209110.009
401  TVMe+R2       614978.859   191 1230339.718  1230345.975  1231750.326
402  TVMe+R3       605666.645   193 1211719.290  1211725.680  1213144.669
403  TVMe+R4       603330.513   195 1207051.027  1207057.551  1208491.177
404  TVMe+R5       602613.314   197 1205620.627  1205627.287  1207075.548
405  TVMe+R6       602381.242   199 1205160.483  1205167.279  1206630.175
406  TVMe+R7       602298.374   201 1204998.749  1205005.683  1206483.211
407  TVMe+R8       602298.251   203 1205002.502  1205009.576  1206501.735
410  TVMe+H2       614079.974   375 1228909.947  1228934.390  1231679.467
411  TVMe+H3       604297.955   561 1209717.909  1209773.461  1213861.110
412  TVMe+H4       601695.199   747 1204884.397  1204984.488  1210401.280
413  TVMe+H5       600782.843   933 1203431.685  1203590.429  1210322.250
414  TVMe+H6       599742.120   1119 1201722.240  1201954.479  1209986.486
415  TVMe+H7       599206.507   1305 1201023.015  1201344.374  1210660.943
419  TVM+F         685621.302   192 1371626.604  1371632.927  1373044.598
420  TVM+F+I       642800.994   193 1285987.989  1285994.379  1287413.368
421  TVM+F+G4      599533.242   193 1199452.484  1199458.874  1200877.863
422  TVM+F+I+G4    597179.397   194 1194746.794  1194753.250  1196179.558
423  TVM+F+R2      610923.544   194 1222235.089  1222241.546  1223667.854
424  TVM+F+R3      600468.614   196 1201329.228  1201335.820  1202776.764
425  TVM+F+R4      597151.253   198 1194698.506  1194705.234  1196160.813
426  TVM+F+R5      596306.566   200 1193013.133  1193019.997  1194490.210
427  TVM+F+R6      596085.238   202 1192574.476  1192581.480  1194066.324
428  TVM+F+R7      596025.194   204 1192458.388  1192465.531  1193965.006
429  TVM+F+R8      596025.011   206 1192462.022  1192469.307  1193983.411
432  TVM+F+H2      609969.845   378 1220695.689  1220720.531  1223487.365
433  TVM+F+H3      599137.740   564 1199403.479  1199459.641  1203568.837
434  TVM+F+H4      595633.512   750 1192767.023  1192867.946  1198306.063
435  TVM+F+H5      594277.585   936 1190427.170  1190586.979  1197339.891
436  TVM+F+H6      593357.147   1122 1188958.295  1189191.845  1197244.697
437  TVM+F+H7      592605.230   1308 1187826.460  1188149.390  1197486.545
441  SYM           679803.726   190 1359987.452  1359993.644  1361390.675
442  SYM+I         641906.359   191 1284194.719  1284200.976  1285605.327
443  SYM+G4        604475.101   191 1209332.203  1209338.460  1210742.812
444  SYM+I+G4      602591.091   192 1205566.183  1205572.506  1206984.177
445  SYM+R2        614162.494   192 1228708.988  1228715.312  1230126.982
446  SYM+R3        604721.048   194 1209830.096  1209836.553  1211262.861
447  SYM+R4        602261.044   196 1204914.087  1204920.679  1206361.623
448  SYM+R5        601588.734   198 1203573.467  1203580.195  1205035.774
449  SYM+R6        601297.040   200 1202994.080  1203000.945  1204471.158
450  SYM+R7        601202.411   202 1202808.822  1202815.826  1204300.670
451  SYM+R8        601202.345   204 1202812.689  1202819.833  1204319.308
454  SYM+H2        613308.509   376 1227369.018  1227393.594  1230145.923
455  SYM+H3        603391.224   562 1207906.448  1207962.202  1212057.035
456  SYM+H4        600663.722   748 1202823.444  1202923.811  1208347.712
457  SYM+H5        599790.085   934 1201448.170  1201607.268  1208346.120
458  SYM+H6        598738.120   1120 1199716.241  1199948.917  1207987.873
459  SYM+H7        598225.620   1306 1199063.239  1199385.121  1208708.552
463  GTR+F         685591.108   193 1371568.216  1371574.606  1372993.595
464  GTR+F+I       642696.964   194 1285781.928  1285788.385  1287214.693
465  GTR+F+G4      598861.781   194 1198111.562  1198118.019  1199544.327
466  GTR+F+I+G4    596677.684   195 1193745.368  1193751.891  1195185.518
467  GTR+F+R2      610689.475   195 1221768.950  1221775.474  1223209.100
468  GTR+F+R3      600144.750   197 1200683.500  1200690.159  1202138.421
469  GTR+F+R4      596666.615   199 1193731.229  1193738.025  1195200.921
470  GTR+F+R5      595880.734   201 1192163.469  1192170.403  1193647.931
471  GTR+F+R6      595590.151   203 1191586.301  1191593.375  1193085.534
472  GTR+F+R7      595518.817   205 1191447.633  1191454.848  1192961.637
473  GTR+F+R8      595518.745   207 1191451.491  1191458.848  1192980.266
476  GTR+F+H2      609751.206   379 1220260.411  1220285.387  1223059.473
477  GTR+F+H3      598867.355   565 1198864.710  1198921.075  1203037.453
478  GTR+F+H4      595161.127   751 1191824.254  1191925.455  1197370.679
479  GTR+F+H5      593845.994   937 1189565.988  1189726.153  1196486.094
480  GTR+F+H6      592985.264   1123 1188216.528  1188450.517  1196510.316
Akaike Information Criterion:           TVM+F+H7
Corrected Akaike Information Criterion: TVM+F+H7
Bayesian Information Criterion:         GTR+F+R7
Best-fit model: GTR+F+R7 chosen according to BIC

All model information printed to TransGhostRateLinkedBNNI.model.gz
CPU time for ModelFinder: 5.120 seconds (0h:0m:5s)
Wall-clock time for ModelFinder: 5.145 seconds (0h:0m:5s)
Generating 1000 samples for ultrafast bootstrap (seed: 141264)...

NOTE: 225 MB RAM (0 GB) is required!
Estimate model parameters (epsilon = 0.100)
Initial LogL: -606938.104, Site proportion and rates:  (0.288,0.014) (0.124,0.196) (0.084,0.504) (0.086,0.820) (0.124,1.248) (0.161,1.850) (0.133,3.041)
relative_treelen: 0.345 4.858 12.500 20.323 30.929 45.846 75.379
1. Initial log-likelihood: -608835.304
WARN: at EM step 1 new_tree_lh -608867.600 worse than tree_lh -608835.304
WARN: at EM step 1 new_tree_lh -608897.020 worse than tree_lh -608867.600
WARN: at EM step 1 new_tree_lh -608927.130 worse than tree_lh -608873.474
WARN: at EM step 1 new_tree_lh -608960.026 worse than tree_lh -608898.386
WARN: at EM step 1 new_tree_lh -609022.862 worse than tree_lh -608960.026
WARN: at EM step 1 new_tree_lh -609034.334 worse than tree_lh -609002.330
WARN: at EM step 1 new_tree_lh -609056.019 worse than tree_lh -609034.334
WARN: at EM step 1 new_tree_lh -609038.423 worse than tree_lh -608984.096
WARN: at EM step 1 new_tree_lh -609110.168 worse than tree_lh -609038.423
WARN: at EM step 1 new_tree_lh -609123.998 worse than tree_lh -609070.708
WARN: at EM step 1 new_tree_lh -609181.205 worse than tree_lh -609123.998
WARN: at EM step 1 new_tree_lh -609219.388 worse than tree_lh -609175.831
WARN: at EM step 1 new_tree_lh -609267.803 worse than tree_lh -609219.388
WARN: at EM step 1 new_tree_lh -609272.643 worse than tree_lh -609251.285
WARN: at EM step 1 new_tree_lh -609300.640 worse than tree_lh -609272.643
WARN: at EM step 1 new_tree_lh -609292.950 worse than tree_lh -609261.418
WARN: at EM step 1 new_tree_lh -609311.697 worse than tree_lh -609292.950
WARN: at EM step 1 new_tree_lh -609336.503 worse than tree_lh -609294.633
WARN: at EM step 1 new_tree_lh -609357.087 worse than tree_lh -609327.337
WARN: at EM step 1 new_tree_lh -609377.108 worse than tree_lh -609341.308
WARN: at EM step 1 new_tree_lh -609407.928 worse than tree_lh -609375.267
WARN: at EM step 1 new_tree_lh -609439.844 worse than tree_lh -609407.928
WARN: at EM step 1 new_tree_lh -609431.100 worse than tree_lh -609393.015
WARN: at EM step 1 new_tree_lh -609459.021 worse than tree_lh -609431.100
WARN: at EM step 1 new_tree_lh -609460.253 worse than tree_lh -609452.486
WARN: at EM step 1 new_tree_lh -609478.181 worse than tree_lh -609460.717
WARN: at EM step 1 new_tree_lh -609460.221 worse than tree_lh -609440.561
WARN: at EM step 1 new_tree_lh -609456.166 worse than tree_lh -609449.367
WARN: at EM step 1 new_tree_lh -609470.011 worse than tree_lh -609456.166
WARN: at EM step 1 new_tree_lh -609487.658 worse than tree_lh -609445.707
WARN: at EM step 1 new_tree_lh -609519.016 worse than tree_lh -609487.658
WARN: at EM step 1 new_tree_lh -609529.975 worse than tree_lh -609512.470
WARN: at EM step 1 new_tree_lh -609571.698 worse than tree_lh -609513.850
WARN: at EM step 1 new_tree_lh -609608.398 worse than tree_lh -609571.698
WARN: at EM step 1 new_tree_lh -609621.358 worse than tree_lh -609589.730
WARN: at EM step 1 new_tree_lh -609684.442 worse than tree_lh -609621.358
WARN: at EM step 1 new_tree_lh -609712.792 worse than tree_lh -609673.524
WARN: at EM step 1 new_tree_lh -609733.981 worse than tree_lh -609706.616
WARN: at EM step 1 new_tree_lh -609768.305 worse than tree_lh -609733.981
WARN: at EM step 1 new_tree_lh -609773.028 worse than tree_lh -609768.305
WARN: at EM step 1 new_tree_lh -609793.820 worse than tree_lh -609762.030
WARN: at EM step 1 new_tree_lh -609817.160 worse than tree_lh -609793.820
WARN: at EM step 1 new_tree_lh -609823.039 worse than tree_lh -609808.698
WARN: at EM step 1 new_tree_lh -609835.377 worse than tree_lh -609823.039
WARN: at EM step 1 new_tree_lh -609843.422 worse than tree_lh -609830.722
WARN: at EM step 1 new_tree_lh -609855.422 worse than tree_lh -609843.422
WARN: at EM step 1 new_tree_lh -609866.350 worse than tree_lh -609841.461
WARN: at EM step 1 new_tree_lh -609895.962 worse than tree_lh -609866.350
WARN: at EM step 1 new_tree_lh -609875.988 worse than tree_lh -609867.831
WARN: at EM step 1 new_tree_lh -609876.171 worse than tree_lh -609867.787
WARN: at EM step 1 new_tree_lh -609878.215 worse than tree_lh -609876.171
WARN: at EM step 1 new_tree_lh -609809.980 worse than tree_lh -609805.805
WARN: at EM step 1 new_tree_lh -609860.789 worse than tree_lh -609809.980
WARN: at EM step 1 new_tree_lh -609844.287 worse than tree_lh -609829.256
WARN: at EM step 1 new_tree_lh -609886.619 worse than tree_lh -609844.287
WARN: at EM step 1 new_tree_lh -609888.722 worse than tree_lh -609877.213
WARN: at EM step 1 new_tree_lh -609824.507 worse than tree_lh -609817.601
WARN: at EM step 1 new_tree_lh -609793.365 worse than tree_lh -609791.441
WARN: at EM step 1 new_tree_lh -609802.793 worse than tree_lh -609781.463
WARN: at EM step 1 new_tree_lh -609825.395 worse than tree_lh -609802.793
WARN: at EM step 1 new_tree_lh -609865.964 worse than tree_lh -609821.219
WARN: at EM step 1 new_tree_lh -609897.700 worse than tree_lh -609865.964
WARN: at EM step 1 new_tree_lh -609922.536 worse than tree_lh -609875.393
WARN: at EM step 1 new_tree_lh -609975.264 worse than tree_lh -609922.536
WARN: at EM step 1 new_tree_lh -609974.047 worse than tree_lh -609967.673
WARN: at EM step 1 new_tree_lh -609983.855 worse than tree_lh -609974.047
WARN: at EM step 1 new_tree_lh -610027.480 worse than tree_lh -609976.971
WARN: at EM step 1 new_tree_lh -610022.131 worse than tree_lh -609973.887
WARN: at EM step 1 new_tree_lh -609899.224 worse than tree_lh -609888.097
ERROR: Numerical underflow (lh-derivative-mixlen). Run again with the safe likelihood kernel via `-safe` option
