IQ-TREE multicore version 1.6.10 for Linux 64-bit built Feb 19 2019
Developed by Bui Quang Minh, Nguyen Lam Tung, Olga Chernomor,
Heiko Schmidt, Dominik Schrempf, Michael Woodhams.

Host:    hpc-crick (AVX, 251 GB RAM)
Command: iqtree -s TransSM.fasta -pre TransGhostRateLinked -m MFP+FO+H4 -bb 1000
Seed:    993038 (Using SPRNG - Scalable Parallel Random Number Generator)
Time:    Thu Sep 10 17:12:26 2020
Kernel:  AVX - 1 threads (40 CPU cores detected)

HINT: Use -nt option to specify number of threads because your CPU has 40 cores!
HINT: -nt AUTO will automatically determine the best number of threads to use.

Reading alignment file TransSM.fasta ... Fasta format detected
Alignment most likely contains DNA/RNA sequences
Alignment has 94 sequences with 11913 columns, 8960 distinct patterns
8118 parsimony-informative, 928 singleton sites, 2867 constant sites
           Gap/Ambiguity  Composition  p-value
   1  NC_003372    6.72%    failed      0.18%
   2  NC_003970    6.91%    failed      0.00%
   3  NC_009964    6.49%    failed      0.00%
   4  NC_010964    6.78%    failed      0.00%
   5  NC_011320    6.34%    passed     12.50%
   6  NC_011322    6.33%    failed      0.00%
   7  NC_011324    6.98%    failed      0.00%
   8  NC_011326    6.60%    passed     92.84%
   9  NC_011328    6.46%    failed      0.00%
  10  NC_011329    5.91%    failed      0.00%
  11  NC_012139    5.82%    failed      0.00%
  12  NC_012144    5.73%    failed      0.00%
  13  NC_012765    6.28%    failed      0.00%
  14  NC_013249    6.24%    failed      0.29%
  15  NC_013254    7.08%    failed      0.00%
  16  NC_013576    7.43%    failed      0.00%
  17  NC_013580    6.43%    failed      0.00%
  18  NC_013582    7.03%    failed      0.00%
  19  NC_016469    5.76%    failed      0.00%
  20  NC_018349    6.65%    failed      1.72%
  21  NC_018350    6.84%    failed      4.49%
  22  NC_018352    6.66%    passed     42.42%
  23  NC_018353    8.34%    failed      0.00%
  24  NC_018354    6.49%    failed      0.00%
  25  NC_022680    6.35%    passed     18.55%
  26  NC_023246    6.56%    failed      0.00%
  27  NC_024271    6.78%    failed      0.00%
  28  NC_024633    6.66%    failed      0.00%
  29  NC_025243    6.75%    failed      0.00%
  30  NC_025332    6.74%    failed      0.00%
  31  NC_025945    6.48%    failed      0.00%
  32  NC_027114    6.66%    failed      0.00%
  33  NC_027176    6.61%    failed      0.00%
  34  NC_027256    7.19%    failed      0.00%
  35  NC_027577    6.61%    failed      0.69%
  36  NC_027580    6.72%    failed      0.00%
  37  NC_028203    6.70%    failed      0.02%
  38  NC_028541    6.78%    failed      0.00%
  39  NC_028601    7.18%    passed     16.52%
  40  NC_028603    8.09%    failed      0.00%
  41  NC_028605    7.44%    failed      0.00%
  42  NC_028606    7.65%    failed      0.00%
  43  NC_028607    7.87%    passed     62.63%
  44  NC_028609    7.14%    passed     37.49%
  45  NC_028611    6.77%    failed      0.00%
  46  NC_028612    7.67%    passed     32.81%
  47  NC_028613    7.78%    failed      0.15%
  48  NC_029515    6.58%    failed      0.00%
  49  NC_030060    6.68%    passed     82.21%
  50  NC_030592    5.59%    failed      0.00%
  51  NC_030593    5.69%    failed      0.00%
  52  NC_030758    6.46%    failed      0.00%
  53  NC_030764    6.61%    passed      8.30%
  54  NC_030778    6.58%    failed      0.00%
  55  NC_033340    6.62%    failed      0.00%
  56  NC_034293    6.35%    failed      0.00%
  57  NC_035677    7.16%    passed     17.41%
  58  NC_035714    6.09%    failed      1.62%
  59  NC_036104    6.71%    failed      0.15%
  60  NC_036108    6.66%    failed      0.76%
  61  NC_036261    7.31%    failed      0.00%
  62  NC_036265    7.32%    failed      0.00%
  63  NC_036266    7.65%    failed      0.00%
  64  NC_036267    7.47%    failed      0.02%
  65  NC_036269    7.61%    failed      0.00%
  66  NC_036270    7.77%    failed      0.00%
  67  NC_036271    7.11%    failed      0.00%
  68  NC_036273    7.42%    failed      0.00%
  69  NC_036274    7.67%    failed      0.00%
  70  NC_036275    7.34%    failed      0.00%
  71  NC_036276    7.62%    failed      0.00%
  72  NC_036277    8.30%    failed      0.00%
  73  NC_036278    7.26%    failed      0.00%
  74  NC_036279    6.96%    passed     20.86%
  75  NC_036291    7.71%    failed      0.00%
  76  NC_036678    7.19%    failed      0.00%
  77  NC_037196    6.61%    failed      0.00%
  78  NC_037200    7.19%    failed      0.00%
  79  NC_037749    6.22%    passed     29.39%
  80  NC_038089    6.46%    failed      0.00%
  81  NC_038090    6.46%    failed      0.00%
  82  NC_038115    6.48%    passed     80.20%
  83  NC_038197    7.77%    failed      0.00%
  84  NC_039657    6.60%    failed      0.00%
  85  NC_039689    7.35%    failed      0.00%
  86  NC_041172    7.28%    failed      0.00%
  87  NC_041669    6.51%    passed     49.66%
  88  NC_042198    7.50%    passed     38.97%
  89  NC_042417    7.25%    failed      0.00%
  90  NC_042614    6.35%    failed      0.00%
  91  NC_042820    7.39%    failed      0.01%
  92  NC_042828    6.96%    failed      0.00%
  93  NC_042922    6.56%    passed     18.74%
  94  NC_043883    6.64%    failed      0.00%
****  TOTAL        6.88%  77 sequences failed composition chi2 test (p-value<5%; df=3)


Create initial parsimony tree by phylogenetic likelihood library (PLL)... 0.143 seconds
NOTE: ModelFinder requires 307 MB RAM!
ModelFinder will test 484 DNA models (sample size: 11913) ...
 No. Model         -LnL         df  AIC          AICc         BIC
  1  JC            708353.428   185 1417076.856  1417082.725  1418443.153
  2  JC+I          667423.926   186 1335219.851  1335225.784  1336593.533
  3  JC+G4         630131.652   186 1260635.304  1260641.237  1262008.986
  4  JC+I+G4       628367.248   187 1257108.495  1257114.492  1258489.562
  5  JC+R2         639182.401   187 1278738.803  1278744.800  1280119.870
  6  JC+R3         629968.903   189 1260315.806  1260321.932  1261711.644
  7  JC+R4         627841.241   191 1256064.481  1256070.739  1257475.090
  8  JC+R5         627212.801   193 1254811.603  1254817.993  1256236.982
  9  JC+R6         627098.029   195 1254586.057  1254592.581  1256026.207
 10  JC+R7         627083.893   197 1254561.785  1254568.444  1256016.706
 11  JC+R8         627083.617   199 1254565.234  1254572.030  1256034.925
 14  JC+H2         638146.265   371 1277034.529  1277058.446  1279774.507
 15  JC+H3         628400.598   557 1257915.197  1257969.940  1262028.857
 16  JC+H4         625904.992   743 1253295.984  1253394.970  1258783.325
 17  JC+H5         625045.200   929 1251948.400  1252105.729  1258809.423
 23  F81+F         696800.500   188 1393976.999  1393983.061  1395365.452
 24  F81+F+I       652714.509   189 1305807.018  1305813.144  1307202.856
 25  F81+F+G4      610126.340   189 1220630.681  1220636.807  1222026.519
 26  F81+F+I+G4    608047.062   190 1216474.123  1216480.315  1217877.347
 27  F81+F+R2      620613.879   190 1241607.757  1241613.949  1243010.980
 28  F81+F+R3      610555.966   192 1221495.932  1221502.255  1222913.926
 29  F81+F+R4      607760.129   194 1215908.258  1215914.715  1217341.023
 30  F81+F+R5      606986.806   196 1214365.611  1214372.202  1215813.147
 31  F81+F+R6      606850.471   198 1214096.941  1214103.669  1215559.248
 32  F81+F+R7      606830.371   200 1214060.741  1214067.606  1215537.819
 33  F81+F+R8      606829.810   202 1214063.620  1214070.624  1215555.468
 36  F81+F+H2      619615.601   374 1239979.201  1240003.512  1242741.336
 37  F81+F+H3      609045.260   560 1219210.519  1219265.868  1223346.335
 38  F81+F+H4      605935.723   746 1213363.446  1213463.260  1218872.943
 39  F81+F+H5      604944.488   932 1211752.975  1211911.364  1218636.155
 40  F81+F+H6      604023.403   1118 1210282.807  1210514.610  1218539.668
 41  F81+F+H7      603118.161   1304 1208844.323  1209165.160  1218474.865
 42  F81+F+H8      602749.848   1490 1208479.695  1208906.022  1219483.920
 45  K2P           708013.599   186 1416399.199  1416405.131  1417772.880
 46  K2P+I         667089.902   187 1334553.804  1334559.801  1335934.872
 47  K2P+G4        629677.092   187 1259728.184  1259734.181  1261109.251
 48  K2P+I+G4      627865.211   188 1256106.422  1256112.484  1257494.875
 49  K2P+R2        638817.435   188 1278010.870  1278016.932  1279399.323
 50  K2P+R3        629545.061   190 1259470.121  1259476.313  1260873.344
 51  K2P+R4        627364.274   192 1255112.548  1255118.872  1256530.542
 52  K2P+R5        626717.080   194 1253822.161  1253828.617  1255254.925
 53  K2P+R6        626596.709   196 1253585.419  1253592.010  1255032.954
 54  K2P+R7        626580.602   198 1253557.205  1253563.932  1255019.511
 55  K2P+R8        626580.085   200 1253560.171  1253567.036  1255037.248
 58  K2P+H2        637785.733   372 1276315.466  1276339.514  1279062.830
 59  K2P+H3        627989.995   558 1257095.990  1257150.934  1261217.035
 60  K2P+H4        625450.936   744 1252389.872  1252489.134  1257884.599
 61  K2P+H5        624582.232   930 1251024.464  1251182.146  1257892.873
 67  HKY+F         693315.574   189 1387009.149  1387015.275  1388404.987
 68  HKY+F+I       648071.599   190 1296523.199  1296529.391  1297926.422
 69  HKY+F+G4      601774.568   190 1203929.135  1203935.327  1205332.359
 70  HKY+F+I+G4    599503.804   191 1199389.608  1199395.866  1200800.217
 71  HKY+F+R2      614084.307   191 1228550.613  1228556.871  1229961.222
 72  HKY+F+R3      603305.857   193 1206997.713  1207004.103  1208423.093
 73  HKY+F+R4      599559.126   195 1199508.252  1199514.776  1200948.402
 74  HKY+F+R5      598687.769   197 1197769.539  1197776.198  1199224.460
 75  HKY+F+R6      598430.088   199 1197258.177  1197264.972  1198727.868
 76  HKY+F+R7      598342.865   201 1197087.729  1197094.663  1198572.192
 77  HKY+F+R8      598342.004   203 1197090.008  1197097.082  1198589.241
 80  HKY+F+H2      613132.281   375 1227014.563  1227039.006  1229784.083
 81  HKY+F+H3      601981.023   561 1205084.045  1205139.597  1209227.247
 82  HKY+F+H4      598031.829   747 1197557.657  1197657.748  1203074.540
 83  HKY+F+H5      596847.836   933 1195561.672  1195720.416  1202452.237
 84  HKY+F+H6      595977.902   1119 1194193.803  1194426.043  1202458.050
 89  TNe           707766.848   187 1415907.695  1415913.692  1417288.762
 90  TNe+I         666652.455   188 1333680.911  1333686.972  1335069.363
 91  TNe+G4        628627.329   188 1257630.659  1257636.720  1259019.111
 92  TNe+I+G4      626746.816   189 1253871.633  1253877.759  1255267.471
 93  TNe+R2        638030.727   189 1276439.455  1276445.581  1277835.293
 94  TNe+R3        628559.841   191 1257501.683  1257507.940  1258912.291
 95  TNe+R4        626275.656   193 1252937.311  1252943.701  1254362.690
 96  TNe+R5        625633.263   195 1251656.527  1251663.051  1253096.677
 97  TNe+R6        625488.206   197 1251370.413  1251377.072  1252825.333
 98  TNe+R7        625460.552   199 1251319.104  1251325.900  1252788.796
 99  TNe+R8        625460.299   201 1251322.598  1251329.532  1252807.061
102  TNe+H2        637024.952   373 1274795.905  1274820.084  1277550.653
103  TNe+H3        627046.337   559 1255210.673  1255265.820  1259339.104
104  TNe+H4        624423.890   745 1250337.779  1250437.317  1255839.892
105  TNe+H5        623541.825   931 1248945.650  1249103.685  1255821.444
106  TNe+H6        622551.246   1117 1247336.491  1247567.859  1255585.967
107  TNe+H7        622089.346   1303 1246784.692  1247105.008  1256407.850
111  TN+F          693241.568   190 1386863.136  1386869.327  1388266.359
112  TN+F+I        647928.019   191 1296238.038  1296244.296  1297648.647
113  TN+F+G4       601191.353   191 1202764.706  1202770.964  1204175.315
114  TN+F+I+G4     599096.531   192 1198577.063  1198583.386  1199995.057
115  TN+F+R2       613897.705   192 1228179.410  1228185.733  1229597.404
116  TN+F+R3       602942.221   194 1206272.442  1206278.899  1207705.207
117  TN+F+R4       599150.423   196 1198692.846  1198699.437  1200140.381
118  TN+F+R5       598313.091   198 1197022.183  1197028.910  1198484.489
119  TN+F+R6       597989.716   200 1196379.432  1196386.297  1197856.509
120  TN+F+R7       597904.074   202 1196212.149  1196219.152  1197703.997
121  TN+F+R8       597903.895   204 1196215.789  1196222.933  1197722.408
124  TN+F+H2       612947.965   376 1226647.929  1226672.505  1229424.834
125  TN+F+H3       601715.040   562 1204554.080  1204609.835  1208704.667
126  TN+F+H4       597643.011   748 1196782.023  1196882.390  1202306.291
127  TN+F+H5       596510.673   934 1194889.346  1195048.444  1201787.296
128  TN+F+H6       595640.468   1120 1193520.935  1193753.611  1201792.567
133  K3P           691105.827   187 1382585.655  1382591.652  1383966.722
134  K3P+I         649251.883   188 1298879.766  1298885.827  1300268.218
135  K3P+G4        609750.249   188 1219876.497  1219882.559  1221264.950
136  K3P+I+G4      607754.924   189 1215887.847  1215893.974  1217283.685
137  K3P+R2        619684.852   189 1239747.704  1239753.830  1241143.542
138  K3P+R3        609827.084   191 1220036.168  1220042.425  1221446.776
139  K3P+R4        607332.839   193 1215051.679  1215058.069  1216477.058
140  K3P+R5        606629.207   195 1213648.413  1213654.937  1215088.563
141  K3P+R6        606446.681   197 1213287.362  1213294.021  1214742.283
142  K3P+R7        606374.672   199 1213147.343  1213154.139  1214617.035
143  K3P+R8        606374.619   201 1213151.238  1213158.172  1214635.700
146  K3P+H2        618704.462   373 1238154.924  1238179.103  1240909.673
147  K3P+H3        608370.426   559 1217858.851  1217913.998  1221987.282
148  K3P+H4        605530.377   745 1212550.754  1212650.292  1218052.866
149  K3P+H5        604577.134   931 1211016.268  1211174.303  1217892.062
150  K3P+H6        603589.044   1117 1209412.088  1209643.455  1217661.563
151  K3P+H7        603056.499   1303 1208718.997  1209039.312  1218342.154
155  K3Pu+F        688374.270   190 1377128.540  1377134.732  1378531.764
156  K3Pu+F+I      644239.512   191 1288861.024  1288867.281  1290271.632
157  K3Pu+F+G4     599671.771   191 1199725.541  1199731.799  1201136.150
158  K3Pu+F+I+G4   597311.705   192 1195007.409  1195013.733  1196425.403
159  K3Pu+F+R2     611392.813   192 1223169.625  1223175.949  1224587.619
160  K3Pu+F+R3     600687.926   194 1201763.851  1201770.308  1203196.616
161  K3Pu+F+R4     597317.700   196 1195027.400  1195033.991  1196474.936
162  K3Pu+F+R5     596447.825   198 1193291.651  1193298.378  1194753.957
163  K3Pu+F+R6     596227.710   200 1192855.419  1192862.284  1194332.496
164  K3Pu+F+R7     596176.288   202 1192756.575  1192763.579  1194248.423
165  K3Pu+F+R8     596176.119   204 1192760.238  1192767.382  1194266.857
168  K3Pu+F+H2     610458.473   376 1221668.945  1221693.521  1224445.850
169  K3Pu+F+H3     599375.219   562 1199874.439  1199930.193  1204025.025
170  K3Pu+F+H4     595802.311   748 1193100.622  1193200.990  1198624.890
171  K3Pu+F+H5     594600.601   934 1191069.203  1191228.301  1197967.153
172  K3Pu+F+H6     593631.578   1120 1189503.156  1189735.832  1197774.787
173  K3Pu+F+H7     593022.674   1306 1188657.349  1188979.231  1198302.662
177  TPM2+F        687177.123   190 1374734.246  1374740.437  1376137.469
178  TPM2+F+I      644178.266   191 1288738.533  1288744.790  1290149.141
179  TPM2+F+G4     601189.311   191 1202760.623  1202766.880  1204171.231
180  TPM2+F+I+G4   598800.489   192 1197984.977  1197991.301  1199402.971
181  TPM2+F+R2     612410.470   192 1225204.939  1225211.263  1226622.933
182  TPM2+F+R3     602110.581   194 1204609.162  1204615.619  1206041.927
183  TPM2+F+R4     598764.654   196 1197921.307  1197927.898  1199368.843
184  TPM2+F+R5     597920.482   198 1196236.965  1196243.692  1197699.271
185  TPM2+F+R6     597702.473   200 1195804.947  1195811.812  1197282.024
186  TPM2+F+R7     597646.470   202 1195696.940  1195703.943  1197188.788
187  TPM2+F+R8     597646.383   204 1195700.767  1195707.911  1197207.385
190  TPM2+F+H2     611477.185   376 1223706.370  1223730.946  1226483.275
191  TPM2+F+H3     600745.247   562 1202614.494  1202670.248  1206765.081
192  TPM2+F+H4     597244.155   748 1195984.309  1196084.677  1201508.577
193  TPM2+F+H5     596089.075   934 1194046.150  1194205.249  1200944.100
194  TPM2+F+H6     595185.523   1120 1192611.046  1192843.722  1200882.678
195  TPM2+F+H7     594556.658   1306 1191725.316  1192047.198  1201370.629
199  TPM2u+F       687177.161   190 1374734.321  1374740.513  1376137.545
200  TPM2u+F+I     644178.265   191 1288738.531  1288744.788  1290149.139
201  TPM2u+F+G4    601189.312   191 1202760.624  1202766.882  1204171.233
202  TPM2u+F+I+G4  598800.490   192 1197984.980  1197991.303  1199402.974
203  TPM2u+F+R2    612410.467   192 1225204.934  1225211.258  1226622.928
204  TPM2u+F+R3    602110.584   194 1204609.168  1204615.625  1206041.933
205  TPM2u+F+R4    598764.650   196 1197921.300  1197927.891  1199368.835
206  TPM2u+F+R5    597920.302   198 1196236.605  1196243.332  1197698.911
207  TPM2u+F+R6    597702.236   200 1195804.472  1195811.337  1197281.549
208  TPM2u+F+R7    597645.953   202 1195695.906  1195702.909  1197187.754
209  TPM2u+F+R8    597645.864   204 1195699.728  1195706.872  1197206.346
212  TPM2u+F+H2    611477.185   376 1223706.370  1223730.946  1226483.275
213  TPM2u+F+H3    600745.246   562 1202614.492  1202670.246  1206765.079
214  TPM2u+F+H4    597244.155   748 1195984.309  1196084.677  1201508.578
215  TPM2u+F+H5    596089.071   934 1194046.143  1194205.241  1200944.093
216  TPM2u+F+H6    595185.526   1120 1192611.052  1192843.728  1200882.683
217  TPM2u+F+H7    594556.653   1306 1191725.307  1192047.189  1201370.620
221  TPM3+F        692394.204   190 1385168.408  1385174.600  1386571.631
222  TPM3+F+I      647414.853   191 1295211.705  1295217.963  1296622.314
223  TPM3+F+G4     601632.651   191 1203647.302  1203653.560  1205057.911
224  TPM3+F+I+G4   599293.851   192 1198971.702  1198978.025  1200389.696
225  TPM3+F+R2     613730.611   192 1227845.222  1227851.545  1229263.216
226  TPM3+F+R3     602954.224   194 1206296.448  1206302.905  1207729.213
227  TPM3+F+R4     599352.864   196 1199097.727  1199104.318  1200545.263
228  TPM3+F+R5     598463.615   198 1197323.229  1197329.956  1198785.535
229  TPM3+F+R6     598220.143   200 1196840.286  1196847.151  1198317.363
230  TPM3+F+R7     598145.818   202 1196695.636  1196702.640  1198187.484
231  TPM3+F+R8     598145.691   204 1196699.382  1196706.526  1198206.001
234  TPM3+F+H2     612780.090   376 1226312.180  1226336.755  1229089.085
235  TPM3+F+H3     601582.314   562 1204288.627  1204344.382  1208439.214
236  TPM3+F+H4     597820.443   748 1197136.887  1197237.255  1202661.155
237  TPM3+F+H5     596615.231   934 1195098.462  1195257.561  1201996.413
238  TPM3+F+H6     595706.193   1120 1193652.386  1193885.062  1201924.018
239  TPM3+F+H7     595086.018   1306 1192784.036  1193105.918  1202429.349
243  TPM3u+F       692394.204   190 1385168.408  1385174.600  1386571.631
244  TPM3u+F+I     647414.816   191 1295211.631  1295217.889  1296622.240
245  TPM3u+F+G4    601632.657   191 1203647.313  1203653.571  1205057.922
246  TPM3u+F+I+G4  599293.867   192 1198971.734  1198978.058  1200389.728
247  TPM3u+F+R2    613730.610   192 1227845.219  1227851.543  1229263.213
248  TPM3u+F+R3    602954.224   194 1206296.448  1206302.905  1207729.213
249  TPM3u+F+R4    599352.865   196 1199097.729  1199104.321  1200545.265
250  TPM3u+F+R5    598463.369   198 1197322.739  1197329.466  1198785.045
251  TPM3u+F+R6    598219.927   200 1196839.855  1196846.719  1198316.932
252  TPM3u+F+R7    598144.899   202 1196693.798  1196700.802  1198185.646
253  TPM3u+F+R8    598144.842   204 1196697.685  1196704.828  1198204.303
256  TPM3u+F+H2    612780.089   376 1226312.178  1226336.753  1229089.083
257  TPM3u+F+H3    601582.309   562 1204288.618  1204344.372  1208439.204
258  TPM3u+F+H4    597820.444   748 1197136.888  1197237.255  1202661.156
259  TPM3u+F+H5    596615.227   934 1195098.454  1195257.552  1201996.404
260  TPM3u+F+H6    595706.195   1120 1193652.390  1193885.066  1201924.022
261  TPM3u+F+H7    595086.016   1306 1192784.032  1193105.914  1202429.345
265  TIMe          690857.466   188 1382090.933  1382096.994  1383479.385
266  TIMe+I        648809.182   189 1297996.363  1298002.490  1299392.201
267  TIMe+G4       608639.174   189 1217656.347  1217662.474  1219052.185
268  TIMe+I+G4     606590.057   190 1213560.114  1213566.306  1214963.337
269  TIMe+R2       618854.586   190 1238089.171  1238095.363  1239492.394
270  TIMe+R3       608793.527   192 1217971.053  1217977.377  1219389.047
271  TIMe+R4       606195.109   194 1212778.218  1212784.674  1214210.982
272  TIMe+R5       605509.842   196 1211411.684  1211418.275  1212859.219
273  TIMe+R6       605296.891   198 1210989.781  1210996.509  1212452.088
274  TIMe+R7       605202.741   200 1210805.482  1210812.346  1212282.559
275  TIMe+R8       605202.365   202 1210808.731  1210815.734  1212300.578
278  TIMe+H2       617899.981   374 1236547.962  1236572.273  1239310.096
279  TIMe+H3       607384.023   560 1215888.047  1215943.396  1220023.863
280  TIMe+H4       604438.161   746 1210368.323  1210468.137  1215877.820
281  TIMe+H5       603503.791   932 1208871.582  1209029.971  1215754.762
282  TIMe+H6       602514.976   1118 1207265.953  1207497.756  1215522.814
283  TIMe+H7       601995.294   1304 1206598.588  1206919.425  1216229.131
287  TIM+F         688293.121   191 1376968.241  1376974.499  1378378.850
288  TIM+F+I       644077.543   192 1288539.086  1288545.409  1289957.080
289  TIM+F+G4      599032.426   192 1198448.853  1198455.176  1199866.847
290  TIM+F+I+G4    596827.051   193 1194040.103  1194046.493  1195465.482
291  TIM+F+R2      611140.486   193 1222666.972  1222673.362  1224092.352
292  TIM+F+R3      600307.383   195 1201004.765  1201011.289  1202444.915
293  TIM+F+R4      596842.356   197 1194078.712  1194085.371  1195533.632
294  TIM+F+R5      596026.307   199 1192450.614  1192457.410  1193920.305
295  TIM+F+R6      595739.723   201 1191881.446  1191888.380  1193365.908
296  TIM+F+R7      595683.095   203 1191772.190  1191779.264  1193271.423
297  TIM+F+R8      595682.832   205 1191775.665  1191782.879  1193289.669
300  TIM+F+H2      610218.874   377 1221191.749  1221216.457  1223976.039
301  TIM+F+H3      599076.953   563 1199279.907  1199335.865  1203437.879
302  TIM+F+H4      595334.753   749 1192167.505  1192268.150  1197699.159
303  TIM+F+H5      594203.261   935 1190276.521  1190435.974  1197181.857
304  TIM+F+H6      593245.349   1121 1188732.698  1188965.811  1197011.715
305  TIM+F+H7      592528.978   1307 1187671.955  1187994.361  1197324.654
309  TIM2e         690346.262   188 1381068.524  1381074.586  1382456.977
310  TIM2e+I       652881.016   189 1306140.032  1306146.159  1307535.870
311  TIM2e+G4      617693.894   189 1235765.789  1235771.915  1237161.627
312  TIM2e+I+G4    615924.154   190 1232228.307  1232234.499  1233631.531
313  TIM2e+R2      626527.576   190 1253435.151  1253441.343  1254838.374
314  TIM2e+R3      617637.270   192 1235658.539  1235664.863  1237076.533
315  TIM2e+R4      615520.032   194 1231428.064  1231434.521  1232860.829
316  TIM2e+R5      614830.943   196 1230053.886  1230060.478  1231501.422
317  TIM2e+R6      614663.783   198 1229723.565  1229730.292  1231185.871
318  TIM2e+R7      614581.336   200 1229562.672  1229569.537  1231039.749
319  TIM2e+R8      614581.260   202 1229566.519  1229573.523  1231058.367
322  TIM2e+H2      625599.491   374 1251946.981  1251971.292  1254709.115
323  TIM2e+H3      616193.157   560 1233506.313  1233561.662  1237642.129
324  TIM2e+H4      613786.200   746 1229064.401  1229164.215  1234573.898
325  TIM2e+H5      612939.114   932 1227742.228  1227900.617  1234625.407
331  TIM2+F        687160.272   191 1374702.545  1374708.802  1376113.154
332  TIM2+F+I      644097.605   192 1288579.210  1288585.534  1289997.204
333  TIM2+F+G4     600478.745   192 1201341.491  1201347.814  1202759.485
334  TIM2+F+I+G4   598304.280   193 1196994.561  1197000.951  1198419.940
335  TIM2+F+R2     612202.893   193 1224791.786  1224798.176  1226217.166
336  TIM2+F+R3     601757.357   195 1203904.715  1203911.239  1205344.865
337  TIM2+F+R4     598298.306   197 1196990.612  1196997.271  1198445.533
338  TIM2+F+R5     597491.364   199 1195380.727  1195387.523  1196850.419
339  TIM2+F+R6     597192.461   201 1194786.923  1194793.857  1196271.385
340  TIM2+F+R7     597121.724   203 1194649.447  1194656.521  1196148.681
341  TIM2+F+R8     597121.471   205 1194652.943  1194660.157  1196166.947
344  TIM2+F+H2     611281.737   377 1223317.473  1223342.182  1226101.764
345  TIM2+F+H3     600501.903   563 1202129.806  1202185.763  1206287.778
346  TIM2+F+H4     596805.063   749 1195108.125  1195208.770  1200639.779
347  TIM2+F+H5     595699.358   935 1193268.716  1193428.169  1200174.051
348  TIM2+F+H6     594802.135   1121 1191846.271  1192079.384  1200125.288
349  TIM2+F+H7     594071.462   1307 1190756.923  1191079.329  1200409.622
353  TIM3e         700116.594   188 1400609.187  1400615.248  1401997.639
354  TIM3e+I       659957.823   189 1320293.646  1320299.772  1321689.484
355  TIM3e+G4      620357.302   189 1241092.603  1241098.730  1242488.441
356  TIM3e+I+G4    618400.979   190 1237181.958  1237188.150  1238585.182
357  TIM3e+R2      630962.331   190 1262304.662  1262310.854  1263707.886
358  TIM3e+R3      620797.281   192 1241978.562  1241984.886  1243396.556
359  TIM3e+R4      618143.347   194 1236674.694  1236681.151  1238107.459
360  TIM3e+R5      617462.870   196 1235317.741  1235324.332  1236765.277
361  TIM3e+R6      617170.690   198 1234737.381  1234744.108  1236199.687
362  TIM3e+R7      617094.521   200 1234589.042  1234595.907  1236066.119
363  TIM3e+R8      617094.485   202 1234592.971  1234599.974  1236084.819
366  TIM3e+H2      630037.769   374 1260823.537  1260847.848  1263585.671
367  TIM3e+H3      619437.069   560 1239994.137  1240049.486  1244129.953
368  TIM3e+H4      616496.748   746 1234485.496  1234585.310  1239994.994
369  TIM3e+H5      615629.998   932 1233123.995  1233282.384  1240007.174
375  TIM3+F        692299.934   191 1384981.869  1384988.126  1386392.477
376  TIM3+F+I      647247.168   192 1294878.336  1294884.660  1296296.330
377  TIM3+F+G4     601109.061   192 1202602.121  1202608.445  1204020.116
378  TIM3+F+I+G4   598933.603   193 1198253.207  1198259.597  1199678.586
379  TIM3+F+R2     613537.260   193 1227460.520  1227466.910  1228885.899
380  TIM3+F+R3     602675.420   195 1205740.839  1205747.363  1207180.989
381  TIM3+F+R4     598981.111   197 1198356.221  1198362.881  1199811.142
382  TIM3+F+R5     598138.442   199 1196674.885  1196681.681  1198144.577
383  TIM3+F+R6     597849.120   201 1196100.240  1196107.174  1197584.702
384  TIM3+F+R7     597770.253   203 1195946.507  1195953.580  1197445.740
385  TIM3+F+R8     597770.102   205 1195950.205  1195957.419  1197464.209
388  TIM3+F+H2     612591.709   377 1225937.419  1225962.127  1228721.709
389  TIM3+F+H3     601373.190   563 1203872.381  1203928.339  1208030.353
390  TIM3+F+H4     597467.469   749 1196432.938  1196533.583  1201964.591
391  TIM3+F+H5     596309.642   935 1194489.283  1194648.737  1201394.619
392  TIM3+F+H6     595404.285   1121 1193050.571  1193283.684  1201329.588
393  TIM3+F+H7     594690.248   1307 1191994.496  1192316.901  1201647.194
397  TVMe          679805.218   189 1359988.436  1359994.562  1361384.274
398  TVMe+I        642122.855   190 1284625.710  1284631.902  1286028.934
399  TVMe+G4       605419.851   190 1211219.701  1211225.893  1212622.924
400  TVMe+I+G4     603542.538   191 1207467.077  1207473.334  1208877.685
401  TVMe+R2       614905.415   191 1230192.829  1230199.087  1231603.438
402  TVMe+R3       605552.384   193 1211490.768  1211497.158  1212916.147
403  TVMe+R4       603218.035   195 1206826.071  1206832.595  1208266.221
404  TVMe+R5       602499.685   197 1205393.370  1205400.030  1206848.291
405  TVMe+R6       602252.790   199 1204903.579  1204910.375  1206373.271
406  TVMe+R7       602167.626   201 1204737.251  1204744.185  1206221.714
407  TVMe+R8       602167.458   203 1204740.917  1204747.990  1206240.150
410  TVMe+H2       614019.405   375 1228788.810  1228813.253  1231558.329
411  TVMe+H3       604177.358   561 1209476.715  1209532.267  1213619.917
412  TVMe+H4       601581.804   747 1204657.607  1204757.698  1210174.490
413  TVMe+H5       600671.836   933 1203209.673  1203368.416  1210100.237
414  TVMe+H6       599666.546   1119 1201571.092  1201803.332  1209835.338
415  TVMe+H7       599144.421   1305 1200898.842  1201220.202  1210536.770
419  TVM+F         685742.742   192 1371869.483  1371875.807  1373287.477
420  TVM+F+I       642895.692   193 1286177.384  1286183.774  1287602.763
421  TVM+F+G4      599596.875   193 1199579.750  1199586.140  1201005.129
422  TVM+F+I+G4    597234.278   194 1194856.556  1194863.013  1196289.321
423  TVM+F+R2      611047.487   194 1222482.974  1222489.431  1223915.739
424  TVM+F+R3      600528.345   196 1201448.690  1201455.281  1202896.226
425  TVM+F+R4      597223.451   198 1194842.902  1194849.629  1196305.208
426  TVM+F+R5      596365.228   200 1193130.455  1193137.320  1194607.532
427  TVM+F+R6      596142.779   202 1192689.559  1192696.563  1194181.407
428  TVM+F+R7      596092.210   204 1192592.420  1192599.564  1194099.039
429  TVM+F+R8      596092.055   206 1192596.109  1192603.395  1194117.499
432  TVM+F+H2      610121.332   378 1220998.665  1221023.507  1223790.341
433  TVM+F+H3      599205.243   564 1199538.486  1199594.647  1203703.843
434  TVM+F+H4      595713.466   750 1192926.932  1193027.855  1198465.971
435  TVM+F+H5      594527.182   936 1190926.365  1191086.174  1197839.085
436  TVM+F+H6      593566.290   1122 1189376.581  1189610.131  1197662.983
437  TVM+F+H7      592956.898   1308 1188529.796  1188852.726  1198189.881
441  SYM           679649.313   190 1359678.626  1359684.818  1361081.849
442  SYM+I         641771.028   191 1283924.056  1283930.313  1285334.664
443  SYM+G4        604380.909   191 1209143.818  1209150.075  1210554.427
444  SYM+I+G4      602491.165   192 1205366.329  1205372.653  1206784.323
445  SYM+R2        614101.790   192 1228587.581  1228593.904  1230005.575
446  SYM+R3        604615.620   194 1209619.240  1209625.697  1211052.005
447  SYM+R4        602158.903   196 1204709.805  1204716.397  1206157.341
448  SYM+R5        601476.728   198 1203349.455  1203356.183  1204811.762
449  SYM+R6        601181.072   200 1202762.143  1202769.008  1204239.220
450  SYM+R7        601077.205   202 1202558.411  1202565.414  1204050.259
451  SYM+R8        601077.152   204 1202562.304  1202569.448  1204068.922
454  SYM+H2        613255.457   376 1227262.915  1227287.490  1230039.820
455  SYM+H3        603283.997   562 1207691.994  1207747.748  1211842.581
456  SYM+H4        600565.471   748 1202626.942  1202727.310  1208151.210
457  SYM+H5        599688.654   934 1201245.308  1201404.407  1208143.258
458  SYM+H6        598671.820   1120 1199583.640  1199816.316  1207855.272
459  SYM+H7        598112.655   1306 1198837.309  1199159.192  1208482.623
463  GTR+F         685715.999   193 1371817.998  1371824.388  1373243.378
464  GTR+F+I       642798.822   194 1285985.645  1285992.101  1287418.409
465  GTR+F+G4      598937.773   194 1198263.545  1198270.002  1199696.310
466  GTR+F+I+G4    596754.303   195 1193898.606  1193905.129  1195338.756
467  GTR+F+R2      610826.223   195 1222042.445  1222048.969  1223482.595
468  GTR+F+R3      600192.969   197 1200779.939  1200786.598  1202234.860
469  GTR+F+R4      596760.458   199 1193918.916  1193925.712  1195388.608
470  GTR+F+R5      595951.527   201 1192305.055  1192311.989  1193789.517
471  GTR+F+R6      595657.109   203 1191720.219  1191727.292  1193219.452
472  GTR+F+R7      595596.744   205 1191603.488  1191610.703  1193117.492
473  GTR+F+R8      595596.568   207 1191607.136  1191614.493  1193135.911
476  GTR+F+H2      609916.612   379 1220591.224  1220616.199  1223390.285
477  GTR+F+H3      598950.535   565 1199031.070  1199087.436  1203203.813
478  GTR+F+H4      595262.810   751 1192027.620  1192128.821  1197574.045
479  GTR+F+H5      594141.704   937 1190157.408  1190317.573  1197077.514
480  GTR+F+H6      593191.565   1123 1188629.130  1188863.119  1196922.918
481  GTR+F+H7      592475.783   1309 1187569.566  1187893.019  1197237.035
Akaike Information Criterion:           GTR+F+H7
Corrected Akaike Information Criterion: GTR+F+H7
Bayesian Information Criterion:         GTR+F+R7
Best-fit model: GTR+F+R7 chosen according to BIC

All model information printed to TransGhostRateLinked.model.gz
CPU time for ModelFinder: 16655.608 seconds (4h:37m:35s)
Wall-clock time for ModelFinder: 16688.967 seconds (4h:38m:8s)
Generating 1000 samples for ultrafast bootstrap (seed: 993038)...

NOTE: 225 MB RAM (0 GB) is required!
Estimate model parameters (epsilon = 0.100)
Initial LogL: -606961.200, Site proportion and rates:  (0.288,0.014) (0.122,0.196) (0.085,0.502) (0.086,0.818) (0.122,1.244) (0.161,1.838) (0.136,3.029)
relative_treelen: 0.357 4.855 12.464 20.307 30.878 45.599 75.148
1. Initial log-likelihood: -608838.544
WARN: at EM step 1 new_tree_lh -608873.161 worse than tree_lh -608838.544
WARN: at EM step 1 new_tree_lh -608901.685 worse than tree_lh -608873.161
WARN: at EM step 1 new_tree_lh -608933.826 worse than tree_lh -608879.071
WARN: at EM step 1 new_tree_lh -608925.523 worse than tree_lh -608892.787
WARN: at EM step 1 new_tree_lh -608948.011 worse than tree_lh -608925.523
WARN: at EM step 1 new_tree_lh -608995.339 worse than tree_lh -608931.705
WARN: at EM step 1 new_tree_lh -609060.309 worse than tree_lh -608995.339
WARN: at EM step 1 new_tree_lh -609088.144 worse than tree_lh -609033.842
WARN: at EM step 1 new_tree_lh -609129.991 worse than tree_lh -609057.318
WARN: at EM step 1 new_tree_lh -609162.787 worse than tree_lh -609103.112
WARN: at EM step 1 new_tree_lh -609218.021 worse than tree_lh -609162.787
WARN: at EM step 1 new_tree_lh -609230.867 worse than tree_lh -609207.671
WARN: at EM step 1 new_tree_lh -609261.584 worse than tree_lh -609230.867
WARN: at EM step 1 new_tree_lh -609263.180 worse than tree_lh -609228.496
WARN: at EM step 1 new_tree_lh -609269.396 worse than tree_lh -609229.018
WARN: at EM step 1 new_tree_lh -609317.647 worse than tree_lh -609269.396
WARN: at EM step 1 new_tree_lh -609359.827 worse than tree_lh -609309.945
WARN: at EM step 1 new_tree_lh -609414.162 worse than tree_lh -609359.827
WARN: at EM step 1 new_tree_lh -609446.736 worse than tree_lh -609410.315
WARN: at EM step 1 new_tree_lh -609465.761 worse than tree_lh -609439.913
WARN: at EM step 1 new_tree_lh -609486.169 worse than tree_lh -609453.471
WARN: at EM step 1 new_tree_lh -609518.293 worse than tree_lh -609485.558
WARN: at EM step 1 new_tree_lh -609545.063 worse than tree_lh -609518.293
WARN: at EM step 1 new_tree_lh -609511.572 worse than tree_lh -609468.156
WARN: at EM step 1 new_tree_lh -609565.843 worse than tree_lh -609503.225
WARN: at EM step 1 new_tree_lh -609612.493 worse than tree_lh -609565.843
WARN: at EM step 1 new_tree_lh -609600.203 worse than tree_lh -609591.411
WARN: at EM step 1 new_tree_lh -609615.841 worse than tree_lh -609600.203
WARN: at EM step 1 new_tree_lh -609624.254 worse than tree_lh -609601.549
WARN: at EM step 1 new_tree_lh -609626.886 worse than tree_lh -609611.083
WARN: at EM step 1 new_tree_lh -609601.598 worse than tree_lh -609584.149
WARN: at EM step 1 new_tree_lh -609614.879 worse than tree_lh -609601.598
WARN: at EM step 1 new_tree_lh -609629.966 worse than tree_lh -609619.793
WARN: at EM step 1 new_tree_lh -609636.973 worse than tree_lh -609607.528
WARN: at EM step 1 new_tree_lh -609700.805 worse than tree_lh -609636.973
WARN: at EM step 1 new_tree_lh -609730.101 worse than tree_lh -609690.592
WARN: at EM step 1 new_tree_lh -609752.249 worse than tree_lh -609724.320
WARN: at EM step 1 new_tree_lh -609785.977 worse than tree_lh -609752.249
WARN: at EM step 1 new_tree_lh -609791.282 worse than tree_lh -609785.977
WARN: at EM step 1 new_tree_lh -609802.180 worse than tree_lh -609788.316
WARN: at EM step 1 new_tree_lh -609816.531 worse than tree_lh -609802.180
WARN: at EM step 1 new_tree_lh -609826.633 worse than tree_lh -609812.922
WARN: at EM step 1 new_tree_lh -609840.938 worse than tree_lh -609826.633
WARN: at EM step 1 new_tree_lh -609841.522 worse than tree_lh -609840.189
WARN: at EM step 1 new_tree_lh -609856.467 worse than tree_lh -609831.206
WARN: at EM step 1 new_tree_lh -609885.319 worse than tree_lh -609856.467
WARN: at EM step 1 new_tree_lh -609900.528 worse than tree_lh -609871.792
WARN: at EM step 1 new_tree_lh -609917.387 worse than tree_lh -609900.528
WARN: at EM step 1 new_tree_lh -609916.649 worse than tree_lh -609895.683
WARN: at EM step 1 new_tree_lh -609943.805 worse than tree_lh -609917.302
WARN: at EM step 1 new_tree_lh -609977.602 worse than tree_lh -609943.805
WARN: at EM step 1 new_tree_lh -609963.404 worse than tree_lh -609949.530
WARN: at EM step 1 new_tree_lh -609953.854 worse than tree_lh -609948.375
WARN: at EM step 1 new_tree_lh -609960.777 worse than tree_lh -609953.854
WARN: at EM step 1 new_tree_lh -610002.800 worse than tree_lh -609956.836
WARN: at EM step 1 new_tree_lh -610037.318 worse than tree_lh -610002.800
WARN: at EM step 1 new_tree_lh -610007.908 worse than tree_lh -610002.845
WARN: at EM step 1 new_tree_lh -609975.978 worse than tree_lh -609933.695
WARN: at EM step 1 new_tree_lh -609992.584 worse than tree_lh -609958.347
WARN: at EM step 1 new_tree_lh -609961.301 worse than tree_lh -609958.317
WARN: at EM step 1 new_tree_lh -609948.958 worse than tree_lh -609943.080
WARN: at EM step 1 new_tree_lh -609956.630 worse than tree_lh -609938.016
WARN: at EM step 1 new_tree_lh -610006.208 worse than tree_lh -609956.630
WARN: at EM step 1 new_tree_lh -610036.840 worse than tree_lh -609992.173
WARN: at EM step 1 new_tree_lh -610083.962 worse than tree_lh -610036.840
WARN: at EM step 1 new_tree_lh -610102.594 worse than tree_lh -610080.346
WARN: at EM step 1 new_tree_lh -610121.586 worse than tree_lh -610095.282
WARN: at EM step 1 new_tree_lh -610159.405 worse than tree_lh -610114.997
WARN: at EM step 1 new_tree_lh -610211.904 worse than tree_lh -610159.405
WARN: at EM step 1 new_tree_lh -610200.004 worse than tree_lh -610198.294
WARN: at EM step 1 new_tree_lh -610202.154 worse than tree_lh -610200.004
WARN: at EM step 1 new_tree_lh -610206.117 worse than tree_lh -610202.154
ERROR: Numerical underflow (lh-derivative-mixlen). Run again with the safe likelihood kernel via `-safe` option
