IQ-TREE multicore version 1.6.10 for Linux 64-bit built Feb 19 2019
Developed by Bui Quang Minh, Nguyen Lam Tung, Olga Chernomor,
Heiko Schmidt, Dominik Schrempf, Michael Woodhams.

Host:    hpc-crick (AVX, 251 GB RAM)
Command: iqtree -s TransSM.fasta -pre TransGhostBothLinked -m MFP+H4 -bb 1000
Seed:    291620 (Using SPRNG - Scalable Parallel Random Number Generator)
Time:    Fri Sep 11 04:37:15 2020
Kernel:  AVX - 1 threads (40 CPU cores detected)

HINT: Use -nt option to specify number of threads because your CPU has 40 cores!
HINT: -nt AUTO will automatically determine the best number of threads to use.

Reading alignment file TransSM.fasta ... Fasta format detected
Alignment most likely contains DNA/RNA sequences
Alignment has 94 sequences with 11913 columns, 8960 distinct patterns
8118 parsimony-informative, 928 singleton sites, 2867 constant sites
           Gap/Ambiguity  Composition  p-value
   1  NC_003372    6.72%    failed      0.18%
   2  NC_003970    6.91%    failed      0.00%
   3  NC_009964    6.49%    failed      0.00%
   4  NC_010964    6.78%    failed      0.00%
   5  NC_011320    6.34%    passed     12.50%
   6  NC_011322    6.33%    failed      0.00%
   7  NC_011324    6.98%    failed      0.00%
   8  NC_011326    6.60%    passed     92.84%
   9  NC_011328    6.46%    failed      0.00%
  10  NC_011329    5.91%    failed      0.00%
  11  NC_012139    5.82%    failed      0.00%
  12  NC_012144    5.73%    failed      0.00%
  13  NC_012765    6.28%    failed      0.00%
  14  NC_013249    6.24%    failed      0.29%
  15  NC_013254    7.08%    failed      0.00%
  16  NC_013576    7.43%    failed      0.00%
  17  NC_013580    6.43%    failed      0.00%
  18  NC_013582    7.03%    failed      0.00%
  19  NC_016469    5.76%    failed      0.00%
  20  NC_018349    6.65%    failed      1.72%
  21  NC_018350    6.84%    failed      4.49%
  22  NC_018352    6.66%    passed     42.42%
  23  NC_018353    8.34%    failed      0.00%
  24  NC_018354    6.49%    failed      0.00%
  25  NC_022680    6.35%    passed     18.55%
  26  NC_023246    6.56%    failed      0.00%
  27  NC_024271    6.78%    failed      0.00%
  28  NC_024633    6.66%    failed      0.00%
  29  NC_025243    6.75%    failed      0.00%
  30  NC_025332    6.74%    failed      0.00%
  31  NC_025945    6.48%    failed      0.00%
  32  NC_027114    6.66%    failed      0.00%
  33  NC_027176    6.61%    failed      0.00%
  34  NC_027256    7.19%    failed      0.00%
  35  NC_027577    6.61%    failed      0.69%
  36  NC_027580    6.72%    failed      0.00%
  37  NC_028203    6.70%    failed      0.02%
  38  NC_028541    6.78%    failed      0.00%
  39  NC_028601    7.18%    passed     16.52%
  40  NC_028603    8.09%    failed      0.00%
  41  NC_028605    7.44%    failed      0.00%
  42  NC_028606    7.65%    failed      0.00%
  43  NC_028607    7.87%    passed     62.63%
  44  NC_028609    7.14%    passed     37.49%
  45  NC_028611    6.77%    failed      0.00%
  46  NC_028612    7.67%    passed     32.81%
  47  NC_028613    7.78%    failed      0.15%
  48  NC_029515    6.58%    failed      0.00%
  49  NC_030060    6.68%    passed     82.21%
  50  NC_030592    5.59%    failed      0.00%
  51  NC_030593    5.69%    failed      0.00%
  52  NC_030758    6.46%    failed      0.00%
  53  NC_030764    6.61%    passed      8.30%
  54  NC_030778    6.58%    failed      0.00%
  55  NC_033340    6.62%    failed      0.00%
  56  NC_034293    6.35%    failed      0.00%
  57  NC_035677    7.16%    passed     17.41%
  58  NC_035714    6.09%    failed      1.62%
  59  NC_036104    6.71%    failed      0.15%
  60  NC_036108    6.66%    failed      0.76%
  61  NC_036261    7.31%    failed      0.00%
  62  NC_036265    7.32%    failed      0.00%
  63  NC_036266    7.65%    failed      0.00%
  64  NC_036267    7.47%    failed      0.02%
  65  NC_036269    7.61%    failed      0.00%
  66  NC_036270    7.77%    failed      0.00%
  67  NC_036271    7.11%    failed      0.00%
  68  NC_036273    7.42%    failed      0.00%
  69  NC_036274    7.67%    failed      0.00%
  70  NC_036275    7.34%    failed      0.00%
  71  NC_036276    7.62%    failed      0.00%
  72  NC_036277    8.30%    failed      0.00%
  73  NC_036278    7.26%    failed      0.00%
  74  NC_036279    6.96%    passed     20.86%
  75  NC_036291    7.71%    failed      0.00%
  76  NC_036678    7.19%    failed      0.00%
  77  NC_037196    6.61%    failed      0.00%
  78  NC_037200    7.19%    failed      0.00%
  79  NC_037749    6.22%    passed     29.39%
  80  NC_038089    6.46%    failed      0.00%
  81  NC_038090    6.46%    failed      0.00%
  82  NC_038115    6.48%    passed     80.20%
  83  NC_038197    7.77%    failed      0.00%
  84  NC_039657    6.60%    failed      0.00%
  85  NC_039689    7.35%    failed      0.00%
  86  NC_041172    7.28%    failed      0.00%
  87  NC_041669    6.51%    passed     49.66%
  88  NC_042198    7.50%    passed     38.97%
  89  NC_042417    7.25%    failed      0.00%
  90  NC_042614    6.35%    failed      0.00%
  91  NC_042820    7.39%    failed      0.01%
  92  NC_042828    6.96%    failed      0.00%
  93  NC_042922    6.56%    passed     18.74%
  94  NC_043883    6.64%    failed      0.00%
****  TOTAL        6.88%  77 sequences failed composition chi2 test (p-value<5%; df=3)


Create initial parsimony tree by phylogenetic likelihood library (PLL)... 0.195 seconds
NOTE: ModelFinder requires 307 MB RAM!
ModelFinder will test 484 DNA models (sample size: 11913) ...
 No. Model         -LnL         df  AIC          AICc         BIC
  1  JC            708057.004   185 1416484.009  1416489.877  1417850.305
  2  JC+I          667177.659   186 1334727.319  1334733.251  1336101.001
  3  JC+G4         629950.153   186 1260272.306  1260278.238  1261645.988
  4  JC+I+G4       628178.740   187 1256731.481  1256737.478  1258112.548
  5  JC+R2         638900.109   187 1278174.218  1278180.214  1279555.285
  6  JC+R3         629766.974   189 1259911.948  1259918.074  1261307.786
  7  JC+R4         627634.233   191 1255650.466  1255656.723  1257061.074
  8  JC+R5         627020.277   193 1254426.554  1254432.944  1255851.933
  9  JC+R6         626914.168   195 1254218.335  1254224.859  1255658.485
 10  JC+R7         626897.853   197 1254189.707  1254196.366  1255644.628
 11  JC+R8         626897.698   199 1254193.397  1254200.193  1255663.088
 14  JC+H2         637871.744   371 1276485.489  1276509.406  1279225.467
 15  JC+H3         628205.364   557 1257524.728  1257579.472  1261638.388
 16  JC+H4         625706.268   743 1252898.536  1252997.523  1258385.878
 17  JC+H5         624846.998   929 1251551.996  1251709.325  1258413.019
 23  F81+F         695828.063   188 1392032.126  1392038.187  1393420.578
 24  F81+F+I       651833.278   189 1304044.556  1304050.682  1305440.393
 25  F81+F+G4      609454.179   189 1219286.359  1219292.485  1220682.197
 26  F81+F+I+G4    607347.985   190 1215075.970  1215082.161  1216479.193
 27  F81+F+R2      619757.458   190 1239894.917  1239901.109  1241298.140
 28  F81+F+R3      609855.072   192 1220094.145  1220100.468  1221512.139
 29  F81+F+R4      607039.711   194 1214467.422  1214473.879  1215900.187
 30  F81+F+R5      606296.721   196 1212985.442  1212992.033  1214432.977
 31  F81+F+R6      606170.776   198 1212737.552  1212744.279  1214199.858
 32  F81+F+R7      606147.704   200 1212695.408  1212702.273  1214172.486
 33  F81+F+R8      606147.440   202 1212698.880  1212705.883  1214190.728
 36  F81+F+H2      618760.823   374 1238269.646  1238293.957  1241031.780
 37  F81+F+H3      608371.748   560 1217863.496  1217918.845  1221999.312
 38  F81+F+H4      605252.039   746 1211996.078  1212095.893  1217505.576
 39  F81+F+H5      604264.629   932 1210393.258  1210551.647  1217276.438
 40  F81+F+H6      603270.967   1118 1208777.935  1209009.738  1217034.796
 41  F81+F+H7      602630.644   1304 1207869.288  1208190.126  1217499.831
 45  K2P           707739.313   186 1415850.627  1415856.559  1417224.309
 46  K2P+I         666868.685   187 1334111.370  1334117.367  1335492.437
 47  K2P+G4        629527.281   187 1259428.563  1259434.559  1260809.630
 48  K2P+I+G4      627710.038   188 1255796.076  1255802.138  1257184.529
 49  K2P+R2        638565.852   188 1277507.705  1277513.766  1278896.157
 50  K2P+R3        629373.288   190 1259126.577  1259132.769  1260529.800
 51  K2P+R4        627190.093   192 1254764.186  1254770.510  1256182.180
 52  K2P+R5        626559.597   194 1253507.194  1253513.650  1254939.959
 53  K2P+R6        626446.737   196 1253285.474  1253292.066  1254733.010
 54  K2P+R7        626429.370   198 1253254.741  1253261.468  1254717.047
 55  K2P+R8        626429.142   200 1253258.284  1253265.149  1254735.361
 58  K2P+H2        637541.816   372 1275827.633  1275851.680  1278574.996
 59  K2P+H3        627827.200   558 1256770.400  1256825.345  1260891.445
 60  K2P+H4        625287.239   744 1252062.479  1252161.741  1257557.206
 61  K2P+H5        624413.285   930 1250686.570  1250844.251  1257554.978
 62  K2P+H6        623422.385   1116 1249076.769  1249307.702  1257318.860
 63  K2P+H7        622938.487   1302 1248480.973  1248800.767  1258096.745
 67  HKY+F         692415.063   189 1385208.126  1385214.253  1386603.964
 68  HKY+F+I       647301.542   190 1294983.085  1294989.277  1296386.308
 69  HKY+F+G4      601309.311   190 1202998.622  1203004.814  1204401.845
 70  HKY+F+I+G4    599058.602   191 1198499.203  1198505.461  1199909.812
 71  HKY+F+R2      613441.761   191 1227265.523  1227271.780  1228676.131
 72  HKY+F+R3      602757.144   193 1205900.289  1205906.678  1207325.668
 73  HKY+F+R4      599083.908   195 1198557.815  1198564.339  1199997.965
 74  HKY+F+R5      598235.864   197 1196865.727  1196872.386  1198320.648
 75  HKY+F+R6      597989.558   199 1196377.116  1196383.912  1197846.808
 76  HKY+F+R7      597904.589   201 1196211.178  1196218.112  1197695.641
 77  HKY+F+R8      597902.563   203 1196211.126  1196218.200  1197710.359
 80  HKY+F+H2      612486.541   375 1225723.081  1225747.524  1228492.601
 81  HKY+F+H3      601481.492   561 1204084.984  1204140.535  1208228.185
 82  HKY+F+H4      597527.195   747 1196548.390  1196648.481  1202065.273
 83  HKY+F+H5      596397.473   933 1194660.946  1194819.690  1201551.511
 84  HKY+F+H6      595477.453   1119 1193192.906  1193425.145  1201457.152
 85  HKY+F+H7      594800.815   1305 1192211.629  1192532.989  1201849.557
 89  TNe           707493.020   187 1415360.040  1415366.037  1416741.107
 90  TNe+I         666434.187   188 1333244.374  1333250.435  1334632.826
 91  TNe+G4        628476.305   188 1257328.609  1257334.671  1258717.062
 92  TNe+I+G4      626610.579   189 1253599.158  1253605.285  1254994.996
 93  TNe+R2        637810.645   189 1275999.289  1276005.416  1277395.127
 94  TNe+R3        628394.759   191 1257171.517  1257177.775  1258582.126
 95  TNe+R4        626125.227   193 1252636.454  1252642.843  1254061.833
 96  TNe+R5        625491.669   195 1251373.338  1251379.862  1252813.489
 97  TNe+R6        625352.758   197 1251099.516  1251106.175  1252554.437
 98  TNe+R7        625328.412   199 1251054.823  1251061.619  1252524.515
 99  TNe+R8        625327.820   201 1251057.640  1251064.574  1252542.102
102  TNe+H2        636800.464   373 1274346.928  1274371.107  1277101.676
103  TNe+H3        626896.812   559 1254911.625  1254966.771  1259040.055
104  TNe+H4        624281.988   745 1250053.975  1250153.513  1255556.088
105  TNe+H5        623399.508   931 1248661.015  1248819.050  1255536.809
106  TNe+H6        622406.283   1117 1247046.567  1247277.934  1255296.042
107  TNe+H7        621935.130   1303 1246476.260  1246796.575  1256099.417
111  TN+F          692341.633   190 1385063.265  1385069.457  1386466.489
112  TN+F+I        647162.329   191 1294706.658  1294712.916  1296117.267
113  TN+F+G4       600738.859   191 1201859.718  1201865.976  1203270.327
114  TN+F+I+G4     598666.181   192 1197716.362  1197722.686  1199134.356
115  TN+F+R2       613264.533   192 1226913.067  1226919.390  1228331.061
116  TN+F+R3       602405.232   194 1205198.465  1205204.921  1206631.229
117  TN+F+R4       598689.532   196 1197771.064  1197777.655  1199218.600
118  TN+F+R5       597867.515   198 1196131.030  1196137.758  1197593.337
119  TN+F+R6       597565.965   200 1195531.931  1195538.796  1197009.008
120  TN+F+R7       597482.654   202 1195369.308  1195376.311  1196861.155
121  TN+F+R8       597482.522   204 1195373.044  1195380.188  1196879.663
124  TN+F+H2       612309.330   376 1225370.660  1225395.235  1228147.565
125  TN+F+H3       601212.113   562 1203548.227  1203603.981  1207698.813
126  TN+F+H4       597154.707   748 1195805.414  1195905.782  1201329.682
127  TN+F+H5       596075.568   934 1194019.137  1194178.235  1200917.087
128  TN+F+H6       595182.278   1120 1192604.555  1192837.231  1200876.187
129  TN+F+H7       594462.102   1306 1191536.204  1191858.087  1201181.518
133  K3P           691115.566   187 1382605.132  1382611.129  1383986.199
134  K3P+I         649331.029   188 1299038.057  1299044.119  1300426.510
135  K3P+G4        609826.691   188 1220029.382  1220035.444  1221417.835
136  K3P+I+G4      607830.291   189 1216038.583  1216044.709  1217434.421
137  K3P+R2        619735.955   189 1239849.910  1239856.036  1241245.748
138  K3P+R3        609911.700   191 1220205.400  1220211.658  1221616.009
139  K3P+R4        607400.138   193 1215186.276  1215192.666  1216611.656
140  K3P+R5        606708.562   195 1213807.124  1213813.648  1215247.274
141  K3P+R6        606523.900   197 1213441.799  1213448.458  1214896.720
142  K3P+R7        606456.691   199 1213311.383  1213318.178  1214781.074
143  K3P+R8        606456.574   201 1213315.147  1213322.081  1214799.610
146  K3P+H2        618742.908   373 1238231.816  1238255.995  1240986.565
147  K3P+H3        608467.693   559 1218053.387  1218108.534  1222181.817
148  K3P+H4        605603.655   745 1212697.309  1212796.847  1218199.422
149  K3P+H5        604653.476   931 1211168.953  1211326.988  1218044.747
150  K3P+H6        603665.329   1117 1209564.657  1209796.025  1217814.133
151  K3P+H7        603136.027   1303 1208878.054  1209198.369  1218501.211
155  K3Pu+F        687683.147   190 1375746.295  1375752.487  1377149.518
156  K3Pu+F+I      643662.472   191 1287706.943  1287713.201  1289117.552
157  K3Pu+F+G4     599247.073   191 1198876.147  1198882.404  1200286.755
158  K3Pu+F+I+G4   596939.888   192 1194263.777  1194270.100  1195681.771
159  K3Pu+F+R2     610896.465   192 1222176.931  1222183.254  1223594.925
160  K3Pu+F+R3     600311.826   194 1201011.651  1201018.108  1202444.416
161  K3Pu+F+R4     596930.780   196 1194253.560  1194260.151  1195701.095
162  K3Pu+F+R5     596094.865   198 1192585.731  1192592.458  1194048.037
163  K3Pu+F+R6     595868.627   200 1192137.254  1192144.118  1193614.331
164  K3Pu+F+R7     595812.343   202 1192028.687  1192035.690  1193520.535
165  K3Pu+F+R8     595812.186   204 1192032.372  1192039.516  1193538.991
168  K3Pu+F+H2     609948.177   376 1220648.355  1220672.931  1223425.260
169  K3Pu+F+H3     599051.364   562 1199226.728  1199282.482  1203377.314
170  K3Pu+F+H4     595384.453   748 1192264.905  1192365.273  1197789.174
171  K3Pu+F+H5     594241.547   934 1190351.093  1190510.191  1197249.043
172  K3Pu+F+H6     593234.517   1120 1188709.033  1188941.709  1196980.665
173  K3Pu+F+H7     592721.552   1306 1188055.103  1188376.985  1197700.417
177  TPM2+F        686438.765   190 1373257.529  1373263.721  1374660.752
178  TPM2+F+I      643536.287   191 1287454.575  1287460.832  1288865.183
179  TPM2+F+G4     600710.178   191 1201802.356  1201808.614  1203212.965
180  TPM2+F+I+G4   598366.780   192 1197117.559  1197123.883  1198535.553
181  TPM2+F+R2     611821.285   192 1224026.571  1224032.894  1225444.565
182  TPM2+F+R3     601640.045   194 1203668.089  1203674.546  1205100.854
183  TPM2+F+R4     598299.769   196 1196991.538  1196998.129  1198439.073
184  TPM2+F+R5     597504.480   198 1195404.959  1195411.687  1196867.266
185  TPM2+F+R6     597284.614   200 1194969.229  1194976.093  1196446.306
186  TPM2+F+R7     597220.783   202 1194845.566  1194852.570  1196337.414
187  TPM2+F+R8     597220.713   204 1194849.427  1194856.571  1196356.045
190  TPM2+F+H2     610877.314   376 1222506.628  1222531.203  1225283.532
191  TPM2+F+H3     600332.904   562 1201789.808  1201845.562  1205940.394
192  TPM2+F+H4     596756.107   748 1195008.213  1195108.581  1200532.482
193  TPM2+F+H5     595675.283   934 1193218.566  1193377.665  1200116.517
194  TPM2+F+H6     594729.215   1120 1191698.430  1191931.106  1199970.061
195  TPM2+F+H7     594211.171   1306 1191034.341  1191356.223  1200679.655
199  TPM2u+F       686438.775   190 1373257.549  1373263.741  1374660.773
200  TPM2u+F+I     643536.252   191 1287454.503  1287460.761  1288865.112
201  TPM2u+F+G4    600710.178   191 1201802.356  1201808.613  1203212.964
202  TPM2u+F+I+G4  598366.779   192 1197117.558  1197123.881  1198535.552
203  TPM2u+F+R2    611821.285   192 1224026.570  1224032.894  1225444.564
204  TPM2u+F+R3    601640.039   194 1203668.078  1203674.535  1205100.843
205  TPM2u+F+R4    598298.847   196 1196989.695  1196996.286  1198437.230
206  TPM2u+F+R5    597504.117   198 1195404.235  1195410.962  1196866.541
207  TPM2u+F+R6    597284.214   200 1194968.429  1194975.293  1196445.506
208  TPM2u+F+R7    597220.608   202 1194845.215  1194852.219  1196337.063
209  TPM2u+F+R8    597220.522   204 1194849.044  1194856.188  1196355.663
212  TPM2u+F+H2    610877.312   376 1222506.625  1222531.200  1225283.530
213  TPM2u+F+H3    600332.904   562 1201789.808  1201845.562  1205940.395
214  TPM2u+F+H4    596756.107   748 1195008.215  1195108.582  1200532.483
215  TPM2u+F+H5    595675.284   934 1193218.567  1193377.666  1200116.518
216  TPM2u+F+H6    594729.212   1120 1191698.425  1191931.101  1199970.057
217  TPM2u+F+H7    594211.169   1306 1191034.339  1191356.221  1200679.652
221  TPM3+F        691533.801   190 1383447.603  1383453.794  1384850.826
222  TPM3+F+I      646678.072   191 1293738.143  1293744.401  1295148.752
223  TPM3+F+G4     601169.738   191 1202721.476  1202727.733  1204132.084
224  TPM3+F+I+G4   598859.563   192 1198103.126  1198109.450  1199521.120
225  TPM3+F+R2     613118.851   192 1226621.702  1226628.025  1228039.696
226  TPM3+F+R3     602445.952   194 1205279.904  1205286.361  1206712.669
227  TPM3+F+R4     598888.920   196 1198169.839  1198176.431  1199617.375
228  TPM3+F+R5     598025.778   198 1196447.557  1196454.284  1197909.863
229  TPM3+F+R6     597789.329   200 1195978.658  1195985.522  1197455.735
230  TPM3+F+R7     597711.731   202 1195827.462  1195834.466  1197319.310
231  TPM3+F+R8     597711.623   204 1195831.246  1195838.390  1197337.864
234  TPM3+F+H2     612158.505   376 1225069.010  1225093.586  1227845.915
235  TPM3+F+H3     601130.977   562 1203385.954  1203441.708  1207536.541
236  TPM3+F+H4     597332.395   748 1196160.789  1196261.157  1201685.058
237  TPM3+F+H5     596184.099   934 1194236.198  1194395.296  1201134.148
238  TPM3+F+H6     595224.005   1120 1192688.010  1192920.686  1200959.642
239  TPM3+F+H7     594720.449   1306 1192052.898  1192374.780  1201698.211
243  TPM3u+F       691533.801   190 1383447.603  1383453.794  1384850.826
244  TPM3u+F+I     646678.035   191 1293738.071  1293744.328  1295148.679
245  TPM3u+F+G4    601169.746   191 1202721.493  1202727.750  1204132.102
246  TPM3u+F+I+G4  598859.600   192 1198103.200  1198109.523  1199521.194
247  TPM3u+F+R2    613118.851   192 1226621.701  1226628.025  1228039.695
248  TPM3u+F+R3    602445.953   194 1205279.907  1205286.363  1206712.671
249  TPM3u+F+R4    598887.768   196 1198167.535  1198174.127  1199615.071
250  TPM3u+F+R5    598025.432   198 1196446.864  1196453.591  1197909.170
251  TPM3u+F+R6    597788.995   200 1195977.990  1195984.855  1197455.067
252  TPM3u+F+R7    597711.175   202 1195826.351  1195833.354  1197318.198
253  TPM3u+F+R8    597711.091   204 1195830.181  1195837.325  1197336.800
256  TPM3u+F+H2    612158.505   376 1225069.010  1225093.586  1227845.915
257  TPM3u+F+H3    601130.981   562 1203385.961  1203441.716  1207536.548
258  TPM3u+F+H4    597332.394   748 1196160.787  1196261.155  1201685.056
259  TPM3u+F+H5    596184.145   934 1194236.290  1194395.388  1201134.240
260  TPM3u+F+H6    595224.007   1120 1192688.014  1192920.690  1200959.646
261  TPM3u+F+H7    594720.439   1306 1192052.878  1192374.761  1201698.192
265  TIMe          690868.736   188 1382113.471  1382119.533  1383501.924
266  TIMe+I        648892.810   189 1298163.620  1298169.747  1299559.458
267  TIMe+G4       608720.649   189 1217819.299  1217825.425  1219215.137
268  TIMe+I+G4     606681.827   190 1213743.654  1213749.846  1215146.877
269  TIMe+R2       618943.591   190 1238267.183  1238273.375  1239670.406
270  TIMe+R3       608871.206   192 1218126.411  1218132.735  1219544.405
271  TIMe+R4       606284.320   194 1212956.640  1212963.097  1214389.405
272  TIMe+R5       605605.068   196 1211602.136  1211608.727  1213049.672
273  TIMe+R6       605391.758   198 1211179.516  1211186.244  1212641.823
274  TIMe+R7       605301.007   200 1211002.014  1211008.879  1212479.091
275  TIMe+R8       605300.997   202 1211005.994  1211012.997  1212497.841
278  TIMe+H2       617966.146   374 1236680.292  1236704.603  1239442.426
279  TIMe+H3       607479.505   560 1216079.011  1216134.360  1220214.827
280  TIMe+H4       604529.288   746 1210550.576  1210650.390  1216060.074
281  TIMe+H5       603609.403   932 1209082.806  1209241.195  1215965.985
282  TIMe+H6       602610.143   1118 1207456.286  1207688.089  1215713.147
283  TIMe+H7       602096.230   1304 1206800.461  1207121.298  1216431.003
287  TIM+F         687604.280   191 1375590.559  1375596.817  1377001.168
288  TIM+F+I       643507.423   192 1287398.846  1287405.169  1288816.840
289  TIM+F+G4      598646.015   192 1197676.031  1197682.354  1199094.025
290  TIM+F+I+G4    596474.043   193 1193334.086  1193340.476  1194759.466
291  TIM+F+R2      610665.170   193 1221716.340  1221722.730  1223141.719
292  TIM+F+R3      599932.915   195 1200255.830  1200262.354  1201695.980
293  TIM+F+R4      596472.174   197 1193338.348  1193345.007  1194793.269
294  TIM+F+R5      595685.671   199 1191769.343  1191776.138  1193239.034
295  TIM+F+R6      595395.717   201 1191193.434  1191200.368  1192677.897
296  TIM+F+R7      595343.718   203 1191093.435  1191100.509  1192592.669
297  TIM+F+R8      595343.668   205 1191097.335  1191104.550  1192611.339
300  TIM+F+H2      609728.408   377 1220210.817  1220235.525  1222995.107
301  TIM+F+H3      598739.348   563 1198604.696  1198660.653  1202762.668
302  TIM+F+H4      594934.682   749 1191367.363  1191468.008  1196899.017
303  TIM+F+H5      593789.588   935 1189449.176  1189608.629  1196354.511
304  TIM+F+H6      592880.027   1121 1188002.054  1188235.167  1196281.071
305  TIM+F+H7      592209.173   1307 1187032.346  1187354.752  1196685.045
309  TIM2e         690242.375   188 1380860.750  1380866.812  1382249.203
310  TIM2e+I       652813.761   189 1306005.521  1306011.648  1307401.359
311  TIM2e+G4      617653.204   189 1235684.407  1235690.533  1237080.245
312  TIM2e+I+G4    615890.508   190 1232161.016  1232167.208  1233564.240
313  TIM2e+R2      626402.141   190 1253184.283  1253190.475  1254587.506
314  TIM2e+R3      617585.557   192 1235555.113  1235561.437  1236973.107
315  TIM2e+R4      615464.585   194 1231317.169  1231323.626  1232749.934
316  TIM2e+R5      614790.848   196 1229973.696  1229980.288  1231421.232
317  TIM2e+R6      614619.179   198 1229634.358  1229641.085  1231096.664
318  TIM2e+R7      614532.985   200 1229465.969  1229472.834  1230943.046
319  TIM2e+R8      614532.903   202 1229469.807  1229476.810  1230961.655
322  TIM2e+H2      625493.064   374 1251734.128  1251758.439  1254496.262
323  TIM2e+H3      616151.640   560 1233423.280  1233478.629  1237559.096
324  TIM2e+H4      613734.811   746 1228961.623  1229061.437  1234471.120
325  TIM2e+H5      612894.800   932 1227653.600  1227811.989  1234536.779
331  TIM2+F        686422.557   191 1373227.115  1373233.372  1374637.723
332  TIM2+F+I      643458.981   192 1287301.962  1287308.286  1288719.956
333  TIM2+F+G4     600052.068   192 1200488.135  1200494.459  1201906.129
334  TIM2+F+I+G4   597895.597   193 1196177.195  1196183.585  1197602.574
335  TIM2+F+R2     611640.440   193 1223666.881  1223673.271  1225092.260
336  TIM2+F+R3     601291.800   195 1202973.600  1202980.124  1204413.751
337  TIM2+F+R4     597859.462   197 1196112.925  1196119.584  1197567.846
338  TIM2+F+R5     597092.376   199 1194582.751  1194589.547  1196052.443
339  TIM2+F+R6     596799.827   201 1194001.653  1194008.587  1195486.116
340  TIM2+F+R7     596731.022   203 1193868.044  1193875.118  1195367.278
341  TIM2+F+R8     596730.731   205 1193871.462  1193878.677  1195385.466
344  TIM2+F+H2     610702.361   377 1222158.722  1222183.430  1224943.012
345  TIM2+F+H3     600075.530   563 1201277.059  1201333.017  1205435.031
346  TIM2+F+H4     596338.841   749 1194175.682  1194276.327  1199707.336
347  TIM2+F+H5     595301.373   935 1192472.746  1192632.199  1199378.081
348  TIM2+F+H6     594385.884   1121 1191013.768  1191246.882  1199292.786
349  TIM2+F+H7     593687.885   1307 1189989.770  1190312.176  1199642.469
353  TIM3e         699905.505   188 1400187.010  1400193.071  1401575.462
354  TIM3e+I       659794.730   189 1319967.459  1319973.586  1321363.297
355  TIM3e+G4      620284.931   189 1240947.863  1240953.989  1242343.700
356  TIM3e+I+G4    618341.191   190 1237062.383  1237068.574  1238465.606
357  TIM3e+R2      630810.988   190 1262001.975  1262008.167  1263405.198
358  TIM3e+R3      620674.572   192 1241733.143  1241739.467  1243151.137
359  TIM3e+R4      618066.617   194 1236521.234  1236527.690  1237953.998
360  TIM3e+R5      617388.908   196 1235169.816  1235176.407  1236617.352
361  TIM3e+R6      617096.547   198 1234589.094  1234595.821  1236051.400
362  TIM3e+R7      617030.627   200 1234461.254  1234468.119  1235938.331
363  TIM3e+R8      617030.626   202 1234465.252  1234472.256  1235957.100
366  TIM3e+H2      629861.663   374 1260471.327  1260495.638  1263233.461
367  TIM3e+H3      619358.091   560 1239836.183  1239891.532  1243971.999
368  TIM3e+H4      616433.683   746 1234359.365  1234459.179  1239868.863
369  TIM3e+H5      615562.389   932 1232988.779  1233147.168  1239871.958
375  TIM3+F        691441.133   191 1383264.267  1383270.524  1384674.875
376  TIM3+F+I      646516.171   192 1293416.342  1293422.665  1294834.336
377  TIM3+F+G4     600658.896   192 1201701.792  1201708.116  1203119.786
378  TIM3+F+I+G4   598509.874   193 1197405.748  1197412.138  1198831.127
379  TIM3+F+R2     612929.944   193 1226245.888  1226252.278  1227671.267
380  TIM3+F+R3     602167.348   195 1204724.697  1204731.221  1206164.847
381  TIM3+F+R4     598531.932   197 1197457.864  1197464.523  1198912.785
382  TIM3+F+R5     597718.539   199 1195835.078  1195841.874  1197304.770
383  TIM3+F+R6     597432.095   201 1195266.191  1195273.125  1196750.653
384  TIM3+F+R7     597351.371   203 1195108.743  1195115.816  1196607.976
385  TIM3+F+R8     597351.227   205 1195112.453  1195119.668  1196626.457
388  TIM3+F+H2     611974.063   377 1224702.127  1224726.835  1227486.417
389  TIM3+F+H3     600912.553   563 1202951.107  1203007.065  1207109.079
390  TIM3+F+H4     596994.247   749 1195486.493  1195587.138  1201018.147
391  TIM3+F+H5     595892.552   935 1193655.105  1193814.558  1200560.440
392  TIM3+F+H6     594958.610   1121 1192159.219  1192392.332  1200438.236
393  TIM3+F+H7     594272.581   1307 1191159.162  1191481.567  1200811.861
397  TVMe          679825.707   189 1360029.415  1360035.541  1361425.252
398  TVMe+I        642186.149   190 1284752.298  1284758.490  1286155.521
399  TVMe+G4       605448.077   190 1211276.154  1211282.346  1212679.377
400  TVMe+I+G4     603597.031   191 1207576.063  1207582.320  1208986.672
401  TVMe+R2       614920.313   191 1230222.626  1230228.883  1231633.235
402  TVMe+R3       605596.384   193 1211578.768  1211585.158  1213004.147
403  TVMe+R4       603260.936   195 1206911.871  1206918.395  1208352.022
404  TVMe+R5       602546.735   197 1205487.471  1205494.130  1206942.392
405  TVMe+R6       602295.529   199 1204989.058  1204995.854  1206458.750
406  TVMe+R7       602209.879   201 1204821.757  1204828.691  1206306.220
407  TVMe+R8       602209.760   203 1204825.520  1204832.594  1206324.753
410  TVMe+H2       614032.947   375 1228815.895  1228840.338  1231585.414
411  TVMe+H3       604247.634   561 1209617.268  1209672.819  1213760.469
412  TVMe+H4       601640.080   747 1204774.160  1204874.251  1210291.043
413  TVMe+H5       600720.925   933 1203307.850  1203466.593  1210198.414
414  TVMe+H6       599761.382   1119 1201760.764  1201993.003  1210025.010
415  TVMe+H7       599169.005   1305 1200948.010  1201269.370  1210585.938
419  TVM+F         685076.393   192 1370536.785  1370543.109  1371954.779
420  TVM+F+I       642327.252   193 1285040.504  1285046.894  1286465.883
421  TVM+F+G4      599170.260   193 1198726.519  1198732.909  1200151.899
422  TVM+F+I+G4    596860.090   194 1194108.180  1194114.637  1195540.945
423  TVM+F+R2      610544.086   194 1221476.172  1221482.628  1222908.936
424  TVM+F+R3      600155.873   196 1200703.746  1200710.337  1202151.281
425  TVM+F+R4      596830.753   198 1194057.506  1194064.233  1195519.812
426  TVM+F+R5      596014.006   200 1192428.013  1192434.878  1193905.090
427  TVM+F+R6      595781.900   202 1191967.799  1191974.803  1193459.647
428  TVM+F+R7      595731.423   204 1191870.846  1191877.990  1193377.465
429  TVM+F+R8      595731.144   206 1191874.287  1191881.573  1193395.677
432  TVM+F+H2      609603.614   378 1219963.229  1219988.070  1222754.904
433  TVM+F+H3      598886.741   564 1198901.483  1198957.644  1203066.840
434  TVM+F+H4      595292.489   750 1192084.977  1192185.900  1197624.017
435  TVM+F+H5      594166.878   936 1190205.756  1190365.565  1197118.476
436  TVM+F+H6      593170.921   1122 1188585.842  1188819.393  1196872.245
437  TVM+F+H7      592657.521   1308 1187931.043  1188253.972  1197591.127
441  SYM           679674.293   190 1359728.586  1359734.778  1361131.809
442  SYM+I         641842.084   191 1284066.168  1284072.426  1285476.777
443  SYM+G4        604427.159   191 1209236.317  1209242.575  1210646.926
444  SYM+I+G4      602561.117   192 1205506.235  1205512.558  1206924.229
445  SYM+R2        614146.120   192 1228676.240  1228682.563  1230094.234
446  SYM+R3        604666.844   194 1209721.689  1209728.146  1211154.454
447  SYM+R4        602222.179   196 1204836.359  1204842.950  1206283.894
448  SYM+R5        601545.125   198 1203486.249  1203492.976  1204948.555
449  SYM+R6        601238.640   200 1202877.280  1202884.145  1204354.358
450  SYM+R7        601140.731   202 1202685.463  1202692.466  1204177.311
451  SYM+R8        601140.601   204 1202689.201  1202696.345  1204195.820
454  SYM+H2        613290.084   376 1227332.167  1227356.743  1230109.072
455  SYM+H3        603362.849   562 1207849.698  1207905.452  1212000.284
456  SYM+H4        600648.664   748 1202793.329  1202893.697  1208317.597
457  SYM+H5        599768.334   934 1201404.668  1201563.766  1208302.618
458  SYM+H6        598795.512   1120 1199831.023  1200063.700  1208102.655
459  SYM+H7        598175.218   1306 1198962.436  1199284.318  1208607.749
463  GTR+F         685050.821   193 1370487.642  1370494.032  1371913.021
464  GTR+F+I       642234.902   194 1284857.804  1284864.261  1286290.569
465  GTR+F+G4      598550.862   194 1197489.723  1197496.180  1198922.488
466  GTR+F+I+G4    596400.745   195 1193191.489  1193198.013  1194631.639
467  GTR+F+R2      610352.044   195 1221094.087  1221100.611  1222534.238
468  GTR+F+R3      599815.826   197 1200025.652  1200032.311  1201480.573
469  GTR+F+R4      596387.370   199 1193172.740  1193179.536  1194642.432
470  GTR+F+R5      595612.932   201 1191627.864  1191634.798  1193112.327
471  GTR+F+R6      595313.207   203 1191032.414  1191039.488  1192531.647
472  GTR+F+R7      595258.490   205 1190926.980  1190934.194  1192440.984
473  GTR+F+R8      595258.284   207 1190930.568  1190937.925  1192459.343
476  GTR+F+H2      609421.771   379 1219601.543  1219626.518  1222400.604
477  GTR+F+H3      598618.544   565 1198367.088  1198423.454  1202539.831
478  GTR+F+H4      594858.206   751 1191218.413  1191319.614  1196764.837
479  GTR+F+H5      593726.434   937 1189326.867  1189487.032  1196246.974
480  GTR+F+H6      592828.336   1123 1187902.672  1188136.660  1196196.460
481  GTR+F+H7      592160.106   1309 1186938.212  1187261.666  1196605.682
Akaike Information Criterion:           GTR+F+H7
Corrected Akaike Information Criterion: GTR+F+H7
Bayesian Information Criterion:         GTR+F+R7
Best-fit model: GTR+F+R7 chosen according to BIC

All model information printed to TransGhostBothLinked.model.gz
CPU time for ModelFinder: 23173.120 seconds (6h:26m:13s)
Wall-clock time for ModelFinder: 23250.919 seconds (6h:27m:30s)
Generating 1000 samples for ultrafast bootstrap (seed: 291620)...

NOTE: 225 MB RAM (0 GB) is required!
Estimate model parameters (epsilon = 0.100)
Initial LogL: -606396.663, Site proportion and rates:  (0.302,0.022) (0.111,0.213) (0.081,0.504) (0.086,0.819) (0.124,1.245) (0.158,1.838) (0.137,3.008)
relative_treelen: 0.540 5.252 12.430 20.212 30.718 45.334 74.207
1. Initial log-likelihood: -608191.681
WARN: at EM step 1 new_tree_lh -608198.191 worse than tree_lh -608191.681
WARN: at EM step 1 new_tree_lh -608219.885 worse than tree_lh -608198.191
WARN: at EM step 1 new_tree_lh -608237.403 worse than tree_lh -608213.485
WARN: at EM step 1 new_tree_lh -608252.310 worse than tree_lh -608219.370
WARN: at EM step 1 new_tree_lh -608249.758 worse than tree_lh -608201.425
WARN: at EM step 1 new_tree_lh -608280.594 worse than tree_lh -608225.464
WARN: at EM step 1 new_tree_lh -608346.835 worse than tree_lh -608280.594
WARN: at EM step 1 new_tree_lh -608344.933 worse than tree_lh -608291.736
WARN: at EM step 1 new_tree_lh -608384.691 worse than tree_lh -608336.814
WARN: at EM step 1 new_tree_lh -608442.207 worse than tree_lh -608384.691
WARN: at EM step 1 new_tree_lh -608446.591 worse than tree_lh -608413.618
WARN: at EM step 1 new_tree_lh -608484.795 worse than tree_lh -608446.591
WARN: at EM step 1 new_tree_lh -608511.904 worse than tree_lh -608471.959
WARN: at EM step 1 new_tree_lh -608543.779 worse than tree_lh -608511.904
WARN: at EM step 1 new_tree_lh -608577.192 worse than tree_lh -608538.887
WARN: at EM step 1 new_tree_lh -608628.308 worse than tree_lh -608577.192
WARN: at EM step 1 new_tree_lh -608591.985 worse than tree_lh -608575.287
WARN: at EM step 1 new_tree_lh -608617.450 worse than tree_lh -608591.985
WARN: at EM step 1 new_tree_lh -608617.242 worse than tree_lh -608592.072
WARN: at EM step 1 new_tree_lh -608634.458 worse than tree_lh -608617.242
WARN: at EM step 1 new_tree_lh -608678.428 worse than tree_lh -608614.203
WARN: at EM step 1 new_tree_lh -608743.590 worse than tree_lh -608678.428
WARN: at EM step 1 new_tree_lh -608800.066 worse than tree_lh -608742.164
WARN: at EM step 1 new_tree_lh -608854.168 worse than tree_lh -608794.205
WARN: at EM step 1 new_tree_lh -608900.554 worse than tree_lh -608854.168
WARN: at EM step 1 new_tree_lh -608861.283 worse than tree_lh -608833.513
WARN: at EM step 1 new_tree_lh -608913.260 worse than tree_lh -608851.014
WARN: at EM step 1 new_tree_lh -608956.998 worse than tree_lh -608913.260
WARN: at EM step 1 new_tree_lh -608951.938 worse than tree_lh -608917.211
WARN: at EM step 1 new_tree_lh -609013.659 worse than tree_lh -608951.938
WARN: at EM step 1 new_tree_lh -609047.302 worse than tree_lh -609002.848
WARN: at EM step 1 new_tree_lh -609072.727 worse than tree_lh -609041.800
WARN: at EM step 1 new_tree_lh -609109.215 worse than tree_lh -609072.727
WARN: at EM step 1 new_tree_lh -609113.351 worse than tree_lh -609109.215
WARN: at EM step 1 new_tree_lh -609138.155 worse than tree_lh -609108.118
WARN: at EM step 1 new_tree_lh -609177.254 worse than tree_lh -609138.155
WARN: at EM step 1 new_tree_lh -609189.003 worse than tree_lh -609170.038
WARN: at EM step 1 new_tree_lh -609204.943 worse than tree_lh -609189.003
WARN: at EM step 1 new_tree_lh -609214.578 worse than tree_lh -609200.703
WARN: at EM step 1 new_tree_lh -609232.655 worse than tree_lh -609214.578
WARN: at EM step 1 new_tree_lh -609243.161 worse than tree_lh -609223.892
WARN: at EM step 1 new_tree_lh -609265.942 worse than tree_lh -609234.951
WARN: at EM step 1 new_tree_lh -609236.352 worse than tree_lh -609226.274
WARN: at EM step 1 new_tree_lh -609243.972 worse than tree_lh -609236.352
WARN: at EM step 1 new_tree_lh -609254.480 worse than tree_lh -609245.142
WARN: at EM step 1 new_tree_lh -609219.688 worse than tree_lh -609215.460
WARN: at EM step 1 new_tree_lh -609229.346 worse than tree_lh -609219.688
WARN: at EM step 1 new_tree_lh -609212.297 worse than tree_lh -609209.592
WARN: at EM step 1 new_tree_lh -609229.793 worse than tree_lh -609212.297
WARN: at EM step 1 new_tree_lh -609231.078 worse than tree_lh -609205.129
WARN: at EM step 1 new_tree_lh -609229.260 worse than tree_lh -609200.968
WARN: at EM step 1 new_tree_lh -609206.437 worse than tree_lh -609194.926
WARN: at EM step 1 new_tree_lh -609191.386 worse than tree_lh -609186.366
WARN: at EM step 1 new_tree_lh -609196.312 worse than tree_lh -609191.386
WARN: at EM step 1 new_tree_lh -609187.922 worse than tree_lh -609184.480
WARN: at EM step 1 new_tree_lh -609209.825 worse than tree_lh -609187.922
WARN: at EM step 1 new_tree_lh -609237.056 worse than tree_lh -609209.825
WARN: at EM step 1 new_tree_lh -609280.881 worse than tree_lh -609236.583
WARN: at EM step 1 new_tree_lh -609315.266 worse than tree_lh -609280.881
WARN: at EM step 1 new_tree_lh -609276.949 worse than tree_lh -609275.676
WARN: at EM step 1 new_tree_lh -609274.956 worse than tree_lh -609249.140
WARN: at EM step 1 new_tree_lh -609297.081 worse than tree_lh -609259.340
WARN: at EM step 1 new_tree_lh -609293.505 worse than tree_lh -609287.728
WARN: at EM step 1 new_tree_lh -609298.672 worse than tree_lh -609293.505
WARN: at EM step 1 new_tree_lh -609306.024 worse than tree_lh -609298.672
WARN: at EM step 1 new_tree_lh -609220.035 worse than tree_lh -609200.576
WARN: at EM step 1 new_tree_lh -609217.502 worse than tree_lh -609208.516
WARN: at EM step 1 new_tree_lh -609204.163 worse than tree_lh -609190.482
WARN: at EM step 1 new_tree_lh -609242.098 worse than tree_lh -609185.642
WARN: at EM step 1 new_tree_lh -609243.344 worse than tree_lh -609192.176
WARN: at EM step 1 new_tree_lh -609240.980 worse than tree_lh -609212.488
WARN: at EM step 1 new_tree_lh -609277.200 worse than tree_lh -609240.980
WARN: at EM step 1 new_tree_lh -609280.015 worse than tree_lh -609277.200
WARN: at EM step 1 new_tree_lh -609273.541 worse than tree_lh -609271.130
WARN: at EM step 1 new_tree_lh -609311.571 worse than tree_lh -609273.541
WARN: at EM step 1 new_tree_lh -609328.165 worse than tree_lh -609296.666
WARN: at EM step 1 new_tree_lh -609361.481 worse than tree_lh -609328.165
WARN: at EM step 1 new_tree_lh -609386.772 worse than tree_lh -609350.535
WARN: at EM step 1 new_tree_lh -609397.998 worse than tree_lh -609386.772
WARN: at EM step 1 new_tree_lh -609399.805 worse than tree_lh -609397.340
WARN: at EM step 1 new_tree_lh -609440.724 worse than tree_lh -609399.805
(NC_003372[0.006637/0.064600/0.152888/0.248605/0.377830/0.557599/0.912727]:0.331555,((((((((((((((NC_003970[0.005788/0.056337/0.133331/0.216805/0.329500/0.486275/0.795978]:0.289145,NC_030060[0.004385/0.042678/0.101005/0.164241/0.249614/0.368378/0.602994]:0.219042)[0.001418/0.013805/0.032672/0.053127/0.080743/0.119160/0.195051]:0.070854,NC_027176[0.004443/0.043248/0.102355/0.166435/0.252948/0.373299/0.611049]:0.221968)[0.000962/0.009361/0.022154/0.036023/0.054748/0.080797/0.132255]:0.048043,(NC_010964[0.005272/0.051314/0.121445/0.197477/0.300126/0.442924/0.725018]:0.263368,NC_013576[0.006883/0.066994/0.158554/0.257819/0.391833/0.578265/0.946556]:0.343843)[0.000562/0.005468/0.012942/0.021044/0.031983/0.047200/0.077261]:0.028066)[0.000628/0.006112/0.014465/0.023522/0.035748/0.052757/0.086357]:0.031370,(NC_009964[0.004242/0.041291/0.097723/0.158903/0.241501/0.356406/0.583397]:0.211923,NC_028541[0.003967/0.038612/0.091383/0.148594/0.225834/0.333284/0.545549]:0.198175)[0.001861/0.018117/0.042877/0.069721/0.105962/0.156379/0.255975]:0.092985)[0.001262/0.012283/0.029069/0.047268/0.071838/0.106018/0.173539]:0.063039,(NC_036275[0.004989/0.048559/0.114925/0.186875/0.284013/0.419144/0.686093]:0.249228,NC_036279[0.004439/0.043206/0.102254/0.166272/0.252700/0.372933/0.610450]:0.221751)[0.000810/0.007884/0.018658/0.030339/0.046110/0.068048/0.111388]:0.040462)[0.000374/0.003643/0.008621/0.014019/0.021306/0.031443/0.051469]:0.018696,((((NC_011328[0.009570/0.093155/0.220470/0.358497/0.544844/0.804078/1.316186]:0.478114,(NC_013582[0.006935/0.067501/0.159753/0.259769/0.394797/0.582639/0.953716]:0.346444,NC_042820[0.006849/0.066665/0.157775/0.256551/0.389907/0.575422/0.941903]:0.342153)[0.001474/0.014344/0.033949/0.055203/0.083897/0.123815/0.202671]:0.073622)[0.000424/0.004126/0.009766/0.015880/0.024134/0.035617/0.058300]:0.021178,(((NC_024633[0.002030/0.019756/0.046757/0.076029/0.115549/0.170527/0.279133]:0.101397,NC_037196[0.002246/0.021863/0.051742/0.084136/0.127870/0.188710/0.308898]:0.112209)[0.002315/0.022529/0.053319/0.086700/0.131767/0.194461/0.318312]:0.115629,NC_025332[0.004148/0.040372/0.095548/0.155367/0.236126/0.348474/0.570413]:0.207207)[0.000722/0.007031/0.016639/0.027057/0.041121/0.060686/0.099336]:0.036085,NC_027256[0.004657/0.045329/0.107281/0.174445/0.265121/0.391264/0.640456]:0.232651)[0.002202/0.021436/0.050732/0.082493/0.125372/0.185024/0.302864]:0.110017)[0.000624/0.006074/0.014375/0.023375/0.035525/0.052427/0.085817]:0.031174,((NC_012765[0.005752/0.055990/0.132511/0.215471/0.327474/0.483284/0.791082]:0.287366,NC_013580[0.006906/0.067218/0.159083/0.258679/0.393141/0.580195/0.949714]:0.344991)[0.000560/0.005451/0.012901/0.020978/0.031882/0.047051/0.077017]:0.027977,NC_030758[0.006740/0.065608/0.155274/0.252485/0.383728/0.566303/0.926975]:0.336730)[0.001387/0.013502/0.031955/0.051961/0.078970/0.116544/0.190769]:0.069298)[0.000489/0.004764/0.011275/0.018334/0.027864/0.041121/0.067311]:0.024451,(((NC_023246[0.005629/0.054788/0.129665/0.210843/0.320440/0.472904/0.774091]:0.281194,NC_030778[0.004418/0.043008/0.101787/0.165511/0.251544/0.371228/0.607658]:0.220736)[0.001291/0.012569/0.029748/0.048372/0.073516/0.108494/0.177593]:0.064512,(NC_027580[0.006096/0.059335/0.140426/0.228342/0.347035/0.512152/0.838335]:0.304532,NC_028603[0.009894/0.096301/0.227916/0.370605/0.563246/0.831234/1.360638]:0.494262)[0.000645/0.006277/0.014857/0.024158/0.036716/0.054185/0.088694]:0.032219)[0.000801/0.007801/0.018463/0.030021/0.045626/0.067335/0.110220]:0.040038,(NC_042614[0.005113/0.049766/0.117781/0.191518/0.291070/0.429559/0.703141]:0.255421,NC_042922[0.005060/0.049254/0.116569/0.189548/0.288075/0.425139/0.695906]:0.252793)[0.000774/0.007536/0.017836/0.029003/0.044079/0.065051/0.106481]:0.038680)[0.000711/0.006921/0.016379/0.026633/0.040478/0.059737/0.097782]:0.035520)[0.000563/0.005481/0.012972/0.021094/0.032058/0.047311/0.077443]:0.028132)[0.000799/0.007781/0.018415/0.029943/0.045508/0.067161/0.109935]:0.039935,((NC_018353[0.008647/0.084166/0.199195/0.323904/0.492270/0.726489/1.189181]:0.431979,NC_028607[0.006368/0.061987/0.146703/0.238548/0.362546/0.535043/0.875807]:0.318143)[0.000623/0.006060/0.014342/0.023320/0.035442/0.052306/0.085618]:0.031102,NC_037200[0.005588/0.054387/0.128718/0.209303/0.318099/0.469448/0.768434]:0.279139)[0.000202/0.001969/0.004661/0.007579/0.011519/0.016999/0.027826]:0.010108)[0.000494/0.004804/0.011370/0.018489/0.028099/0.041468/0.067879]:0.024658,((NC_011320[0.006434/0.062622/0.148207/0.240993/0.366262/0.540527/0.884782]:0.321404,NC_036278[0.007074/0.068851/0.162950/0.264967/0.402697/0.594297/0.972799]:0.353376)[0.000355/0.003460/0.008189/0.013315/0.020237/0.029865/0.048886]:0.017758,(((NC_011322[0.003307/0.032190/0.076183/0.123878/0.188270/0.277848/0.454807]:0.165212,NC_036265[0.005060/0.049251/0.116563/0.189538/0.288060/0.425118/0.695871]:0.252780)[0.000560/0.005447/0.012890/0.020961/0.031856/0.047013/0.076955]:0.027954,NC_012144[0.004261/0.041474/0.098156/0.159608/0.242572/0.357986/0.585984]:0.212863)[0.000588/0.005719/0.013534/0.022007/0.033447/0.049360/0.080797]:0.029350,((((NC_011329[0.001672/0.016271/0.038508/0.062616/0.095165/0.140443/0.229890]:0.083509,NC_016469[0.001969/0.019166/0.045360/0.073759/0.112099/0.165434/0.270798]:0.098369)[0.000421/0.004096/0.009693/0.015762/0.023955/0.035352/0.057868]:0.021021,(NC_030592[0.002426/0.023615/0.055890/0.090881/0.138121/0.203838/0.333660]:0.121204,NC_036261[0.002999/0.029192/0.069089/0.112343/0.170738/0.251975/0.412454]:0.149827)[0.000404/0.003936/0.009316/0.015149/0.023023/0.033977/0.055617]:0.020203)[0.000540/0.005261/0.012451/0.020245/0.030769/0.045408/0.074329]:0.027000,((NC_012139[0.002040/0.019859/0.047001/0.076426/0.116152/0.171416/0.280590]:0.101926,NC_036271[0.003114/0.030312/0.071739/0.116652/0.177288/0.261641/0.428277]:0.155575)[0.000440/0.004284/0.010139/0.016486/0.025056/0.036978/0.060529]:0.021987,(NC_013249[0.003858/0.037555/0.088881/0.144526/0.219651/0.324159/0.530613]:0.192749,NC_030593[0.003296/0.032079/0.075920/0.123451/0.187621/0.276890/0.453238]:0.164642)[0.000373/0.003634/0.008601/0.013986/0.021256/0.031369/0.051348]:0.018652)[0.000192/0.001868/0.004422/0.007190/0.010927/0.016126/0.026396]:0.009589)[0.000264/0.002568/0.006078/0.009882/0.015019/0.022165/0.036282]:0.013180,(NC_035714[0.004609/0.044863/0.106176/0.172648/0.262391/0.387235/0.633861]:0.230255,NC_037749[0.004734/0.046081/0.109060/0.177338/0.269519/0.397754/0.651079]:0.236509)[0.000572/0.005567/0.013176/0.021425/0.032562/0.048055/0.078660]:0.028574)[0.001153/0.011221/0.026557/0.043184/0.065631/0.096858/0.158546]:0.057593)[0.000843/0.008201/0.019410/0.031561/0.047967/0.070789/0.115873]:0.042092)[0.001380/0.013428/0.031779/0.051675/0.078536/0.115903/0.189721]:0.068917)[0.000083/0.000811/0.001918/0.003119/0.004741/0.006996/0.011452]:0.004160,((((NC_018349[0.003894/0.037905/0.089709/0.145872/0.221697/0.327179/0.535556]:0.194545,NC_028612[0.004007/0.039006/0.092315/0.150110/0.228137/0.336683/0.551113]:0.200196)[0.001062/0.010340/0.024472/0.039792/0.060477/0.089251/0.146094]:0.053070,NC_036270[0.003755/0.036546/0.086492/0.140641/0.213746/0.315446/0.516350]:0.187568)[0.000801/0.007797/0.018452/0.030005/0.045601/0.067298/0.110160]:0.040016,(NC_038115[0.004465/0.043460/0.102856/0.167251/0.254188/0.375129/0.614045]:0.223056,NC_039689[0.003497/0.034037/0.080555/0.130987/0.199075/0.293793/0.480907]:0.174693)[0.000995/0.009681/0.022913/0.037258/0.056625/0.083566/0.136789]:0.049690)[0.000371/0.003613/0.008550/0.013903/0.021130/0.031184/0.051045]:0.018542,(((NC_018352[0.004100/0.039911/0.094457/0.153593/0.233431/0.344496/0.563902]:0.204841,NC_028613[0.004168/0.040573/0.096024/0.156140/0.237302/0.350209/0.573254]:0.208239)[0.000332/0.003228/0.007639/0.012422/0.018879/0.027862/0.045607]:0.016567,NC_028605[0.003588/0.034924/0.082655/0.134402/0.204264/0.301452/0.493444]:0.179247)[0.000421/0.004094/0.009690/0.015756/0.023946/0.035339/0.057846]:0.021013,(((NC_028601[0.003949/0.038443/0.090982/0.147942/0.224842/0.331821/0.543154]:0.197305,NC_028609[0.005582/0.054337/0.128600/0.209111/0.317807/0.469018/0.767731]:0.278884)[0.000422/0.004105/0.009715/0.015798/0.024009/0.035432/0.057999]:0.021069,NC_028611[0.005212/0.050733/0.120068/0.195238/0.296724/0.437903/0.716798]:0.260382)[0.000299/0.002913/0.006894/0.011210/0.017037/0.025143/0.041156]:0.014950,(NC_028606[0.003899/0.037950/0.089816/0.146046/0.221961/0.327569/0.536194]:0.194777,NC_036273[0.005129/0.049924/0.118156/0.192128/0.291997/0.430927/0.705380]:0.256234)[0.000448/0.004363/0.010326/0.016791/0.025519/0.037660/0.061646]:0.022393)[0.000176/0.001716/0.004061/0.006604/0.010036/0.014812/0.024245]:0.008807)[0.000619/0.006027/0.014263/0.023193/0.035249/0.052020/0.085151]:0.030932)[0.000333/0.003239/0.007665/0.012463/0.018942/0.027954/0.045757]:0.016622)[0.000705/0.006864/0.016244/0.026414/0.040144/0.059245/0.096977]:0.035228,(((NC_011324[0.004190/0.040780/0.096513/0.156936/0.238512/0.351995/0.576177]:0.209300,NC_033340[0.003754/0.036537/0.086472/0.140608/0.213697/0.315373/0.516230]:0.187524)[0.001163/0.011317/0.026783/0.043550/0.066188/0.097679/0.159890]:0.058081,((NC_036678[0.005052/0.049179/0.116390/0.189258/0.287635/0.424489/0.694842]:0.252406,NC_038197[0.005432/0.052869/0.125124/0.203459/0.309218/0.456341/0.746980]:0.271346)[0.002452/0.023869/0.056489/0.091855/0.139602/0.206023/0.337237]:0.122504,(NC_041172[0.005449/0.053038/0.125523/0.204109/0.310205/0.457799/0.749366]:0.272213,NC_042417[0.004859/0.047296/0.111936/0.182014/0.276626/0.408243/0.668248]:0.242746)[0.002796/0.027214/0.064408/0.104732/0.159171/0.234904/0.384512]:0.139677)[0.000385/0.003750/0.008875/0.014431/0.021932/0.032367/0.052981]:0.019246)[0.000340/0.003312/0.007838/0.012746/0.019371/0.028588/0.046795]:0.016999,(NC_024271[0.004426/0.043081/0.101960/0.165794/0.251974/0.371861/0.608695]:0.221113,NC_036267[0.004512/0.043916/0.103935/0.169004/0.256853/0.379062/0.620482]:0.225395)[0.000540/0.005255/0.012437/0.020224/0.030737/0.045361/0.074251]:0.026972)[0.000327/0.003187/0.007543/0.012265/0.018640/0.027509/0.045029]:0.016357)[0.000265/0.002576/0.006096/0.009912/0.015064/0.022232/0.036391]:0.013219,((((NC_013254[0.006203/0.060376/0.142891/0.232349/0.353124/0.521139/0.853046]:0.309875,NC_036277[0.008661/0.084304/0.199522/0.324435/0.493077/0.727680/1.191131]:0.432687)[0.001255/0.012211/0.028900/0.046993/0.071420/0.105401/0.172529]:0.062673,NC_039657[0.007485/0.072855/0.172426/0.280375/0.426115/0.628857/1.029370]:0.373926)[0.000468/0.004558/0.010789/0.017543/0.026662/0.039347/0.064407]:0.023396,NC_036269[0.003897/0.037933/0.089776/0.145981/0.221862/0.327423/0.535955]:0.194689)[0.000040/0.000388/0.000918/0.001492/0.002268/0.003346/0.005478]:0.001990,(NC_036274[0.003862/0.037595/0.088976/0.144680/0.219885/0.324505/0.531179]:0.192955,NC_036276[0.003629/0.035325/0.083604/0.135945/0.206609/0.304913/0.499109]:0.181305)[0.000744/0.007238/0.017131/0.027856/0.042336/0.062480/0.102272]:0.037151)[0.001281/0.012468/0.029508/0.047981/0.072922/0.107617/0.176158]:0.063991)[0.000763/0.007423/0.017567/0.028565/0.043413/0.064069/0.104873]:0.038096,((((NC_025243[0.004810/0.046821/0.110812/0.180187/0.273848/0.404144/0.661538]:0.240309,(NC_029515[0.006160/0.059962/0.141912/0.230758/0.350706/0.517570/0.847205]:0.307754,NC_038089[0.004921/0.047897/0.113357/0.184326/0.280139/0.413427/0.676734]:0.245829)[0.000645/0.006279/0.014860/0.024163/0.036723/0.054195/0.088711]:0.032225)[0.001050/0.010218/0.024182/0.039322/0.059762/0.088196/0.144367]:0.052442,NC_043883[0.004012/0.039052/0.092425/0.150289/0.228409/0.337084/0.551770]:0.200434)[0.000354/0.003448/0.008161/0.013270/0.020167/0.029763/0.048718]:0.017697,NC_038090[0.004007/0.039000/0.092300/0.150085/0.228100/0.336628/0.551023]:0.200163)[0.000389/0.003789/0.008967/0.014581/0.022161/0.032705/0.053534]:0.019447,(NC_027114[0.003131/0.030475/0.072126/0.117281/0.178244/0.263051/0.430585]:0.156413,NC_036108[0.004090/0.039816/0.094231/0.153226/0.232873/0.343672/0.562553]:0.204351)[0.002061/0.020065/0.047488/0.077218/0.117356/0.173194/0.283499]:0.102983)[0.000340/0.003307/0.007827/0.012727/0.019342/0.028545/0.046725]:0.016973)[0.000053/0.000519/0.001229/0.001999/0.003038/0.004484/0.007339]:0.002666,(((NC_011326[0.003928/0.038233/0.090487/0.147137/0.223619/0.330016/0.540199]:0.196231,NC_018350[0.004372/0.042555/0.100715/0.163768/0.248896/0.367319/0.601260]:0.218412)[0.000435/0.004231/0.010014/0.016283/0.024746/0.036521/0.059780]:0.021716,NC_028203[0.007031/0.068439/0.161974/0.263380/0.400285/0.590739/0.966974]:0.351260)[0.000408/0.003968/0.009390/0.015269/0.023206/0.034248/0.056059]:0.020364,(NC_036104[0.004342/0.042265/0.100029/0.162653/0.247201/0.364817/0.597165]:0.216925,NC_036266[0.005763/0.056097/0.132763/0.215881/0.328096/0.484203/0.792586]:0.287913)[0.000657/0.006393/0.015130/0.024602/0.037389/0.055179/0.090322]:0.032810)[0.000362/0.003523/0.008338/0.013558/0.020605/0.030409/0.049777]:0.018082)[0.000222/0.002156/0.005103/0.008298/0.012611/0.018611/0.030464]:0.011066,((NC_018354[0.003448/0.033559/0.079424/0.129148/0.196280/0.289668/0.474155]:0.172240,NC_027577[0.005232/0.050930/0.120536/0.195999/0.297880/0.439609/0.719592]:0.261397)[0.001050/0.010225/0.024198/0.039348/0.059801/0.088254/0.144463]:0.052477,(((NC_022680[0.004404/0.042870/0.101459/0.164978/0.250734/0.370032/0.605702]:0.220026,NC_034293[0.004159/0.040484/0.095813/0.155798/0.236782/0.349441/0.571996]:0.207782)[0.000581/0.005659/0.013394/0.021779/0.033100/0.048848/0.079959]:0.029046,(NC_025945[0.004297/0.041822/0.098979/0.160946/0.244607/0.360989/0.590899]:0.214648,NC_041669[0.006196/0.060312/0.142739/0.232103/0.352750/0.520587/0.852143]:0.309547)[0.000278/0.002710/0.006413/0.010428/0.015849/0.023390/0.038287]:0.013908)[0.001288/0.012534/0.029664/0.048235/0.073308/0.108187/0.177091]:0.064329,(NC_030764[0.007137/0.069471/0.164417/0.267352/0.406323/0.599648/0.981558]:0.356558,NC_036291[0.008687/0.084554/0.200112/0.325394/0.494535/0.729831/1.194653]:0.433967)[0.000747/0.007273/0.017214/0.027990/0.042540/0.062780/0.102764]:0.037330)[0.000512/0.004984/0.011796/0.019180/0.029150/0.043020/0.070419]:0.025580)[0.001834/0.017849/0.042243/0.068689/0.104394/0.154064/0.252186]:0.091608)[0.000418/0.004073/0.009640/0.015674/0.023822/0.035156/0.057547]:0.020904,(NC_035677[0.004914/0.047831/0.113201/0.184072/0.279753/0.412858/0.675802]:0.245490,(NC_042198[0.010149/0.098788/0.233799/0.380172/0.577786/0.852693/1.395764]:0.507021,NC_042828[0.009612/0.093557/0.221421/0.360044/0.547195/0.807547/1.321865]:0.480177)[0.000671/0.006532/0.015459/0.025137/0.038203/0.056380/0.092288]:0.033524)[0.000279/0.002712/0.006418/0.010436/0.015861/0.023408/0.038316]:0.013918);
Site proportion and rates:  (0.170323,0.075096) (0.136721,2.029755) (0.107472,9.291844) (0.130868,7.630909) (0.212467,4.698556) (0.189885,5.260083) (0.052263,19.106533)
Partition Noname
score: -626071.197083  old_score: -596717.319764
ERROR: ratefree.cpp:539: double RateFree::optimizeWithEM(): Assertion `score > old_score-0.1' failed.
ERROR: STACK TRACE FOR DEBUGGING:
ERROR: 
ERROR: *** IQ-TREE CRASHES WITH SIGNAL ABORTED
ERROR: *** For bug report please send to developers:
ERROR: ***    Log file: TransGhostBothLinked.log
ERROR: ***    Alignment files (if possible)
