IQ-TREE multicore version 1.6.10 for Linux 64-bit built Feb 19 2019
Developed by Bui Quang Minh, Nguyen Lam Tung, Olga Chernomor,
Heiko Schmidt, Dominik Schrempf, Michael Woodhams.

Host:    hpc-crick (AVX, 251 GB RAM)
Command: iqtree -s TransSM.fasta -pre TransGhost -m MFP+FO*H4 -bb 1000
Seed:    828875 (Using SPRNG - Scalable Parallel Random Number Generator)
Time:    Wed Sep  9 16:15:13 2020
Kernel:  AVX - 1 threads (40 CPU cores detected)

HINT: Use -nt option to specify number of threads because your CPU has 40 cores!
HINT: -nt AUTO will automatically determine the best number of threads to use.

Reading alignment file TransSM.fasta ... Fasta format detected
Alignment most likely contains DNA/RNA sequences
Alignment has 94 sequences with 11913 columns, 8960 distinct patterns
8118 parsimony-informative, 928 singleton sites, 2867 constant sites
           Gap/Ambiguity  Composition  p-value
   1  NC_003372    6.72%    failed      0.18%
   2  NC_003970    6.91%    failed      0.00%
   3  NC_009964    6.49%    failed      0.00%
   4  NC_010964    6.78%    failed      0.00%
   5  NC_011320    6.34%    passed     12.50%
   6  NC_011322    6.33%    failed      0.00%
   7  NC_011324    6.98%    failed      0.00%
   8  NC_011326    6.60%    passed     92.84%
   9  NC_011328    6.46%    failed      0.00%
  10  NC_011329    5.91%    failed      0.00%
  11  NC_012139    5.82%    failed      0.00%
  12  NC_012144    5.73%    failed      0.00%
  13  NC_012765    6.28%    failed      0.00%
  14  NC_013249    6.24%    failed      0.29%
  15  NC_013254    7.08%    failed      0.00%
  16  NC_013576    7.43%    failed      0.00%
  17  NC_013580    6.43%    failed      0.00%
  18  NC_013582    7.03%    failed      0.00%
  19  NC_016469    5.76%    failed      0.00%
  20  NC_018349    6.65%    failed      1.72%
  21  NC_018350    6.84%    failed      4.49%
  22  NC_018352    6.66%    passed     42.42%
  23  NC_018353    8.34%    failed      0.00%
  24  NC_018354    6.49%    failed      0.00%
  25  NC_022680    6.35%    passed     18.55%
  26  NC_023246    6.56%    failed      0.00%
  27  NC_024271    6.78%    failed      0.00%
  28  NC_024633    6.66%    failed      0.00%
  29  NC_025243    6.75%    failed      0.00%
  30  NC_025332    6.74%    failed      0.00%
  31  NC_025945    6.48%    failed      0.00%
  32  NC_027114    6.66%    failed      0.00%
  33  NC_027176    6.61%    failed      0.00%
  34  NC_027256    7.19%    failed      0.00%
  35  NC_027577    6.61%    failed      0.69%
  36  NC_027580    6.72%    failed      0.00%
  37  NC_028203    6.70%    failed      0.02%
  38  NC_028541    6.78%    failed      0.00%
  39  NC_028601    7.18%    passed     16.52%
  40  NC_028603    8.09%    failed      0.00%
  41  NC_028605    7.44%    failed      0.00%
  42  NC_028606    7.65%    failed      0.00%
  43  NC_028607    7.87%    passed     62.63%
  44  NC_028609    7.14%    passed     37.49%
  45  NC_028611    6.77%    failed      0.00%
  46  NC_028612    7.67%    passed     32.81%
  47  NC_028613    7.78%    failed      0.15%
  48  NC_029515    6.58%    failed      0.00%
  49  NC_030060    6.68%    passed     82.21%
  50  NC_030592    5.59%    failed      0.00%
  51  NC_030593    5.69%    failed      0.00%
  52  NC_030758    6.46%    failed      0.00%
  53  NC_030764    6.61%    passed      8.30%
  54  NC_030778    6.58%    failed      0.00%
  55  NC_033340    6.62%    failed      0.00%
  56  NC_034293    6.35%    failed      0.00%
  57  NC_035677    7.16%    passed     17.41%
  58  NC_035714    6.09%    failed      1.62%
  59  NC_036104    6.71%    failed      0.15%
  60  NC_036108    6.66%    failed      0.76%
  61  NC_036261    7.31%    failed      0.00%
  62  NC_036265    7.32%    failed      0.00%
  63  NC_036266    7.65%    failed      0.00%
  64  NC_036267    7.47%    failed      0.02%
  65  NC_036269    7.61%    failed      0.00%
  66  NC_036270    7.77%    failed      0.00%
  67  NC_036271    7.11%    failed      0.00%
  68  NC_036273    7.42%    failed      0.00%
  69  NC_036274    7.67%    failed      0.00%
  70  NC_036275    7.34%    failed      0.00%
  71  NC_036276    7.62%    failed      0.00%
  72  NC_036277    8.30%    failed      0.00%
  73  NC_036278    7.26%    failed      0.00%
  74  NC_036279    6.96%    passed     20.86%
  75  NC_036291    7.71%    failed      0.00%
  76  NC_036678    7.19%    failed      0.00%
  77  NC_037196    6.61%    failed      0.00%
  78  NC_037200    7.19%    failed      0.00%
  79  NC_037749    6.22%    passed     29.39%
  80  NC_038089    6.46%    failed      0.00%
  81  NC_038090    6.46%    failed      0.00%
  82  NC_038115    6.48%    passed     80.20%
  83  NC_038197    7.77%    failed      0.00%
  84  NC_039657    6.60%    failed      0.00%
  85  NC_039689    7.35%    failed      0.00%
  86  NC_041172    7.28%    failed      0.00%
  87  NC_041669    6.51%    passed     49.66%
  88  NC_042198    7.50%    passed     38.97%
  89  NC_042417    7.25%    failed      0.00%
  90  NC_042614    6.35%    failed      0.00%
  91  NC_042820    7.39%    failed      0.01%
  92  NC_042828    6.96%    failed      0.00%
  93  NC_042922    6.56%    passed     18.74%
  94  NC_043883    6.64%    failed      0.00%
****  TOTAL        6.88%  77 sequences failed composition chi2 test (p-value<5%; df=3)


Create initial parsimony tree by phylogenetic likelihood library (PLL)... 0.165 seconds
NOTE: ModelFinder requires 307 MB RAM!
ModelFinder will test 484 DNA models (sample size: 11913) ...
 No. Model         -LnL         df  AIC          AICc         BIC
  1  JC            708567.858   185 1417505.717  1417511.585  1418872.013
  2  JC+I          667623.235   186 1335618.470  1335624.403  1336992.152
  3  JC+G4         630406.519   186 1261185.038  1261190.971  1262558.720
  4  JC+I+G4       628646.857   187 1257667.714  1257673.711  1259048.781
  5  JC+R2         639445.038   187 1279264.075  1279270.072  1280645.142
  6  JC+R3         630217.688   189 1260813.376  1260819.503  1262209.214
  7  JC+R4         628107.285   191 1256596.570  1256602.827  1258007.179
  8  JC+R5         627488.439   193 1255362.878  1255369.268  1256788.257
  9  JC+R6         627380.981   195 1255151.963  1255158.487  1256592.113
 10  JC+R7         627362.347   197 1255118.693  1255125.352  1256573.614
 11  JC+R8         627362.346   199 1255122.692  1255129.488  1256592.384
 14  JC*H2         638372.320   371 1277486.640  1277510.557  1280226.618
 15  JC*H3         628642.885   557 1258399.769  1258454.513  1262513.429
 16  JC*H4         626114.754   743 1253715.507  1253814.494  1259202.849
 17  JC*H5         625268.450   929 1252394.901  1252552.229  1259255.924
 23  F81+F         696375.192   188 1393126.383  1393132.445  1394514.836
 24  F81+F+I       652301.112   189 1304980.224  1304986.351  1306376.062
 25  F81+F+G4      609954.896   189 1220287.792  1220293.919  1221683.630
 26  F81+F+I+G4    607885.498   190 1216150.995  1216157.187  1217554.219
 27  F81+F+R2      620355.481   190 1241090.962  1241097.154  1242494.185
 28  F81+F+R3      610353.215   192 1221090.431  1221096.754  1222508.425
 29  F81+F+R4      607567.081   194 1215522.161  1215528.618  1216954.926
 30  F81+F+R5      606834.356   196 1214060.711  1214067.302  1215508.247
 31  F81+F+R6      606699.331   198 1213794.662  1213801.390  1215256.969
 32  F81+F+R7      606672.988   200 1213745.977  1213752.842  1215223.054
 33  F81+F+R8      606672.979   202 1213749.957  1213756.961  1215241.805
 36  F81*H2        619309.219   374 1239366.437  1239390.748  1242128.571
 37  F81*H3        608863.150   560 1218846.301  1218901.649  1222982.116
 38  F81*H4        605688.143   746 1212868.285  1212968.099  1218377.783
 39  F81*H5        604727.493   932 1211318.985  1211477.375  1218202.165
 40  F81*H6        603710.198   1118 1209656.395  1209888.199  1217913.256
 41  F81*H7        603138.632   1304 1208885.265  1209206.102  1218515.807
 45  K2P           708249.685   186 1416871.370  1416877.302  1418245.052
 46  K2P+I         667313.020   187 1335000.041  1335006.038  1336381.108
 47  K2P+G4        629982.349   187 1260338.698  1260344.695  1261719.765
 48  K2P+I+G4      628176.994   188 1256729.989  1256736.050  1258118.441
 49  K2P+R2        639108.832   188 1278593.665  1278599.726  1279982.117
 50  K2P+R3        629824.605   190 1260029.210  1260035.402  1261432.433
 51  K2P+R4        627661.906   192 1255707.812  1255714.136  1257125.806
 52  K2P+R5        627026.905   194 1254441.810  1254448.266  1255874.575
 53  K2P+R6        626911.998   196 1254215.997  1254222.588  1255663.532
 54  K2P+R7        626893.633   198 1254183.265  1254189.992  1255645.571
 55  K2P+R8        626893.552   200 1254187.103  1254193.968  1255664.180
 58  K80*H2        637275.442   373 1275296.885  1275321.064  1278051.633
 59  K80*H3        612655.583   560 1226431.165  1226486.514  1230566.981
 60  K80*H4        604814.429   747 1211122.859  1211222.949  1216639.742
 61  K80*H5        601306.545   934 1204481.090  1204640.188  1211379.040
 62  K80*H6        596902.076   1121 1196046.153  1196279.266  1204325.170
 63  K80*H7        595494.003   1308 1193604.006  1193926.936  1203264.091
 64  K80*H8        594380.285   1495 1191750.571  1192179.969  1202791.722
 65  K80*H9        593559.407   1682 1190482.814  1191036.246  1202905.032
 67  HKY+F         692960.578   189 1386299.156  1386305.283  1387694.994
 68  HKY+F+I       647765.846   190 1295911.691  1295917.883  1297314.914
 69  HKY+F+G4      601828.375   190 1204036.749  1204042.941  1205439.972
 70  HKY+F+I+G4    599572.664   191 1199527.328  1199533.586  1200937.937
 71  HKY+F+R2      614045.990   191 1228473.979  1228480.237  1229884.588
 72  HKY+F+R3      603300.768   193 1206987.536  1206993.926  1208412.916
 73  HKY+F+R4      599598.520   195 1199587.040  1199593.564  1201027.190
 74  HKY+F+R5      598743.037   197 1197880.074  1197886.733  1199334.995
 75  HKY+F+R6      598492.306   199 1197382.611  1197389.407  1198852.303
 76  HKY+F+R7      598398.311   201 1197198.622  1197205.556  1198683.085
 77  HKY+F+R8      598398.125   203 1197202.251  1197209.324  1198701.484
 80  HKY*H2        613001.723   376 1226755.446  1226780.022  1229532.351
 81  HKY*H3        591574.652   563 1184275.304  1184331.261  1188433.276
 82  HKY*H4        584242.444   750 1169984.888  1170085.811  1175523.927
 83  HKY*H5        581453.338   937 1164780.675  1164940.840  1171700.781
 84  HKY*H6        577155.305   1124 1156558.610  1156793.038  1164859.784
 85  HKY*H7        575505.461   1311 1153632.922  1153957.425  1163315.162
 86  HKY*H8        573880.867   1498 1150757.733  1151188.980  1161821.041
 87  HKY*H9        573112.007   1685 1149594.013  1150149.584  1162038.388
 89  TNe           708004.692   187 1416383.384  1416389.381  1417764.451
 90  TNe+I         666879.785   188 1334135.569  1334141.631  1335524.022
 91  TNe+G4        628928.601   188 1258233.203  1258239.264  1259621.655
 92  TNe+I+G4      627076.165   189 1254530.330  1254536.456  1255926.167
 93  TNe+R2        638336.672   189 1277051.345  1277057.471  1278447.182
 94  TNe+R3        628843.036   191 1258068.072  1258074.330  1259478.681
 95  TNe+R4        626597.171   193 1253580.341  1253586.731  1255005.721
 96  TNe+R5        625951.594   195 1252293.188  1252299.711  1253733.338
 97  TNe+R6        625813.183   197 1252020.366  1252027.025  1253475.287
 98  TNe+R7        625789.375   199 1251976.750  1251983.546  1253446.442
 99  TNe+R8        625789.297   201 1251980.594  1251987.528  1253465.056
102  TNe*H2        636430.833   375 1273611.667  1273636.110  1276381.187
103  TNe*H3        612325.564   563 1225777.129  1225833.086  1229935.101
104  TNe*H4        604548.824   751 1210599.648  1210700.849  1216146.072
105  TNe*H5        599490.680   939 1200859.361  1201020.239  1207794.238
106  TNe*H6        596756.416   1127 1195766.833  1196002.578  1204090.162
107  TNe*H7        595366.948   1315 1193363.896  1193690.506  1203075.678
108  TNe*H8        594282.806   1503 1191571.612  1192005.950  1202671.846
109  TNe*H9        593365.091   1691 1190112.182  1190672.044  1202600.869
110  TNe*H10       592371.678   1879 1188501.356  1189205.536  1202378.495
111  TN+F          692886.329   190 1386152.658  1386158.850  1387555.882
112  TN+F+I        647624.065   191 1295630.131  1295636.388  1297040.739
113  TN+F+G4       601230.466   191 1202842.932  1202849.189  1204253.540
114  TN+F+I+G4     599158.975   192 1198701.949  1198708.273  1200119.943
115  TN+F+R2       613860.058   192 1228104.116  1228110.439  1229522.110
116  TN+F+R3       602953.577   194 1206295.154  1206301.610  1207727.918
117  TN+F+R4       599183.769   196 1198759.537  1198766.129  1200207.073
118  TN+F+R5       598363.725   198 1197123.451  1197130.178  1198585.757
119  TN+F+R6       598059.815   200 1196519.629  1196526.494  1197996.707
120  TN+F+R7       597965.642   202 1196335.283  1196342.287  1197827.131
121  TN+F+R8       597964.767   204 1196337.534  1196344.677  1197844.152
124  TN*H2         612652.621   378 1226061.243  1226086.084  1228852.918
125  TN*H3         591346.929   566 1183825.857  1183882.427  1188005.986
126  TN*H4         584020.661   754 1169549.322  1169651.360  1175117.902
127  TN*H5         579512.182   942 1160908.363  1161070.315  1167865.396
128  TN*H6         577092.284   1130 1156444.568  1156681.635  1164790.053
129  TN*H7         575458.645   1318 1153553.291  1153881.485  1163287.229
130  TN*H8         573851.806   1506 1150715.611  1151151.810  1161838.002
WARNING: ABNORMAL_TERMINATION_IN_LNSRCH
131  TN*H9         573088.571   1694 1149565.141  1150127.155  1162075.984
133  K3P           691484.893   187 1383343.786  1383349.783  1384724.853
134  K3P+I         649638.974   188 1299653.949  1299660.010  1301042.401
135  K3P+G4        610219.438   188 1220814.876  1220820.937  1222203.328
136  K3P+I+G4      608227.122   189 1216832.243  1216838.369  1218228.081
137  K3P+R2        620158.992   189 1240695.983  1240702.110  1242091.821
138  K3P+R3        610289.466   191 1220960.933  1220967.190  1222371.542
139  K3P+R4        607794.394   193 1215974.788  1215981.178  1217400.168
140  K3P+R5        607096.517   195 1214583.034  1214589.558  1216023.184
141  K3P+R6        606921.838   197 1214237.676  1214244.335  1215692.597
142  K3P+R7        606859.582   199 1214117.164  1214123.960  1215586.856
143  K3P+R8        606859.543   201 1214121.085  1214128.019  1215605.548
146  K81*H2        617724.180   375 1236198.360  1236222.804  1238967.880
147  K81*H3        595454.165   563 1192034.331  1192090.289  1196192.303
WARNING: ABNORMAL_TERMINATION_IN_LNSRCH
WARNING: ABNORMAL_TERMINATION_IN_LNSRCH
WARNING: ABNORMAL_TERMINATION_IN_LNSRCH
148  K81*H4        587035.322   751 1175572.643  1175673.844  1181119.068
WARNING: ABNORMAL_TERMINATION_IN_LNSRCH
WARNING: ABNORMAL_TERMINATION_IN_LNSRCH
WARNING: ABNORMAL_TERMINATION_IN_LNSRCH
WARNING: ABNORMAL_TERMINATION_IN_LNSRCH
WARNING: ABNORMAL_TERMINATION_IN_LNSRCH
149  K81*H5        582037.520   939 1165953.041  1166113.919  1172887.918
WARNING: ABNORMAL_TERMINATION_IN_LNSRCH
WARNING: ABNORMAL_TERMINATION_IN_LNSRCH
WARNING: ABNORMAL_TERMINATION_IN_LNSRCH
WARNING: ABNORMAL_TERMINATION_IN_LNSRCH
WARNING: ABNORMAL_TERMINATION_IN_LNSRCH
150  K81*H6        579123.162   1127 1160500.323  1160736.068  1168823.653
WARNING: ABNORMAL_TERMINATION_IN_LNSRCH
WARNING: ABNORMAL_TERMINATION_IN_LNSRCH
WARNING: ABNORMAL_TERMINATION_IN_LNSRCH
151  K81*H7        577347.123   1315 1157324.246  1157650.855  1167036.028
WARNING: ABNORMAL_TERMINATION_IN_LNSRCH
WARNING: ABNORMAL_TERMINATION_IN_LNSRCH
WARNING: ABNORMAL_TERMINATION_IN_LNSRCH
WARNING: ABNORMAL_TERMINATION_IN_LNSRCH
WARNING: ABNORMAL_TERMINATION_IN_LNSRCH
152  K81*H8        575869.206   1503 1154744.412  1155178.750  1165844.647
WARNING: ABNORMAL_TERMINATION_IN_LNSRCH
WARNING: ABNORMAL_TERMINATION_IN_LNSRCH
WARNING: ABNORMAL_TERMINATION_IN_LNSRCH
WARNING: ABNORMAL_TERMINATION_IN_LNSRCH
WARNING: ABNORMAL_TERMINATION_IN_LNSRCH
WARNING: ABNORMAL_TERMINATION_IN_LNSRCH
WARNING: ABNORMAL_TERMINATION_IN_LNSRCH
WARNING: ABNORMAL_TERMINATION_IN_LNSRCH
153  K81*H9        573806.795   1691 1150995.591  1151555.452  1163484.278
WARNING: ABNORMAL_TERMINATION_IN_LNSRCH
WARNING: ABNORMAL_TERMINATION_IN_LNSRCH
WARNING: ABNORMAL_TERMINATION_IN_LNSRCH
WARNING: ABNORMAL_TERMINATION_IN_LNSRCH
WARNING: ABNORMAL_TERMINATION_IN_LNSRCH
WARNING: ABNORMAL_TERMINATION_IN_LNSRCH
WARNING: ABNORMAL_TERMINATION_IN_LNSRCH
WARNING: ABNORMAL_TERMINATION_IN_LNSRCH
WARNING: ABNORMAL_TERMINATION_IN_LNSRCH
WARNING: ABNORMAL_TERMINATION_IN_LNSRCH
WARNING: ABNORMAL_TERMINATION_IN_LNSRCH
WARNING: ABNORMAL_TERMINATION_IN_LNSRCH
WARNING: ABNORMAL_TERMINATION_IN_LNSRCH
154  K81*H10       572830.360   1879 1149418.720  1150122.900  1163295.859
155  K3Pu+F        688131.189   190 1376642.378  1376648.570  1378045.601
156  K3Pu+F+I      644034.058   191 1288450.116  1288456.374  1289860.725
157  K3Pu+F+G4     599731.161   191 1199844.323  1199850.580  1201254.931
158  K3Pu+F+I+G4   597395.369   192 1195174.738  1195181.061  1196592.732
159  K3Pu+F+R2     611391.354   192 1223166.707  1223173.031  1224584.701
160  K3Pu+F+R3     600742.007   194 1201872.014  1201878.471  1203304.779
161  K3Pu+F+R4     597370.952   196 1195133.904  1195140.495  1196581.440
162  K3Pu+F+R5     596536.851   198 1193469.701  1193476.428  1194932.007
163  K3Pu+F+R6     596313.735   200 1193027.470  1193034.335  1194504.547
164  K3Pu+F+R7     596258.512   202 1192921.023  1192928.027  1194412.871
165  K3Pu+F+R8     596258.260   204 1192924.519  1192931.663  1194431.138
168  K81u*H2       610322.187   378 1221400.375  1221425.217  1224192.051
169  K81u*H3       590068.183   566 1181268.365  1181324.935  1185448.494
170  K81u*H4       583545.621   754 1168599.242  1168701.280  1174167.822
171  K81u*H5       578241.395   942 1158366.790  1158528.742  1165323.823
WARNING: ABNORMAL_TERMINATION_IN_LNSRCH
172  K81u*H6       575513.025   1130 1153286.050  1153523.118  1161631.536
WARNING: ABNORMAL_TERMINATION_IN_LNSRCH
WARNING: ABNORMAL_TERMINATION_IN_LNSRCH
WARNING: ABNORMAL_TERMINATION_IN_LNSRCH
173  K81u*H7       573356.137   1318 1149348.275  1149676.469  1159082.213
WARNING: ABNORMAL_TERMINATION_IN_LNSRCH
WARNING: ABNORMAL_TERMINATION_IN_LNSRCH
WARNING: ABNORMAL_TERMINATION_IN_LNSRCH
WARNING: ABNORMAL_TERMINATION_IN_LNSRCH
174  K81u*H8       571586.921   1506 1146185.842  1146622.041  1157308.233
WARNING: ABNORMAL_TERMINATION_IN_LNSRCH
WARNING: ABNORMAL_TERMINATION_IN_LNSRCH
175  K81u*H9       570385.197   1694 1144158.393  1144720.408  1156669.236
WARNING: ABNORMAL_TERMINATION_IN_LNSRCH
WARNING: ABNORMAL_TERMINATION_IN_LNSRCH
WARNING: ABNORMAL_TERMINATION_IN_LNSRCH
WARNING: ABNORMAL_TERMINATION_IN_LNSRCH
WARNING: ABNORMAL_TERMINATION_IN_LNSRCH
WARNING: ABNORMAL_TERMINATION_IN_LNSRCH
WARNING: ABNORMAL_TERMINATION_IN_LNSRCH
WARNING: ABNORMAL_TERMINATION_IN_LNSRCH
WARNING: ABNORMAL_TERMINATION_IN_LNSRCH
WARNING: ABNORMAL_TERMINATION_IN_LNSRCH
176  K81u*H10      569419.293   1882 1142602.586  1143309.228  1156501.882
177  TPM2+F        686945.849   190 1374271.698  1374277.890  1375674.922
178  TPM2+F+I      643971.065   191 1288324.130  1288330.387  1289734.738
179  TPM2+F+G4     601238.953   191 1202859.906  1202866.163  1204270.515
180  TPM2+F+I+G4   598878.476   192 1198140.952  1198147.275  1199558.946
181  TPM2+F+R2     612395.176   192 1225174.352  1225180.676  1226592.346
182  TPM2+F+R3     602142.661   194 1204673.322  1204679.779  1206106.087
183  TPM2+F+R4     598809.811   196 1198011.622  1198018.213  1199459.158
184  TPM2+F+R5     598002.515   198 1196401.031  1196407.758  1197863.337
185  TPM2+F+R6     597781.793   200 1195963.586  1195970.450  1197440.663
186  TPM2+F+R7     597717.232   202 1195838.463  1195845.467  1197330.311
187  TPM2+F+R8     597717.107   204 1195842.213  1195849.357  1197348.832
190  TPM2*H2       610832.185   378 1222420.370  1222445.212  1225212.046
191  TPM2*H3       590468.682   566 1182069.364  1182125.934  1186249.492
192  TPM2*H4       583081.828   754 1167671.655  1167773.693  1173240.236
193  TPM2*H5       578838.153   942 1159560.305  1159722.257  1166517.338
194  TPM2*H6       576326.949   1130 1154913.898  1155150.966  1163259.384
WARNING: ABNORMAL_TERMINATION_IN_LNSRCH
195  TPM2*H7       574582.811   1318 1151801.622  1152129.815  1161535.560
WARNING: ABNORMAL_TERMINATION_IN_LNSRCH
196  TPM2*H8       572693.320   1506 1148398.640  1148834.838  1159521.030
WARNING: ABNORMAL_TERMINATION_IN_LNSRCH
197  TPM2*H9       571397.565   1694 1146183.130  1146745.144  1158693.973
WARNING: ABNORMAL_TERMINATION_IN_LNSRCH
WARNING: ABNORMAL_TERMINATION_IN_LNSRCH
WARNING: ABNORMAL_TERMINATION_IN_LNSRCH
WARNING: ABNORMAL_TERMINATION_IN_LNSRCH
WARNING: ABNORMAL_TERMINATION_IN_LNSRCH
WARNING: ABNORMAL_TERMINATION_IN_LNSRCH
198  TPM2*H10      570389.859   1882 1144543.717  1145250.358  1158443.013
199  TPM2u+F       686945.842   190 1374271.684  1374277.876  1375674.907
200  TPM2u+F+I     643971.108   191 1288324.216  1288330.473  1289734.825
201  TPM2u+F+G4    601238.954   191 1202859.908  1202866.166  1204270.517
202  TPM2u+F+I+G4  598878.476   192 1198140.953  1198147.276  1199558.947
203  TPM2u+F+R2    612395.175   192 1225174.351  1225180.674  1226592.345
204  TPM2u+F+R3    602142.708   194 1204673.416  1204679.873  1206106.181
205  TPM2u+F+R4    598809.850   196 1198011.700  1198018.291  1199459.236
206  TPM2u+F+R5    598002.392   198 1196400.784  1196407.511  1197863.090
207  TPM2u+F+R6    597781.635   200 1195963.270  1195970.135  1197440.347
208  TPM2u+F+R7    597716.667   202 1195837.334  1195844.337  1197329.182
209  TPM2u+F+R8    597716.596   204 1195841.192  1195848.336  1197347.811
212  TPM2u*H2      610832.192   378 1222420.384  1222445.226  1225212.060
213  TPM2u*H3      590468.690   566 1182069.379  1182125.949  1186249.507
214  TPM2u*H4      583081.748   754 1167671.496  1167773.534  1173240.076
215  TPM2u*H5      578838.073   942 1159560.145  1159722.097  1166517.178
216  TPM2u*H6      576326.967   1130 1154913.934  1155151.001  1163259.420
217  TPM2u*H7      574584.757   1318 1151805.513  1152133.707  1161539.451
WARNING: ABNORMAL_TERMINATION_IN_LNSRCH
218  TPM2u*H8      572691.247   1506 1148394.494  1148830.693  1159516.885
WARNING: ABNORMAL_TERMINATION_IN_LNSRCH
219  TPM2u*H9      571396.690   1694 1146181.381  1146743.395  1158692.224
WARNING: ABNORMAL_TERMINATION_IN_LNSRCH
220  TPM2u*H10     570389.052   1882 1144542.104  1145248.745  1158441.399
221  TPM3+F        692072.583   190 1384525.166  1384531.357  1385928.389
222  TPM3+F+I      647128.638   191 1294639.275  1294645.533  1296049.884
223  TPM3+F+G4     601686.859   191 1203755.718  1203761.975  1205166.326
224  TPM3+F+I+G4   599366.920   192 1199117.839  1199124.163  1200535.833
225  TPM3+F+R2     613694.837   192 1227773.675  1227779.998  1229191.669
226  TPM3+F+R3     602947.908   194 1206283.815  1206290.272  1207716.580
227  TPM3+F+R4     599392.376   196 1199176.752  1199183.344  1200624.288
228  TPM3+F+R5     598525.724   198 1197447.449  1197454.176  1198909.755
229  TPM3+F+R6     598284.576   200 1196969.153  1196976.018  1198446.230
230  TPM3+F+R7     598201.290   202 1196806.580  1196813.584  1198298.428
231  TPM3+F+R8     598201.222   204 1196810.443  1196817.587  1198317.062
234  TPM3*H2       612139.673   378 1225035.346  1225060.188  1227827.022
235  TPM3*H3       591152.390   566 1183436.780  1183493.350  1187616.908
236  TPM3*H4       583912.206   754 1169332.411  1169434.449  1174900.992
237  TPM3*H5       579362.563   942 1160609.125  1160771.077  1167566.159
238  TPM3*H6       576811.973   1130 1155883.946  1156121.014  1164229.432
239  TPM3*H7       575194.019   1318 1153024.038  1153352.231  1162757.976
240  TPM3*H8       573481.382   1506 1149974.765  1150410.963  1161097.155
WARNING: ABNORMAL_TERMINATION_IN_LNSRCH
241  TPM3*H9       572200.451   1694 1147788.902  1148350.916  1160299.745
242  TPM3*H10      571348.116   1882 1146460.233  1147166.874  1160359.528
243  TPM3u+F       692072.583   190 1384525.166  1384531.357  1385928.389
244  TPM3u+F+I     647128.672   191 1294639.344  1294645.601  1296049.952
245  TPM3u+F+G4    601686.867   191 1203755.734  1203761.992  1205166.343
246  TPM3u+F+I+G4  599366.921   192 1199117.842  1199124.166  1200535.836
247  TPM3u+F+R2    613694.834   192 1227773.668  1227779.991  1229191.662
248  TPM3u+F+R3    602947.909   194 1206283.817  1206290.274  1207716.582
249  TPM3u+F+R4    599392.414   196 1199176.828  1199183.420  1200624.364
250  TPM3u+F+R5    598525.504   198 1197447.008  1197453.736  1198909.315
251  TPM3u+F+R6    598284.376   200 1196968.752  1196975.617  1198445.829
252  TPM3u+F+R7    598200.717   202 1196805.433  1196812.437  1198297.281
253  TPM3u+F+R8    598200.694   204 1196809.387  1196816.531  1198316.006
256  TPM3u*H2      612139.666   378 1225035.332  1225060.174  1227827.008
257  TPM3u*H3      591152.374   566 1183436.749  1183493.319  1187616.877
258  TPM3u*H4      583912.140   754 1169332.279  1169434.317  1174900.860
259  TPM3u*H5      579362.534   942 1160609.067  1160771.019  1167566.100
260  TPM3u*H6      576811.864   1130 1155883.728  1156120.796  1164229.214
261  TPM3u*H7      575193.794   1318 1153023.588  1153351.782  1162757.526
262  TPM3u*H8      573481.357   1506 1149974.714  1150410.912  1161097.104
263  TPM3u*H9      572200.180   1694 1147788.360  1148350.375  1160299.204
264  TPM3u*H10     571348.249   1882 1146460.498  1147167.140  1160359.794
265  TIMe          691238.922   188 1382853.845  1382859.906  1384242.297
266  TIMe+I        649202.694   189 1298783.389  1298789.515  1300179.226
267  TIMe+G4       609112.448   189 1218602.897  1218609.023  1219998.735
268  TIMe+I+G4     607073.874   190 1214527.747  1214533.939  1215930.970
269  TIMe+R2       619349.705   190 1239079.410  1239085.602  1240482.633
270  TIMe+R3       609248.483   192 1218880.965  1218887.289  1220298.959
271  TIMe+R4       606676.144   194 1213740.289  1213746.745  1215173.053
272  TIMe+R5       605984.008   196 1212360.015  1212366.606  1213807.551
273  TIMe+R6       605787.468   198 1211970.935  1211977.662  1213433.241
274  TIMe+R7       605698.524   200 1211797.049  1211803.914  1213274.126
275  TIMe+R8       605698.438   202 1211800.876  1211807.880  1213292.724
278  TIMe*H2       616874.764   377 1234503.527  1234528.236  1237287.818
279  TIMe*H3       595029.266   566 1191190.533  1191247.103  1195370.661
280  TIMe*H4       586348.543   755 1174207.085  1174309.403  1179783.052
WARNING: ABNORMAL_TERMINATION_IN_LNSRCH
281  TIMe*H5       581692.022   944 1165272.045  1165434.714  1172243.849
282  TIMe*H6       578913.741   1133 1160093.483  1160331.876  1168461.124
WARNING: ABNORMAL_TERMINATION_IN_LNSRCH
WARNING: ABNORMAL_TERMINATION_IN_LNSRCH
WARNING: ABNORMAL_TERMINATION_IN_LNSRCH
WARNING: ABNORMAL_TERMINATION_IN_LNSRCH
283  TIMe*H7       576615.221   1322 1155874.443  1156204.755  1165637.922
WARNING: ABNORMAL_TERMINATION_IN_LNSRCH
WARNING: ABNORMAL_TERMINATION_IN_LNSRCH
WARNING: ABNORMAL_TERMINATION_IN_LNSRCH
WARNING: ABNORMAL_TERMINATION_IN_LNSRCH
284  TIMe*H8       575080.686   1511 1153183.372  1153622.682  1164342.690
WARNING: ABNORMAL_TERMINATION_IN_LNSRCH
WARNING: ABNORMAL_TERMINATION_IN_LNSRCH
WARNING: ABNORMAL_TERMINATION_IN_LNSRCH
285  TIMe*H9       573547.426   1700 1150494.851  1151061.185  1163050.007
WARNING: ABNORMAL_TERMINATION_IN_LNSRCH
WARNING: ABNORMAL_TERMINATION_IN_LNSRCH
286  TIMe*H10      571138.519   1889 1146055.038  1146767.441  1160006.031
287  TIM+F         688050.193   191 1376482.387  1376488.644  1377892.996
288  TIM+F+I       643874.875   192 1288133.749  1288140.073  1289551.743
289  TIM+F+G4      599106.545   192 1198597.091  1198603.414  1200015.085
290  TIM+F+I+G4    596910.800   193 1194207.601  1194213.990  1195632.980
291  TIM+F+R2      611152.756   193 1222691.513  1222697.903  1224116.892
292  TIM+F+R3      600374.496   195 1201138.991  1201145.515  1202579.141
293  TIM+F+R4      596903.481   197 1194200.962  1194207.621  1195655.883
294  TIM+F+R5      596114.787   199 1192627.574  1192634.370  1194097.266
295  TIM+F+R6      595838.046   201 1192078.091  1192085.025  1193562.554
296  TIM+F+R7      595775.392   203 1191956.784  1191963.858  1193456.017
297  TIM+F+R8      595775.262   205 1191960.524  1191967.738  1193474.528
300  TIM*H2        609917.558   380 1220595.115  1220620.225  1223401.562
301  TIM*H3        589808.926   569 1180755.853  1180813.039  1184958.137
302  TIM*H4        583038.474   758 1167592.948  1167696.108  1173191.070
303  TIM*H5        578075.686   947 1158045.372  1158209.122  1165039.332
304  TIM*H6        575460.948   1136 1153193.895  1153433.619  1161583.693
305  TIM*H7        573324.380   1325 1149298.760  1149630.667  1159084.396
306  TIM*H8        571506.349   1514 1146040.697  1146481.880  1157222.171
WARNING: ABNORMAL_TERMINATION_IN_LNSRCH
WARNING: ABNORMAL_TERMINATION_IN_LNSRCH
307  TIM*H9        569443.334   1703 1142292.668  1142861.169  1154869.980
308  TIM*H10       568233.329   1892 1140250.657  1140965.539  1154223.807
309  TIM2e         690698.220   188 1381772.440  1381778.501  1383160.892
310  TIM2e+I       653218.316   189 1306814.632  1306820.758  1308210.470
311  TIM2e+G4      618083.326   189 1236544.652  1236550.778  1237940.489
312  TIM2e+I+G4    616310.852   190 1233001.703  1233007.895  1234404.926
313  TIM2e+R2      626885.381   190 1254150.761  1254156.953  1255553.984
314  TIM2e+R3      618025.774   192 1236435.547  1236441.871  1237853.541
315  TIM2e+R4      615888.792   194 1232165.584  1232172.041  1233598.349
316  TIM2e+R5      615217.546   196 1230827.092  1230833.684  1232274.628
317  TIM2e+R6      615054.854   198 1230505.708  1230512.435  1231968.014
318  TIM2e+R7      614978.837   200 1230357.674  1230364.539  1231834.751
319  TIM2e+R8      614978.741   202 1230361.483  1230368.487  1231853.331
322  TIM2e*H2      625118.102   377 1250990.205  1251014.913  1253774.495
323  TIM2e*H3      603334.159   566 1207800.317  1207856.887  1211980.446
324  TIM2e*H4      596165.046   755 1193840.092  1193942.410  1199416.058
325  TIM2e*H5      591143.253   944 1184174.507  1184337.177  1191146.311
326  TIM2e*H6      588334.326   1133 1178934.652  1179173.045  1187302.294
WARNING: ABNORMAL_TERMINATION_IN_LNSRCH
327  TIM2e*H7      585665.824   1322 1173975.648  1174305.961  1183739.128
328  TIM2e*H8      584172.420   1511 1171366.841  1171806.151  1182526.158
329  TIM2e*H9      582454.223   1700 1168308.446  1168874.779  1180863.601
330  TIM2e*H10     581237.010   1889 1166252.020  1166964.423  1180203.013
331  TIM2+F        686928.841   191 1374239.682  1374245.939  1375650.290
332  TIM2+F+I      643892.150   192 1288168.299  1288174.623  1289586.293
333  TIM2+F+G4     600542.709   192 1201469.417  1201475.741  1202887.411
334  TIM2+F+I+G4   598378.614   193 1197143.229  1197149.619  1198568.608
335  TIM2+F+R2     612204.988   193 1224795.976  1224802.366  1226221.356
336  TIM2+F+R3     601808.471   195 1204006.941  1204013.465  1205447.091
337  TIM2+F+R4     598347.450   197 1197088.899  1197095.558  1198543.820
338  TIM2+F+R5     597571.669   199 1195541.338  1195548.134  1197011.030
339  TIM2+F+R6     597281.887   201 1194965.774  1194972.708  1196450.236
340  TIM2+F+R7     597206.339   203 1194818.678  1194825.751  1196317.911
341  TIM2+F+R8     597206.174   205 1194822.348  1194829.562  1196336.352
344  TIM2*H2       610496.874   380 1221753.747  1221778.857  1224560.194
345  TIM2*H3       590205.262   569 1181548.524  1181605.710  1185750.808
346  TIM2*H4       583063.502   758 1167643.005  1167746.165  1173241.127
347  TIM2*H5       578722.760   947 1159339.520  1159503.269  1166333.480
348  TIM2*H6       576265.668   1136 1154803.337  1155043.060  1163193.135
WARNING: ABNORMAL_TERMINATION_IN_LNSRCH
349  TIM2*H7       573337.243   1325 1149324.486  1149656.393  1159110.122
350  TIM2*H8       571989.534   1514 1147007.068  1147448.251  1158188.542
351  TIM2*H9       570501.092   1703 1144408.184  1144976.685  1156985.496
352  TIM2*H10      569966.436   1892 1143716.872  1144431.753  1157690.021
353  TIM3e         700420.218   188 1401216.437  1401222.498  1402604.889
354  TIM3e+I       660241.509   189 1320861.018  1320867.145  1322256.856
355  TIM3e+G4      620731.372   189 1241840.744  1241846.870  1243236.582
356  TIM3e+I+G4    618778.417   190 1237936.834  1237943.026  1239340.057
357  TIM3e+R2      631301.717   190 1262983.435  1262989.627  1264386.658
358  TIM3e+R3      621110.797   192 1242605.594  1242611.917  1244023.588
359  TIM3e+R4      618507.644   194 1237403.287  1237409.744  1238836.052
360  TIM3e+R5      617818.189   196 1236028.378  1236034.969  1237475.913
361  TIM3e+R6      617540.207   198 1235476.414  1235483.142  1236938.721
362  TIM3e+R7      617474.264   200 1235348.527  1235355.392  1236825.604
363  TIM3e+R8      617474.262   202 1235352.523  1235359.527  1236844.371
366  TIM3e*H2      629442.280   377 1259638.560  1259663.268  1262422.850
367  TIM3e*H3      606192.201   566 1213516.402  1213572.972  1217696.530
368  TIM3e*H4      598132.361   755 1197774.723  1197877.041  1203350.689
369  TIM3e*H5      592779.878   944 1187447.756  1187610.425  1194419.560
370  TIM3e*H6      589797.607   1133 1181861.214  1182099.607  1190228.855
371  TIM3e*H7      587592.103   1322 1177828.206  1178158.519  1187591.686
372  TIM3e*H8      585693.771   1511 1174409.541  1174848.851  1185568.859
373  TIM3e*H9      584647.635   1700 1172695.271  1173261.604  1185250.426
374  TIM3e*H10     583748.470   1889 1171274.940  1171987.344  1185225.934
375  TIM3+F        691978.667   191 1384339.334  1384345.592  1385749.943
376  TIM3+F+I      646963.140   192 1294310.280  1294316.604  1295728.274
377  TIM3+F+G4     601151.524   192 1202687.047  1202693.371  1204105.041
378  TIM3+F+I+G4   598997.880   193 1198381.760  1198388.150  1199807.139
379  TIM3+F+R2     613497.200   193 1227380.400  1227386.790  1228805.780
380  TIM3+F+R3     602676.938   195 1205743.876  1205750.400  1207184.026
381  TIM3+F+R4     599017.371   197 1198428.743  1198435.402  1199883.664
382  TIM3+F+R5     598202.484   199 1196802.969  1196809.765  1198272.660
383  TIM3+F+R6     597921.501   201 1196245.003  1196251.937  1197729.465
384  TIM3+F+R7     597830.229   203 1196066.457  1196073.531  1197565.690
385  TIM3+F+R8     597830.142   205 1196070.284  1196077.499  1197584.288
388  TIM3*H2       611749.024   380 1224258.048  1224283.157  1227064.495
389  TIM3*H3       590898.082   569 1182934.165  1182991.350  1187136.449
390  TIM3*H4       583635.576   758 1168787.151  1168890.311  1174385.274
391  TIM3*H5       579202.440   947 1160298.880  1160462.629  1167292.840
392  TIM3*H6       576711.364   1136 1155694.728  1155934.451  1164084.525
393  TIM3*H7       574373.514   1325 1151397.027  1151728.934  1161182.663
394  TIM3*H8       573009.304   1514 1149046.609  1149487.792  1160228.082
395  TIM3*H9       571925.023   1703 1147256.047  1147824.548  1159833.358
396  TIM3*H10      570760.232   1892 1145304.465  1146019.346  1159277.614
397  TVMe          680247.217   189 1360872.435  1360878.561  1362268.273
398  TVMe+I        642547.584   190 1285475.168  1285481.360  1286878.391
399  TVMe+G4       605860.420   190 1212100.840  1212107.032  1213504.064
400  TVMe+I+G4     603982.229   191 1208346.457  1208352.715  1209757.066
401  TVMe+R2       615329.519   191 1231041.037  1231047.295  1232451.646
402  TVMe+R3       606008.847   193 1212403.694  1212410.084  1213829.074
403  TVMe+R4       603646.531   195 1207683.061  1207689.585  1209123.211
404  TVMe+R5       602931.845   197 1206257.689  1206264.349  1207712.610
405  TVMe+R6       602702.251   199 1205802.503  1205809.299  1207272.195
406  TVMe+R7       602619.004   201 1205640.008  1205646.942  1207124.470
407  TVMe+R8       602618.892   203 1205643.784  1205650.857  1207143.017
410  TVMe*H2       613566.080   379 1227890.160  1227915.136  1230689.222
411  TVMe*H3       592901.851   569 1186941.702  1186998.888  1191143.986
WARNING: ABNORMAL_TERMINATION_IN_LNSRCH
412  TVMe*H4       584810.980   759 1171139.959  1171243.401  1176745.467
413  TVMe*H5       579635.154   949 1161168.308  1161332.779  1168177.039
414  TVMe*H6       576684.851   1139 1155647.702  1155888.761  1164059.657
WARNING: ABNORMAL_TERMINATION_IN_LNSRCH
415  TVMe*H7       574010.252   1329 1150678.505  1151012.544  1160493.682
WARNING: ABNORMAL_TERMINATION_IN_LNSRCH
WARNING: ABNORMAL_TERMINATION_IN_LNSRCH
416  TVMe*H8       572385.109   1519 1147808.217  1148252.532  1159026.618
WARNING: ABNORMAL_TERMINATION_IN_LNSRCH
WARNING: ABNORMAL_TERMINATION_IN_LNSRCH
WARNING: ABNORMAL_TERMINATION_IN_LNSRCH
WARNING: ABNORMAL_TERMINATION_IN_LNSRCH
WARNING: ABNORMAL_TERMINATION_IN_LNSRCH
WARNING: ABNORMAL_TERMINATION_IN_LNSRCH
417  TVMe*H9       571043.520   1709 1145505.040  1146077.889  1158126.664
WARNING: ABNORMAL_TERMINATION_IN_LNSRCH
WARNING: ABNORMAL_TERMINATION_IN_LNSRCH
WARNING: ABNORMAL_TERMINATION_IN_LNSRCH
WARNING: ABNORMAL_TERMINATION_IN_LNSRCH
WARNING: ABNORMAL_TERMINATION_IN_LNSRCH
418  TVMe*H10      570045.519   1899 1143889.038  1144609.721  1157913.885
419  TVM+F         685546.866   192 1371477.732  1371484.055  1372895.726
420  TVM+F+I       642715.337   193 1285816.674  1285823.064  1287242.053
421  TVM+F+G4      599656.704   193 1199699.409  1199705.799  1201124.788
422  TVM+F+I+G4    597320.059   194 1195028.119  1195034.575  1196460.884
423  TVM+F+R2      611050.188   194 1222488.375  1222494.832  1223921.140
424  TVM+F+R3      600584.780   196 1201561.560  1201568.151  1203009.095
425  TVM+F+R4      597278.665   198 1194953.330  1194960.057  1196415.636
426  TVM+F+R5      596457.683   200 1193315.367  1193322.231  1194792.444
427  TVM+F+R6      596229.905   202 1192863.810  1192870.813  1194355.658
428  TVM+F+R7      596176.083   204 1192760.166  1192767.310  1194266.785
429  TVM+F+R8      596175.892   206 1192763.784  1192771.069  1194285.173
432  TVM*H2        609237.851   382 1219239.702  1219265.080  1222060.919
433  TVM*H3        589332.307   572 1179808.614  1179866.420  1184033.055
434  TVM*H4        581709.957   762 1164943.914  1165048.202  1170571.578
435  TVM*H5        577553.597   952 1157011.193  1157176.751  1164042.080
436  TVM*H6        574439.923   1142 1151163.846  1151406.243  1159597.957
437  TVM*H7        572877.821   1332 1148419.642  1148755.285  1158256.975
438  TVM*H8        570829.628   1522 1144703.255  1145149.455  1155943.812
WARNING: ABNORMAL_TERMINATION_IN_LNSRCH
WARNING: ABNORMAL_TERMINATION_IN_LNSRCH
439  TVM*H9        569147.030   1712 1141718.060  1142293.090  1154361.840
WARNING: ABNORMAL_TERMINATION_IN_LNSRCH
WARNING: ABNORMAL_TERMINATION_IN_LNSRCH
WARNING: ABNORMAL_TERMINATION_IN_LNSRCH
440  TVM*H10       567964.276   1902 1139732.552  1140455.730  1153779.556
441  SYM           680094.535   190 1360569.069  1360575.261  1361972.293
442  SYM+I         642200.688   191 1284783.377  1284789.634  1286193.985
443  SYM+G4        604832.159   191 1210046.318  1210052.575  1211456.926
444  SYM+I+G4      602943.982   192 1206271.963  1206278.287  1207689.958
445  SYM+R2        614537.677   192 1229459.355  1229465.678  1230877.349
446  SYM+R3        605074.883   194 1210537.766  1210544.223  1211970.531
447  SYM+R4        602603.825   196 1205599.650  1205606.242  1207047.186
448  SYM+R5        601922.781   198 1204241.562  1204248.290  1205703.869
449  SYM+R6        601648.003   200 1203696.006  1203702.871  1205173.083
450  SYM+R7        601543.930   202 1203491.860  1203498.863  1204983.708
451  SYM+R8        601543.813   204 1203495.627  1203502.771  1205002.246
454  SYM*H2        612784.322   381 1226330.645  1226355.888  1229144.476
455  SYM*H3        592483.272   572 1186110.544  1186168.350  1190334.985
456  SYM*H4        583988.743   763 1169503.485  1169608.056  1175138.534
457  SYM*H5        579202.296   954 1160312.593  1160478.877  1167358.251
458  SYM*H6        576021.935   1145 1154333.869  1154577.609  1162790.136
WARNING: ABNORMAL_TERMINATION_IN_LNSRCH
459  SYM*H7        572618.116   1336 1147908.232  1148246.022  1157775.107
460  SYM*H8        572165.595   1527 1147385.191  1147834.542  1158662.675
463  GTR+F         685520.114   193 1371426.228  1371432.618  1372851.607
464  GTR+F+I       642620.310   194 1285628.620  1285635.077  1287061.385
465  GTR+F+G4      599006.610   194 1198401.219  1198407.676  1199833.984
466  GTR+F+I+G4    596839.449   195 1194068.899  1194075.423  1195509.049
467  GTR+F+R2      610848.490   195 1222086.979  1222093.503  1223527.130
468  GTR+F+R3      600259.062   197 1200912.125  1200918.784  1202367.046
469  GTR+F+R4      596824.104   199 1194046.208  1194053.004  1195515.900
470  GTR+F+R5      596042.522   201 1192487.044  1192493.978  1193971.506
471  GTR+F+R6      595757.123   203 1191920.246  1191927.320  1193419.479
472  GTR+F+R7      595690.391   205 1191790.782  1191797.996  1193304.786
473  GTR+F+R8      595690.246   207 1191794.492  1191801.849  1193323.267
476  GTR*H2        608861.040   384 1218490.080  1218515.729  1221326.068
477  GTR*H3        589058.925   575 1179267.850  1179326.278  1183514.446
478  GTR*H4        581678.982   766 1164889.964  1164995.387  1170547.170
479  GTR*H5        576158.598   957 1154231.196  1154398.573  1161299.010
480  GTR*H6        573888.345   1148 1150072.690  1150317.776  1158551.113
481  GTR*H7        571290.235   1339 1145258.469  1145597.873  1155147.500
482  GTR*H8        570780.010   1530 1144620.020  1145071.268  1155919.660
Akaike Information Criterion:           TVM*H10
Corrected Akaike Information Criterion: TVM*H10
Bayesian Information Criterion:         TVM*H10
Best-fit model: TVM*H10 chosen according to BIC

All model information printed to TransGhost.model.gz
CPU time for ModelFinder: 45631.752 seconds (12h:40m:31s)
Wall-clock time for ModelFinder: 45696.378 seconds (12h:41m:36s)
Generating 1000 samples for ultrafast bootstrap (seed: 828875)...

NOTE: 307 MB RAM (0 GB) is required!
Estimate model parameters (epsilon = 0.100)
(NC_003372[0.012308/0.135262/0.122575/0.521678/0.557535/0.254814/0.350570/0.735036/0.384225/0.665248]:0.373925,(((((((((((((((NC_003970[0.012064/0.147156/0.093729/0.779219/0.542803/0.258980/0.263320/0.383921/0.571625/0.655237]:0.370805,NC_030060[0.004658/0.098927/0.062071/0.199095/0.424620/0.229443/0.191553/0.431076/0.370568/0.604515]:0.261653)[0.004585/0.032730/0.042761/0.246837/0.096212/0.027464/0.042407/0.035548/0.110516/0.063494]:0.070255,NC_027176[0.008756/0.099498/0.055020/0.698252/0.433979/0.170614/0.121084/0.355555/0.418334/0.628765]:0.298986)[0.000555/0.020360/0.019338/0.158142/0.124198/0.035997/0.053354/0.031099/0.075505/0.131888]:0.065044,(NC_010964[0.008683/0.097757/0.073196/1.274463/0.532705/0.222373/0.254401/0.415882/0.417439/0.637542]:0.393444,NC_013576[0.012051/0.135547/0.170864/0.712649/0.776683/0.298207/0.274047/0.433506/0.592386/0.734233]:0.414017)[0.000003/0.008692/0.000646/0.049308/0.031346/0.028685/0.011062/0.000421/0.023184/0.069592]:0.022294)[0.000003/0.005967/0.005128/0.000002/0.053979/0.013761/0.019811/0.008622/0.033422/0.045525]:0.018622,(NC_009964[0.001654/0.070282/0.026644/0.206489/0.365345/0.194117/0.118708/0.503744/0.437463/0.891260]:0.281571,NC_028541[0.000002/0.076487/0.013557/0.219019/0.340732/0.190532/0.102037/0.701434/0.341263/0.600979]:0.258604)[0.000002/0.028034/0.007814/0.000002/0.111084/0.055885/0.066681/0.104807/0.268730/0.473838]:0.111688)[0.001046/0.039296/0.024679/0.033389/0.139494/0.071767/0.068312/0.004934/0.117730/0.121890]:0.062254,((((NC_011328[0.011262/0.221253/0.148412/0.244047/0.572574/0.427038/0.439021/0.348540/1.323044/2.042553]:0.577774,NC_028603[0.003309/0.205895/0.140616/0.288601/0.894973/0.631214/0.347593/3.092991/0.859897/1.477048]:0.794214)[0.000002/0.020971/0.001178/0.000002/0.000003/0.002906/0.075184/0.239869/0.000003/0.148638]:0.048875,(NC_013582[0.003180/0.137066/0.076846/0.223516/0.617501/0.355865/0.286463/0.812963/0.653826/1.515692]:0.468292,NC_042820[0.009062/0.089976/0.115026/0.442555/0.745553/0.264955/0.289743/0.422390/0.948575/1.463041]:0.479088)[0.001057/0.025951/0.048534/0.022751/0.000002/0.084917/0.068901/0.014927/0.273077/0.007618]:0.054774)[0.000002/0.009644/0.000707/0.014392/0.000002/0.009340/0.010401/0.014994/0.000002/0.016484]:0.007597,((NC_012765[0.001846/0.110745/0.049528/0.257710/0.483395/0.309283/0.204103/0.503826/0.728361/1.017363]:0.366616,NC_013580[0.003266/0.134462/0.068851/0.224173/0.524280/0.390287/0.244823/1.138485/0.659716/1.199756]:0.458810)[0.000093/0.000985/0.003932/0.039708/0.024208/0.000002/0.032576/0.070854/0.014799/0.000002]:0.018716,NC_030758[0.004606/0.115649/0.049193/0.490148/0.534788/0.295442/0.250202/0.704287/0.796113/0.982673]:0.422310)[0.000003/0.025710/0.016148/0.034495/0.085266/0.046455/0.049092/0.000002/0.159718/0.228179]:0.064507)[0.000002/0.000002/0.000003/0.005185/0.053445/0.011025/0.013372/0.000002/0.000003/0.000003]:0.008304,(((NC_013254[0.001726/0.079208/0.065758/0.461576/0.590871/0.374463/0.246860/0.920066/0.591630/1.022601]:0.435476,NC_036277[0.009302/0.208678/0.109667/0.564835/0.595673/0.413860/0.432709/0.938220/0.626102/0.822375]:0.472142)[0.000537/0.010051/0.019299/0.041858/0.079454/0.042925/0.033635/0.000002/0.033396/0.079410]:0.034057,NC_039657[0.006481/0.140795/0.064335/0.461438/0.583486/0.442139/0.241916/1.325566/0.504476/1.044833]:0.481546)[0.000002/0.001891/0.002208/0.000002/0.011815/0.013433/0.000002/0.045188/0.015178/0.000003]:0.008972,(((NC_024633[0.000501/0.048834/0.001084/0.159950/0.183392/0.061477/0.033986/0.278580/0.295050/0.265892]:0.132875,NC_037196[0.000002/0.036010/0.003114/0.216561/0.198967/0.078269/0.066502/0.322020/0.141894/0.448732]:0.151207)[0.000598/0.036630/0.029336/0.048939/0.234717/0.092106/0.064489/0.087582/0.375358/0.636715]:0.160647,NC_025332[0.001039/0.031867/0.042418/0.221278/0.412809/0.202693/0.128829/0.542719/0.302407/0.718283]:0.260434)[0.000002/0.016406/0.004145/0.019369/0.034339/0.030151/0.052320/0.054504/0.115755/0.000424]:0.032741,NC_027256[0.001301/0.102745/0.031653/0.198410/0.375802/0.180070/0.132667/0.580557/0.403244/1.133017]:0.313947)[0.000235/0.017155/0.007940/0.024310/0.126931/0.037359/0.065992/0.012275/0.120539/0.372125]:0.078486)[0.000002/0.015362/0.022798/0.006351/0.121968/0.081110/0.085342/0.034419/0.134087/0.157189]:0.065863)[0.000002/0.002832/0.000002/0.035416/0.000003/0.003266/0.000002/0.000002/0.066812/0.091695]:0.020003)[0.000002/0.000002/0.000130/0.056781/0.021123/0.005673/0.003864/0.001687/0.009490/0.012910]:0.011166,(NC_036275[0.000002/0.079895/0.038869/0.380684/0.470181/0.218237/0.137830/0.823469/0.388041/0.819672]:0.335688,NC_036279[0.003675/0.049559/0.025924/0.431742/0.586664/0.161640/0.107024/0.491690/0.410646/0.736704]:0.300527)[0.000266/0.017146/0.008549/0.001858/0.165296/0.042561/0.049151/0.006759/0.047828/0.067488]:0.040690)[0.000002/0.000002/0.000002/0.000002/0.012447/0.017946/0.003683/0.001119/0.130828/0.000002]:0.016603,(NC_037200[0.001905/0.053910/0.087870/0.570867/0.680295/0.312887/0.230804/0.615671/0.353046/0.657328]:0.356458,(NC_042614[0.002151/0.075341/0.037016/0.285627/0.418637/0.249217/0.158485/0.847446/0.506933/0.753406]:0.333426,NC_042922[0.002225/0.061443/0.048783/0.394414/0.422643/0.239725/0.181611/0.466318/0.464224/0.744621]:0.302601)[0.000003/0.016500/0.005274/0.000002/0.143054/0.033403/0.050615/0.066101/0.025916/0.128490]:0.046936)[0.000002/0.000963/0.002254/0.064003/0.069071/0.000003/0.031634/0.002057/0.000002/0.000002]:0.016999)[0.000003/0.000003/0.000002/0.007186/0.000002/0.000002/0.000002/0.008287/0.037083/0.029294]:0.008187,((((NC_018349[0.001413/0.052676/0.035009/0.183455/0.419127/0.119161/0.084556/0.443250/0.376924/0.664041]:0.237961,NC_028612[0.000001/0.049060/0.029842/0.385473/0.474299/0.228594/0.141534/0.753266/0.247966/0.448450]:0.275848)[0.001454/0.011758/0.008963/0.000002/0.037848/0.024539/0.037638/0.062190/0.075317/0.090069]:0.034978,NC_036270[0.001898/0.029191/0.054340/0.811701/0.675966/0.212963/0.102523/0.727947/0.189296/0.315343]:0.312117)[0.000270/0.008493/0.019520/0.257055/0.335737/0.038161/0.027263/0.000002/0.041382/0.061619]:0.078950,((((NC_023246[0.004189/0.099029/0.052574/0.198556/0.435515/0.285569/0.237835/0.772108/0.482065/0.987414]:0.355485,NC_027580[0.002646/0.104667/0.086487/0.216791/0.433133/0.355536/0.307445/1.275730/0.664038/1.197573]:0.464405)[0.000002/0.010915/0.000002/0.009361/0.015135/0.034741/0.000002/0.380528/0.077669/0.042378]:0.057073,NC_030778[0.004648/0.055648/0.034261/0.579639/0.391870/0.180709/0.161757/0.694410/0.252457/0.545402]:0.290080)[0.000002/0.013604/0.000002/0.000002/0.034457/0.025680/0.028383/0.235354/0.168226/0.206240]:0.071195,NC_038115[0.001715/0.067821/0.035214/0.678620/0.511082/0.192497/0.128655/0.808454/0.261672/0.511189]:0.319692)[0.000003/0.002084/0.016593/0.000002/0.011999/0.016204/0.023795/0.026996/0.103688/0.057666]:0.025903,NC_039689[0.001419/0.048884/0.035385/0.939667/0.586485/0.199576/0.143526/0.623685/0.157800/0.450071]:0.318650)[0.000262/0.003971/0.012678/0.000002/0.068464/0.034217/0.035936/0.030234/0.023869/0.052341]:0.026197)[0.000003/0.000002/0.000002/0.000002/0.013384/0.003779/0.005892/0.015570/0.021961/0.034648]:0.009524,((((NC_018352[0.003261/0.051876/0.028288/0.411129/0.513395/0.132782/0.123403/0.742910/0.321485/0.517498]:0.284603,NC_028601[0.000942/0.026328/0.042601/0.197248/0.395551/0.188341/0.109808/0.578556/0.373139/0.586458]:0.249897)[0.000002/0.000694/0.001229/0.000002/0.059279/0.012160/0.000002/0.048656/0.004910/0.017639]:0.014457,NC_028613[0.002624/0.055202/0.044585/0.515961/0.565660/0.181619/0.190816/0.631552/0.253975/0.477487]:0.291948)[0.000002/0.000003/0.000002/0.000002/0.000003/0.001368/0.015433/0.031761/0.023136/0.000003]:0.007171,(NC_028605[0.000696/0.042004/0.028247/0.332904/0.659108/0.120500/0.105672/0.596802/0.184055/0.418752]:0.248874,NC_028606[0.002023/0.041662/0.042904/0.305711/0.561366/0.167984/0.117081/0.674171/0.197141/0.439470]:0.254951)[0.000002/0.002434/0.002427/0.358184/0.088101/0.013292/0.016800/0.002031/0.005751/0.068557]:0.055758)[0.000002/0.002433/0.000002/0.091808/0.076479/0.015292/0.010910/0.055187/0.000002/0.054412]:0.030653,(((NC_018353[0.008474/0.137492/0.145169/0.346201/0.913590/0.457884/0.371432/0.933665/0.725094/0.937130]:0.497613,NC_028607[0.004520/0.102624/0.080803/0.379319/0.656675/0.272757/0.242894/0.534208/0.525198/0.910748]:0.370974)[0.000254/0.000002/0.014657/0.057046/0.000002/0.029936/0.018615/0.106629/0.001332/0.007705]:0.023618,NC_036273[0.001475/0.072397/0.094312/0.871712/0.702259/0.292613/0.231901/0.898122/0.242532/0.427091]:0.383441)[0.000002/0.006484/0.000002/0.000003/0.044317/0.000002/0.009078/0.000002/0.000002/0.000002]:0.005990,(NC_028609[0.003094/0.081708/0.089641/0.483425/0.613641/0.294308/0.249109/0.693989/0.366101/0.584134]:0.345915,NC_028611[0.002862/0.086903/0.062271/0.567198/0.552130/0.242752/0.213031/0.494003/0.343636/0.589001]:0.315379)[0.000243/0.000003/0.003893/0.000624/0.048312/0.002024/0.051531/0.004973/0.006569/0.073273]:0.019144)[0.000002/0.000002/0.001596/0.029795/0.024445/0.005600/0.003630/0.000002/0.000003/0.013338]:0.007841)[0.000002/0.002822/0.012212/0.168725/0.083513/0.019277/0.010857/0.000003/0.006809/0.020536]:0.032475)[0.000002/0.001108/0.004203/0.000003/0.058778/0.011962/0.009888/0.009785/0.000002/0.017554]:0.011329)[0.000002/0.000002/0.000002/0.375888/0.000003/0.009412/0.000003/0.003919/0.027340/0.020781]:0.043735,((NC_011320[0.002612/0.111440/0.090396/0.449958/0.629059/0.298785/0.227766/0.824316/0.444714/0.796612]:0.387566,NC_036278[0.018817/0.170853/0.170076/1.681624/0.822140/0.348183/0.377885/0.592751/0.344780/0.537617]:0.506473)[0.000993/0.000003/0.011772/0.083589/0.025238/0.000002/0.012741/0.000003/0.021838/0.019766]:0.017594,(((NC_011322[0.001396/0.049748/0.080272/0.254152/0.484960/0.203443/0.125577/0.267727/0.182968/0.370069]:0.202031,NC_036265[0.002016/0.091995/0.114782/0.292847/0.463956/0.302331/0.316047/0.565371/0.265645/0.458157]:0.287315)[0.000002/0.006843/0.006480/0.066248/0.172506/0.016484/0.044477/0.068995/0.011729/0.005254]:0.039902,NC_012144[0.003309/0.066062/0.080661/0.314624/0.485132/0.199543/0.186584/0.578228/0.226629/0.459316]:0.260009)[0.000642/0.006485/0.011855/0.004337/0.094244/0.042744/0.041254/0.114704/0.015256/0.015296]:0.034682,((((NC_011329[0.000700/0.021797/0.013178/0.162996/0.184108/0.070230/0.063662/0.283519/0.082775/0.183718]:0.106668,NC_016469[0.001322/0.015692/0.020430/0.155141/0.235503/0.077910/0.050923/0.376726/0.121858/0.224562]:0.128007)[0.000255/0.000003/0.001395/0.000002/0.058911/0.021325/0.012366/0.069712/0.011494/0.026971]:0.020243,NC_030592[0.000871/0.035483/0.034064/0.261228/0.274550/0.105324/0.061985/0.405621/0.235749/0.282266]:0.169714)[0.000003/0.002329/0.005510/0.020607/0.022606/0.012432/0.012818/0.020469/0.029443/0.013283]:0.013950,NC_036261[0.001171/0.034382/0.042318/0.237156/0.420332/0.143322/0.120575/0.475342/0.152721/0.312486]:0.193980)[0.000003/0.000002/0.001146/0.074560/0.139557/0.030335/0.025505/0.074958/0.003814/0.025717]:0.037560,(((NC_012139[0.000519/0.020096/0.014582/0.205985/0.293120/0.097193/0.046250/0.347907/0.102799/0.227001]:0.135545,NC_036271[0.001733/0.037136/0.038392/0.291164/0.383030/0.113830/0.104792/0.458130/0.199683/0.366419]:0.199431)[0.000002/0.005880/0.003894/0.023415/0.088763/0.027115/0.010961/0.000003/0.009626/0.042067]:0.021173,(NC_013249[0.002296/0.046197/0.065958/0.320916/0.439639/0.177613/0.157863/0.536025/0.294662/0.378375]:0.241955,NC_030593[0.000192/0.031214/0.038789/0.325755/0.361035/0.164019/0.109022/0.452483/0.195378/0.421746]:0.209963)[0.000002/0.006986/0.008866/0.000003/0.034107/0.010260/0.011535/0.000002/0.027132/0.049712]:0.014861)[0.000002/0.001289/0.004507/0.015070/0.018074/0.004114/0.013253/0.020571/0.009658/0.029885]:0.011642,(NC_035714[0.002225/0.070318/0.045013/0.305386/0.408612/0.242310/0.189502/0.551745/0.467322/0.485073]:0.276751,NC_037749[0.004638/0.070736/0.053030/0.376588/0.456289/0.247121/0.158976/0.593086/0.369283/0.538362]:0.286811)[0.000002/0.006908/0.007741/0.140301/0.079548/0.007180/0.018313/0.026982/0.023289/0.063860]:0.037412)[0.000002/0.000002/0.002200/0.000002/0.000002/0.000003/0.000002/0.000002/0.025959/0.013509]:0.004168)[0.000575/0.016289/0.037453/0.032187/0.117873/0.072571/0.071066/0.067510/0.055204/0.125973]:0.059670)[0.000003/0.007431/0.017034/0.280744/0.115556/0.043220/0.067938/0.040945/0.023487/0.089757]:0.068612)[0.000002/0.024676/0.018553/0.016421/0.159440/0.058093/0.092220/0.044051/0.055094/0.086321]:0.055487)[0.000003/0.003376/0.011982/0.000002/0.061969/0.042425/0.047179/0.000899/0.017890/0.036215]:0.022194,(((NC_011324[0.001495/0.053685/0.060041/0.379318/0.623286/0.247348/0.127543/0.530928/0.219031/0.501101]:0.274378,NC_033340[0.001901/0.048796/0.048261/0.351487/0.478216/0.196648/0.154739/0.453401/0.219626/0.441619]:0.239469)[0.000002/0.014247/0.021591/0.000003/0.218654/0.080215/0.089120/0.019825/0.056589/0.116621]:0.061687,(NC_024271[0.002713/0.051622/0.061800/0.351421/0.651836/0.214504/0.191276/0.592952/0.200175/0.566262]:0.288456,NC_036267[0.002226/0.052048/0.058014/0.323944/0.524298/0.230897/0.150083/0.676030/0.236531/0.536702]:0.279077)[0.000210/0.002370/0.000369/0.016928/0.047127/0.013152/0.002744/0.013159/0.036114/0.000002]:0.013218)[0.000003/0.001297/0.003798/0.090540/0.061601/0.003406/0.007923/0.037565/0.003654/0.025726]:0.023551,(((NC_036678[0.004310/0.091822/0.074019/0.528069/0.336119/0.230038/0.291171/0.432268/0.369719/0.724241]:0.308178,NC_038197[0.005675/0.116501/0.069651/0.858672/0.980991/0.331840/0.242558/0.660977/0.311090/0.440152]:0.401811)[0.001855/0.046312/0.075704/0.000003/0.428207/0.135833/0.105445/0.169912/0.091679/0.024656]:0.107961,NC_042198[0.012183/0.290839/0.274617/0.672685/0.867118/0.440472/0.495854/0.662621/0.762281/0.951863]:0.543053)[0.000002/0.004951/0.000003/0.000003/0.072595/0.007642/0.012199/0.000002/0.017113/0.106975]:0.022149,(NC_041172[0.010626/0.148693/0.145638/0.479002/0.606520/0.250405/0.254221/0.540315/0.341939/0.465473]:0.324283,NC_042417[0.006312/0.118068/0.090068/0.346089/0.675254/0.238589/0.282697/0.447299/0.327979/0.451888]:0.298424)[0.003263/0.066041/0.076025/0.246013/0.274261/0.172882/0.204973/0.152789/0.144414/0.157904]:0.149856)[0.000003/0.001961/0.000002/0.000003/0.041544/0.035210/0.034228/0.021938/0.025689/0.035207]:0.019578)[0.000002/0.000003/0.004094/0.075171/0.039229/0.002449/0.000003/0.084781/0.000002/0.017987]:0.022372)[0.000003/0.001206/0.001483/0.000003/0.016811/0.019191/0.014494/0.000002/0.016154/0.009564]:0.007891,(NC_036269[0.001096/0.043095/0.040337/0.402263/0.468019/0.153224/0.119308/0.344116/0.272757/0.461282]:0.230550,(NC_036274[0.001845/0.044482/0.068244/0.332261/0.519166/0.233232/0.152260/0.565070/0.160718/0.346048]:0.242333,NC_036276[0.001374/0.052391/0.029493/0.249278/0.342172/0.159285/0.085873/0.497435/0.246324/0.535519]:0.219914)[0.000003/0.007729/0.001526/0.215756/0.147302/0.021951/0.018130/0.098224/0.013119/0.000003]:0.052374)[0.000002/0.020128/0.019299/0.101011/0.223330/0.087106/0.062908/0.146161/0.037431/0.144221]:0.084160)[0.000002/0.004727/0.024287/0.000003/0.102989/0.017628/0.047560/0.021078/0.014812/0.056711]:0.028980,(((NC_011326[0.000828/0.062695/0.029317/0.367378/0.384356/0.136005/0.122235/0.802006/0.271260/0.602858]:0.277894,NC_018350[0.001325/0.062224/0.050083/0.352995/0.536630/0.207386/0.140244/0.791470/0.300272/0.462179]:0.290481)[0.000270/0.005430/0.000561/0.022180/0.000002/0.006792/0.015653/0.000002/0.016667/0.031656]:0.009922,NC_028203[0.031469/0.106317/0.089481/0.414127/0.670886/0.311515/0.346307/0.851932/0.436590/0.636701]:0.389532)[0.000002/0.000002/0.006883/0.000002/0.031566/0.022999/0.017352/0.022534/0.000002/0.046030]:0.014737,(NC_036104[0.002746/0.058441/0.048033/0.400715/0.538730/0.195841/0.138809/0.641877/0.284063/0.607576]:0.291683,NC_036266[0.004491/0.076975/0.153063/0.459502/0.606390/0.322557/0.243579/0.623812/0.305565/0.634655]:0.343059)[0.000168/0.001834/0.018061/0.000003/0.033654/0.027508/0.038562/0.051469/0.025534/0.019214]:0.021601)[0.000003/0.003515/0.000002/0.055088/0.067674/0.016231/0.000003/0.033356/0.006104/0.042639]:0.022461)[0.000002/0.000002/0.000002/0.016481/0.000002/0.011289/0.001771/0.002797/0.008719/0.004003]:0.004507,(((NC_018354[0.001864/0.055352/0.050767/0.418324/0.363062/0.157549/0.112212/0.692685/0.199019/0.402190]:0.245302,NC_027577[0.010195/0.112251/0.073295/0.426951/0.470340/0.247660/0.175837/0.661293/0.418801/0.617672]:0.321429)[0.001657/0.011225/0.010533/0.090194/0.039444/0.037849/0.067403/0.007267/0.098320/0.081822]:0.044571,(((NC_022680[0.010031/0.086876/0.056749/0.245662/0.390912/0.222204/0.149976/0.719432/0.424715/0.402404]:0.270896,NC_041669[0.010908/0.160872/0.170342/0.512997/0.587782/0.279106/0.223784/0.860092/0.377433/0.553636]:0.373695)[0.000191/0.005008/0.007519/0.068998/0.000002/0.025361/0.005839/0.004909/0.018114/0.075338]:0.021128,NC_034293[0.002704/0.126718/0.062609/0.414204/0.491538/0.180461/0.159287/0.664020/0.387140/0.448554]:0.293724)[0.000002/0.008633/0.006727/0.029714/0.000983/0.018412/0.012234/0.067323/0.024429/0.012924]:0.018138,NC_025945[0.001765/0.074078/0.079543/0.462223/0.407596/0.226009/0.182996/0.838073/0.272114/0.433842]:0.297824)[0.001093/0.042338/0.037731/0.053875/0.150209/0.077103/0.083706/0.000002/0.098491/0.105852]:0.065040)[0.000002/0.004395/0.024995/0.031198/0.089699/0.062253/0.043852/0.030855/0.000002/0.100482]:0.038773,(NC_030764[0.009411/0.162393/0.169465/0.396534/0.809747/0.401738/0.341481/0.850136/0.409042/0.721592]:0.427154,(NC_036291[0.009769/0.210460/0.191193/0.367291/0.595645/0.557839/0.448290/1.162155/0.759731/0.900099]:0.520247,NC_042828[0.011975/0.284846/0.241736/0.446616/0.677884/0.400895/0.394555/0.893705/0.938076/1.380232]:0.567052)[0.001038/0.005392/0.000003/0.043622/0.000002/0.032447/0.003829/0.053846/0.000003/0.012610]:0.015279)[0.000002/0.001623/0.000002/0.073472/0.000002/0.000003/0.008755/0.000002/0.000002/0.060267]:0.014413)[0.000150/0.035448/0.048045/0.042816/0.140037/0.051285/0.075135/0.000002/0.063936/0.082524]:0.053938)[0.000003/0.002900/0.003878/0.000002/0.041820/0.004826/0.019716/0.010708/0.008371/0.000003]:0.009223,(((NC_025243[0.004080/0.095221/0.038843/0.320197/0.403823/0.190160/0.175410/0.718302/0.372599/0.768871]:0.308751,(NC_029515[0.003703/0.134767/0.041408/0.253783/0.505767/0.247539/0.274270/0.851067/0.579232/0.978928]:0.387046,NC_038089[0.001577/0.095654/0.041092/0.360718/0.442934/0.169708/0.143897/1.338445/0.476174/0.760472]:0.383067)[0.000002/0.011954/0.000003/0.000002/0.000002/0.032183/0.016570/0.000003/0.000003/0.108300]:0.016902)[0.000003/0.001071/0.000002/0.228946/0.021010/0.011176/0.015623/0.071693/0.236450/0.166837]:0.075281,NC_043883[0.001801/0.025718/0.031801/0.446626/0.649244/0.223455/0.154805/0.735608/0.191352/0.372558]:0.283297)[0.000002/0.001607/0.000346/0.000002/0.010261/0.001353/0.011913/0.000002/0.048703/0.030003]:0.010419,NC_038090[0.001104/0.043185/0.048394/0.495234/0.571879/0.164674/0.134364/0.688478/0.204002/0.493958]:0.284527)[0.000002/0.001994/0.000002/0.000003/0.021953/0.021907/0.002484/0.026175/0.000002/0.060463]:0.013498)[0.000003/0.003294/0.009845/0.000003/0.091911/0.019616/0.029775/0.033801/0.004236/0.038471]:0.023095,(NC_027114[0.001069/0.046969/0.043047/0.412677/0.406466/0.140912/0.101269/0.634968/0.183875/0.285665]:0.225692,NC_036108[0.002218/0.076520/0.059468/0.231677/0.407136/0.182686/0.170354/0.592820/0.316580/0.460392]:0.249985)[0.002302/0.027997/0.040267/0.187468/0.233184/0.087749/0.087061/0.000002/0.075173/0.206170]:0.094737)[0.000484/0.000002/0.002963/0.000003/0.099814/0.016756/0.014704/0.008690/0.004827/0.029530]:0.017777,NC_035677[0.001326/0.073311/0.050651/0.457016/0.422789/0.217800/0.151803/1.092089/0.310997/0.577935]:0.335572);
Site proportion and rates:  (0.161224,0.053748) (0.113124,4.036686) (0.120254,7.577741) (0.047926,20.827758) (0.134118,7.446532) (0.110239,9.059447) (0.098803,10.110129) (0.085572,11.665113) (0.106976,9.338442) (0.021764,45.874657)
Partition Noname
score: -647889.370439  old_score: -611616.098996
ERROR: ratefree.cpp:539: double RateFree::optimizeWithEM(): Assertion `score > old_score-0.1' failed.
ERROR: STACK TRACE FOR DEBUGGING:
ERROR: 
ERROR: *** IQ-TREE CRASHES WITH SIGNAL ABORTED
ERROR: *** For bug report please send to developers:
ERROR: ***    Log file: TransGhost.log
ERROR: ***    Alignment files (if possible)
