IQ-TREE multicore version 1.6.10 for Linux 64-bit built Feb 19 2019
Developed by Bui Quang Minh, Nguyen Lam Tung, Olga Chernomor,
Heiko Schmidt, Dominik Schrempf, Michael Woodhams.

Host:    hpc-crick (AVX, 251 GB RAM)
Command: iqtree -s TransSM.fasta -pre TransUnlinked -sp TransParts.nex -m MFP+Merge -bb 1000
Seed:    182849 (Using SPRNG - Scalable Parallel Random Number Generator)
Time:    Mon May  4 02:25:19 2020
Kernel:  AVX - 1 threads (40 CPU cores detected)

HINT: Use -nt option to specify number of threads because your CPU has 40 cores!
HINT: -nt AUTO will automatically determine the best number of threads to use.

Reading partition model file TransParts.nex ...
Reading alignment file TransSM.fasta ... Fasta format detected
Alignment most likely contains DNA/RNA sequences
Alignment has 94 sequences with 11913 columns, 8960 distinct patterns
8118 parsimony-informative, 928 singleton sites, 2867 constant sites
           Gap/Ambiguity  Composition  p-value
   1  NC_003372    6.72%    failed      0.18%
   2  NC_003970    6.91%    failed      0.00%
   3  NC_009964    6.49%    failed      0.00%
   4  NC_010964    6.78%    failed      0.00%
   5  NC_011320    6.34%    passed     12.50%
   6  NC_011322    6.33%    failed      0.00%
   7  NC_011324    6.98%    failed      0.00%
   8  NC_011326    6.60%    passed     92.84%
   9  NC_011328    6.46%    failed      0.00%
  10  NC_011329    5.91%    failed      0.00%
  11  NC_012139    5.82%    failed      0.00%
  12  NC_012144    5.73%    failed      0.00%
  13  NC_012765    6.28%    failed      0.00%
  14  NC_013249    6.24%    failed      0.29%
  15  NC_013254    7.08%    failed      0.00%
  16  NC_013576    7.43%    failed      0.00%
  17  NC_013580    6.43%    failed      0.00%
  18  NC_013582    7.03%    failed      0.00%
  19  NC_016469    5.76%    failed      0.00%
  20  NC_018349    6.65%    failed      1.72%
  21  NC_018350    6.84%    failed      4.49%
  22  NC_018352    6.66%    passed     42.42%
  23  NC_018353    8.34%    failed      0.00%
  24  NC_018354    6.49%    failed      0.00%
  25  NC_022680    6.35%    passed     18.55%
  26  NC_023246    6.56%    failed      0.00%
  27  NC_024271    6.78%    failed      0.00%
  28  NC_024633    6.66%    failed      0.00%
  29  NC_025243    6.75%    failed      0.00%
  30  NC_025332    6.74%    failed      0.00%
  31  NC_025945    6.48%    failed      0.00%
  32  NC_027114    6.66%    failed      0.00%
  33  NC_027176    6.61%    failed      0.00%
  34  NC_027256    7.19%    failed      0.00%
  35  NC_027577    6.61%    failed      0.69%
  36  NC_027580    6.72%    failed      0.00%
  37  NC_028203    6.70%    failed      0.02%
  38  NC_028541    6.78%    failed      0.00%
  39  NC_028601    7.18%    passed     16.52%
  40  NC_028603    8.09%    failed      0.00%
  41  NC_028605    7.44%    failed      0.00%
  42  NC_028606    7.65%    failed      0.00%
  43  NC_028607    7.87%    passed     62.63%
  44  NC_028609    7.14%    passed     37.49%
  45  NC_028611    6.77%    failed      0.00%
  46  NC_028612    7.67%    passed     32.81%
  47  NC_028613    7.78%    failed      0.15%
  48  NC_029515    6.58%    failed      0.00%
  49  NC_030060    6.68%    passed     82.21%
  50  NC_030592    5.59%    failed      0.00%
  51  NC_030593    5.69%    failed      0.00%
  52  NC_030758    6.46%    failed      0.00%
  53  NC_030764    6.61%    passed      8.30%
  54  NC_030778    6.58%    failed      0.00%
  55  NC_033340    6.62%    failed      0.00%
  56  NC_034293    6.35%    failed      0.00%
  57  NC_035677    7.16%    passed     17.41%
  58  NC_035714    6.09%    failed      1.62%
  59  NC_036104    6.71%    failed      0.15%
  60  NC_036108    6.66%    failed      0.76%
  61  NC_036261    7.31%    failed      0.00%
  62  NC_036265    7.32%    failed      0.00%
  63  NC_036266    7.65%    failed      0.00%
  64  NC_036267    7.47%    failed      0.02%
  65  NC_036269    7.61%    failed      0.00%
  66  NC_036270    7.77%    failed      0.00%
  67  NC_036271    7.11%    failed      0.00%
  68  NC_036273    7.42%    failed      0.00%
  69  NC_036274    7.67%    failed      0.00%
  70  NC_036275    7.34%    failed      0.00%
  71  NC_036276    7.62%    failed      0.00%
  72  NC_036277    8.30%    failed      0.00%
  73  NC_036278    7.26%    failed      0.00%
  74  NC_036279    6.96%    passed     20.86%
  75  NC_036291    7.71%    failed      0.00%
  76  NC_036678    7.19%    failed      0.00%
  77  NC_037196    6.61%    failed      0.00%
  78  NC_037200    7.19%    failed      0.00%
  79  NC_037749    6.22%    passed     29.39%
  80  NC_038089    6.46%    failed      0.00%
  81  NC_038090    6.46%    failed      0.00%
  82  NC_038115    6.48%    passed     80.20%
  83  NC_038197    7.77%    failed      0.00%
  84  NC_039657    6.60%    failed      0.00%
  85  NC_039689    7.35%    failed      0.00%
  86  NC_041172    7.28%    failed      0.00%
  87  NC_041669    6.51%    passed     49.66%
  88  NC_042198    7.50%    passed     38.97%
  89  NC_042417    7.25%    failed      0.00%
  90  NC_042614    6.35%    failed      0.00%
  91  NC_042820    7.39%    failed      0.01%
  92  NC_042828    6.96%    failed      0.00%
  93  NC_042922    6.56%    passed     18.74%
  94  NC_043883    6.64%    failed      0.00%
****  TOTAL        6.88%  77 sequences failed composition chi2 test (p-value<5%; df=3)
NOTE: No CharPartition defined, use all CharSets

Loading 39 partitions...
Subset	Type	Seqs	Sites	Infor	Invar	Model	Name
1		94	236	153	54	MFP+Merge	ATP6f
2		94	236	91	109	MFP+Merge	ATP6s
3		94	236	220	7	MFP+Merge	ATP6t
4		94	65	47	13	MFP+Merge	ATP8f
5		94	65	46	11	MFP+Merge	ATP8s
6		94	65	55	4	MFP+Merge	ATP8t
7		94	537	229	240	MFP+Merge	COX1f
8		94	537	115	343	MFP+Merge	COX1s
9		94	537	510	23	MFP+Merge	COX1t
10		94	230	153	56	MFP+Merge	COX2f
11		94	230	106	97	MFP+Merge	COX2s
12		94	230	227	1	MFP+Merge	COX2t
13		94	264	149	87	MFP+Merge	COX3f
14		94	264	101	139	MFP+Merge	COX3s
15		94	264	259	2	MFP+Merge	COX3t
16		94	385	218	132	MFP+Merge	CYTBf
17		94	385	160	182	MFP+Merge	CYTBs
18		94	385	376	1	MFP+Merge	CYTBt
19		94	323	211	77	MFP+Merge	ND1f
20		94	323	138	137	MFP+Merge	ND1s
21		94	323	316	4	MFP+Merge	ND1t
22		94	375	298	51	MFP+Merge	ND2f
23		94	375	237	94	MFP+Merge	ND2s
24		94	375	351	19	MFP+Merge	ND2t
25		94	125	87	27	MFP+Merge	ND3f
26		94	125	70	42	MFP+Merge	ND3s
27		94	125	116	1	MFP+Merge	ND3t
28		94	468	339	107	MFP+Merge	ND4f
29		94	468	233	184	MFP+Merge	ND4s
30		94	468	438	21	MFP+Merge	ND4t
31		94	100	84	8	MFP+Merge	ND4Lf
32		94	100	58	30	MFP+Merge	ND4Ls
33		94	100	96	2	MFP+Merge	ND4Lt
34		94	606	416	152	MFP+Merge	ND5f
35		94	606	317	226	MFP+Merge	ND5s
36		94	606	571	23	MFP+Merge	ND5t
37		94	257	178	50	MFP+Merge	ND6f
38		94	257	152	72	MFP+Merge	ND6s
39		94	257	197	39	MFP+Merge	ND6t
Degree of missing data: 0.000
Info: multi-threading strategy over partitions



Create initial parsimony tree by phylogenetic likelihood library (PLL)... 0.276 seconds
NOTE: ModelFinder requires 329 MB RAM!
Testing GTR+F+G on supermatrix...
GTR+F+G4 / LnL: -599189.576 / df: 194 / AIC: 1198767.151 / AICc: 1198773.608 / BIC: 1200199.916
Selecting individual models for 39 charsets using BIC...
 No. Model        Score       Charset
   1 GTR+F+R5     22632.536   ATP6f
   2 TVM+F+I+G4   11437.922   ATP6s
WARNING: ABNORMAL_TERMINATION_IN_LNSRCH
   3 TIM2+F+I+G4  35150.048   ATP6t
   4 TIM2+F+I+G4  7146.705    ATP8f
   5 TPM3u+F+I+G4 6500.471    ATP8s
   6 K3Pu+F+R4    8921.972    ATP8t
   7 GTR+F+R4     31677.007   COX1f
   8 TVM+F+I+G4   13907.706   COX1s
WARNING: ABNORMAL_TERMINATION_IN_LNSRCH
WARNING: ABNORMAL_TERMINATION_IN_LNSRCH
WARNING: ABNORMAL_TERMINATION_IN_LNSRCH
WARNING: ABNORMAL_TERMINATION_IN_LNSRCH
WARNING: ABNORMAL_TERMINATION_IN_LNSRCH
WARNING: ABNORMAL_TERMINATION_IN_LNSRCH
WARNING: ABNORMAL_TERMINATION_IN_LNSRCH
WARNING: ABNORMAL_TERMINATION_IN_LNSRCH
   9 HKY+F+R10    79801.520   COX1t
  10 GTR+F+I+G4   20535.005   COX2f	0h:12m:33s (0h:36m:24s left)
  11 GTR+F+I+G4   11453.369   COX2s	0h:12m:53s (0h:32m:49s left)
WARNING: ABNORMAL_TERMINATION_IN_LNSRCH
WARNING: ABNORMAL_TERMINATION_IN_LNSRCH
WARNING: ABNORMAL_TERMINATION_IN_LNSRCH
WARNING: ABNORMAL_TERMINATION_IN_LNSRCH
  12 TPM2u+F+G4   35697.587   COX2t	0h:15m:5s (0h:33m:57s left)
  13 GTR+F+R5     21773.628   COX3f	0h:15m:45s (0h:31m:30s left)
  14 GTR+F+R4     11817.824   COX3s	0h:16m:11s (0h:28m:54s left)
WARNING: ABNORMAL_TERMINATION_IN_LNSRCH
WARNING: ABNORMAL_TERMINATION_IN_LNSRCH
WARNING: ABNORMAL_TERMINATION_IN_LNSRCH
WARNING: ABNORMAL_TERMINATION_IN_LNSRCH
  15 TN+F+G4      40400.835   COX3t	0h:19m:4s (0h:30m:30s left)
  16 GTR+F+R5     31885.725   CYTBf	0h:20m:28s (0h:29m:25s left)
  17 GTR+F+I+G4   16922.752   CYTBs	0h:20m:54s (0h:27m:4s left)
WARNING: ABNORMAL_TERMINATION_IN_LNSRCH
WARNING: ABNORMAL_TERMINATION_IN_LNSRCH
WARNING: ABNORMAL_TERMINATION_IN_LNSRCH
WARNING: ABNORMAL_TERMINATION_IN_LNSRCH
WARNING: ABNORMAL_TERMINATION_IN_LNSRCH
  18 TIM3+F+I+G4  59558.560   CYTBt	0h:24m:45s (0h:28m:53s left)
  19 TVM+F+I+G4   28794.417   ND1f	0h:25m:55s (0h:27m:17s left)
  20 GTR+F+I+G4   15616.489   ND1s	0h:26m:21s (0h:25m:2s left)
WARNING: ABNORMAL_TERMINATION_IN_LNSRCH
WARNING: ABNORMAL_TERMINATION_IN_LNSRCH
WARNING: ABNORMAL_TERMINATION_IN_LNSRCH
WARNING: ABNORMAL_TERMINATION_IN_LNSRCH
WARNING: ABNORMAL_TERMINATION_IN_LNSRCH
WARNING: ABNORMAL_TERMINATION_IN_LNSRCH
  21 TPM2u+F+I+G4 47324.401   ND1t	0h:28m:56s (0h:24m:48s left)
  22 GTR+F+R5     46885.539   ND2f	0h:31m:3s (0h:23m:59s left)
  23 TVM+F+I+G4   29870.766   ND2s	0h:32m:23s (0h:22m:31s left)
WARNING: ABNORMAL_TERMINATION_IN_LNSRCH
WARNING: ABNORMAL_TERMINATION_IN_LNSRCH
WARNING: ABNORMAL_TERMINATION_IN_LNSRCH
  24 HKY+F+R7     61175.857   ND2t	0h:35m:23s (0h:22m:6s left)
  25 GTR+F+I+G4   13901.459   ND3f	0h:35m:50s (0h:20m:4s left)
  26 TVM+F+I+G4   8581.935    ND3s	0h:36m:7s (0h:18m:3s left)
WARNING: ABNORMAL_TERMINATION_IN_LNSRCH
  27 TIM+F+G4     20260.439   ND3t	0h:37m:1s (0h:16m:27s left)
  28 TVM+F+R6     47206.465   ND4f	0h:39m:24s (0h:15m:28s left)
  29 GTR+F+R5     29492.679   ND4s	0h:40m:25s (0h:13m:56s left)
  30 TPM3u+F+I+G4 68449.295   ND4t	0h:44m:30s (0h:13m:21s left)
  31 TVM+F+R4     10873.932   ND4Lf	0h:44m:46s (0h:11m:33s left)
  32 TVM+F+I+G4   7571.187    ND4Ls	0h:45m:0s (0h:9m:50s left)
WARNING: ABNORMAL_TERMINATION_IN_LNSRCH
WARNING: ABNORMAL_TERMINATION_IN_LNSRCH
  33 TN+F+G4      14497.997   ND4Lt	0h:45m:28s (0h:8m:16s left)
  34 GTR+F+R5     57693.911   ND5f	0h:48m:26s (0h:7m:7s left)
  35 GTR+F+R6     39780.035   ND5s	0h:50m:39s (0h:5m:47s left)
WARNING: ABNORMAL_TERMINATION_IN_LNSRCH
WARNING: ABNORMAL_TERMINATION_IN_LNSRCH
WARNING: ABNORMAL_TERMINATION_IN_LNSRCH
WARNING: ABNORMAL_TERMINATION_IN_LNSRCH
WARNING: ABNORMAL_TERMINATION_IN_LNSRCH
WARNING: ABNORMAL_TERMINATION_IN_LNSRCH
  36 TIM3+F+I+G4  87000.656   ND5t	0h:57m:53s (0h:4m:49s left)
  37 GTR+F+I+G4   24464.659   ND6f	0h:59m:25s (0h:3m:12s left)
  38 TVM+F+R5     17361.743   ND6s	1h:0m:22s (0h:1m:35s left)
WARNING: ABNORMAL_TERMINATION_IN_LNSRCH
WARNING: ABNORMAL_TERMINATION_IN_LNSRCH
WARNING: ABNORMAL_TERMINATION_IN_LNSRCH
  39 TPM2u+F+G4   29220.811   ND6t	1h:1m:38s (0h:0m:0s left)
Full partition model BIC score: 1202549.307 (LnL: -565380.247  df:7649)
Partition information was printed to TransUnlinked.best_scheme.nex
Partition information in Raxml format was printed to TransUnlinked.best_scheme

WARNING: Partition model has worse fit than single model!
WARNING: Add MERGE to -m option to increase model fit!

All model information printed to TransUnlinked.model.gz
CPU time for ModelFinder: 3698.160 seconds (1h:1m:38s)
Wall-clock time for ModelFinder: 3699.500 seconds (1h:1m:39s)
Generating 1000 samples for ultrafast bootstrap (seed: 182849)...

NOTE: 177 MB RAM (0 GB) is required!
Estimate model parameters (epsilon = 0.100)
Optimizing TIM3+F+I+G4 parameters for partition ND5t (193 free parameters)
Optimizing HKY+F+R10 parameters for partition COX1t (207 free parameters)
Optimizing GTR+F+R5 parameters for partition ND5f (201 free parameters)
Optimizing TPM3u+F+I+G4 parameters for partition ND4t (192 free parameters)
Optimizing GTR+F+R6 parameters for partition ND5s (203 free parameters)
Optimizing TIM3+F+I+G4 parameters for partition CYTBt (193 free parameters)
Optimizing TVM+F+R6 parameters for partition ND4f (202 free parameters)
Optimizing HKY+F+R7 parameters for partition ND2t (201 free parameters)
Optimizing GTR+F+R5 parameters for partition ND2f (201 free parameters)
Optimizing TPM2u+F+I+G4 parameters for partition ND1t (192 free parameters)
WARNING: ABNORMAL_TERMINATION_IN_LNSRCH
WARNING: ABNORMAL_TERMINATION_IN_LNSRCH
WARNING: ABNORMAL_TERMINATION_IN_LNSRCH
WARNING: ABNORMAL_TERMINATION_IN_LNSRCH
WARNING: ABNORMAL_TERMINATION_IN_LNSRCH
WARNING: ABNORMAL_TERMINATION_IN_LNSRCH
Optimizing TVM+F+I+G4 parameters for partition ND2s (194 free parameters)
Optimizing GTR+F+R4 parameters for partition COX1f (199 free parameters)
Optimizing GTR+F+R5 parameters for partition ND4s (201 free parameters)
Optimizing TN+F+G4 parameters for partition COX3t (191 free parameters)
Optimizing GTR+F+R5 parameters for partition CYTBf (201 free parameters)
Optimizing TVM+F+I+G4 parameters for partition ND1f (194 free parameters)
Optimizing TPM2u+F+G4 parameters for partition ND6t (191 free parameters)
Optimizing GTR+F+I+G4 parameters for partition ND6f (195 free parameters)
Optimizing TIM2+F+I+G4 parameters for partition ATP6t (193 free parameters)
Optimizing TPM2u+F+G4 parameters for partition COX2t (191 free parameters)
Optimizing TVM+F+R5 parameters for partition ND6s (200 free parameters)
Optimizing GTR+F+I+G4 parameters for partition CYTBs (195 free parameters)
Optimizing GTR+F+I+G4 parameters for partition ND1s (195 free parameters)
Optimizing GTR+F+R5 parameters for partition ATP6f (201 free parameters)
Optimizing TVM+F+I+G4 parameters for partition COX1s (194 free parameters)
Optimizing GTR+F+R5 parameters for partition COX3f (201 free parameters)
Optimizing GTR+F+I+G4 parameters for partition COX2f (195 free parameters)
Optimizing TVM+F+I+G4 parameters for partition ATP6s (194 free parameters)
Optimizing GTR+F+I+G4 parameters for partition COX2s (195 free parameters)
Optimizing GTR+F+R4 parameters for partition COX3s (199 free parameters)
Optimizing TIM+F+G4 parameters for partition ND3t (192 free parameters)
Optimizing GTR+F+I+G4 parameters for partition ND3f (195 free parameters)
Optimizing TN+F+G4 parameters for partition ND4Lt (191 free parameters)
Optimizing TVM+F+R4 parameters for partition ND4Lf (198 free parameters)
Optimizing TVM+F+I+G4 parameters for partition ND3s (194 free parameters)
Optimizing TVM+F+I+G4 parameters for partition ND4Ls (194 free parameters)
Optimizing K3Pu+F+R4 parameters for partition ATP8t (196 free parameters)
Optimizing TPM3u+F+I+G4 parameters for partition ATP8s (192 free parameters)
Optimizing TIM2+F+I+G4 parameters for partition ATP8f (193 free parameters)
Optimal log-likelihood: -566508.305

WARNING: Estimated model parameters are at boundary that can cause numerical instability!

Computing ML distances based on estimated model parameters... 2.860 sec
Computing BIONJ tree...
0.015 seconds
Log-likelihood of BIONJ tree: -565487.562
--------------------------------------------------------------------
|             INITIALIZING CANDIDATE TREE SET                      |
--------------------------------------------------------------------
Generating 98 parsimony trees... 19.048 second
Computing log-likelihood of 98 initial trees ... 68.935 seconds
Current best score: -565487.562

Do NNI search on 20 best initial trees
Estimate model parameters (epsilon = 0.100)
WARNING: ABNORMAL_TERMINATION_IN_LNSRCH

WARNING: Estimated model parameters are at boundary that can cause numerical instability!

BETTER TREE FOUND at iteration 1: -564686.380
Estimate model parameters (epsilon = 0.100)

WARNING: Estimated model parameters are at boundary that can cause numerical instability!

BETTER TREE FOUND at iteration 4: -564431.771
Iteration 10 / LogL: -564594.637 / Time: 0h:7m:7s
Iteration 20 / LogL: -564491.615 / Time: 0h:8m:18s
Finish initializing candidate tree set (20)
Current best tree score: -564431.771 / CPU time: 311.005
Number of iterations: 20
--------------------------------------------------------------------
|               OPTIMIZING CANDIDATE TREE SET                      |
--------------------------------------------------------------------
Iteration 30 / LogL: -564926.488 / Time: 0h:9m:58s (0h:25m:28s left)
Iteration 40 / LogL: -565327.342 / Time: 0h:11m:39s (0h:19m:8s left)
Iteration 50 / LogL: -564874.021 / Time: 0h:13m:18s (0h:14m:39s left)
Log-likelihood cutoff on original alignment: -564670.937
Iteration 60 / LogL: -564810.923 / Time: 0h:14m:57s (0h:11m:9s left)
Iteration 70 / LogL: -564931.915 / Time: 0h:16m:38s (0h:8m:12s left)
Iteration 80 / LogL: -564740.642 / Time: 0h:18m:22s (0h:5m:34s left)
Iteration 90 / LogL: -564680.845 / Time: 0h:20m:3s (0h:3m:9s left)
Estimate model parameters (epsilon = 0.100)

WARNING: Estimated model parameters are at boundary that can cause numerical instability!

BETTER TREE FOUND at iteration 94: -564069.471
Iteration 100 / LogL: -564967.628 / Time: 0h:22m:26s (0h:21m:18s left)
Log-likelihood cutoff on original alignment: -564600.359
NOTE: Bootstrap correlation coefficient of split occurrence frequencies: 0.751
NOTE: UFBoot does not converge, continue at least 100 more iterations
Iteration 110 / LogL: -564614.018 / Time: 0h:24m:11s (0h:19m:58s left)
Iteration 120 / LogL: -564603.460 / Time: 0h:25m:56s (0h:17m:26s left)
Iteration 130 / LogL: -564363.728 / Time: 0h:27m:43s (0h:15m:2s left)
Iteration 140 / LogL: -564869.967 / Time: 0h:29m:24s (0h:12m:41s left)
Iteration 150 / LogL: -564907.037 / Time: 0h:31m:8s (0h:10m:26s left)
Log-likelihood cutoff on original alignment: -564594.637
Iteration 160 / LogL: -564367.630 / Time: 0h:32m:52s (0h:8m:16s left)
Iteration 170 / LogL: -564642.756 / Time: 0h:34m:37s (0h:6m:8s left)
Iteration 180 / LogL: -564298.352 / Time: 0h:36m:22s (0h:4m:3s left)
Iteration 190 / LogL: -564258.453 / Time: 0h:38m:6s (0h:2m:0s left)
Iteration 200 / LogL: -564253.215 / Time: 0h:39m:52s (0h:0m:0s left)
Log-likelihood cutoff on original alignment: -564594.637
NOTE: Bootstrap correlation coefficient of split occurrence frequencies: 0.883
NOTE: UFBoot does not converge, continue at least 100 more iterations
Iteration 210 / LogL: -564323.179 / Time: 0h:41m:37s (0h:17m:55s left)
Iteration 220 / LogL: -564664.958 / Time: 0h:43m:20s (0h:15m:49s left)
Iteration 230 / LogL: -564830.460 / Time: 0h:45m:1s (0h:13m:45s left)
Iteration 240 / LogL: -564617.487 / Time: 0h:46m:39s (0h:11m:42s left)
Iteration 250 / LogL: -564571.581 / Time: 0h:48m:19s (0h:9m:42s left)
Log-likelihood cutoff on original alignment: -564594.637
Iteration 260 / LogL: -564327.119 / Time: 0h:50m:0s (0h:7m:43s left)
Iteration 270 / LogL: -564604.355 / Time: 0h:51m:39s (0h:5m:45s left)
Iteration 280 / LogL: -564520.566 / Time: 0h:53m:21s (0h:3m:49s left)
Iteration 290 / LogL: -564624.013 / Time: 0h:54m:59s (0h:1m:54s left)
Iteration 300 / LogL: -564897.694 / Time: 0h:56m:38s (0h:0m:0s left)
Log-likelihood cutoff on original alignment: -564594.637
NOTE: Bootstrap correlation coefficient of split occurrence frequencies: 0.959
NOTE: UFBoot does not converge, continue at least 100 more iterations
Iteration 310 / LogL: -564659.360 / Time: 0h:58m:21s (0h:16m:59s left)
Iteration 320 / LogL: -564412.546 / Time: 0h:59m:59s (0h:15m:2s left)
Iteration 330 / LogL: -564414.892 / Time: 1h:1m:37s (0h:13m:6s left)
Iteration 340 / LogL: -564923.743 / Time: 1h:3m:14s (0h:11m:11s left)
Iteration 350 / LogL: -564320.397 / Time: 1h:4m:54s (0h:9m:17s left)
Log-likelihood cutoff on original alignment: -564594.637
Iteration 360 / LogL: -564315.959 / Time: 1h:6m:34s (0h:7m:25s left)
Iteration 370 / LogL: -564691.514 / Time: 1h:8m:11s (0h:5m:32s left)
Iteration 380 / LogL: -564316.956 / Time: 1h:9m:51s (0h:3m:41s left)
Iteration 390 / LogL: -564743.548 / Time: 1h:11m:28s (0h:1m:50s left)
Iteration 400 / LogL: -564400.192 / Time: 1h:13m:4s (0h:0m:0s left)
Log-likelihood cutoff on original alignment: -564594.637
NOTE: Bootstrap correlation coefficient of split occurrence frequencies: 0.978
NOTE: UFBoot does not converge, continue at least 100 more iterations
Iteration 410 / LogL: -564657.961 / Time: 1h:14m:42s (0h:16m:26s left)
Iteration 420 / LogL: -564622.213 / Time: 1h:16m:22s (0h:14m:34s left)
Iteration 430 / LogL: -564420.649 / Time: 1h:18m:2s (0h:12m:44s left)
Iteration 440 / LogL: -564912.796 / Time: 1h:19m:38s (0h:10m:53s left)
Iteration 450 / LogL: -564296.979 / Time: 1h:21m:15s (0h:9m:2s left)
Log-likelihood cutoff on original alignment: -564594.637
Iteration 460 / LogL: -564950.647 / Time: 1h:22m:58s (0h:7m:13s left)
Iteration 470 / LogL: -564924.952 / Time: 1h:24m:37s (0h:5m:24s left)
Iteration 480 / LogL: -564456.419 / Time: 1h:26m:16s (0h:3m:36s left)
Iteration 490 / LogL: -564410.998 / Time: 1h:27m:54s (0h:1m:47s left)
Iteration 500 / LogL: -564448.451 / Time: 1h:29m:33s (0h:0m:0s left)
Log-likelihood cutoff on original alignment: -564581.459
NOTE: Bootstrap correlation coefficient of split occurrence frequencies: 0.984
NOTE: UFBoot does not converge, continue at least 100 more iterations
Iteration 510 / LogL: -564414.699 / Time: 1h:31m:10s (0h:16m:7s left)
Iteration 520 / LogL: -564442.321 / Time: 1h:32m:48s (0h:14m:18s left)
Iteration 530 / LogL: -564405.831 / Time: 1h:34m:28s (0h:12m:30s left)
Iteration 540 / LogL: -564474.273 / Time: 1h:36m:1s (0h:10m:41s left)
Iteration 550 / LogL: -564239.758 / Time: 1h:37m:38s (0h:8m:53s left)
Log-likelihood cutoff on original alignment: -564581.459
Iteration 560 / LogL: -564643.164 / Time: 1h:39m:18s (0h:7m:6s left)
Iteration 570 / LogL: -564638.200 / Time: 1h:40m:58s (0h:5m:19s left)
Iteration 580 / LogL: -564340.221 / Time: 1h:42m:40s (0h:3m:32s left)
Iteration 590 / LogL: -565018.435 / Time: 1h:44m:22s (0h:1m:46s left)
Iteration 600 / LogL: -564632.216 / Time: 1h:45m:59s (0h:0m:0s left)
Log-likelihood cutoff on original alignment: -564581.459
NOTE: Bootstrap correlation coefficient of split occurrence frequencies: 0.979
NOTE: UFBoot does not converge, continue at least 100 more iterations
Iteration 610 / LogL: -565086.678 / Time: 1h:47m:38s (0h:15m:54s left)
Iteration 620 / LogL: -564625.562 / Time: 1h:49m:16s (0h:14m:7s left)
Iteration 630 / LogL: -564589.673 / Time: 1h:50m:55s (0h:12m:20s left)
Iteration 640 / LogL: -564753.867 / Time: 1h:52m:30s (0h:10m:33s left)
Iteration 650 / LogL: -564325.360 / Time: 1h:54m:12s (0h:8m:47s left)
Log-likelihood cutoff on original alignment: -564581.459
Iteration 660 / LogL: -564315.233 / Time: 1h:55m:48s (0h:7m:1s left)
Iteration 670 / LogL: -564940.385 / Time: 1h:57m:26s (0h:5m:16s left)
Iteration 680 / LogL: -564238.150 / Time: 1h:59m:5s (0h:3m:30s left)
Iteration 690 / LogL: -564420.777 / Time: 2h:0m:44s (0h:1m:45s left)
Iteration 700 / LogL: -564721.469 / Time: 2h:2m:22s (0h:0m:0s left)
Log-likelihood cutoff on original alignment: -564581.459
NOTE: Bootstrap correlation coefficient of split occurrence frequencies: 0.986
NOTE: UFBoot does not converge, continue at least 100 more iterations
Iteration 710 / LogL: -564397.739 / Time: 2h:4m:4s (0h:15m:44s left)
Iteration 720 / LogL: -564809.618 / Time: 2h:5m:40s (0h:13m:59s left)
Iteration 730 / LogL: -564320.641 / Time: 2h:7m:19s (0h:12m:13s left)
Iteration 740 / LogL: -564473.677 / Time: 2h:8m:57s (0h:10m:28s left)
Iteration 750 / LogL: -564295.630 / Time: 2h:10m:35s (0h:8m:43s left)
Log-likelihood cutoff on original alignment: -564581.459
Iteration 760 / LogL: -564569.864 / Time: 2h:12m:12s (0h:6m:58s left)
Iteration 770 / LogL: -564651.830 / Time: 2h:13m:49s (0h:5m:13s left)
Iteration 780 / LogL: -564286.532 / Time: 2h:15m:26s (0h:3m:28s left)
Iteration 790 / LogL: -564347.414 / Time: 2h:17m:5s (0h:1m:44s left)
Iteration 800 / LogL: -564615.348 / Time: 2h:18m:44s (0h:0m:0s left)
Log-likelihood cutoff on original alignment: -564581.459
NOTE: Bootstrap correlation coefficient of split occurrence frequencies: 0.987
NOTE: UFBoot does not converge, continue at least 100 more iterations
Iteration 810 / LogL: -564411.911 / Time: 2h:20m:20s (0h:15m:36s left)
Iteration 820 / LogL: -564322.102 / Time: 2h:21m:58s (0h:13m:52s left)
Iteration 830 / LogL: -564628.507 / Time: 2h:23m:32s (0h:12m:7s left)
Iteration 840 / LogL: -564643.543 / Time: 2h:25m:9s (0h:10m:22s left)
Iteration 850 / LogL: -564402.649 / Time: 2h:26m:46s (0h:8m:38s left)
Log-likelihood cutoff on original alignment: -564581.459
Iteration 860 / LogL: -564871.463 / Time: 2h:28m:25s (0h:6m:54s left)
Iteration 870 / LogL: -564438.694 / Time: 2h:30m:0s (0h:5m:10s left)
Iteration 880 / LogL: -564858.039 / Time: 2h:31m:38s (0h:3m:27s left)
Iteration 890 / LogL: -564873.471 / Time: 2h:33m:14s (0h:1m:43s left)
Iteration 900 / LogL: -564619.805 / Time: 2h:34m:52s (0h:0m:0s left)
Log-likelihood cutoff on original alignment: -564581.459
NOTE: Bootstrap correlation coefficient of split occurrence frequencies: 0.988
NOTE: UFBoot does not converge, continue at least 100 more iterations
Iteration 910 / LogL: -564635.627 / Time: 2h:36m:28s (0h:15m:29s left)
Iteration 920 / LogL: -564433.964 / Time: 2h:38m:6s (0h:13m:45s left)
Iteration 930 / LogL: -564508.097 / Time: 2h:39m:44s (0h:12m:2s left)
Iteration 940 / LogL: -564864.012 / Time: 2h:41m:23s (0h:10m:18s left)
Iteration 950 / LogL: -564604.477 / Time: 2h:43m:3s (0h:8m:35s left)
Log-likelihood cutoff on original alignment: -564581.459
Iteration 960 / LogL: -564632.860 / Time: 2h:44m:40s (0h:6m:52s left)
Iteration 970 / LogL: -564635.252 / Time: 2h:46m:17s (0h:5m:8s left)
Iteration 980 / LogL: -564896.502 / Time: 2h:47m:55s (0h:3m:25s left)
Iteration 990 / LogL: -564426.500 / Time: 2h:49m:29s (0h:1m:42s left)
Iteration 1000 / LogL: -564649.047 / Time: 2h:51m:4s (0h:0m:0s left)
Log-likelihood cutoff on original alignment: -564581.459
NOTE: Bootstrap correlation coefficient of split occurrence frequencies: 0.989
NOTE: UFBoot does not converge, continue at least 100 more iterations
TREE SEARCH COMPLETED AFTER 1001 ITERATIONS / Time: 2h:51m:15s

--------------------------------------------------------------------
|                    FINALIZING TREE SEARCH                        |
--------------------------------------------------------------------
Performs final model parameters optimization
Estimate model parameters (epsilon = 0.010)
Optimizing TIM3+F+I+G4 parameters for partition ND5t (193 free parameters)
Optimizing HKY+F+R10 parameters for partition COX1t (207 free parameters)
Optimizing GTR+F+R5 parameters for partition ND5f (201 free parameters)
Optimizing TPM3u+F+I+G4 parameters for partition ND4t (192 free parameters)
Optimizing GTR+F+R6 parameters for partition ND5s (203 free parameters)
Optimizing TIM3+F+I+G4 parameters for partition CYTBt (193 free parameters)
Optimizing TVM+F+R6 parameters for partition ND4f (202 free parameters)
Optimizing HKY+F+R7 parameters for partition ND2t (201 free parameters)
Optimizing GTR+F+R5 parameters for partition ND2f (201 free parameters)
Optimizing TPM2u+F+I+G4 parameters for partition ND1t (192 free parameters)
Optimizing TVM+F+I+G4 parameters for partition ND2s (194 free parameters)
Optimizing GTR+F+R4 parameters for partition COX1f (199 free parameters)
Optimizing GTR+F+R5 parameters for partition ND4s (201 free parameters)
Optimizing TN+F+G4 parameters for partition COX3t (191 free parameters)
Optimizing GTR+F+R5 parameters for partition CYTBf (201 free parameters)
Optimizing TVM+F+I+G4 parameters for partition ND1f (194 free parameters)
Optimizing TPM2u+F+G4 parameters for partition ND6t (191 free parameters)
Optimizing GTR+F+I+G4 parameters for partition ND6f (195 free parameters)
Optimizing TIM2+F+I+G4 parameters for partition ATP6t (193 free parameters)
Optimizing TPM2u+F+G4 parameters for partition COX2t (191 free parameters)
Optimizing TVM+F+R5 parameters for partition ND6s (200 free parameters)
Optimizing GTR+F+I+G4 parameters for partition CYTBs (195 free parameters)
Optimizing GTR+F+I+G4 parameters for partition ND1s (195 free parameters)
Optimizing GTR+F+R5 parameters for partition ATP6f (201 free parameters)
Optimizing TVM+F+I+G4 parameters for partition COX1s (194 free parameters)
Optimizing GTR+F+R5 parameters for partition COX3f (201 free parameters)
Optimizing GTR+F+I+G4 parameters for partition COX2f (195 free parameters)
Optimizing TVM+F+I+G4 parameters for partition ATP6s (194 free parameters)
Optimizing GTR+F+I+G4 parameters for partition COX2s (195 free parameters)
Optimizing GTR+F+R4 parameters for partition COX3s (199 free parameters)
Optimizing TIM+F+G4 parameters for partition ND3t (192 free parameters)
Optimizing GTR+F+I+G4 parameters for partition ND3f (195 free parameters)
Optimizing TN+F+G4 parameters for partition ND4Lt (191 free parameters)
Optimizing TVM+F+R4 parameters for partition ND4Lf (198 free parameters)
Optimizing TVM+F+I+G4 parameters for partition ND3s (194 free parameters)
Optimizing TVM+F+I+G4 parameters for partition ND4Ls (194 free parameters)
Optimizing K3Pu+F+R4 parameters for partition ATP8t (196 free parameters)
Optimizing TPM3u+F+I+G4 parameters for partition ATP8s (192 free parameters)
Optimizing TIM2+F+I+G4 parameters for partition ATP8f (193 free parameters)
Optimal log-likelihood: -564046.722

WARNING: Estimated model parameters are at boundary that can cause numerical instability!

BEST SCORE FOUND : -564046.722
WARNING: bootstrap analysis did not converge. You should rerun with higher number of iterations (-nm option)
Creating bootstrap support values...
Split supports printed to NEXUS file TransUnlinked.splits.nex
Total tree length: 136.938

Total number of iterations: 1001
CPU time used for tree search: 10049.052 sec (2h:47m:29s)
Wall-clock time used for tree search: 10087.269 sec (2h:48m:7s)
Total CPU time used: 10283.032 sec (2h:51m:23s)
Total wall-clock time used: 10321.401 sec (2h:52m:1s)

Computing bootstrap consensus tree...
Reading input file TransUnlinked.splits.nex...
94 taxa and 318 splits.
Consensus tree written to TransUnlinked.contree
Reading input trees file TransUnlinked.contree
Log-likelihood of consensus tree: -564034.698

Analysis results written to: 
  IQ-TREE report:                TransUnlinked.iqtree
  Maximum-likelihood tree:       TransUnlinked.treefile
  Likelihood distances:          TransUnlinked.mldist
  Best partitioning scheme:      TransUnlinked.best_scheme.nex
           in RAxML format:      TransUnlinked.best_scheme

Ultrafast bootstrap approximation results written to:
  Split support values:          TransUnlinked.splits.nex
  Consensus tree:                TransUnlinked.contree
  Screen log file:               TransUnlinked.log

Date and Time: Mon May  4 06:19:04 2020
