IQ-TREE multicore version 1.6.10 for Linux 64-bit built Feb 19 2019
Developed by Bui Quang Minh, Nguyen Lam Tung, Olga Chernomor,
Heiko Schmidt, Dominik Schrempf, Michael Woodhams.

Host:    hpc-crick (AVX, 251 GB RAM)
Command: iqtree -s TransSM.fasta -pre TransUnlinkedGENESITE -sp TransParts.nex -m MFP+Merge -bb 1000 -bsam GENESITE
Seed:    764487 (Using SPRNG - Scalable Parallel Random Number Generator)
Time:    Mon May  4 02:25:41 2020
Kernel:  AVX - 1 threads (40 CPU cores detected)

HINT: Use -nt option to specify number of threads because your CPU has 40 cores!
HINT: -nt AUTO will automatically determine the best number of threads to use.

Reading partition model file TransParts.nex ...
Reading alignment file TransSM.fasta ... Fasta format detected
Alignment most likely contains DNA/RNA sequences
Alignment has 94 sequences with 11913 columns, 8960 distinct patterns
8118 parsimony-informative, 928 singleton sites, 2867 constant sites
           Gap/Ambiguity  Composition  p-value
   1  NC_003372    6.72%    failed      0.18%
   2  NC_003970    6.91%    failed      0.00%
   3  NC_009964    6.49%    failed      0.00%
   4  NC_010964    6.78%    failed      0.00%
   5  NC_011320    6.34%    passed     12.50%
   6  NC_011322    6.33%    failed      0.00%
   7  NC_011324    6.98%    failed      0.00%
   8  NC_011326    6.60%    passed     92.84%
   9  NC_011328    6.46%    failed      0.00%
  10  NC_011329    5.91%    failed      0.00%
  11  NC_012139    5.82%    failed      0.00%
  12  NC_012144    5.73%    failed      0.00%
  13  NC_012765    6.28%    failed      0.00%
  14  NC_013249    6.24%    failed      0.29%
  15  NC_013254    7.08%    failed      0.00%
  16  NC_013576    7.43%    failed      0.00%
  17  NC_013580    6.43%    failed      0.00%
  18  NC_013582    7.03%    failed      0.00%
  19  NC_016469    5.76%    failed      0.00%
  20  NC_018349    6.65%    failed      1.72%
  21  NC_018350    6.84%    failed      4.49%
  22  NC_018352    6.66%    passed     42.42%
  23  NC_018353    8.34%    failed      0.00%
  24  NC_018354    6.49%    failed      0.00%
  25  NC_022680    6.35%    passed     18.55%
  26  NC_023246    6.56%    failed      0.00%
  27  NC_024271    6.78%    failed      0.00%
  28  NC_024633    6.66%    failed      0.00%
  29  NC_025243    6.75%    failed      0.00%
  30  NC_025332    6.74%    failed      0.00%
  31  NC_025945    6.48%    failed      0.00%
  32  NC_027114    6.66%    failed      0.00%
  33  NC_027176    6.61%    failed      0.00%
  34  NC_027256    7.19%    failed      0.00%
  35  NC_027577    6.61%    failed      0.69%
  36  NC_027580    6.72%    failed      0.00%
  37  NC_028203    6.70%    failed      0.02%
  38  NC_028541    6.78%    failed      0.00%
  39  NC_028601    7.18%    passed     16.52%
  40  NC_028603    8.09%    failed      0.00%
  41  NC_028605    7.44%    failed      0.00%
  42  NC_028606    7.65%    failed      0.00%
  43  NC_028607    7.87%    passed     62.63%
  44  NC_028609    7.14%    passed     37.49%
  45  NC_028611    6.77%    failed      0.00%
  46  NC_028612    7.67%    passed     32.81%
  47  NC_028613    7.78%    failed      0.15%
  48  NC_029515    6.58%    failed      0.00%
  49  NC_030060    6.68%    passed     82.21%
  50  NC_030592    5.59%    failed      0.00%
  51  NC_030593    5.69%    failed      0.00%
  52  NC_030758    6.46%    failed      0.00%
  53  NC_030764    6.61%    passed      8.30%
  54  NC_030778    6.58%    failed      0.00%
  55  NC_033340    6.62%    failed      0.00%
  56  NC_034293    6.35%    failed      0.00%
  57  NC_035677    7.16%    passed     17.41%
  58  NC_035714    6.09%    failed      1.62%
  59  NC_036104    6.71%    failed      0.15%
  60  NC_036108    6.66%    failed      0.76%
  61  NC_036261    7.31%    failed      0.00%
  62  NC_036265    7.32%    failed      0.00%
  63  NC_036266    7.65%    failed      0.00%
  64  NC_036267    7.47%    failed      0.02%
  65  NC_036269    7.61%    failed      0.00%
  66  NC_036270    7.77%    failed      0.00%
  67  NC_036271    7.11%    failed      0.00%
  68  NC_036273    7.42%    failed      0.00%
  69  NC_036274    7.67%    failed      0.00%
  70  NC_036275    7.34%    failed      0.00%
  71  NC_036276    7.62%    failed      0.00%
  72  NC_036277    8.30%    failed      0.00%
  73  NC_036278    7.26%    failed      0.00%
  74  NC_036279    6.96%    passed     20.86%
  75  NC_036291    7.71%    failed      0.00%
  76  NC_036678    7.19%    failed      0.00%
  77  NC_037196    6.61%    failed      0.00%
  78  NC_037200    7.19%    failed      0.00%
  79  NC_037749    6.22%    passed     29.39%
  80  NC_038089    6.46%    failed      0.00%
  81  NC_038090    6.46%    failed      0.00%
  82  NC_038115    6.48%    passed     80.20%
  83  NC_038197    7.77%    failed      0.00%
  84  NC_039657    6.60%    failed      0.00%
  85  NC_039689    7.35%    failed      0.00%
  86  NC_041172    7.28%    failed      0.00%
  87  NC_041669    6.51%    passed     49.66%
  88  NC_042198    7.50%    passed     38.97%
  89  NC_042417    7.25%    failed      0.00%
  90  NC_042614    6.35%    failed      0.00%
  91  NC_042820    7.39%    failed      0.01%
  92  NC_042828    6.96%    failed      0.00%
  93  NC_042922    6.56%    passed     18.74%
  94  NC_043883    6.64%    failed      0.00%
****  TOTAL        6.88%  77 sequences failed composition chi2 test (p-value<5%; df=3)
NOTE: No CharPartition defined, use all CharSets

Loading 39 partitions...
Subset	Type	Seqs	Sites	Infor	Invar	Model	Name
1		94	236	153	54	MFP+Merge	ATP6f
2		94	236	91	109	MFP+Merge	ATP6s
3		94	236	220	7	MFP+Merge	ATP6t
4		94	65	47	13	MFP+Merge	ATP8f
5		94	65	46	11	MFP+Merge	ATP8s
6		94	65	55	4	MFP+Merge	ATP8t
7		94	537	229	240	MFP+Merge	COX1f
8		94	537	115	343	MFP+Merge	COX1s
9		94	537	510	23	MFP+Merge	COX1t
10		94	230	153	56	MFP+Merge	COX2f
11		94	230	106	97	MFP+Merge	COX2s
12		94	230	227	1	MFP+Merge	COX2t
13		94	264	149	87	MFP+Merge	COX3f
14		94	264	101	139	MFP+Merge	COX3s
15		94	264	259	2	MFP+Merge	COX3t
16		94	385	218	132	MFP+Merge	CYTBf
17		94	385	160	182	MFP+Merge	CYTBs
18		94	385	376	1	MFP+Merge	CYTBt
19		94	323	211	77	MFP+Merge	ND1f
20		94	323	138	137	MFP+Merge	ND1s
21		94	323	316	4	MFP+Merge	ND1t
22		94	375	298	51	MFP+Merge	ND2f
23		94	375	237	94	MFP+Merge	ND2s
24		94	375	351	19	MFP+Merge	ND2t
25		94	125	87	27	MFP+Merge	ND3f
26		94	125	70	42	MFP+Merge	ND3s
27		94	125	116	1	MFP+Merge	ND3t
28		94	468	339	107	MFP+Merge	ND4f
29		94	468	233	184	MFP+Merge	ND4s
30		94	468	438	21	MFP+Merge	ND4t
31		94	100	84	8	MFP+Merge	ND4Lf
32		94	100	58	30	MFP+Merge	ND4Ls
33		94	100	96	2	MFP+Merge	ND4Lt
34		94	606	416	152	MFP+Merge	ND5f
35		94	606	317	226	MFP+Merge	ND5s
36		94	606	571	23	MFP+Merge	ND5t
37		94	257	178	50	MFP+Merge	ND6f
38		94	257	152	72	MFP+Merge	ND6s
39		94	257	197	39	MFP+Merge	ND6t
Degree of missing data: 0.000
Info: multi-threading strategy over partitions



Create initial parsimony tree by phylogenetic likelihood library (PLL)... 0.222 seconds
NOTE: ModelFinder requires 329 MB RAM!
Testing GTR+F+G on supermatrix...
GTR+F+G4 / LnL: -598795.924 / df: 194 / AIC: 1197979.849 / AICc: 1197986.306 / BIC: 1199412.614
Selecting individual models for 39 charsets using BIC...
 No. Model        Score       Charset
   1 GTR+F+R5     22630.499   ATP6f
   2 TVM+F+I+G4   11371.396   ATP6s
WARNING: ABNORMAL_TERMINATION_IN_LNSRCH
   3 TN+F+I+G4    35184.829   ATP6t
   4 TIM+F+I+G4   7137.187    ATP8f
   5 TVM+F+I+G4   6529.340    ATP8s
   6 K3Pu+F+I+G4  8934.275    ATP8t
   7 GTR+F+R4     31479.820   COX1f
   8 TVM+F+I+G4   13745.420   COX1s
WARNING: ABNORMAL_TERMINATION_IN_LNSRCH
WARNING: ABNORMAL_TERMINATION_IN_LNSRCH
WARNING: ABNORMAL_TERMINATION_IN_LNSRCH
WARNING: ABNORMAL_TERMINATION_IN_LNSRCH
WARNING: ABNORMAL_TERMINATION_IN_LNSRCH
WARNING: ABNORMAL_TERMINATION_IN_LNSRCH
   9 HKY+F+R10    79928.001   COX1t
  10 GTR+F+R5     20469.451   COX2f	0h:13m:32s (0h:39m:16s left)
  11 GTR+F+I+G4   11389.783   COX2s	0h:13m:49s (0h:35m:11s left)
WARNING: ABNORMAL_TERMINATION_IN_LNSRCH
WARNING: Log-likelihood of TIM+F+R5 worse than TIM+F+R4
WARNING: ABNORMAL_TERMINATION_IN_LNSRCH
WARNING: ABNORMAL_TERMINATION_IN_LNSRCH
WARNING: ABNORMAL_TERMINATION_IN_LNSRCH
WARNING: ABNORMAL_TERMINATION_IN_LNSRCH
  12 TPM2u+F+G4   35708.606   COX2t	0h:16m:4s (0h:36m:10s left)
  13 GTR+F+R5     21692.848   COX3f	0h:17m:2s (0h:34m:5s left)
  14 GTR+F+I+G4   11761.576   COX3s	0h:17m:29s (0h:31m:14s left)
WARNING: ABNORMAL_TERMINATION_IN_LNSRCH
WARNING: ABNORMAL_TERMINATION_IN_LNSRCH
WARNING: ABNORMAL_TERMINATION_IN_LNSRCH
WARNING: ABNORMAL_TERMINATION_IN_LNSRCH
WARNING: ABNORMAL_TERMINATION_IN_LNSRCH
WARNING: ABNORMAL_TERMINATION_IN_LNSRCH
WARNING: ABNORMAL_TERMINATION_IN_LNSRCH
WARNING: ABNORMAL_TERMINATION_IN_LNSRCH
WARNING: ABNORMAL_TERMINATION_IN_LNSRCH
  15 TN+F+G4      40461.415   COX3t	0h:20m:37s (0h:33m:0s left)
  16 GTR+F+R6     31823.900   CYTBf	0h:22m:12s (0h:31m:55s left)
  17 GTR+F+I+G4   16868.184   CYTBs	0h:22m:38s (0h:29m:18s left)
WARNING: ABNORMAL_TERMINATION_IN_LNSRCH
WARNING: ABNORMAL_TERMINATION_IN_LNSRCH
WARNING: ABNORMAL_TERMINATION_IN_LNSRCH
  18 TIM3+F+I+G4  59670.941   CYTBt	0h:27m:48s (0h:32m:26s left)
  19 TVM+F+R5     28700.585   ND1f	0h:28m:52s (0h:30m:24s left)
  20 GTR+F+I+G4   15568.992   ND1s	0h:29m:16s (0h:27m:48s left)
WARNING: ABNORMAL_TERMINATION_IN_LNSRCH
WARNING: ABNORMAL_TERMINATION_IN_LNSRCH
WARNING: ABNORMAL_TERMINATION_IN_LNSRCH
WARNING: ABNORMAL_TERMINATION_IN_LNSRCH
WARNING: ABNORMAL_TERMINATION_IN_LNSRCH
WARNING: ABNORMAL_TERMINATION_IN_LNSRCH
  21 TPM2u+F+I+G4 47300.895   ND1t	0h:31m:26s (0h:26m:56s left)
  22 GTR+F+R5     46709.892   ND2f	0h:33m:30s (0h:25m:53s left)
  23 GTR+F+I+G4   29706.973   ND2s	0h:34m:52s (0h:24m:15s left)
  24 TPM2u+F+G4   61139.550   ND2t	0h:36m:56s (0h:23m:5s left)
  25 GTR+F+I+G4   13921.146   ND3f	0h:37m:28s (0h:20m:59s left)
  26 TVM+F+I+G4   8587.405    ND3s	0h:37m:52s (0h:18m:56s left)
WARNING: ABNORMAL_TERMINATION_IN_LNSRCH
  27 TIM3+F+G4    20254.497   ND3t	0h:38m:38s (0h:17m:10s left)
  28 TVM+F+R6     47079.068   ND4f	0h:41m:11s (0h:16m:11s left)
  29 GTR+F+R5     29429.384   ND4s	0h:42m:18s (0h:14m:35s left)
  30 TPM3u+F+I+G4 68409.897   ND4t	0h:45m:50s (0h:13m:45s left)
  31 TVM+F+R4     10855.993   ND4Lf	0h:46m:7s (0h:11m:54s left)
  32 TVM+F+I+G4   7499.480    ND4Ls	0h:46m:21s (0h:10m:8s left)
WARNING: ABNORMAL_TERMINATION_IN_LNSRCH
  33 TIM2+F+I+G4  14526.057   ND4Lt	0h:46m:49s (0h:8m:30s left)
  34 GTR+F+R5     57563.137   ND5f	0h:50m:40s (0h:7m:27s left)
  35 GTR+F+R5     39588.156   ND5s	0h:52m:34s (0h:6m:0s left)
WARNING: ABNORMAL_TERMINATION_IN_LNSRCH
WARNING: ABNORMAL_TERMINATION_IN_LNSRCH
WARNING: ABNORMAL_TERMINATION_IN_LNSRCH
WARNING: ABNORMAL_TERMINATION_IN_LNSRCH
WARNING: ABNORMAL_TERMINATION_IN_LNSRCH
WARNING: ABNORMAL_TERMINATION_IN_LNSRCH
WARNING: ABNORMAL_TERMINATION_IN_LNSRCH
WARNING: ABNORMAL_TERMINATION_IN_LNSRCH
WARNING: ABNORMAL_TERMINATION_IN_LNSRCH
  36 TIM3+F+I+G4  87004.099   ND5t	1h:0m:38s (0h:5m:3s left)
  37 GTR+F+I+G4   24466.489   ND6f	1h:2m:7s (0h:3m:21s left)
  38 TVM+F+R5     17358.314   ND6s	1h:3m:7s (0h:1m:39s left)
  39 TPM2u+F+G4   29221.892   ND6t	1h:4m:23s (0h:0m:0s left)
Full partition model BIC score: 1200977.924 (LnL: -564603.940  df:7647)
Partition information was printed to TransUnlinkedGENESITE.best_scheme.nex
Partition information in Raxml format was printed to TransUnlinkedGENESITE.best_scheme

WARNING: Partition model has worse fit than single model!
WARNING: Add MERGE to -m option to increase model fit!

All model information printed to TransUnlinkedGENESITE.model.gz
CPU time for ModelFinder: 3862.464 seconds (1h:4m:22s)
Wall-clock time for ModelFinder: 3863.604 seconds (1h:4m:23s)
Generating 1000 samples for ultrafast bootstrap (seed: 764487)...

NOTE: 175 MB RAM (0 GB) is required!
Estimate model parameters (epsilon = 0.100)
Optimizing TIM3+F+I+G4 parameters for partition ND5t (193 free parameters)
Optimizing HKY+F+R10 parameters for partition COX1t (207 free parameters)
Optimizing GTR+F+R5 parameters for partition ND5f (201 free parameters)
Optimizing TPM3u+F+I+G4 parameters for partition ND4t (192 free parameters)
Optimizing GTR+F+R5 parameters for partition ND5s (201 free parameters)
Optimizing TIM3+F+I+G4 parameters for partition CYTBt (193 free parameters)
Optimizing TVM+F+R6 parameters for partition ND4f (202 free parameters)
Optimizing TPM2u+F+G4 parameters for partition ND2t (191 free parameters)
Optimizing GTR+F+R5 parameters for partition ND2f (201 free parameters)
Optimizing TPM2u+F+I+G4 parameters for partition ND1t (192 free parameters)
WARNING: ABNORMAL_TERMINATION_IN_LNSRCH
WARNING: ABNORMAL_TERMINATION_IN_LNSRCH
WARNING: ABNORMAL_TERMINATION_IN_LNSRCH
Optimizing GTR+F+I+G4 parameters for partition ND2s (195 free parameters)
Optimizing GTR+F+R4 parameters for partition COX1f (199 free parameters)
Optimizing GTR+F+R5 parameters for partition ND4s (201 free parameters)
Optimizing TN+F+G4 parameters for partition COX3t (191 free parameters)
Optimizing GTR+F+R6 parameters for partition CYTBf (203 free parameters)
Optimizing TVM+F+R5 parameters for partition ND1f (200 free parameters)
Optimizing TPM2u+F+G4 parameters for partition ND6t (191 free parameters)
Optimizing GTR+F+I+G4 parameters for partition ND6f (195 free parameters)
Optimizing TN+F+I+G4 parameters for partition ATP6t (192 free parameters)
Optimizing TPM2u+F+G4 parameters for partition COX2t (191 free parameters)
Optimizing TVM+F+R5 parameters for partition ND6s (200 free parameters)
Optimizing GTR+F+I+G4 parameters for partition CYTBs (195 free parameters)
Optimizing GTR+F+I+G4 parameters for partition ND1s (195 free parameters)
Optimizing GTR+F+R5 parameters for partition ATP6f (201 free parameters)
Optimizing TVM+F+I+G4 parameters for partition COX1s (194 free parameters)
Optimizing GTR+F+R5 parameters for partition COX3f (201 free parameters)
Optimizing GTR+F+R5 parameters for partition COX2f (201 free parameters)
Optimizing TVM+F+I+G4 parameters for partition ATP6s (194 free parameters)
Optimizing GTR+F+I+G4 parameters for partition COX2s (195 free parameters)
Optimizing GTR+F+I+G4 parameters for partition COX3s (195 free parameters)
Optimizing TIM3+F+G4 parameters for partition ND3t (192 free parameters)
Optimizing GTR+F+I+G4 parameters for partition ND3f (195 free parameters)
Optimizing TIM2+F+I+G4 parameters for partition ND4Lt (193 free parameters)
Optimizing TVM+F+R4 parameters for partition ND4Lf (198 free parameters)
Optimizing TVM+F+I+G4 parameters for partition ND3s (194 free parameters)
Optimizing TVM+F+I+G4 parameters for partition ND4Ls (194 free parameters)
Optimizing K3Pu+F+I+G4 parameters for partition ATP8t (192 free parameters)
Optimizing TVM+F+I+G4 parameters for partition ATP8s (194 free parameters)
Optimizing TIM+F+I+G4 parameters for partition ATP8f (193 free parameters)
Optimal log-likelihood: -565716.045

WARNING: Estimated model parameters are at boundary that can cause numerical instability!

Computing ML distances based on estimated model parameters... 2.808 sec
Computing BIONJ tree...
0.016 seconds
Log-likelihood of BIONJ tree: -565387.503
--------------------------------------------------------------------
|             INITIALIZING CANDIDATE TREE SET                      |
--------------------------------------------------------------------
Generating 98 parsimony trees... 18.621 second
Computing log-likelihood of 98 initial trees ... 69.141 seconds
Current best score: -565387.503

Do NNI search on 20 best initial trees
Estimate model parameters (epsilon = 0.100)

WARNING: Estimated model parameters are at boundary that can cause numerical instability!

BETTER TREE FOUND at iteration 1: -564682.583
Estimate model parameters (epsilon = 0.100)

WARNING: Estimated model parameters are at boundary that can cause numerical instability!

BETTER TREE FOUND at iteration 3: -564450.013
Iteration 10 / LogL: -564609.306 / Time: 0h:7m:1s
Iteration 20 / LogL: -564639.743 / Time: 0h:8m:14s
Finish initializing candidate tree set (20)
Current best tree score: -564450.013 / CPU time: 313.521
Number of iterations: 20
--------------------------------------------------------------------
|               OPTIMIZING CANDIDATE TREE SET                      |
--------------------------------------------------------------------
Iteration 30 / LogL: -564697.929 / Time: 0h:9m:55s (0h:24m:59s left)
Iteration 40 / LogL: -565039.100 / Time: 0h:11m:38s (0h:18m:48s left)
Iteration 50 / LogL: -564657.294 / Time: 0h:13m:18s (0h:14m:24s left)
Log-likelihood cutoff on original alignment: -564749.995
Iteration 60 / LogL: -564763.378 / Time: 0h:14m:59s (0h:10m:55s left)
Iteration 70 / LogL: -564942.965 / Time: 0h:16m:38s (0h:7m:57s left)
Iteration 80 / LogL: -564879.561 / Time: 0h:18m:18s (0h:5m:19s left)
Iteration 90 / LogL: -565264.724 / Time: 0h:19m:57s (0h:2m:54s left)
Iteration 100 / LogL: -565237.632 / Time: 0h:21m:34s (0h:0m:39s left)
Log-likelihood cutoff on original alignment: -564749.452
NOTE: Bootstrap correlation coefficient of split occurrence frequencies: 0.958
NOTE: UFBoot does not converge, continue at least 100 more iterations
Iteration 110 / LogL: -565325.617 / Time: 0h:23m:11s (0h:19m:9s left)
Iteration 120 / LogL: -565280.586 / Time: 0h:24m:52s (0h:16m:43s left)
Iteration 130 / LogL: -564862.194 / Time: 0h:26m:30s (0h:14m:22s left)
Iteration 140 / LogL: -564696.719 / Time: 0h:28m:8s (0h:12m:8s left)
Iteration 150 / LogL: -564795.193 / Time: 0h:29m:47s (0h:9m:59s left)
Log-likelihood cutoff on original alignment: -564749.452
Iteration 160 / LogL: -564682.342 / Time: 0h:31m:28s (0h:7m:55s left)
Iteration 170 / LogL: -564922.330 / Time: 0h:33m:8s (0h:5m:52s left)
Iteration 180 / LogL: -564986.479 / Time: 0h:34m:49s (0h:3m:53s left)
Iteration 190 / LogL: -564867.290 / Time: 0h:36m:33s (0h:1m:56s left)
Iteration 200 / LogL: -565283.973 / Time: 0h:38m:13s (0h:0m:0s left)
Log-likelihood cutoff on original alignment: -564749.452
NOTE: Bootstrap correlation coefficient of split occurrence frequencies: 1.000
TREE SEARCH COMPLETED AFTER 200 ITERATIONS / Time: 0h:38m:14s

--------------------------------------------------------------------
|                    FINALIZING TREE SEARCH                        |
--------------------------------------------------------------------
Performs final model parameters optimization
Estimate model parameters (epsilon = 0.010)
Optimizing TIM3+F+I+G4 parameters for partition ND5t (193 free parameters)
Optimizing HKY+F+R10 parameters for partition COX1t (207 free parameters)
Optimizing GTR+F+R5 parameters for partition ND5f (201 free parameters)
Optimizing TPM3u+F+I+G4 parameters for partition ND4t (192 free parameters)
Optimizing GTR+F+R5 parameters for partition ND5s (201 free parameters)
Optimizing TIM3+F+I+G4 parameters for partition CYTBt (193 free parameters)
Optimizing TVM+F+R6 parameters for partition ND4f (202 free parameters)
Optimizing TPM2u+F+G4 parameters for partition ND2t (191 free parameters)
Optimizing GTR+F+R5 parameters for partition ND2f (201 free parameters)
Optimizing TPM2u+F+I+G4 parameters for partition ND1t (192 free parameters)
Optimizing GTR+F+I+G4 parameters for partition ND2s (195 free parameters)
Optimizing GTR+F+R4 parameters for partition COX1f (199 free parameters)
Optimizing GTR+F+R5 parameters for partition ND4s (201 free parameters)
Optimizing TN+F+G4 parameters for partition COX3t (191 free parameters)
Optimizing GTR+F+R6 parameters for partition CYTBf (203 free parameters)
Optimizing TVM+F+R5 parameters for partition ND1f (200 free parameters)
Optimizing TPM2u+F+G4 parameters for partition ND6t (191 free parameters)
Optimizing GTR+F+I+G4 parameters for partition ND6f (195 free parameters)
Optimizing TN+F+I+G4 parameters for partition ATP6t (192 free parameters)
Optimizing TPM2u+F+G4 parameters for partition COX2t (191 free parameters)
Optimizing TVM+F+R5 parameters for partition ND6s (200 free parameters)
Optimizing GTR+F+I+G4 parameters for partition CYTBs (195 free parameters)
Optimizing GTR+F+I+G4 parameters for partition ND1s (195 free parameters)
Optimizing GTR+F+R5 parameters for partition ATP6f (201 free parameters)
Optimizing TVM+F+I+G4 parameters for partition COX1s (194 free parameters)
Optimizing GTR+F+R5 parameters for partition COX3f (201 free parameters)
Optimizing GTR+F+R5 parameters for partition COX2f (201 free parameters)
Optimizing TVM+F+I+G4 parameters for partition ATP6s (194 free parameters)
Optimizing GTR+F+I+G4 parameters for partition COX2s (195 free parameters)
Optimizing GTR+F+I+G4 parameters for partition COX3s (195 free parameters)
Optimizing TIM3+F+G4 parameters for partition ND3t (192 free parameters)
Optimizing GTR+F+I+G4 parameters for partition ND3f (195 free parameters)
Optimizing TIM2+F+I+G4 parameters for partition ND4Lt (193 free parameters)
Optimizing TVM+F+R4 parameters for partition ND4Lf (198 free parameters)
Optimizing TVM+F+I+G4 parameters for partition ND3s (194 free parameters)
Optimizing TVM+F+I+G4 parameters for partition ND4Ls (194 free parameters)
Optimizing K3Pu+F+I+G4 parameters for partition ATP8t (192 free parameters)
Optimizing TVM+F+I+G4 parameters for partition ATP8s (194 free parameters)
Optimizing TIM+F+I+G4 parameters for partition ATP8f (193 free parameters)
Optimal log-likelihood: -564411.671

WARNING: Estimated model parameters are at boundary that can cause numerical instability!

BEST SCORE FOUND : -564411.671
Creating bootstrap support values...
Split supports printed to NEXUS file TransUnlinkedGENESITE.splits.nex
Total tree length: 133.084

Total number of iterations: 200
CPU time used for tree search: 2091.732 sec (0h:34m:51s)
Wall-clock time used for tree search: 2112.599 sec (0h:35m:12s)
Total CPU time used: 2332.536 sec (0h:38m:52s)
Total wall-clock time used: 2353.593 sec (0h:39m:13s)

Computing bootstrap consensus tree...
Reading input file TransUnlinkedGENESITE.splits.nex...
94 taxa and 471 splits.
Consensus tree written to TransUnlinkedGENESITE.contree
Reading input trees file TransUnlinkedGENESITE.contree
Log-likelihood of consensus tree: -564233.911

Analysis results written to: 
  IQ-TREE report:                TransUnlinkedGENESITE.iqtree
  Maximum-likelihood tree:       TransUnlinkedGENESITE.treefile
  Likelihood distances:          TransUnlinkedGENESITE.mldist
  Best partitioning scheme:      TransUnlinkedGENESITE.best_scheme.nex
           in RAxML format:      TransUnlinkedGENESITE.best_scheme

Ultrafast bootstrap approximation results written to:
  Split support values:          TransUnlinkedGENESITE.splits.nex
  Consensus tree:                TransUnlinkedGENESITE.contree
  Screen log file:               TransUnlinkedGENESITE.log

Date and Time: Mon May  4 04:09:23 2020
